[0.043s] Invoking command in '/home/arrk-adas/Desktop/Rc-Car-Chimera/build/stage_ros2': CMAKE_PREFIX_PATH=/home/arrk-adas/Desktop/Rc-Car-Chimera/install/Stage:/opt/ros/humble CONDA_PROMPT_MODIFIER=(base) LD_LIBRARY_PATH=/home/arrk-adas/Desktop/Rc-Car-Chimera/install/Stage/lib:${LD_LIBRARY_PATH} PATH=/home/arrk-adas/Desktop/Rc-Car-Chimera/install/Stage/bin:${PATH} /usr/bin/cmake --build /home/arrk-adas/Desktop/Rc-Car-Chimera/build/stage_ros2 -- -j8 -l8
[0.293s] [ 71%] Built target stage_node
[0.454s] [100%] Built target stage_ros2
[0.490s] Invoked command in '/home/arrk-adas/Desktop/Rc-Car-Chimera/build/stage_ros2' returned '0': CMAKE_PREFIX_PATH=/home/arrk-adas/Desktop/Rc-Car-Chimera/install/Stage:/opt/ros/humble CONDA_PROMPT_MODIFIER=(base) LD_LIBRARY_PATH=/home/arrk-adas/Desktop/Rc-Car-Chimera/install/Stage/lib:${LD_LIBRARY_PATH} PATH=/home/arrk-adas/Desktop/Rc-Car-Chimera/install/Stage/bin:${PATH} /usr/bin/cmake --build /home/arrk-adas/Desktop/Rc-Car-Chimera/build/stage_ros2 -- -j8 -l8
[0.496s] Invoking command in '/home/arrk-adas/Desktop/Rc-Car-Chimera/build/stage_ros2': CMAKE_PREFIX_PATH=/home/arrk-adas/Desktop/Rc-Car-Chimera/install/Stage:/opt/ros/humble CONDA_PROMPT_MODIFIER=(base) LD_LIBRARY_PATH=/home/arrk-adas/Desktop/Rc-Car-Chimera/install/Stage/lib:${LD_LIBRARY_PATH} PATH=/home/arrk-adas/Desktop/Rc-Car-Chimera/install/Stage/bin:${PATH} /usr/bin/cmake --install /home/arrk-adas/Desktop/Rc-Car-Chimera/build/stage_ros2
[0.514s] -- Install configuration: ""
[0.515s] -- Up-to-date: /home/arrk-adas/Desktop/Rc-Car-Chimera/install/stage_ros2/share/stage_ros2/environment/library_path.sh
[0.515s] -- Up-to-date: /home/arrk-adas/Desktop/Rc-Car-Chimera/install/stage_ros2/share/stage_ros2/environment/library_path.dsv
[0.516s] -- Up-to-date: /home/arrk-adas/Desktop/Rc-Car-Chimera/install/stage_ros2/share/stage_ros2//launch
[0.516s] -- Up-to-date: /home/arrk-adas/Desktop/Rc-Car-Chimera/install/stage_ros2/share/stage_ros2//launch/demo.launch.py
[0.516s] -- Up-to-date: /home/arrk-adas/Desktop/Rc-Car-Chimera/install/stage_ros2/share/stage_ros2//launch/rviz.launch.py
[0.516s] -- Up-to-date: /home/arrk-adas/Desktop/Rc-Car-Chimera/install/stage_ros2/share/stage_ros2//launch/stage.launch.py
[0.517s] -- Up-to-date: /home/arrk-adas/Desktop/Rc-Car-Chimera/install/stage_ros2/share/stage_ros2//launch/rviz_ns.launch.py
[0.517s] -- Up-to-date: /home/arrk-adas/Desktop/Rc-Car-Chimera/install/stage_ros2/share/stage_ros2//launch/f710.launch.py
[0.517s] -- Up-to-date: /home/arrk-adas/Desktop/Rc-Car-Chimera/install/stage_ros2/share/stage_ros2//world
[0.517s] -- Up-to-date: /home/arrk-adas/Desktop/Rc-Car-Chimera/install/stage_ros2/share/stage_ros2//world/cave_three_robots.world
[0.517s] -- Up-to-date: /home/arrk-adas/Desktop/Rc-Car-Chimera/install/stage_ros2/share/stage_ros2//world/willow-four-erratics-multisensor.world
[0.517s] -- Up-to-date: /home/arrk-adas/Desktop/Rc-Car-Chimera/install/stage_ros2/share/stage_ros2//world/bitmaps
[0.518s] -- Up-to-date: /home/arrk-adas/Desktop/Rc-Car-Chimera/install/stage_ros2/share/stage_ros2//world/bitmaps/cave.png
[0.518s] -- Up-to-date: /home/arrk-adas/Desktop/Rc-Car-Chimera/install/stage_ros2/share/stage_ros2//world/bitmaps/warehouse200.pgm
[0.519s] -- Up-to-date: /home/arrk-adas/Desktop/Rc-Car-Chimera/install/stage_ros2/share/stage_ros2//world/bitmaps/straden.png
[0.519s] -- Up-to-date: /home/arrk-adas/Desktop/Rc-Car-Chimera/install/stage_ros2/share/stage_ros2//world/bitmaps/warehouse008.pgm
[0.519s] -- Up-to-date: /home/arrk-adas/Desktop/Rc-Car-Chimera/install/stage_ros2/share/stage_ros2//world/bitmaps/hallway.pgm
[0.519s] -- Up-to-date: /home/arrk-adas/Desktop/Rc-Car-Chimera/install/stage_ros2/share/stage_ros2//world/bitmaps/line.png
[0.519s] -- Up-to-date: /home/arrk-adas/Desktop/Rc-Car-Chimera/install/stage_ros2/share/stage_ros2//world/bitmaps/warehouse032.pgm
[0.519s] -- Up-to-date: /home/arrk-adas/Desktop/Rc-Car-Chimera/install/stage_ros2/share/stage_ros2//world/bitmaps/willow-full.pgm
[0.519s] -- Up-to-date: /home/arrk-adas/Desktop/Rc-Car-Chimera/install/stage_ros2/share/stage_ros2//world/bitmaps/hallway.png
[0.519s] -- Up-to-date: /home/arrk-adas/Desktop/Rc-Car-Chimera/install/stage_ros2/share/stage_ros2//world/lines.world
[0.520s] -- Up-to-date: /home/arrk-adas/Desktop/Rc-Car-Chimera/install/stage_ros2/share/stage_ros2//world/cave_seven_robots.world
[0.520s] -- Up-to-date: /home/arrk-adas/Desktop/Rc-Car-Chimera/install/stage_ros2/share/stage_ros2//world/straden.world
[0.520s] -- Up-to-date: /home/arrk-adas/Desktop/Rc-Car-Chimera/install/stage_ros2/share/stage_ros2//world/cave.world
[0.520s] -- Up-to-date: /home/arrk-adas/Desktop/Rc-Car-Chimera/install/stage_ros2/share/stage_ros2//world/hallway.world
[0.520s] -- Up-to-date: /home/arrk-adas/Desktop/Rc-Car-Chimera/install/stage_ros2/share/stage_ros2//world/include
[0.520s] -- Up-to-date: /home/arrk-adas/Desktop/Rc-Car-Chimera/install/stage_ros2/share/stage_ros2//world/include/robots.inc
[0.520s] -- Up-to-date: /home/arrk-adas/Desktop/Rc-Car-Chimera/install/stage_ros2/share/stage_ros2//world/include/pioneer2dx.inc
[0.520s] -- Up-to-date: /home/arrk-adas/Desktop/Rc-Car-Chimera/install/stage_ros2/share/stage_ros2//config
[0.521s] -- Up-to-date: /home/arrk-adas/Desktop/Rc-Car-Chimera/install/stage_ros2/share/stage_ros2//config/rviz
[0.521s] -- Up-to-date: /home/arrk-adas/Desktop/Rc-Car-Chimera/install/stage_ros2/share/stage_ros2//config/rviz/robot0.rviz
[0.522s] -- Up-to-date: /home/arrk-adas/Desktop/Rc-Car-Chimera/install/stage_ros2/share/stage_ros2//config/rviz/robot_ns.rviz
[0.522s] -- Up-to-date: /home/arrk-adas/Desktop/Rc-Car-Chimera/install/stage_ros2/share/stage_ros2//config/rviz/robot_ns_depth.rviz
[0.522s] -- Up-to-date: /home/arrk-adas/Desktop/Rc-Car-Chimera/install/stage_ros2/share/stage_ros2//config/rviz/lines.rviz
[0.522s] -- Up-to-date: /home/arrk-adas/Desktop/Rc-Car-Chimera/install/stage_ros2/share/stage_ros2//config/rviz/cave_seven_robots.rviz
[0.522s] -- Up-to-date: /home/arrk-adas/Desktop/Rc-Car-Chimera/install/stage_ros2/share/stage_ros2//config/rviz/cave_three_robots.rviz
[0.522s] -- Up-to-date: /home/arrk-adas/Desktop/Rc-Car-Chimera/install/stage_ros2/share/stage_ros2//config/rviz/cave.rviz
[0.522s] -- Up-to-date: /home/arrk-adas/Desktop/Rc-Car-Chimera/install/stage_ros2/share/stage_ros2//config/teleop_twist_joy
[0.523s] -- Up-to-date: /home/arrk-adas/Desktop/Rc-Car-Chimera/install/stage_ros2/share/stage_ros2//config/teleop_twist_joy/f710.config.yaml
[0.525s] -- Up-to-date: /home/arrk-adas/Desktop/Rc-Car-Chimera/install/stage_ros2/lib/libstage_node.so
[0.528s] -- Up-to-date: /home/arrk-adas/Desktop/Rc-Car-Chimera/install/stage_ros2/lib/stage_ros2/stage_ros2
[0.529s] -- Up-to-date: /home/arrk-adas/Desktop/Rc-Car-Chimera/install/stage_ros2/share/ament_index/resource_index/package_run_dependencies/stage_ros2
[0.530s] -- Up-to-date: /home/arrk-adas/Desktop/Rc-Car-Chimera/install/stage_ros2/share/ament_index/resource_index/parent_prefix_path/stage_ros2
[0.530s] -- Up-to-date: /home/arrk-adas/Desktop/Rc-Car-Chimera/install/stage_ros2/share/stage_ros2/environment/ament_prefix_path.sh
[0.530s] -- Up-to-date: /home/arrk-adas/Desktop/Rc-Car-Chimera/install/stage_ros2/share/stage_ros2/environment/ament_prefix_path.dsv
[0.530s] -- Up-to-date: /home/arrk-adas/Desktop/Rc-Car-Chimera/install/stage_ros2/share/stage_ros2/environment/path.sh
[0.531s] -- Up-to-date: /home/arrk-adas/Desktop/Rc-Car-Chimera/install/stage_ros2/share/stage_ros2/environment/path.dsv
[0.531s] -- Up-to-date: /home/arrk-adas/Desktop/Rc-Car-Chimera/install/stage_ros2/share/stage_ros2/local_setup.bash
[0.531s] -- Up-to-date: /home/arrk-adas/Desktop/Rc-Car-Chimera/install/stage_ros2/share/stage_ros2/local_setup.sh
[0.531s] -- Up-to-date: /home/arrk-adas/Desktop/Rc-Car-Chimera/install/stage_ros2/share/stage_ros2/local_setup.zsh
[0.531s] -- Up-to-date: /home/arrk-adas/Desktop/Rc-Car-Chimera/install/stage_ros2/share/stage_ros2/local_setup.dsv
[0.531s] -- Installing: /home/arrk-adas/Desktop/Rc-Car-Chimera/install/stage_ros2/share/stage_ros2/package.dsv
[0.532s] -- Up-to-date: /home/arrk-adas/Desktop/Rc-Car-Chimera/install/stage_ros2/share/ament_index/resource_index/packages/stage_ros2
[0.532s] -- Up-to-date: /home/arrk-adas/Desktop/Rc-Car-Chimera/install/stage_ros2/share/stage_ros2/cmake/stage_ros2Config.cmake
[0.532s] -- Up-to-date: /home/arrk-adas/Desktop/Rc-Car-Chimera/install/stage_ros2/share/stage_ros2/cmake/stage_ros2Config-version.cmake
[0.533s] -- Up-to-date: /home/arrk-adas/Desktop/Rc-Car-Chimera/install/stage_ros2/share/stage_ros2/package.xml
[0.546s] Invoked command in '/home/arrk-adas/Desktop/Rc-Car-Chimera/build/stage_ros2' returned '0': CMAKE_PREFIX_PATH=/home/arrk-adas/Desktop/Rc-Car-Chimera/install/Stage:/opt/ros/humble CONDA_PROMPT_MODIFIER=(base) LD_LIBRARY_PATH=/home/arrk-adas/Desktop/Rc-Car-Chimera/install/Stage/lib:${LD_LIBRARY_PATH} PATH=/home/arrk-adas/Desktop/Rc-Car-Chimera/install/Stage/bin:${PATH} /usr/bin/cmake --install /home/arrk-adas/Desktop/Rc-Car-Chimera/build/stage_ros2
