[23.776s] Invoking command in '/home/arrk-adas/Desktop/Rc-Car-Chimera/Rc-Car/src/lidar_noise': CONDA_PROMPT_MODIFIER=(base) PYTHONPATH=/home/arrk-adas/Desktop/Rc-Car-Chimera/build/lidar_noise/prefix_override:/usr/lib/python3/dist-packages/colcon_core/task/python/colcon_distutils_commands:/home/arrk-adas/Desktop/Rc-Car-Chimera/install/lidar_noise/lib/python3.10/site-packages:${PYTHONPATH} /usr/bin/python3 -W ignore:setup.py install is deprecated -W ignore:easy_install command is deprecated setup.py egg_info --egg-base ../../../build/lidar_noise build --build-base /home/arrk-adas/Desktop/Rc-Car-Chimera/build/lidar_noise/build install --record /home/arrk-adas/Desktop/Rc-Car-Chimera/build/lidar_noise/install.log --install-scripts $base/lib/lidar_noise --single-version-externally-managed install_data
[24.345s] /usr/lib/python3/dist-packages/setuptools/dist.py:723: UserWarning: Usage of dash-separated 'script-dir' will not be supported in future versions. Please use the underscore name 'script_dir' instead
[24.345s]   warnings.warn(
[24.371s] running egg_info
[24.373s] writing ../../../build/lidar_noise/lidar_noise.egg-info/PKG-INFO
[24.373s] writing dependency_links to ../../../build/lidar_noise/lidar_noise.egg-info/dependency_links.txt
[24.373s] writing entry points to ../../../build/lidar_noise/lidar_noise.egg-info/entry_points.txt
[24.374s] writing requirements to ../../../build/lidar_noise/lidar_noise.egg-info/requires.txt
[24.374s] writing top-level names to ../../../build/lidar_noise/lidar_noise.egg-info/top_level.txt
[24.379s] reading manifest file '../../../build/lidar_noise/lidar_noise.egg-info/SOURCES.txt'
[24.380s] writing manifest file '../../../build/lidar_noise/lidar_noise.egg-info/SOURCES.txt'
[24.381s] running build
[24.381s] running build_py
[24.381s] running install
[24.382s] running install_lib
[24.386s] running install_data
[24.387s] running install_egg_info
[24.417s] removing '/home/arrk-adas/Desktop/Rc-Car-Chimera/install/lidar_noise/lib/python3.10/site-packages/lidar_noise-0.0.0-py3.10.egg-info' (and everything under it)
[24.418s] Copying ../../../build/lidar_noise/lidar_noise.egg-info to /home/arrk-adas/Desktop/Rc-Car-Chimera/install/lidar_noise/lib/python3.10/site-packages/lidar_noise-0.0.0-py3.10.egg-info
[24.420s] running install_scripts
[24.483s] Installing Lidar_scan_split script to /home/arrk-adas/Desktop/Rc-Car-Chimera/install/lidar_noise/lib/lidar_noise
[24.484s] writing list of installed files to '/home/arrk-adas/Desktop/Rc-Car-Chimera/build/lidar_noise/install.log'
[24.582s] Invoked command in '/home/arrk-adas/Desktop/Rc-Car-Chimera/Rc-Car/src/lidar_noise' returned '0': CONDA_PROMPT_MODIFIER=(base) PYTHONPATH=/home/arrk-adas/Desktop/Rc-Car-Chimera/build/lidar_noise/prefix_override:/usr/lib/python3/dist-packages/colcon_core/task/python/colcon_distutils_commands:/home/arrk-adas/Desktop/Rc-Car-Chimera/install/lidar_noise/lib/python3.10/site-packages:${PYTHONPATH} /usr/bin/python3 -W ignore:setup.py install is deprecated -W ignore:easy_install command is deprecated setup.py egg_info --egg-base ../../../build/lidar_noise build --build-base /home/arrk-adas/Desktop/Rc-Car-Chimera/build/lidar_noise/build install --record /home/arrk-adas/Desktop/Rc-Car-Chimera/build/lidar_noise/install.log --install-scripts $base/lib/lidar_noise --single-version-externally-managed install_data
