[4.690s] Invoking command in '/media/arrk-adas/RC-Env/RC-car-project/Rc-Car-Chimera/Rc-Car/src/lidar_noise': CONDA_PROMPT_MODIFIER=(/media/arrk-adas/RC-Env/rccar_lib) PYTHONPATH=/media/arrk-adas/RC-Env/RC-car-project/Rc-Car-Chimera/build/lidar_noise/prefix_override:/usr/lib/python3/dist-packages/colcon_core/task/python/colcon_distutils_commands:/media/arrk-adas/RC-Env/RC-car-project/Rc-Car-Chimera/install/lidar_noise/lib/python3.10/site-packages:${PYTHONPATH} /usr/bin/python3 -W ignore:setup.py install is deprecated -W ignore:easy_install command is deprecated setup.py egg_info --egg-base ../../../build/lidar_noise build --build-base /media/arrk-adas/RC-Env/RC-car-project/Rc-Car-Chimera/build/lidar_noise/build install --record /media/arrk-adas/RC-Env/RC-car-project/Rc-Car-Chimera/build/lidar_noise/install.log --single-version-externally-managed install_data
[6.348s] running egg_info
[6.348s] creating ../../../build/lidar_noise/lidar_noise.egg-info
[6.348s] writing ../../../build/lidar_noise/lidar_noise.egg-info/PKG-INFO
[6.348s] writing dependency_links to ../../../build/lidar_noise/lidar_noise.egg-info/dependency_links.txt
[6.348s] writing entry points to ../../../build/lidar_noise/lidar_noise.egg-info/entry_points.txt
[6.348s] writing requirements to ../../../build/lidar_noise/lidar_noise.egg-info/requires.txt
[6.349s] writing top-level names to ../../../build/lidar_noise/lidar_noise.egg-info/top_level.txt
[6.366s] writing manifest file '../../../build/lidar_noise/lidar_noise.egg-info/SOURCES.txt'
[6.378s] reading manifest file '../../../build/lidar_noise/lidar_noise.egg-info/SOURCES.txt'
[6.382s] writing manifest file '../../../build/lidar_noise/lidar_noise.egg-info/SOURCES.txt'
[6.384s] running build
[6.384s] running build_py
[6.384s] creating /media/arrk-adas/RC-Env/RC-car-project/Rc-Car-Chimera/build/lidar_noise/build/lib/lidar_noise
[6.393s] copying lidar_noise/__init__.py -> /media/arrk-adas/RC-Env/RC-car-project/Rc-Car-Chimera/build/lidar_noise/build/lib/lidar_noise
[6.393s] copying lidar_noise/Lidar_noise.py -> /media/arrk-adas/RC-Env/RC-car-project/Rc-Car-Chimera/build/lidar_noise/build/lib/lidar_noise
[6.394s] copying lidar_noise/Lidar_scan_split.py -> /media/arrk-adas/RC-Env/RC-car-project/Rc-Car-Chimera/build/lidar_noise/build/lib/lidar_noise
[6.395s] running install
[6.404s] running install_lib
[6.473s] creating /media/arrk-adas/RC-Env/RC-car-project/Rc-Car-Chimera/install/lidar_noise/lib/python3.10/site-packages/lidar_noise
[6.474s] copying /media/arrk-adas/RC-Env/RC-car-project/Rc-Car-Chimera/build/lidar_noise/build/lib/lidar_noise/__init__.py -> /media/arrk-adas/RC-Env/RC-car-project/Rc-Car-Chimera/install/lidar_noise/lib/python3.10/site-packages/lidar_noise
[6.474s] copying /media/arrk-adas/RC-Env/RC-car-project/Rc-Car-Chimera/build/lidar_noise/build/lib/lidar_noise/Lidar_noise.py -> /media/arrk-adas/RC-Env/RC-car-project/Rc-Car-Chimera/install/lidar_noise/lib/python3.10/site-packages/lidar_noise
[6.474s] copying /media/arrk-adas/RC-Env/RC-car-project/Rc-Car-Chimera/build/lidar_noise/build/lib/lidar_noise/Lidar_scan_split.py -> /media/arrk-adas/RC-Env/RC-car-project/Rc-Car-Chimera/install/lidar_noise/lib/python3.10/site-packages/lidar_noise
[6.476s] byte-compiling /media/arrk-adas/RC-Env/RC-car-project/Rc-Car-Chimera/install/lidar_noise/lib/python3.10/site-packages/lidar_noise/__init__.py to __init__.cpython-310.pyc
[6.476s] byte-compiling /media/arrk-adas/RC-Env/RC-car-project/Rc-Car-Chimera/install/lidar_noise/lib/python3.10/site-packages/lidar_noise/Lidar_noise.py to Lidar_noise.cpython-310.pyc
[6.478s] byte-compiling /media/arrk-adas/RC-Env/RC-car-project/Rc-Car-Chimera/install/lidar_noise/lib/python3.10/site-packages/lidar_noise/Lidar_scan_split.py to Lidar_scan_split.cpython-310.pyc
[6.479s] running install_data
[6.480s] creating /media/arrk-adas/RC-Env/RC-car-project/Rc-Car-Chimera/install/lidar_noise/share/ament_index/resource_index/packages
[6.480s] copying resource/lidar_noise -> /media/arrk-adas/RC-Env/RC-car-project/Rc-Car-Chimera/install/lidar_noise/share/ament_index/resource_index/packages
[6.481s] copying package.xml -> /media/arrk-adas/RC-Env/RC-car-project/Rc-Car-Chimera/install/lidar_noise/share/lidar_noise
[6.481s] running install_egg_info
[6.550s] Copying ../../../build/lidar_noise/lidar_noise.egg-info to /media/arrk-adas/RC-Env/RC-car-project/Rc-Car-Chimera/install/lidar_noise/lib/python3.10/site-packages/lidar_noise-0.0.0-py3.10.egg-info
[6.553s] running install_scripts
[6.654s] Installing Lidar_scan_split script to /media/arrk-adas/RC-Env/RC-car-project/Rc-Car-Chimera/install/lidar_noise/lib/lidar_noise
[6.658s] writing list of installed files to '/media/arrk-adas/RC-Env/RC-car-project/Rc-Car-Chimera/build/lidar_noise/install.log'
[6.849s] Invoked command in '/media/arrk-adas/RC-Env/RC-car-project/Rc-Car-Chimera/Rc-Car/src/lidar_noise' returned '0': CONDA_PROMPT_MODIFIER=(/media/arrk-adas/RC-Env/rccar_lib) PYTHONPATH=/media/arrk-adas/RC-Env/RC-car-project/Rc-Car-Chimera/build/lidar_noise/prefix_override:/usr/lib/python3/dist-packages/colcon_core/task/python/colcon_distutils_commands:/media/arrk-adas/RC-Env/RC-car-project/Rc-Car-Chimera/install/lidar_noise/lib/python3.10/site-packages:${PYTHONPATH} /usr/bin/python3 -W ignore:setup.py install is deprecated -W ignore:easy_install command is deprecated setup.py egg_info --egg-base ../../../build/lidar_noise build --build-base /media/arrk-adas/RC-Env/RC-car-project/Rc-Car-Chimera/build/lidar_noise/build install --record /media/arrk-adas/RC-Env/RC-car-project/Rc-Car-Chimera/build/lidar_noise/install.log --single-version-externally-managed install_data
