[20.699s] Invoking command in '/home/arrk-adas/Desktop/Rc-Car-Chimera/build/urg_node': CMAKE_PREFIX_PATH=${CMAKE_PREFIX_PATH}:/home/arrk-adas/Desktop/Rc-Car-Chimera/install/object_detection:/home/arrk-adas/Desktop/Rc-Car-Chimera/install/lidar_noise:/home/arrk-adas/Desktop/Rc-Car-Chimera/install/lateral_control:/home/arrk-adas/Desktop/Rc-Car-Chimera/install/acc_drive:/opt/ros/humble CONDA_PROMPT_MODIFIER=(base) /usr/bin/cmake --build /home/arrk-adas/Desktop/Rc-Car-Chimera/build/urg_node -- -j8 -l8
[20.784s] [35m[1mConsolidate compiler generated dependencies of target urg_node[0m
[20.835s] [ 42%] Built target urg_node
[20.858s] [35m[1mConsolidate compiler generated dependencies of target urg_node_driver[0m
[20.921s] [ 71%] Built target urg_node_driver
[20.969s] [35m[1mConsolidate compiler generated dependencies of target getID[0m
[21.016s] [100%] Built target getID
[21.042s] Invoked command in '/home/arrk-adas/Desktop/Rc-Car-Chimera/build/urg_node' returned '0': CMAKE_PREFIX_PATH=${CMAKE_PREFIX_PATH}:/home/arrk-adas/Desktop/Rc-Car-Chimera/install/object_detection:/home/arrk-adas/Desktop/Rc-Car-Chimera/install/lidar_noise:/home/arrk-adas/Desktop/Rc-Car-Chimera/install/lateral_control:/home/arrk-adas/Desktop/Rc-Car-Chimera/install/acc_drive:/opt/ros/humble CONDA_PROMPT_MODIFIER=(base) /usr/bin/cmake --build /home/arrk-adas/Desktop/Rc-Car-Chimera/build/urg_node -- -j8 -l8
[21.044s] Invoking command in '/home/arrk-adas/Desktop/Rc-Car-Chimera/build/urg_node': CMAKE_PREFIX_PATH=${CMAKE_PREFIX_PATH}:/home/arrk-adas/Desktop/Rc-Car-Chimera/install/object_detection:/home/arrk-adas/Desktop/Rc-Car-Chimera/install/lidar_noise:/home/arrk-adas/Desktop/Rc-Car-Chimera/install/lateral_control:/home/arrk-adas/Desktop/Rc-Car-Chimera/install/acc_drive:/opt/ros/humble CONDA_PROMPT_MODIFIER=(base) /usr/bin/cmake --install /home/arrk-adas/Desktop/Rc-Car-Chimera/build/urg_node
[21.055s] -- Install configuration: ""
[21.056s] -- Up-to-date: /home/arrk-adas/Desktop/Rc-Car-Chimera/install/urg_node/lib/urg_node/urg_node_driver
[21.056s] -- Up-to-date: /home/arrk-adas/Desktop/Rc-Car-Chimera/install/urg_node/lib/liburg_node.so
[21.057s] -- Up-to-date: /home/arrk-adas/Desktop/Rc-Car-Chimera/install/urg_node/lib/urg_node/getID
[21.057s] -- Up-to-date: /home/arrk-adas/Desktop/Rc-Car-Chimera/install/urg_node/include
[21.058s] -- Up-to-date: /home/arrk-adas/Desktop/Rc-Car-Chimera/install/urg_node/include/urg_node
[21.058s] -- Up-to-date: /home/arrk-adas/Desktop/Rc-Car-Chimera/install/urg_node/include/urg_node/urg_node.hpp
[21.058s] -- Up-to-date: /home/arrk-adas/Desktop/Rc-Car-Chimera/install/urg_node/include/urg_node/urg_c_wrapper.hpp
[21.058s] -- Up-to-date: /home/arrk-adas/Desktop/Rc-Car-Chimera/install/urg_node/lib/urg_node/set_urg_ip.py
[21.058s] -- Up-to-date: /home/arrk-adas/Desktop/Rc-Car-Chimera/install/urg_node/share/urg_node/launch
[21.058s] -- Up-to-date: /home/arrk-adas/Desktop/Rc-Car-Chimera/install/urg_node/share/urg_node/launch/urg_node_ethernet.yaml
[21.058s] -- Up-to-date: /home/arrk-adas/Desktop/Rc-Car-Chimera/install/urg_node/share/urg_node/launch/urg_node_launch.py
[21.058s] -- Up-to-date: /home/arrk-adas/Desktop/Rc-Car-Chimera/install/urg_node/share/urg_node/launch/hokuyo_laser.urdf
[21.061s] -- Up-to-date: /home/arrk-adas/Desktop/Rc-Car-Chimera/install/urg_node/share/urg_node/launch/urg_node_serial.yaml
[21.061s] -- Up-to-date: /home/arrk-adas/Desktop/Rc-Car-Chimera/install/urg_node/share/urg_node/launch/urg_lidar.launch
[21.061s] -- Up-to-date: /home/arrk-adas/Desktop/Rc-Car-Chimera/install/urg_node/share/urg_node/meshes
[21.061s] -- Up-to-date: /home/arrk-adas/Desktop/Rc-Car-Chimera/install/urg_node/share/urg_node/meshes/hokuyo_ust10.stl
[21.062s] -- Up-to-date: /home/arrk-adas/Desktop/Rc-Car-Chimera/install/urg_node/share/urg_node/urdf
[21.062s] -- Up-to-date: /home/arrk-adas/Desktop/Rc-Car-Chimera/install/urg_node/share/urg_node/urdf/hokuyo_ust10.urdf.xacro
[21.062s] -- Up-to-date: /home/arrk-adas/Desktop/Rc-Car-Chimera/install/urg_node/share/urg_node/environment/library_path.sh
[21.062s] -- Up-to-date: /home/arrk-adas/Desktop/Rc-Car-Chimera/install/urg_node/share/urg_node/environment/library_path.dsv
[21.062s] -- Up-to-date: /home/arrk-adas/Desktop/Rc-Car-Chimera/install/urg_node/share/ament_index/resource_index/package_run_dependencies/urg_node
[21.063s] -- Up-to-date: /home/arrk-adas/Desktop/Rc-Car-Chimera/install/urg_node/share/ament_index/resource_index/parent_prefix_path/urg_node
[21.063s] -- Up-to-date: /home/arrk-adas/Desktop/Rc-Car-Chimera/install/urg_node/share/urg_node/environment/ament_prefix_path.sh
[21.063s] -- Up-to-date: /home/arrk-adas/Desktop/Rc-Car-Chimera/install/urg_node/share/urg_node/environment/ament_prefix_path.dsv
[21.063s] -- Up-to-date: /home/arrk-adas/Desktop/Rc-Car-Chimera/install/urg_node/share/urg_node/environment/path.sh
[21.063s] -- Up-to-date: /home/arrk-adas/Desktop/Rc-Car-Chimera/install/urg_node/share/urg_node/environment/path.dsv
[21.063s] -- Up-to-date: /home/arrk-adas/Desktop/Rc-Car-Chimera/install/urg_node/share/urg_node/local_setup.bash
[21.063s] -- Up-to-date: /home/arrk-adas/Desktop/Rc-Car-Chimera/install/urg_node/share/urg_node/local_setup.sh
[21.063s] -- Up-to-date: /home/arrk-adas/Desktop/Rc-Car-Chimera/install/urg_node/share/urg_node/local_setup.zsh
[21.063s] -- Up-to-date: /home/arrk-adas/Desktop/Rc-Car-Chimera/install/urg_node/share/urg_node/local_setup.dsv
[21.064s] -- Installing: /home/arrk-adas/Desktop/Rc-Car-Chimera/install/urg_node/share/urg_node/package.dsv
[21.064s] -- Up-to-date: /home/arrk-adas/Desktop/Rc-Car-Chimera/install/urg_node/share/ament_index/resource_index/packages/urg_node
[21.071s] -- Up-to-date: /home/arrk-adas/Desktop/Rc-Car-Chimera/install/urg_node/share/ament_index/resource_index/rclcpp_components/urg_node
[21.072s] -- Up-to-date: /home/arrk-adas/Desktop/Rc-Car-Chimera/install/urg_node/share/urg_node/cmake/ament_cmake_export_dependencies-extras.cmake
[21.074s] -- Up-to-date: /home/arrk-adas/Desktop/Rc-Car-Chimera/install/urg_node/share/urg_node/cmake/ament_cmake_export_include_directories-extras.cmake
[21.074s] -- Up-to-date: /home/arrk-adas/Desktop/Rc-Car-Chimera/install/urg_node/share/urg_node/cmake/ament_cmake_export_libraries-extras.cmake
[21.074s] -- Up-to-date: /home/arrk-adas/Desktop/Rc-Car-Chimera/install/urg_node/share/urg_node/cmake/urg_nodeConfig.cmake
[21.075s] -- Up-to-date: /home/arrk-adas/Desktop/Rc-Car-Chimera/install/urg_node/share/urg_node/cmake/urg_nodeConfig-version.cmake
[21.075s] -- Up-to-date: /home/arrk-adas/Desktop/Rc-Car-Chimera/install/urg_node/share/urg_node/package.xml
[21.076s] Invoked command in '/home/arrk-adas/Desktop/Rc-Car-Chimera/build/urg_node' returned '0': CMAKE_PREFIX_PATH=${CMAKE_PREFIX_PATH}:/home/arrk-adas/Desktop/Rc-Car-Chimera/install/object_detection:/home/arrk-adas/Desktop/Rc-Car-Chimera/install/lidar_noise:/home/arrk-adas/Desktop/Rc-Car-Chimera/install/lateral_control:/home/arrk-adas/Desktop/Rc-Car-Chimera/install/acc_drive:/opt/ros/humble CONDA_PROMPT_MODIFIER=(base) /usr/bin/cmake --install /home/arrk-adas/Desktop/Rc-Car-Chimera/build/urg_node
