[1.961s] Invoking command in '/media/arrk-adas/RC-Env/RC-car-project/Rc-Car-Chimera/build/urg_node': CMAKE_PREFIX_PATH=${CMAKE_PREFIX_PATH}:/media/arrk-adas/RC-Env/RC-car-project/Rc-Car-Chimera/install/object_detection:/media/arrk-adas/RC-Env/RC-car-project/Rc-Car-Chimera/install/lidar_noise:/media/arrk-adas/RC-Env/RC-car-project/Rc-Car-Chimera/install/lateral_control:/media/arrk-adas/RC-Env/RC-car-project/Rc-Car-Chimera/install/acc_drive:/opt/ros/humble CONDA_PROMPT_MODIFIER=(/media/arrk-adas/RC-Env/rccar_lib) /usr/bin/cmake --build /media/arrk-adas/RC-Env/RC-car-project/Rc-Car-Chimera/build/urg_node -- -j8 -l8
[2.034s] [35m[1mConsolidate compiler generated dependencies of target urg_node_driver[0m
[2.051s] [35m[1mConsolidate compiler generated dependencies of target urg_node[0m
[2.069s] [ 28%] Built target urg_node_driver
[2.097s] [ 71%] Built target urg_node
[2.119s] [35m[1mConsolidate compiler generated dependencies of target getID[0m
[2.162s] [100%] Built target getID
[2.184s] Invoked command in '/media/arrk-adas/RC-Env/RC-car-project/Rc-Car-Chimera/build/urg_node' returned '0': CMAKE_PREFIX_PATH=${CMAKE_PREFIX_PATH}:/media/arrk-adas/RC-Env/RC-car-project/Rc-Car-Chimera/install/object_detection:/media/arrk-adas/RC-Env/RC-car-project/Rc-Car-Chimera/install/lidar_noise:/media/arrk-adas/RC-Env/RC-car-project/Rc-Car-Chimera/install/lateral_control:/media/arrk-adas/RC-Env/RC-car-project/Rc-Car-Chimera/install/acc_drive:/opt/ros/humble CONDA_PROMPT_MODIFIER=(/media/arrk-adas/RC-Env/rccar_lib) /usr/bin/cmake --build /media/arrk-adas/RC-Env/RC-car-project/Rc-Car-Chimera/build/urg_node -- -j8 -l8
[2.187s] Invoking command in '/media/arrk-adas/RC-Env/RC-car-project/Rc-Car-Chimera/build/urg_node': CMAKE_PREFIX_PATH=${CMAKE_PREFIX_PATH}:/media/arrk-adas/RC-Env/RC-car-project/Rc-Car-Chimera/install/object_detection:/media/arrk-adas/RC-Env/RC-car-project/Rc-Car-Chimera/install/lidar_noise:/media/arrk-adas/RC-Env/RC-car-project/Rc-Car-Chimera/install/lateral_control:/media/arrk-adas/RC-Env/RC-car-project/Rc-Car-Chimera/install/acc_drive:/opt/ros/humble CONDA_PROMPT_MODIFIER=(/media/arrk-adas/RC-Env/rccar_lib) /usr/bin/cmake --install /media/arrk-adas/RC-Env/RC-car-project/Rc-Car-Chimera/build/urg_node
[2.210s] -- Install configuration: ""
[2.210s] -- Up-to-date: /media/arrk-adas/RC-Env/RC-car-project/Rc-Car-Chimera/install/urg_node/lib/urg_node/urg_node_driver
[2.211s] -- Up-to-date: /media/arrk-adas/RC-Env/RC-car-project/Rc-Car-Chimera/install/urg_node/lib/liburg_node.so
[2.214s] -- Up-to-date: /media/arrk-adas/RC-Env/RC-car-project/Rc-Car-Chimera/install/urg_node/lib/urg_node/getID
[2.214s] -- Up-to-date: /media/arrk-adas/RC-Env/RC-car-project/Rc-Car-Chimera/install/urg_node/include
[2.217s] -- Up-to-date: /media/arrk-adas/RC-Env/RC-car-project/Rc-Car-Chimera/install/urg_node/include/urg_node
[2.218s] -- Up-to-date: /media/arrk-adas/RC-Env/RC-car-project/Rc-Car-Chimera/install/urg_node/include/urg_node/urg_c_wrapper.hpp
[2.218s] -- Up-to-date: /media/arrk-adas/RC-Env/RC-car-project/Rc-Car-Chimera/install/urg_node/include/urg_node/urg_node.hpp
[2.218s] -- Up-to-date: /media/arrk-adas/RC-Env/RC-car-project/Rc-Car-Chimera/install/urg_node/lib/urg_node/set_urg_ip.py
[2.218s] -- Up-to-date: /media/arrk-adas/RC-Env/RC-car-project/Rc-Car-Chimera/install/urg_node/share/urg_node/launch
[2.218s] -- Up-to-date: /media/arrk-adas/RC-Env/RC-car-project/Rc-Car-Chimera/install/urg_node/share/urg_node/launch/urg_lidar.launch
[2.218s] -- Up-to-date: /media/arrk-adas/RC-Env/RC-car-project/Rc-Car-Chimera/install/urg_node/share/urg_node/launch/urg_node_ethernet.yaml
[2.218s] -- Up-to-date: /media/arrk-adas/RC-Env/RC-car-project/Rc-Car-Chimera/install/urg_node/share/urg_node/launch/urg_node_serial.yaml
[2.218s] -- Up-to-date: /media/arrk-adas/RC-Env/RC-car-project/Rc-Car-Chimera/install/urg_node/share/urg_node/launch/hokuyo_laser.urdf
[2.219s] -- Up-to-date: /media/arrk-adas/RC-Env/RC-car-project/Rc-Car-Chimera/install/urg_node/share/urg_node/launch/urg_node_launch.py
[2.219s] -- Up-to-date: /media/arrk-adas/RC-Env/RC-car-project/Rc-Car-Chimera/install/urg_node/share/urg_node/meshes
[2.219s] -- Up-to-date: /media/arrk-adas/RC-Env/RC-car-project/Rc-Car-Chimera/install/urg_node/share/urg_node/meshes/hokuyo_ust10.stl
[2.219s] -- Up-to-date: /media/arrk-adas/RC-Env/RC-car-project/Rc-Car-Chimera/install/urg_node/share/urg_node/urdf
[2.219s] -- Up-to-date: /media/arrk-adas/RC-Env/RC-car-project/Rc-Car-Chimera/install/urg_node/share/urg_node/urdf/hokuyo_ust10.urdf.xacro
[2.219s] -- Up-to-date: /media/arrk-adas/RC-Env/RC-car-project/Rc-Car-Chimera/install/urg_node/share/urg_node/environment/library_path.sh
[2.219s] -- Up-to-date: /media/arrk-adas/RC-Env/RC-car-project/Rc-Car-Chimera/install/urg_node/share/urg_node/environment/library_path.dsv
[2.219s] -- Up-to-date: /media/arrk-adas/RC-Env/RC-car-project/Rc-Car-Chimera/install/urg_node/share/ament_index/resource_index/package_run_dependencies/urg_node
[2.225s] -- Up-to-date: /media/arrk-adas/RC-Env/RC-car-project/Rc-Car-Chimera/install/urg_node/share/ament_index/resource_index/parent_prefix_path/urg_node
[2.226s] -- Up-to-date: /media/arrk-adas/RC-Env/RC-car-project/Rc-Car-Chimera/install/urg_node/share/urg_node/environment/ament_prefix_path.sh
[2.226s] -- Up-to-date: /media/arrk-adas/RC-Env/RC-car-project/Rc-Car-Chimera/install/urg_node/share/urg_node/environment/ament_prefix_path.dsv
[2.226s] -- Up-to-date: /media/arrk-adas/RC-Env/RC-car-project/Rc-Car-Chimera/install/urg_node/share/urg_node/environment/path.sh
[2.226s] -- Up-to-date: /media/arrk-adas/RC-Env/RC-car-project/Rc-Car-Chimera/install/urg_node/share/urg_node/environment/path.dsv
[2.227s] -- Up-to-date: /media/arrk-adas/RC-Env/RC-car-project/Rc-Car-Chimera/install/urg_node/share/urg_node/local_setup.bash
[2.227s] -- Up-to-date: /media/arrk-adas/RC-Env/RC-car-project/Rc-Car-Chimera/install/urg_node/share/urg_node/local_setup.sh
[2.227s] -- Up-to-date: /media/arrk-adas/RC-Env/RC-car-project/Rc-Car-Chimera/install/urg_node/share/urg_node/local_setup.zsh
[2.227s] -- Up-to-date: /media/arrk-adas/RC-Env/RC-car-project/Rc-Car-Chimera/install/urg_node/share/urg_node/local_setup.dsv
[2.227s] -- Installing: /media/arrk-adas/RC-Env/RC-car-project/Rc-Car-Chimera/install/urg_node/share/urg_node/package.dsv
[2.227s] -- Up-to-date: /media/arrk-adas/RC-Env/RC-car-project/Rc-Car-Chimera/install/urg_node/share/ament_index/resource_index/packages/urg_node
[2.227s] -- Up-to-date: /media/arrk-adas/RC-Env/RC-car-project/Rc-Car-Chimera/install/urg_node/share/ament_index/resource_index/rclcpp_components/urg_node
[2.228s] -- Up-to-date: /media/arrk-adas/RC-Env/RC-car-project/Rc-Car-Chimera/install/urg_node/share/urg_node/cmake/ament_cmake_export_dependencies-extras.cmake
[2.228s] -- Up-to-date: /media/arrk-adas/RC-Env/RC-car-project/Rc-Car-Chimera/install/urg_node/share/urg_node/cmake/ament_cmake_export_include_directories-extras.cmake
[2.228s] -- Up-to-date: /media/arrk-adas/RC-Env/RC-car-project/Rc-Car-Chimera/install/urg_node/share/urg_node/cmake/ament_cmake_export_libraries-extras.cmake
[2.228s] -- Up-to-date: /media/arrk-adas/RC-Env/RC-car-project/Rc-Car-Chimera/install/urg_node/share/urg_node/cmake/urg_nodeConfig.cmake
[2.228s] -- Up-to-date: /media/arrk-adas/RC-Env/RC-car-project/Rc-Car-Chimera/install/urg_node/share/urg_node/cmake/urg_nodeConfig-version.cmake
[2.228s] -- Up-to-date: /media/arrk-adas/RC-Env/RC-car-project/Rc-Car-Chimera/install/urg_node/share/urg_node/package.xml
[2.233s] Invoked command in '/media/arrk-adas/RC-Env/RC-car-project/Rc-Car-Chimera/build/urg_node' returned '0': CMAKE_PREFIX_PATH=${CMAKE_PREFIX_PATH}:/media/arrk-adas/RC-Env/RC-car-project/Rc-Car-Chimera/install/object_detection:/media/arrk-adas/RC-Env/RC-car-project/Rc-Car-Chimera/install/lidar_noise:/media/arrk-adas/RC-Env/RC-car-project/Rc-Car-Chimera/install/lateral_control:/media/arrk-adas/RC-Env/RC-car-project/Rc-Car-Chimera/install/acc_drive:/opt/ros/humble CONDA_PROMPT_MODIFIER=(/media/arrk-adas/RC-Env/rccar_lib) /usr/bin/cmake --install /media/arrk-adas/RC-Env/RC-car-project/Rc-Car-Chimera/build/urg_node
