[29.240s] Invoking command in '/home/arrk-adas/Desktop/Rc-Car-Chimera/Rc-Car/src/acc_drive': CONDA_PROMPT_MODIFIER=(base) PYTHONPATH=/home/arrk-adas/Desktop/Rc-Car-Chimera/build/acc_drive/prefix_override:/usr/lib/python3/dist-packages/colcon_core/task/python/colcon_distutils_commands:/home/arrk-adas/Desktop/Rc-Car-Chimera/install/acc_drive/lib/python3.10/site-packages:${PYTHONPATH} /usr/bin/python3 -W ignore:setup.py install is deprecated -W ignore:easy_install command is deprecated setup.py egg_info --egg-base ../../../build/acc_drive build --build-base /home/arrk-adas/Desktop/Rc-Car-Chimera/build/acc_drive/build install --record /home/arrk-adas/Desktop/Rc-Car-Chimera/build/acc_drive/install.log --single-version-externally-managed install_data
[29.838s] running egg_info
[29.840s] writing ../../../build/acc_drive/acc_drive.egg-info/PKG-INFO
[29.840s] writing dependency_links to ../../../build/acc_drive/acc_drive.egg-info/dependency_links.txt
[29.841s] writing entry points to ../../../build/acc_drive/acc_drive.egg-info/entry_points.txt
[29.841s] writing requirements to ../../../build/acc_drive/acc_drive.egg-info/requires.txt
[29.842s] writing top-level names to ../../../build/acc_drive/acc_drive.egg-info/top_level.txt
[29.846s] reading manifest file '../../../build/acc_drive/acc_drive.egg-info/SOURCES.txt'
[29.848s] writing manifest file '../../../build/acc_drive/acc_drive.egg-info/SOURCES.txt'
[29.848s] running build
[29.848s] running build_py
[29.849s] running install
[29.850s] running install_lib
[29.854s] running install_data
[29.855s] running install_egg_info
[29.886s] removing '/home/arrk-adas/Desktop/Rc-Car-Chimera/install/acc_drive/lib/python3.10/site-packages/acc_drive-0.0.0-py3.10.egg-info' (and everything under it)
[29.887s] Copying ../../../build/acc_drive/acc_drive.egg-info to /home/arrk-adas/Desktop/Rc-Car-Chimera/install/acc_drive/lib/python3.10/site-packages/acc_drive-0.0.0-py3.10.egg-info
[29.889s] running install_scripts
[29.953s] Installing acc_drive script to /home/arrk-adas/Desktop/Rc-Car-Chimera/install/acc_drive/lib/acc_drive
[29.954s] writing list of installed files to '/home/arrk-adas/Desktop/Rc-Car-Chimera/build/acc_drive/install.log'
[30.060s] Invoked command in '/home/arrk-adas/Desktop/Rc-Car-Chimera/Rc-Car/src/acc_drive' returned '0': CONDA_PROMPT_MODIFIER=(base) PYTHONPATH=/home/arrk-adas/Desktop/Rc-Car-Chimera/build/acc_drive/prefix_override:/usr/lib/python3/dist-packages/colcon_core/task/python/colcon_distutils_commands:/home/arrk-adas/Desktop/Rc-Car-Chimera/install/acc_drive/lib/python3.10/site-packages:${PYTHONPATH} /usr/bin/python3 -W ignore:setup.py install is deprecated -W ignore:easy_install command is deprecated setup.py egg_info --egg-base ../../../build/acc_drive build --build-base /home/arrk-adas/Desktop/Rc-Car-Chimera/build/acc_drive/build install --record /home/arrk-adas/Desktop/Rc-Car-Chimera/build/acc_drive/install.log --single-version-externally-managed install_data
