[0.022s] Invoking command in '/media/arrk-adas/RC-Env/RC-car-project/Rc-Car-Chimera/build/stage_ros2': CMAKE_PREFIX_PATH=/media/arrk-adas/RC-Env/RC-car-project/Rc-Car-Chimera/install/Stage:/media/arrk-adas/RC-Env/RC-car-project/Rc-Car-Chimera/install/urg_node:/media/arrk-adas/RC-Env/RC-car-project/Rc-Car-Chimera/install/stage_ros2:/media/arrk-adas/RC-Env/RC-car-project/Rc-Car-Chimera/install/depth_sensing:/media/arrk-adas/RC-Env/RC-car-project/Rc-Car-Chimera/install/object_detection:/media/arrk-adas/RC-Env/RC-car-project/Rc-Car-Chimera/install/lidar_noise:/media/arrk-adas/RC-Env/RC-car-project/Rc-Car-Chimera/install/lateral_control:/media/arrk-adas/RC-Env/RC-car-project/Rc-Car-Chimera/install/acc_drive:/opt/ros/humble CONDA_PROMPT_MODIFIER=(/media/arrk-adas/RC-Env/rccar_lib) LD_LIBRARY_PATH=/media/arrk-adas/RC-Env/RC-car-project/Rc-Car-Chimera/install/Stage/lib:/media/arrk-adas/RC-Env/RC-car-project/Rc-Car-Chimera/install/urg_node/lib:/media/arrk-adas/RC-Env/RC-car-project/Rc-Car-Chimera/install/stage_ros2/lib:/opt/ros/humble/opt/rviz_ogre_vendor/lib:/opt/ros/humble/lib/aarch64-linux-gnu:/opt/ros/humble/lib PATH=/media/arrk-adas/RC-Env/RC-car-project/Rc-Car-Chimera/install/Stage/bin:/media/arrk-adas/RC-Env/RC-car-project/Rc-Car-Chimera/install/object_detection/bin:/media/arrk-adas/RC-Env/RC-car-project/Rc-Car-Chimera/install/lateral_control/bin:/media/arrk-adas/RC-Env/RC-car-project/Rc-Car-Chimera/install/acc_drive/bin:/media/arrk-adas/RC-Env/rccar_lib/bin:/home/arrk-adas/miniforge3/condabin:/opt/ros/humble/bin:/home/arrk-adas/.local/bin:/usr/local/sbin:/usr/local/bin:/usr/sbin:/usr/bin:/sbin:/bin:/usr/games:/usr/local/games:/snap/bin:/snap/bin /usr/bin/cmake /media/arrk-adas/RC-Env/RC-car-project/Rc-Car-Chimera/Rc-Car/src/stage_ros2 -DCMAKE_INSTALL_PREFIX=/media/arrk-adas/RC-Env/RC-car-project/Rc-Car-Chimera/install/stage_ros2
[0.121s] -- The C compiler identification is GNU 11.4.0
[0.225s] -- The CXX compiler identification is GNU 11.4.0
[0.247s] -- Detecting C compiler ABI info
[0.398s] -- Detecting C compiler ABI info - done
[0.416s] -- Check for working C compiler: /usr/bin/cc - skipped
[0.417s] -- Detecting C compile features
[0.417s] -- Detecting C compile features - done
[0.425s] -- Detecting CXX compiler ABI info
[0.574s] -- Detecting CXX compiler ABI info - done
[0.586s] -- Check for working CXX compiler: /usr/bin/c++ - skipped
[0.586s] -- Detecting CXX compile features
[0.586s] -- Detecting CXX compile features - done
[0.594s] -- Found ament_cmake: 1.3.12 (/opt/ros/humble/share/ament_cmake/cmake)
[1.483s] -- Found Python3: /media/arrk-adas/RC-Env/rccar_lib/bin/python3 (found version "3.10.20") found components: Interpreter 
[1.741s] -- Found rclcpp: 16.0.14 (/opt/ros/humble/share/rclcpp/cmake)
[1.833s] -- Found rosidl_generator_c: 3.1.7 (/opt/ros/humble/share/rosidl_generator_c/cmake)
[1.844s] -- Found rosidl_adapter: 3.1.7 (/opt/ros/humble/share/rosidl_adapter/cmake)
[1.862s] -- Found rosidl_generator_cpp: 3.1.7 (/opt/ros/humble/share/rosidl_generator_cpp/cmake)
[1.886s] -- Using all available rosidl_typesupport_c: rosidl_typesupport_fastrtps_c;rosidl_typesupport_introspection_c
[1.918s] -- Using all available rosidl_typesupport_cpp: rosidl_typesupport_fastrtps_cpp;rosidl_typesupport_introspection_cpp
[2.006s] -- Found rmw_implementation_cmake: 6.1.2 (/opt/ros/humble/share/rmw_implementation_cmake/cmake)
[2.012s] -- Found rmw_fastrtps_cpp: 6.2.8 (/opt/ros/humble/share/rmw_fastrtps_cpp/cmake)
[2.165s] -- Found OpenSSL: /usr/lib/aarch64-linux-gnu/libcrypto.so (found version "3.0.2")  
[2.224s] -- Found FastRTPS: /opt/ros/humble/include  
[2.307s] -- Using RMW implementation 'rmw_fastrtps_cpp' as default
[2.327s] -- Looking for pthread.h
[2.477s] -- Looking for pthread.h - found
[2.478s] -- Performing Test CMAKE_HAVE_LIBC_PTHREAD
[2.642s] -- Performing Test CMAKE_HAVE_LIBC_PTHREAD - Success
[2.642s] -- Found Threads: TRUE  
[2.737s] -- Found rclcpp_components: 16.0.14 (/opt/ros/humble/share/rclcpp_components/cmake)
[2.792s] -- Found sensor_msgs: 4.9.0 (/opt/ros/humble/share/sensor_msgs/cmake)
[2.848s] -- Found nav_msgs: 4.9.0 (/opt/ros/humble/share/nav_msgs/cmake)
[2.880s] -- Found tf2_ros: 0.25.16 (/opt/ros/humble/share/tf2_ros/cmake)
[3.012s] -- Found tf2_geometry_msgs: 0.25.16 (/opt/ros/humble/share/tf2_geometry_msgs/cmake)
[3.044s] -- Found eigen3_cmake_module: 0.1.1 (/opt/ros/humble/share/eigen3_cmake_module/cmake)
[3.047s] -- Found Eigen3: TRUE (found version "3.4.0") 
[3.047s] -- Ensuring Eigen3 include directory is part of orocos-kdl CMake target
[3.053s] -- Found std_srvs: 4.9.0 (/opt/ros/humble/share/std_srvs/cmake)
[3.080s] -- Found ament_lint_auto: 0.12.14 (/opt/ros/humble/share/ament_lint_auto/cmake)
[3.412s] -- Added test 'cppcheck' to perform static code analysis on C / C++ code
[3.413s] -- Configured cppcheck include dirs: /media/arrk-adas/RC-Env/RC-car-project/Rc-Car-Chimera/Rc-Car/src/stage_ros2/./include;$<BUILD_INTERFACE:/media/arrk-adas/RC-Env/RC-car-project/Rc-Car-Chimera/Rc-Car/src/stage_ros2/include>
[3.413s] -- Configured cppcheck exclude dirs and/or files: 
[3.415s] -- Added test 'flake8' to check Python code syntax and style conventions
[3.417s] -- Added test 'lint_cmake' to check CMake code style
[3.418s] -- Added test 'pep257' to check Python code against some of the docstring style conventions in PEP 257
[3.424s] -- Added test 'uncrustify' to check C / C++ code style
[3.424s] -- Configured uncrustify additional arguments: 
[3.426s] -- Added test 'xmllint' to check XML markup files
[3.429s] -- Configuring done
[3.473s] -- Generating done
[3.487s] -- Build files have been written to: /media/arrk-adas/RC-Env/RC-car-project/Rc-Car-Chimera/build/stage_ros2
[3.519s] Invoked command in '/media/arrk-adas/RC-Env/RC-car-project/Rc-Car-Chimera/build/stage_ros2' returned '0': CMAKE_PREFIX_PATH=/media/arrk-adas/RC-Env/RC-car-project/Rc-Car-Chimera/install/Stage:/media/arrk-adas/RC-Env/RC-car-project/Rc-Car-Chimera/install/urg_node:/media/arrk-adas/RC-Env/RC-car-project/Rc-Car-Chimera/install/stage_ros2:/media/arrk-adas/RC-Env/RC-car-project/Rc-Car-Chimera/install/depth_sensing:/media/arrk-adas/RC-Env/RC-car-project/Rc-Car-Chimera/install/object_detection:/media/arrk-adas/RC-Env/RC-car-project/Rc-Car-Chimera/install/lidar_noise:/media/arrk-adas/RC-Env/RC-car-project/Rc-Car-Chimera/install/lateral_control:/media/arrk-adas/RC-Env/RC-car-project/Rc-Car-Chimera/install/acc_drive:/opt/ros/humble CONDA_PROMPT_MODIFIER=(/media/arrk-adas/RC-Env/rccar_lib) LD_LIBRARY_PATH=/media/arrk-adas/RC-Env/RC-car-project/Rc-Car-Chimera/install/Stage/lib:/media/arrk-adas/RC-Env/RC-car-project/Rc-Car-Chimera/install/urg_node/lib:/media/arrk-adas/RC-Env/RC-car-project/Rc-Car-Chimera/install/stage_ros2/lib:/opt/ros/humble/opt/rviz_ogre_vendor/lib:/opt/ros/humble/lib/aarch64-linux-gnu:/opt/ros/humble/lib PATH=/media/arrk-adas/RC-Env/RC-car-project/Rc-Car-Chimera/install/Stage/bin:/media/arrk-adas/RC-Env/RC-car-project/Rc-Car-Chimera/install/object_detection/bin:/media/arrk-adas/RC-Env/RC-car-project/Rc-Car-Chimera/install/lateral_control/bin:/media/arrk-adas/RC-Env/RC-car-project/Rc-Car-Chimera/install/acc_drive/bin:/media/arrk-adas/RC-Env/rccar_lib/bin:/home/arrk-adas/miniforge3/condabin:/opt/ros/humble/bin:/home/arrk-adas/.local/bin:/usr/local/sbin:/usr/local/bin:/usr/sbin:/usr/bin:/sbin:/bin:/usr/games:/usr/local/games:/snap/bin:/snap/bin /usr/bin/cmake /media/arrk-adas/RC-Env/RC-car-project/Rc-Car-Chimera/Rc-Car/src/stage_ros2 -DCMAKE_INSTALL_PREFIX=/media/arrk-adas/RC-Env/RC-car-project/Rc-Car-Chimera/install/stage_ros2
[3.522s] Invoking command in '/media/arrk-adas/RC-Env/RC-car-project/Rc-Car-Chimera/build/stage_ros2': CMAKE_PREFIX_PATH=/media/arrk-adas/RC-Env/RC-car-project/Rc-Car-Chimera/install/Stage:/media/arrk-adas/RC-Env/RC-car-project/Rc-Car-Chimera/install/urg_node:/media/arrk-adas/RC-Env/RC-car-project/Rc-Car-Chimera/install/stage_ros2:/media/arrk-adas/RC-Env/RC-car-project/Rc-Car-Chimera/install/depth_sensing:/media/arrk-adas/RC-Env/RC-car-project/Rc-Car-Chimera/install/object_detection:/media/arrk-adas/RC-Env/RC-car-project/Rc-Car-Chimera/install/lidar_noise:/media/arrk-adas/RC-Env/RC-car-project/Rc-Car-Chimera/install/lateral_control:/media/arrk-adas/RC-Env/RC-car-project/Rc-Car-Chimera/install/acc_drive:/opt/ros/humble CONDA_PROMPT_MODIFIER=(/media/arrk-adas/RC-Env/rccar_lib) LD_LIBRARY_PATH=/media/arrk-adas/RC-Env/RC-car-project/Rc-Car-Chimera/install/Stage/lib:/media/arrk-adas/RC-Env/RC-car-project/Rc-Car-Chimera/install/urg_node/lib:/media/arrk-adas/RC-Env/RC-car-project/Rc-Car-Chimera/install/stage_ros2/lib:/opt/ros/humble/opt/rviz_ogre_vendor/lib:/opt/ros/humble/lib/aarch64-linux-gnu:/opt/ros/humble/lib PATH=/media/arrk-adas/RC-Env/RC-car-project/Rc-Car-Chimera/install/Stage/bin:/media/arrk-adas/RC-Env/RC-car-project/Rc-Car-Chimera/install/object_detection/bin:/media/arrk-adas/RC-Env/RC-car-project/Rc-Car-Chimera/install/lateral_control/bin:/media/arrk-adas/RC-Env/RC-car-project/Rc-Car-Chimera/install/acc_drive/bin:/media/arrk-adas/RC-Env/rccar_lib/bin:/home/arrk-adas/miniforge3/condabin:/opt/ros/humble/bin:/home/arrk-adas/.local/bin:/usr/local/sbin:/usr/local/bin:/usr/sbin:/usr/bin:/sbin:/bin:/usr/games:/usr/local/games:/snap/bin:/snap/bin /usr/bin/cmake --build /media/arrk-adas/RC-Env/RC-car-project/Rc-Car-Chimera/build/stage_ros2 -- -j8 -l8
[3.618s] [ 57%] [32mBuilding CXX object CMakeFiles/stage_node.dir/src/vehicle.cpp.o[0m
[3.618s] [ 57%] [32mBuilding CXX object CMakeFiles/stage_node.dir/src/camera.cpp.o[0m
[3.618s] [ 57%] [32mBuilding CXX object CMakeFiles/stage_node.dir/src/ranger.cpp.o[0m
[3.618s] [ 57%] [32mBuilding CXX object CMakeFiles/stage_node.dir/src/stage_node.cpp.o[0m
[31.942s] [ 71%] [32m[1mLinking CXX shared library libstage_node.so[0m
[33.566s] [ 71%] Built target stage_node
[33.618s] [ 85%] [32mBuilding CXX object CMakeFiles/stage_ros2.dir/src/main.cpp.o[0m
[41.836s] [100%] [32m[1mLinking CXX executable stage_ros2[0m
[42.774s] [100%] Built target stage_ros2
[42.840s] Invoked command in '/media/arrk-adas/RC-Env/RC-car-project/Rc-Car-Chimera/build/stage_ros2' returned '0': CMAKE_PREFIX_PATH=/media/arrk-adas/RC-Env/RC-car-project/Rc-Car-Chimera/install/Stage:/media/arrk-adas/RC-Env/RC-car-project/Rc-Car-Chimera/install/urg_node:/media/arrk-adas/RC-Env/RC-car-project/Rc-Car-Chimera/install/stage_ros2:/media/arrk-adas/RC-Env/RC-car-project/Rc-Car-Chimera/install/depth_sensing:/media/arrk-adas/RC-Env/RC-car-project/Rc-Car-Chimera/install/object_detection:/media/arrk-adas/RC-Env/RC-car-project/Rc-Car-Chimera/install/lidar_noise:/media/arrk-adas/RC-Env/RC-car-project/Rc-Car-Chimera/install/lateral_control:/media/arrk-adas/RC-Env/RC-car-project/Rc-Car-Chimera/install/acc_drive:/opt/ros/humble CONDA_PROMPT_MODIFIER=(/media/arrk-adas/RC-Env/rccar_lib) LD_LIBRARY_PATH=/media/arrk-adas/RC-Env/RC-car-project/Rc-Car-Chimera/install/Stage/lib:/media/arrk-adas/RC-Env/RC-car-project/Rc-Car-Chimera/install/urg_node/lib:/media/arrk-adas/RC-Env/RC-car-project/Rc-Car-Chimera/install/stage_ros2/lib:/opt/ros/humble/opt/rviz_ogre_vendor/lib:/opt/ros/humble/lib/aarch64-linux-gnu:/opt/ros/humble/lib PATH=/media/arrk-adas/RC-Env/RC-car-project/Rc-Car-Chimera/install/Stage/bin:/media/arrk-adas/RC-Env/RC-car-project/Rc-Car-Chimera/install/object_detection/bin:/media/arrk-adas/RC-Env/RC-car-project/Rc-Car-Chimera/install/lateral_control/bin:/media/arrk-adas/RC-Env/RC-car-project/Rc-Car-Chimera/install/acc_drive/bin:/media/arrk-adas/RC-Env/rccar_lib/bin:/home/arrk-adas/miniforge3/condabin:/opt/ros/humble/bin:/home/arrk-adas/.local/bin:/usr/local/sbin:/usr/local/bin:/usr/sbin:/usr/bin:/sbin:/bin:/usr/games:/usr/local/games:/snap/bin:/snap/bin /usr/bin/cmake --build /media/arrk-adas/RC-Env/RC-car-project/Rc-Car-Chimera/build/stage_ros2 -- -j8 -l8
[42.846s] Invoking command in '/media/arrk-adas/RC-Env/RC-car-project/Rc-Car-Chimera/build/stage_ros2': CMAKE_PREFIX_PATH=/media/arrk-adas/RC-Env/RC-car-project/Rc-Car-Chimera/install/Stage:/media/arrk-adas/RC-Env/RC-car-project/Rc-Car-Chimera/install/urg_node:/media/arrk-adas/RC-Env/RC-car-project/Rc-Car-Chimera/install/stage_ros2:/media/arrk-adas/RC-Env/RC-car-project/Rc-Car-Chimera/install/depth_sensing:/media/arrk-adas/RC-Env/RC-car-project/Rc-Car-Chimera/install/object_detection:/media/arrk-adas/RC-Env/RC-car-project/Rc-Car-Chimera/install/lidar_noise:/media/arrk-adas/RC-Env/RC-car-project/Rc-Car-Chimera/install/lateral_control:/media/arrk-adas/RC-Env/RC-car-project/Rc-Car-Chimera/install/acc_drive:/opt/ros/humble CONDA_PROMPT_MODIFIER=(/media/arrk-adas/RC-Env/rccar_lib) LD_LIBRARY_PATH=/media/arrk-adas/RC-Env/RC-car-project/Rc-Car-Chimera/install/Stage/lib:/media/arrk-adas/RC-Env/RC-car-project/Rc-Car-Chimera/install/urg_node/lib:/media/arrk-adas/RC-Env/RC-car-project/Rc-Car-Chimera/install/stage_ros2/lib:/opt/ros/humble/opt/rviz_ogre_vendor/lib:/opt/ros/humble/lib/aarch64-linux-gnu:/opt/ros/humble/lib PATH=/media/arrk-adas/RC-Env/RC-car-project/Rc-Car-Chimera/install/Stage/bin:/media/arrk-adas/RC-Env/RC-car-project/Rc-Car-Chimera/install/object_detection/bin:/media/arrk-adas/RC-Env/RC-car-project/Rc-Car-Chimera/install/lateral_control/bin:/media/arrk-adas/RC-Env/RC-car-project/Rc-Car-Chimera/install/acc_drive/bin:/media/arrk-adas/RC-Env/rccar_lib/bin:/home/arrk-adas/miniforge3/condabin:/opt/ros/humble/bin:/home/arrk-adas/.local/bin:/usr/local/sbin:/usr/local/bin:/usr/sbin:/usr/bin:/sbin:/bin:/usr/games:/usr/local/games:/snap/bin:/snap/bin /usr/bin/cmake --install /media/arrk-adas/RC-Env/RC-car-project/Rc-Car-Chimera/build/stage_ros2
[42.865s] -- Install configuration: ""
[42.865s] -- Installing: /media/arrk-adas/RC-Env/RC-car-project/Rc-Car-Chimera/install/stage_ros2/share/stage_ros2/environment/library_path.sh
[42.866s] -- Installing: /media/arrk-adas/RC-Env/RC-car-project/Rc-Car-Chimera/install/stage_ros2/share/stage_ros2/environment/library_path.dsv
[42.866s] -- Installing: /media/arrk-adas/RC-Env/RC-car-project/Rc-Car-Chimera/install/stage_ros2/share/stage_ros2//launch
[42.866s] -- Installing: /media/arrk-adas/RC-Env/RC-car-project/Rc-Car-Chimera/install/stage_ros2/share/stage_ros2//launch/f710.launch.py
[42.866s] -- Installing: /media/arrk-adas/RC-Env/RC-car-project/Rc-Car-Chimera/install/stage_ros2/share/stage_ros2//launch/rviz_ns.launch.py
[42.866s] -- Installing: /media/arrk-adas/RC-Env/RC-car-project/Rc-Car-Chimera/install/stage_ros2/share/stage_ros2//launch/rviz.launch.py
[42.867s] -- Installing: /media/arrk-adas/RC-Env/RC-car-project/Rc-Car-Chimera/install/stage_ros2/share/stage_ros2//launch/stage.launch.py
[42.867s] -- Installing: /media/arrk-adas/RC-Env/RC-car-project/Rc-Car-Chimera/install/stage_ros2/share/stage_ros2//launch/demo.launch.py
[42.867s] -- Installing: /media/arrk-adas/RC-Env/RC-car-project/Rc-Car-Chimera/install/stage_ros2/share/stage_ros2//world
[42.867s] -- Installing: /media/arrk-adas/RC-Env/RC-car-project/Rc-Car-Chimera/install/stage_ros2/share/stage_ros2//world/bitmaps
[42.867s] -- Installing: /media/arrk-adas/RC-Env/RC-car-project/Rc-Car-Chimera/install/stage_ros2/share/stage_ros2//world/bitmaps/warehouse008.pgm
[42.868s] -- Installing: /media/arrk-adas/RC-Env/RC-car-project/Rc-Car-Chimera/install/stage_ros2/share/stage_ros2//world/bitmaps/hallway.pgm
[42.869s] -- Installing: /media/arrk-adas/RC-Env/RC-car-project/Rc-Car-Chimera/install/stage_ros2/share/stage_ros2//world/bitmaps/hallway.png
[42.869s] -- Installing: /media/arrk-adas/RC-Env/RC-car-project/Rc-Car-Chimera/install/stage_ros2/share/stage_ros2//world/bitmaps/cave.png
[42.869s] -- Installing: /media/arrk-adas/RC-Env/RC-car-project/Rc-Car-Chimera/install/stage_ros2/share/stage_ros2//world/bitmaps/warehouse200.pgm
[42.872s] -- Installing: /media/arrk-adas/RC-Env/RC-car-project/Rc-Car-Chimera/install/stage_ros2/share/stage_ros2//world/bitmaps/line.png
[42.872s] -- Installing: /media/arrk-adas/RC-Env/RC-car-project/Rc-Car-Chimera/install/stage_ros2/share/stage_ros2//world/bitmaps/straden.png
[42.872s] -- Installing: /media/arrk-adas/RC-Env/RC-car-project/Rc-Car-Chimera/install/stage_ros2/share/stage_ros2//world/bitmaps/willow-full.pgm
[42.873s] -- Installing: /media/arrk-adas/RC-Env/RC-car-project/Rc-Car-Chimera/install/stage_ros2/share/stage_ros2//world/bitmaps/warehouse032.pgm
[42.874s] -- Installing: /media/arrk-adas/RC-Env/RC-car-project/Rc-Car-Chimera/install/stage_ros2/share/stage_ros2//world/cave_seven_robots.world
[42.874s] -- Installing: /media/arrk-adas/RC-Env/RC-car-project/Rc-Car-Chimera/install/stage_ros2/share/stage_ros2//world/straden.world
[42.874s] -- Installing: /media/arrk-adas/RC-Env/RC-car-project/Rc-Car-Chimera/install/stage_ros2/share/stage_ros2//world/cave_three_robots.world
[42.874s] -- Installing: /media/arrk-adas/RC-Env/RC-car-project/Rc-Car-Chimera/install/stage_ros2/share/stage_ros2//world/lines.world
[42.874s] -- Installing: /media/arrk-adas/RC-Env/RC-car-project/Rc-Car-Chimera/install/stage_ros2/share/stage_ros2//world/hallway.world
[42.875s] -- Installing: /media/arrk-adas/RC-Env/RC-car-project/Rc-Car-Chimera/install/stage_ros2/share/stage_ros2//world/cave.world
[42.875s] -- Installing: /media/arrk-adas/RC-Env/RC-car-project/Rc-Car-Chimera/install/stage_ros2/share/stage_ros2//world/willow-four-erratics-multisensor.world
[42.875s] -- Installing: /media/arrk-adas/RC-Env/RC-car-project/Rc-Car-Chimera/install/stage_ros2/share/stage_ros2//world/include
[42.875s] -- Installing: /media/arrk-adas/RC-Env/RC-car-project/Rc-Car-Chimera/install/stage_ros2/share/stage_ros2//world/include/robots.inc
[42.875s] -- Installing: /media/arrk-adas/RC-Env/RC-car-project/Rc-Car-Chimera/install/stage_ros2/share/stage_ros2//world/include/pioneer2dx.inc
[42.875s] -- Installing: /media/arrk-adas/RC-Env/RC-car-project/Rc-Car-Chimera/install/stage_ros2/share/stage_ros2//config
[42.876s] -- Installing: /media/arrk-adas/RC-Env/RC-car-project/Rc-Car-Chimera/install/stage_ros2/share/stage_ros2//config/teleop_twist_joy
[42.876s] -- Installing: /media/arrk-adas/RC-Env/RC-car-project/Rc-Car-Chimera/install/stage_ros2/share/stage_ros2//config/teleop_twist_joy/f710.config.yaml
[42.876s] -- Installing: /media/arrk-adas/RC-Env/RC-car-project/Rc-Car-Chimera/install/stage_ros2/share/stage_ros2//config/rviz
[42.876s] -- Installing: /media/arrk-adas/RC-Env/RC-car-project/Rc-Car-Chimera/install/stage_ros2/share/stage_ros2//config/rviz/cave_seven_robots.rviz
[42.876s] -- Installing: /media/arrk-adas/RC-Env/RC-car-project/Rc-Car-Chimera/install/stage_ros2/share/stage_ros2//config/rviz/robot_ns_depth.rviz
[42.876s] -- Installing: /media/arrk-adas/RC-Env/RC-car-project/Rc-Car-Chimera/install/stage_ros2/share/stage_ros2//config/rviz/robot0.rviz
[42.877s] -- Installing: /media/arrk-adas/RC-Env/RC-car-project/Rc-Car-Chimera/install/stage_ros2/share/stage_ros2//config/rviz/lines.rviz
[42.877s] -- Installing: /media/arrk-adas/RC-Env/RC-car-project/Rc-Car-Chimera/install/stage_ros2/share/stage_ros2//config/rviz/cave.rviz
[42.877s] -- Installing: /media/arrk-adas/RC-Env/RC-car-project/Rc-Car-Chimera/install/stage_ros2/share/stage_ros2//config/rviz/cave_three_robots.rviz
[42.877s] -- Installing: /media/arrk-adas/RC-Env/RC-car-project/Rc-Car-Chimera/install/stage_ros2/share/stage_ros2//config/rviz/robot_ns.rviz
[42.878s] -- Installing: /media/arrk-adas/RC-Env/RC-car-project/Rc-Car-Chimera/install/stage_ros2/lib/libstage_node.so
[42.901s] -- Set runtime path of "/media/arrk-adas/RC-Env/RC-car-project/Rc-Car-Chimera/install/stage_ros2/lib/libstage_node.so" to ""
[42.902s] -- Installing: /media/arrk-adas/RC-Env/RC-car-project/Rc-Car-Chimera/install/stage_ros2/lib/stage_ros2/stage_ros2
[42.903s] -- Set runtime path of "/media/arrk-adas/RC-Env/RC-car-project/Rc-Car-Chimera/install/stage_ros2/lib/stage_ros2/stage_ros2" to ""
[42.903s] -- Installing: /media/arrk-adas/RC-Env/RC-car-project/Rc-Car-Chimera/install/stage_ros2/share/ament_index/resource_index/package_run_dependencies/stage_ros2
[42.903s] -- Installing: /media/arrk-adas/RC-Env/RC-car-project/Rc-Car-Chimera/install/stage_ros2/share/ament_index/resource_index/parent_prefix_path/stage_ros2
[42.903s] -- Installing: /media/arrk-adas/RC-Env/RC-car-project/Rc-Car-Chimera/install/stage_ros2/share/stage_ros2/environment/ament_prefix_path.sh
[42.904s] -- Installing: /media/arrk-adas/RC-Env/RC-car-project/Rc-Car-Chimera/install/stage_ros2/share/stage_ros2/environment/ament_prefix_path.dsv
[42.904s] -- Installing: /media/arrk-adas/RC-Env/RC-car-project/Rc-Car-Chimera/install/stage_ros2/share/stage_ros2/environment/path.sh
[42.904s] -- Installing: /media/arrk-adas/RC-Env/RC-car-project/Rc-Car-Chimera/install/stage_ros2/share/stage_ros2/environment/path.dsv
[42.904s] -- Installing: /media/arrk-adas/RC-Env/RC-car-project/Rc-Car-Chimera/install/stage_ros2/share/stage_ros2/local_setup.bash
[42.905s] -- Installing: /media/arrk-adas/RC-Env/RC-car-project/Rc-Car-Chimera/install/stage_ros2/share/stage_ros2/local_setup.sh
[42.905s] -- Installing: /media/arrk-adas/RC-Env/RC-car-project/Rc-Car-Chimera/install/stage_ros2/share/stage_ros2/local_setup.zsh
[42.905s] -- Installing: /media/arrk-adas/RC-Env/RC-car-project/Rc-Car-Chimera/install/stage_ros2/share/stage_ros2/local_setup.dsv
[42.905s] -- Installing: /media/arrk-adas/RC-Env/RC-car-project/Rc-Car-Chimera/install/stage_ros2/share/stage_ros2/package.dsv
[42.906s] -- Installing: /media/arrk-adas/RC-Env/RC-car-project/Rc-Car-Chimera/install/stage_ros2/share/ament_index/resource_index/packages/stage_ros2
[42.906s] -- Installing: /media/arrk-adas/RC-Env/RC-car-project/Rc-Car-Chimera/install/stage_ros2/share/stage_ros2/cmake/stage_ros2Config.cmake
[42.906s] -- Installing: /media/arrk-adas/RC-Env/RC-car-project/Rc-Car-Chimera/install/stage_ros2/share/stage_ros2/cmake/stage_ros2Config-version.cmake
[42.906s] -- Installing: /media/arrk-adas/RC-Env/RC-car-project/Rc-Car-Chimera/install/stage_ros2/share/stage_ros2/package.xml
[42.913s] Invoked command in '/media/arrk-adas/RC-Env/RC-car-project/Rc-Car-Chimera/build/stage_ros2' returned '0': CMAKE_PREFIX_PATH=/media/arrk-adas/RC-Env/RC-car-project/Rc-Car-Chimera/install/Stage:/media/arrk-adas/RC-Env/RC-car-project/Rc-Car-Chimera/install/urg_node:/media/arrk-adas/RC-Env/RC-car-project/Rc-Car-Chimera/install/stage_ros2:/media/arrk-adas/RC-Env/RC-car-project/Rc-Car-Chimera/install/depth_sensing:/media/arrk-adas/RC-Env/RC-car-project/Rc-Car-Chimera/install/object_detection:/media/arrk-adas/RC-Env/RC-car-project/Rc-Car-Chimera/install/lidar_noise:/media/arrk-adas/RC-Env/RC-car-project/Rc-Car-Chimera/install/lateral_control:/media/arrk-adas/RC-Env/RC-car-project/Rc-Car-Chimera/install/acc_drive:/opt/ros/humble CONDA_PROMPT_MODIFIER=(/media/arrk-adas/RC-Env/rccar_lib) LD_LIBRARY_PATH=/media/arrk-adas/RC-Env/RC-car-project/Rc-Car-Chimera/install/Stage/lib:/media/arrk-adas/RC-Env/RC-car-project/Rc-Car-Chimera/install/urg_node/lib:/media/arrk-adas/RC-Env/RC-car-project/Rc-Car-Chimera/install/stage_ros2/lib:/opt/ros/humble/opt/rviz_ogre_vendor/lib:/opt/ros/humble/lib/aarch64-linux-gnu:/opt/ros/humble/lib PATH=/media/arrk-adas/RC-Env/RC-car-project/Rc-Car-Chimera/install/Stage/bin:/media/arrk-adas/RC-Env/RC-car-project/Rc-Car-Chimera/install/object_detection/bin:/media/arrk-adas/RC-Env/RC-car-project/Rc-Car-Chimera/install/lateral_control/bin:/media/arrk-adas/RC-Env/RC-car-project/Rc-Car-Chimera/install/acc_drive/bin:/media/arrk-adas/RC-Env/rccar_lib/bin:/home/arrk-adas/miniforge3/condabin:/opt/ros/humble/bin:/home/arrk-adas/.local/bin:/usr/local/sbin:/usr/local/bin:/usr/sbin:/usr/bin:/sbin:/bin:/usr/games:/usr/local/games:/snap/bin:/snap/bin /usr/bin/cmake --install /media/arrk-adas/RC-Env/RC-car-project/Rc-Car-Chimera/build/stage_ros2
