[4.563s] Invoking command in '/media/arrk-adas/RC-Env/RC-car-project/Rc-Car-Chimera/Rc-Car/src/object_detection': CONDA_PROMPT_MODIFIER=(/media/arrk-adas/RC-Env/rccar_lib) PYTHONPATH=/media/arrk-adas/RC-Env/RC-car-project/Rc-Car-Chimera/build/object_detection/prefix_override:/usr/lib/python3/dist-packages/colcon_core/task/python/colcon_distutils_commands:/media/arrk-adas/RC-Env/RC-car-project/Rc-Car-Chimera/install/object_detection/lib/python3.10/site-packages:${PYTHONPATH} /usr/bin/python3 -W ignore:setup.py install is deprecated -W ignore:easy_install command is deprecated setup.py egg_info --egg-base ../../../build/object_detection build --build-base /media/arrk-adas/RC-Env/RC-car-project/Rc-Car-Chimera/build/object_detection/build install --record /media/arrk-adas/RC-Env/RC-car-project/Rc-Car-Chimera/build/object_detection/install.log --single-version-externally-managed install_data
[6.040s] running egg_info
[6.155s] creating ../../../build/object_detection/object_detection.egg-info
[6.156s] writing ../../../build/object_detection/object_detection.egg-info/PKG-INFO
[6.159s] writing dependency_links to ../../../build/object_detection/object_detection.egg-info/dependency_links.txt
[6.161s] writing entry points to ../../../build/object_detection/object_detection.egg-info/entry_points.txt
[6.162s] writing requirements to ../../../build/object_detection/object_detection.egg-info/requires.txt
[6.163s] writing top-level names to ../../../build/object_detection/object_detection.egg-info/top_level.txt
[6.165s] writing manifest file '../../../build/object_detection/object_detection.egg-info/SOURCES.txt'
[6.375s] reading manifest file '../../../build/object_detection/object_detection.egg-info/SOURCES.txt'
[6.382s] writing manifest file '../../../build/object_detection/object_detection.egg-info/SOURCES.txt'
[6.383s] running build
[6.383s] running build_py
[6.384s] creating /media/arrk-adas/RC-Env/RC-car-project/Rc-Car-Chimera/build/object_detection/build/lib/object_detection
[6.386s] copying object_detection/detection.py -> /media/arrk-adas/RC-Env/RC-car-project/Rc-Car-Chimera/build/object_detection/build/lib/object_detection
[6.387s] copying object_detection/__init__.py -> /media/arrk-adas/RC-Env/RC-car-project/Rc-Car-Chimera/build/object_detection/build/lib/object_detection
[6.388s] running install
[6.413s] running install_lib
[6.558s] creating /media/arrk-adas/RC-Env/RC-car-project/Rc-Car-Chimera/install/object_detection/lib/python3.10/site-packages/object_detection
[6.575s] copying /media/arrk-adas/RC-Env/RC-car-project/Rc-Car-Chimera/build/object_detection/build/lib/object_detection/detection.py -> /media/arrk-adas/RC-Env/RC-car-project/Rc-Car-Chimera/install/object_detection/lib/python3.10/site-packages/object_detection
[6.576s] copying /media/arrk-adas/RC-Env/RC-car-project/Rc-Car-Chimera/build/object_detection/build/lib/object_detection/__init__.py -> /media/arrk-adas/RC-Env/RC-car-project/Rc-Car-Chimera/install/object_detection/lib/python3.10/site-packages/object_detection
[6.579s] byte-compiling /media/arrk-adas/RC-Env/RC-car-project/Rc-Car-Chimera/install/object_detection/lib/python3.10/site-packages/object_detection/detection.py to detection.cpython-310.pyc
[6.582s] byte-compiling /media/arrk-adas/RC-Env/RC-car-project/Rc-Car-Chimera/install/object_detection/lib/python3.10/site-packages/object_detection/__init__.py to __init__.cpython-310.pyc
[6.589s] running install_data
[6.589s] creating /media/arrk-adas/RC-Env/RC-car-project/Rc-Car-Chimera/install/object_detection/share/ament_index/resource_index/packages
[6.589s] copying resource/object_detection -> /media/arrk-adas/RC-Env/RC-car-project/Rc-Car-Chimera/install/object_detection/share/ament_index/resource_index/packages
[6.589s] copying package.xml -> /media/arrk-adas/RC-Env/RC-car-project/Rc-Car-Chimera/install/object_detection/share/object_detection
[6.589s] running install_egg_info
[6.702s] Copying ../../../build/object_detection/object_detection.egg-info to /media/arrk-adas/RC-Env/RC-car-project/Rc-Car-Chimera/install/object_detection/lib/python3.10/site-packages/object_detection-0.0.0-py3.10.egg-info
[6.710s] running install_scripts
[6.960s] Installing detection script to /media/arrk-adas/RC-Env/RC-car-project/Rc-Car-Chimera/install/object_detection/lib/object_detection
[6.962s] writing list of installed files to '/media/arrk-adas/RC-Env/RC-car-project/Rc-Car-Chimera/build/object_detection/install.log'
[7.183s] Invoked command in '/media/arrk-adas/RC-Env/RC-car-project/Rc-Car-Chimera/Rc-Car/src/object_detection' returned '0': CONDA_PROMPT_MODIFIER=(/media/arrk-adas/RC-Env/rccar_lib) PYTHONPATH=/media/arrk-adas/RC-Env/RC-car-project/Rc-Car-Chimera/build/object_detection/prefix_override:/usr/lib/python3/dist-packages/colcon_core/task/python/colcon_distutils_commands:/media/arrk-adas/RC-Env/RC-car-project/Rc-Car-Chimera/install/object_detection/lib/python3.10/site-packages:${PYTHONPATH} /usr/bin/python3 -W ignore:setup.py install is deprecated -W ignore:easy_install command is deprecated setup.py egg_info --egg-base ../../../build/object_detection build --build-base /media/arrk-adas/RC-Env/RC-car-project/Rc-Car-Chimera/build/object_detection/build install --record /media/arrk-adas/RC-Env/RC-car-project/Rc-Car-Chimera/build/object_detection/install.log --single-version-externally-managed install_data
