[4.541s] Invoking command in '/home/arrk-adas/Desktop/Rc-Car-Chimera/Rc-Car/src/object_detection': CONDA_PROMPT_MODIFIER=(base) PYTHONPATH=/home/arrk-adas/Desktop/Rc-Car-Chimera/build/object_detection/prefix_override:/usr/lib/python3/dist-packages/colcon_core/task/python/colcon_distutils_commands:/home/arrk-adas/Desktop/Rc-Car-Chimera/install/object_detection/lib/python3.10/site-packages:${PYTHONPATH} /usr/bin/python3 -W ignore:setup.py install is deprecated -W ignore:easy_install command is deprecated setup.py egg_info --egg-base ../../../build/object_detection build --build-base /home/arrk-adas/Desktop/Rc-Car-Chimera/build/object_detection/build install --record /home/arrk-adas/Desktop/Rc-Car-Chimera/build/object_detection/install.log --single-version-externally-managed install_data
[6.415s] running egg_info
[6.440s] creating ../../../build/object_detection/object_detection.egg-info
[6.441s] writing ../../../build/object_detection/object_detection.egg-info/PKG-INFO
[6.441s] writing dependency_links to ../../../build/object_detection/object_detection.egg-info/dependency_links.txt
[6.441s] writing entry points to ../../../build/object_detection/object_detection.egg-info/entry_points.txt
[6.442s] writing requirements to ../../../build/object_detection/object_detection.egg-info/requires.txt
[6.442s] writing top-level names to ../../../build/object_detection/object_detection.egg-info/top_level.txt
[6.443s] writing manifest file '../../../build/object_detection/object_detection.egg-info/SOURCES.txt'
[6.448s] reading manifest file '../../../build/object_detection/object_detection.egg-info/SOURCES.txt'
[6.450s] writing manifest file '../../../build/object_detection/object_detection.egg-info/SOURCES.txt'
[6.471s] running build
[6.471s] running build_py
[6.472s] creating /home/arrk-adas/Desktop/Rc-Car-Chimera/build/object_detection/build
[6.472s] creating /home/arrk-adas/Desktop/Rc-Car-Chimera/build/object_detection/build/lib
[6.472s] creating /home/arrk-adas/Desktop/Rc-Car-Chimera/build/object_detection/build/lib/object_detection
[6.473s] copying object_detection/__init__.py -> /home/arrk-adas/Desktop/Rc-Car-Chimera/build/object_detection/build/lib/object_detection
[6.473s] copying object_detection/detection.py -> /home/arrk-adas/Desktop/Rc-Car-Chimera/build/object_detection/build/lib/object_detection
[6.473s] running install
[6.474s] running install_lib
[6.477s] creating /home/arrk-adas/Desktop/Rc-Car-Chimera/install/object_detection/lib/python3.10/site-packages/object_detection
[6.477s] copying /home/arrk-adas/Desktop/Rc-Car-Chimera/build/object_detection/build/lib/object_detection/__init__.py -> /home/arrk-adas/Desktop/Rc-Car-Chimera/install/object_detection/lib/python3.10/site-packages/object_detection
[6.477s] copying /home/arrk-adas/Desktop/Rc-Car-Chimera/build/object_detection/build/lib/object_detection/detection.py -> /home/arrk-adas/Desktop/Rc-Car-Chimera/install/object_detection/lib/python3.10/site-packages/object_detection
[6.481s] byte-compiling /home/arrk-adas/Desktop/Rc-Car-Chimera/install/object_detection/lib/python3.10/site-packages/object_detection/__init__.py to __init__.cpython-310.pyc
[6.481s] byte-compiling /home/arrk-adas/Desktop/Rc-Car-Chimera/install/object_detection/lib/python3.10/site-packages/object_detection/detection.py to detection.cpython-310.pyc
[6.482s] running install_data
[6.482s] creating /home/arrk-adas/Desktop/Rc-Car-Chimera/install/object_detection/share/ament_index
[6.503s] creating /home/arrk-adas/Desktop/Rc-Car-Chimera/install/object_detection/share/ament_index/resource_index
[6.503s] creating /home/arrk-adas/Desktop/Rc-Car-Chimera/install/object_detection/share/ament_index/resource_index/packages
[6.503s] copying resource/object_detection -> /home/arrk-adas/Desktop/Rc-Car-Chimera/install/object_detection/share/ament_index/resource_index/packages
[6.504s] copying package.xml -> /home/arrk-adas/Desktop/Rc-Car-Chimera/install/object_detection/share/object_detection
[6.504s] running install_egg_info
[6.596s] Copying ../../../build/object_detection/object_detection.egg-info to /home/arrk-adas/Desktop/Rc-Car-Chimera/install/object_detection/lib/python3.10/site-packages/object_detection-0.0.0-py3.10.egg-info
[6.611s] running install_scripts
[6.781s] Installing detection script to /home/arrk-adas/Desktop/Rc-Car-Chimera/install/object_detection/lib/object_detection
[6.782s] writing list of installed files to '/home/arrk-adas/Desktop/Rc-Car-Chimera/build/object_detection/install.log'
[7.020s] Invoked command in '/home/arrk-adas/Desktop/Rc-Car-Chimera/Rc-Car/src/object_detection' returned '0': CONDA_PROMPT_MODIFIER=(base) PYTHONPATH=/home/arrk-adas/Desktop/Rc-Car-Chimera/build/object_detection/prefix_override:/usr/lib/python3/dist-packages/colcon_core/task/python/colcon_distutils_commands:/home/arrk-adas/Desktop/Rc-Car-Chimera/install/object_detection/lib/python3.10/site-packages:${PYTHONPATH} /usr/bin/python3 -W ignore:setup.py install is deprecated -W ignore:easy_install command is deprecated setup.py egg_info --egg-base ../../../build/object_detection build --build-base /home/arrk-adas/Desktop/Rc-Car-Chimera/build/object_detection/build install --record /home/arrk-adas/Desktop/Rc-Car-Chimera/build/object_detection/install.log --single-version-externally-managed install_data
