running egg_info
creating ../../../build/lateral_control/lateral_control.egg-info
writing ../../../build/lateral_control/lateral_control.egg-info/PKG-INFO
writing dependency_links to ../../../build/lateral_control/lateral_control.egg-info/dependency_links.txt
writing entry points to ../../../build/lateral_control/lateral_control.egg-info/entry_points.txt
writing requirements to ../../../build/lateral_control/lateral_control.egg-info/requires.txt
writing top-level names to ../../../build/lateral_control/lateral_control.egg-info/top_level.txt
writing manifest file '../../../build/lateral_control/lateral_control.egg-info/SOURCES.txt'
reading manifest file '../../../build/lateral_control/lateral_control.egg-info/SOURCES.txt'
writing manifest file '../../../build/lateral_control/lateral_control.egg-info/SOURCES.txt'
running build
running build_py
creating /media/arrk-adas/RC-Env/RC-car-project/Rc-Car-Chimera/build/lateral_control/build/lib/lateral_control
copying lateral_control/lidar_detection.py -> /media/arrk-adas/RC-Env/RC-car-project/Rc-Car-Chimera/build/lateral_control/build/lib/lateral_control
copying lateral_control/lane_information.py -> /media/arrk-adas/RC-Env/RC-car-project/Rc-Car-Chimera/build/lateral_control/build/lib/lateral_control
copying lateral_control/xbox_controls.py -> /media/arrk-adas/RC-Env/RC-car-project/Rc-Car-Chimera/build/lateral_control/build/lib/lateral_control
copying lateral_control/visual.py -> /media/arrk-adas/RC-Env/RC-car-project/Rc-Car-Chimera/build/lateral_control/build/lib/lateral_control
copying lateral_control/traffic_sign_classifier.py -> /media/arrk-adas/RC-Env/RC-car-project/Rc-Car-Chimera/build/lateral_control/build/lib/lateral_control
copying lateral_control/__init__.py -> /media/arrk-adas/RC-Env/RC-car-project/Rc-Car-Chimera/build/lateral_control/build/lib/lateral_control
copying lateral_control/lane2.py -> /media/arrk-adas/RC-Env/RC-car-project/Rc-Car-Chimera/build/lateral_control/build/lib/lateral_control
copying lateral_control/steering_control.py -> /media/arrk-adas/RC-Env/RC-car-project/Rc-Car-Chimera/build/lateral_control/build/lib/lateral_control
copying lateral_control/in_lane_positioning.py -> /media/arrk-adas/RC-Env/RC-car-project/Rc-Car-Chimera/build/lateral_control/build/lib/lateral_control
copying lateral_control/ack_to_pca.py -> /media/arrk-adas/RC-Env/RC-car-project/Rc-Car-Chimera/build/lateral_control/build/lib/lateral_control
copying lateral_control/autonomous_video_version.py -> /media/arrk-adas/RC-Env/RC-car-project/Rc-Car-Chimera/build/lateral_control/build/lib/lateral_control
running install
running install_lib
creating /media/arrk-adas/RC-Env/RC-car-project/Rc-Car-Chimera/install/lateral_control/lib/python3.10/site-packages/lateral_control
copying /media/arrk-adas/RC-Env/RC-car-project/Rc-Car-Chimera/build/lateral_control/build/lib/lateral_control/lidar_detection.py -> /media/arrk-adas/RC-Env/RC-car-project/Rc-Car-Chimera/install/lateral_control/lib/python3.10/site-packages/lateral_control
copying /media/arrk-adas/RC-Env/RC-car-project/Rc-Car-Chimera/build/lateral_control/build/lib/lateral_control/lane_information.py -> /media/arrk-adas/RC-Env/RC-car-project/Rc-Car-Chimera/install/lateral_control/lib/python3.10/site-packages/lateral_control
copying /media/arrk-adas/RC-Env/RC-car-project/Rc-Car-Chimera/build/lateral_control/build/lib/lateral_control/xbox_controls.py -> /media/arrk-adas/RC-Env/RC-car-project/Rc-Car-Chimera/install/lateral_control/lib/python3.10/site-packages/lateral_control
copying /media/arrk-adas/RC-Env/RC-car-project/Rc-Car-Chimera/build/lateral_control/build/lib/lateral_control/visual.py -> /media/arrk-adas/RC-Env/RC-car-project/Rc-Car-Chimera/install/lateral_control/lib/python3.10/site-packages/lateral_control
copying /media/arrk-adas/RC-Env/RC-car-project/Rc-Car-Chimera/build/lateral_control/build/lib/lateral_control/traffic_sign_classifier.py -> /media/arrk-adas/RC-Env/RC-car-project/Rc-Car-Chimera/install/lateral_control/lib/python3.10/site-packages/lateral_control
copying /media/arrk-adas/RC-Env/RC-car-project/Rc-Car-Chimera/build/lateral_control/build/lib/lateral_control/__init__.py -> /media/arrk-adas/RC-Env/RC-car-project/Rc-Car-Chimera/install/lateral_control/lib/python3.10/site-packages/lateral_control
copying /media/arrk-adas/RC-Env/RC-car-project/Rc-Car-Chimera/build/lateral_control/build/lib/lateral_control/lane2.py -> /media/arrk-adas/RC-Env/RC-car-project/Rc-Car-Chimera/install/lateral_control/lib/python3.10/site-packages/lateral_control
copying /media/arrk-adas/RC-Env/RC-car-project/Rc-Car-Chimera/build/lateral_control/build/lib/lateral_control/steering_control.py -> /media/arrk-adas/RC-Env/RC-car-project/Rc-Car-Chimera/install/lateral_control/lib/python3.10/site-packages/lateral_control
copying /media/arrk-adas/RC-Env/RC-car-project/Rc-Car-Chimera/build/lateral_control/build/lib/lateral_control/in_lane_positioning.py -> /media/arrk-adas/RC-Env/RC-car-project/Rc-Car-Chimera/install/lateral_control/lib/python3.10/site-packages/lateral_control
copying /media/arrk-adas/RC-Env/RC-car-project/Rc-Car-Chimera/build/lateral_control/build/lib/lateral_control/ack_to_pca.py -> /media/arrk-adas/RC-Env/RC-car-project/Rc-Car-Chimera/install/lateral_control/lib/python3.10/site-packages/lateral_control
copying /media/arrk-adas/RC-Env/RC-car-project/Rc-Car-Chimera/build/lateral_control/build/lib/lateral_control/autonomous_video_version.py -> /media/arrk-adas/RC-Env/RC-car-project/Rc-Car-Chimera/install/lateral_control/lib/python3.10/site-packages/lateral_control
byte-compiling /media/arrk-adas/RC-Env/RC-car-project/Rc-Car-Chimera/install/lateral_control/lib/python3.10/site-packages/lateral_control/lidar_detection.py to lidar_detection.cpython-310.pyc
byte-compiling /media/arrk-adas/RC-Env/RC-car-project/Rc-Car-Chimera/install/lateral_control/lib/python3.10/site-packages/lateral_control/lane_information.py to lane_information.cpython-310.pyc
byte-compiling /media/arrk-adas/RC-Env/RC-car-project/Rc-Car-Chimera/install/lateral_control/lib/python3.10/site-packages/lateral_control/xbox_controls.py to xbox_controls.cpython-310.pyc
byte-compiling /media/arrk-adas/RC-Env/RC-car-project/Rc-Car-Chimera/install/lateral_control/lib/python3.10/site-packages/lateral_control/visual.py to visual.cpython-310.pyc
byte-compiling /media/arrk-adas/RC-Env/RC-car-project/Rc-Car-Chimera/install/lateral_control/lib/python3.10/site-packages/lateral_control/traffic_sign_classifier.py to traffic_sign_classifier.cpython-310.pyc
byte-compiling /media/arrk-adas/RC-Env/RC-car-project/Rc-Car-Chimera/install/lateral_control/lib/python3.10/site-packages/lateral_control/__init__.py to __init__.cpython-310.pyc
byte-compiling /media/arrk-adas/RC-Env/RC-car-project/Rc-Car-Chimera/install/lateral_control/lib/python3.10/site-packages/lateral_control/lane2.py to lane2.cpython-310.pyc
byte-compiling /media/arrk-adas/RC-Env/RC-car-project/Rc-Car-Chimera/install/lateral_control/lib/python3.10/site-packages/lateral_control/steering_control.py to steering_control.cpython-310.pyc
byte-compiling /media/arrk-adas/RC-Env/RC-car-project/Rc-Car-Chimera/install/lateral_control/lib/python3.10/site-packages/lateral_control/in_lane_positioning.py to in_lane_positioning.cpython-310.pyc
byte-compiling /media/arrk-adas/RC-Env/RC-car-project/Rc-Car-Chimera/install/lateral_control/lib/python3.10/site-packages/lateral_control/ack_to_pca.py to ack_to_pca.cpython-310.pyc
byte-compiling /media/arrk-adas/RC-Env/RC-car-project/Rc-Car-Chimera/install/lateral_control/lib/python3.10/site-packages/lateral_control/autonomous_video_version.py to autonomous_video_version.cpython-310.pyc
running install_data
creating /media/arrk-adas/RC-Env/RC-car-project/Rc-Car-Chimera/install/lateral_control/share/ament_index/resource_index/packages
copying resource/lateral_control -> /media/arrk-adas/RC-Env/RC-car-project/Rc-Car-Chimera/install/lateral_control/share/ament_index/resource_index/packages
copying package.xml -> /media/arrk-adas/RC-Env/RC-car-project/Rc-Car-Chimera/install/lateral_control/share/lateral_control
creating /media/arrk-adas/RC-Env/RC-car-project/Rc-Car-Chimera/install/lateral_control/share/lateral_control/launch
copying launch/lateral_control.launch.py -> /media/arrk-adas/RC-Env/RC-car-project/Rc-Car-Chimera/install/lateral_control/share/lateral_control/launch
creating /media/arrk-adas/RC-Env/RC-car-project/Rc-Car-Chimera/install/lateral_control/share/lateral_control/config
copying config/camera_config_HDwebCam.yaml -> /media/arrk-adas/RC-Env/RC-car-project/Rc-Car-Chimera/install/lateral_control/share/lateral_control/config
copying config/lane_detection.yaml -> /media/arrk-adas/RC-Env/RC-car-project/Rc-Car-Chimera/install/lateral_control/share/lateral_control/config
copying config/steering_control.yaml -> /media/arrk-adas/RC-Env/RC-car-project/Rc-Car-Chimera/install/lateral_control/share/lateral_control/config
copying config/camera_config_ZED_376p.yaml -> /media/arrk-adas/RC-Env/RC-car-project/Rc-Car-Chimera/install/lateral_control/share/lateral_control/config
copying config/camera_config_ZED_720p.yaml -> /media/arrk-adas/RC-Env/RC-car-project/Rc-Car-Chimera/install/lateral_control/share/lateral_control/config
copying config/camera_config_Logi.yaml -> /media/arrk-adas/RC-Env/RC-car-project/Rc-Car-Chimera/install/lateral_control/share/lateral_control/config
copying config/camera_config_ZED_1242p.yaml -> /media/arrk-adas/RC-Env/RC-car-project/Rc-Car-Chimera/install/lateral_control/share/lateral_control/config
copying config/camera_config_ZED_1080p.yaml -> /media/arrk-adas/RC-Env/RC-car-project/Rc-Car-Chimera/install/lateral_control/share/lateral_control/config
running install_egg_info
Copying ../../../build/lateral_control/lateral_control.egg-info to /media/arrk-adas/RC-Env/RC-car-project/Rc-Car-Chimera/install/lateral_control/lib/python3.10/site-packages/lateral_control-0.0.0-py3.10.egg-info
running install_scripts
Installing ack_to_pca script to /media/arrk-adas/RC-Env/RC-car-project/Rc-Car-Chimera/install/lateral_control/lib/lateral_control
Installing autonomous_video_version script to /media/arrk-adas/RC-Env/RC-car-project/Rc-Car-Chimera/install/lateral_control/lib/lateral_control
Installing in_lane_positioning script to /media/arrk-adas/RC-Env/RC-car-project/Rc-Car-Chimera/install/lateral_control/lib/lateral_control
Installing lane2 script to /media/arrk-adas/RC-Env/RC-car-project/Rc-Car-Chimera/install/lateral_control/lib/lateral_control
Installing lane_information script to /media/arrk-adas/RC-Env/RC-car-project/Rc-Car-Chimera/install/lateral_control/lib/lateral_control
Installing lidar_detection script to /media/arrk-adas/RC-Env/RC-car-project/Rc-Car-Chimera/install/lateral_control/lib/lateral_control
Installing steering_control script to /media/arrk-adas/RC-Env/RC-car-project/Rc-Car-Chimera/install/lateral_control/lib/lateral_control
Installing traffic_sign_classifier script to /media/arrk-adas/RC-Env/RC-car-project/Rc-Car-Chimera/install/lateral_control/lib/lateral_control
Installing visual script to /media/arrk-adas/RC-Env/RC-car-project/Rc-Car-Chimera/install/lateral_control/lib/lateral_control
writing list of installed files to '/media/arrk-adas/RC-Env/RC-car-project/Rc-Car-Chimera/build/lateral_control/install.log'
