[3.217s] Invoking command in '/media/arrk-adas/RC-Env/RC-car-project/Rc-Car-Chimera/Rc-Car/src/acc_drive': CONDA_PROMPT_MODIFIER=(/media/arrk-adas/RC-Env/rccar_lib) PYTHONPATH=/media/arrk-adas/RC-Env/RC-car-project/Rc-Car-Chimera/build/acc_drive/prefix_override:/usr/lib/python3/dist-packages/colcon_core/task/python/colcon_distutils_commands:/media/arrk-adas/RC-Env/RC-car-project/Rc-Car-Chimera/install/acc_drive/lib/python3.10/site-packages:${PYTHONPATH} /usr/bin/python3 -W ignore:setup.py install is deprecated -W ignore:easy_install command is deprecated setup.py egg_info --egg-base ../../../build/acc_drive build --build-base /media/arrk-adas/RC-Env/RC-car-project/Rc-Car-Chimera/build/acc_drive/build install --record /media/arrk-adas/RC-Env/RC-car-project/Rc-Car-Chimera/build/acc_drive/install.log --single-version-externally-managed install_data
[3.798s] running egg_info
[3.838s] writing ../../../build/acc_drive/acc_drive.egg-info/PKG-INFO
[3.839s] writing dependency_links to ../../../build/acc_drive/acc_drive.egg-info/dependency_links.txt
[3.839s] writing entry points to ../../../build/acc_drive/acc_drive.egg-info/entry_points.txt
[3.840s] writing requirements to ../../../build/acc_drive/acc_drive.egg-info/requires.txt
[3.840s] writing top-level names to ../../../build/acc_drive/acc_drive.egg-info/top_level.txt
[3.926s] reading manifest file '../../../build/acc_drive/acc_drive.egg-info/SOURCES.txt'
[3.929s] writing manifest file '../../../build/acc_drive/acc_drive.egg-info/SOURCES.txt'
[3.929s] running build
[3.929s] running build_py
[3.930s] copying acc_drive/__init__.py -> /media/arrk-adas/RC-Env/RC-car-project/Rc-Car-Chimera/build/acc_drive/build/lib/acc_drive
[3.930s] copying acc_drive/acc_drive.py -> /media/arrk-adas/RC-Env/RC-car-project/Rc-Car-Chimera/build/acc_drive/build/lib/acc_drive
[3.930s] running install
[3.939s] running install_lib
[3.982s] running install_data
[3.983s] copying resource/acc_drive -> /media/arrk-adas/RC-Env/RC-car-project/Rc-Car-Chimera/install/acc_drive/share/ament_index/resource_index/packages
[3.983s] copying package.xml -> /media/arrk-adas/RC-Env/RC-car-project/Rc-Car-Chimera/install/acc_drive/share/acc_drive
[3.984s] running install_egg_info
[4.027s] removing '/media/arrk-adas/RC-Env/RC-car-project/Rc-Car-Chimera/install/acc_drive/lib/python3.10/site-packages/acc_drive-0.0.0-py3.10.egg-info' (and everything under it)
[4.028s] Copying ../../../build/acc_drive/acc_drive.egg-info to /media/arrk-adas/RC-Env/RC-car-project/Rc-Car-Chimera/install/acc_drive/lib/python3.10/site-packages/acc_drive-0.0.0-py3.10.egg-info
[4.029s] running install_scripts
[4.117s] Installing acc_drive script to /media/arrk-adas/RC-Env/RC-car-project/Rc-Car-Chimera/install/acc_drive/lib/acc_drive
[4.118s] writing list of installed files to '/media/arrk-adas/RC-Env/RC-car-project/Rc-Car-Chimera/build/acc_drive/install.log'
[4.238s] Invoked command in '/media/arrk-adas/RC-Env/RC-car-project/Rc-Car-Chimera/Rc-Car/src/acc_drive' returned '0': CONDA_PROMPT_MODIFIER=(/media/arrk-adas/RC-Env/rccar_lib) PYTHONPATH=/media/arrk-adas/RC-Env/RC-car-project/Rc-Car-Chimera/build/acc_drive/prefix_override:/usr/lib/python3/dist-packages/colcon_core/task/python/colcon_distutils_commands:/media/arrk-adas/RC-Env/RC-car-project/Rc-Car-Chimera/install/acc_drive/lib/python3.10/site-packages:${PYTHONPATH} /usr/bin/python3 -W ignore:setup.py install is deprecated -W ignore:easy_install command is deprecated setup.py egg_info --egg-base ../../../build/acc_drive build --build-base /media/arrk-adas/RC-Env/RC-car-project/Rc-Car-Chimera/build/acc_drive/build install --record /media/arrk-adas/RC-Env/RC-car-project/Rc-Car-Chimera/build/acc_drive/install.log --single-version-externally-managed install_data
