running egg_info
creating ../../../build/acc_drive/acc_drive.egg-info
writing ../../../build/acc_drive/acc_drive.egg-info/PKG-INFO
writing dependency_links to ../../../build/acc_drive/acc_drive.egg-info/dependency_links.txt
writing entry points to ../../../build/acc_drive/acc_drive.egg-info/entry_points.txt
writing requirements to ../../../build/acc_drive/acc_drive.egg-info/requires.txt
writing top-level names to ../../../build/acc_drive/acc_drive.egg-info/top_level.txt
writing manifest file '../../../build/acc_drive/acc_drive.egg-info/SOURCES.txt'
reading manifest file '../../../build/acc_drive/acc_drive.egg-info/SOURCES.txt'
writing manifest file '../../../build/acc_drive/acc_drive.egg-info/SOURCES.txt'
running build
running build_py
creating /home/arrk-adas/Desktop/Rc-Car-Chimera/build/acc_drive/build
creating /home/arrk-adas/Desktop/Rc-Car-Chimera/build/acc_drive/build/lib
creating /home/arrk-adas/Desktop/Rc-Car-Chimera/build/acc_drive/build/lib/acc_drive
copying acc_drive/acc_drive.py -> /home/arrk-adas/Desktop/Rc-Car-Chimera/build/acc_drive/build/lib/acc_drive
copying acc_drive/__init__.py -> /home/arrk-adas/Desktop/Rc-Car-Chimera/build/acc_drive/build/lib/acc_drive
running install
running install_lib
creating /home/arrk-adas/Desktop/Rc-Car-Chimera/install/acc_drive/lib/python3.10/site-packages/acc_drive
copying /home/arrk-adas/Desktop/Rc-Car-Chimera/build/acc_drive/build/lib/acc_drive/acc_drive.py -> /home/arrk-adas/Desktop/Rc-Car-Chimera/install/acc_drive/lib/python3.10/site-packages/acc_drive
copying /home/arrk-adas/Desktop/Rc-Car-Chimera/build/acc_drive/build/lib/acc_drive/__init__.py -> /home/arrk-adas/Desktop/Rc-Car-Chimera/install/acc_drive/lib/python3.10/site-packages/acc_drive
byte-compiling /home/arrk-adas/Desktop/Rc-Car-Chimera/install/acc_drive/lib/python3.10/site-packages/acc_drive/acc_drive.py to acc_drive.cpython-310.pyc
byte-compiling /home/arrk-adas/Desktop/Rc-Car-Chimera/install/acc_drive/lib/python3.10/site-packages/acc_drive/__init__.py to __init__.cpython-310.pyc
running install_data
creating /home/arrk-adas/Desktop/Rc-Car-Chimera/install/acc_drive/share/ament_index
creating /home/arrk-adas/Desktop/Rc-Car-Chimera/install/acc_drive/share/ament_index/resource_index
creating /home/arrk-adas/Desktop/Rc-Car-Chimera/install/acc_drive/share/ament_index/resource_index/packages
copying resource/acc_drive -> /home/arrk-adas/Desktop/Rc-Car-Chimera/install/acc_drive/share/ament_index/resource_index/packages
copying package.xml -> /home/arrk-adas/Desktop/Rc-Car-Chimera/install/acc_drive/share/acc_drive
running install_egg_info
Copying ../../../build/acc_drive/acc_drive.egg-info to /home/arrk-adas/Desktop/Rc-Car-Chimera/install/acc_drive/lib/python3.10/site-packages/acc_drive-0.0.0-py3.10.egg-info
running install_scripts
Installing acc_drive script to /home/arrk-adas/Desktop/Rc-Car-Chimera/install/acc_drive/lib/acc_drive
writing list of installed files to '/home/arrk-adas/Desktop/Rc-Car-Chimera/build/acc_drive/install.log'
