[4.368s] Invoking command in '/home/arrk-adas/Desktop/Rc-Car-Chimera/Rc-Car/src/acc_drive': CONDA_PROMPT_MODIFIER=(base) PYTHONPATH=/home/arrk-adas/Desktop/Rc-Car-Chimera/build/acc_drive/prefix_override:/usr/lib/python3/dist-packages/colcon_core/task/python/colcon_distutils_commands:/home/arrk-adas/Desktop/Rc-Car-Chimera/install/acc_drive/lib/python3.10/site-packages:${PYTHONPATH} /usr/bin/python3 -W ignore:setup.py install is deprecated -W ignore:easy_install command is deprecated setup.py egg_info --egg-base ../../../build/acc_drive build --build-base /home/arrk-adas/Desktop/Rc-Car-Chimera/build/acc_drive/build install --record /home/arrk-adas/Desktop/Rc-Car-Chimera/build/acc_drive/install.log --single-version-externally-managed install_data
[5.960s] running egg_info
[5.960s] creating ../../../build/acc_drive/acc_drive.egg-info
[5.960s] writing ../../../build/acc_drive/acc_drive.egg-info/PKG-INFO
[5.961s] writing dependency_links to ../../../build/acc_drive/acc_drive.egg-info/dependency_links.txt
[5.973s] writing entry points to ../../../build/acc_drive/acc_drive.egg-info/entry_points.txt
[5.974s] writing requirements to ../../../build/acc_drive/acc_drive.egg-info/requires.txt
[5.974s] writing top-level names to ../../../build/acc_drive/acc_drive.egg-info/top_level.txt
[5.974s] writing manifest file '../../../build/acc_drive/acc_drive.egg-info/SOURCES.txt'
[5.981s] reading manifest file '../../../build/acc_drive/acc_drive.egg-info/SOURCES.txt'
[5.983s] writing manifest file '../../../build/acc_drive/acc_drive.egg-info/SOURCES.txt'
[5.983s] running build
[5.983s] running build_py
[5.983s] creating /home/arrk-adas/Desktop/Rc-Car-Chimera/build/acc_drive/build
[5.984s] creating /home/arrk-adas/Desktop/Rc-Car-Chimera/build/acc_drive/build/lib
[5.984s] creating /home/arrk-adas/Desktop/Rc-Car-Chimera/build/acc_drive/build/lib/acc_drive
[5.984s] copying acc_drive/acc_drive.py -> /home/arrk-adas/Desktop/Rc-Car-Chimera/build/acc_drive/build/lib/acc_drive
[5.984s] copying acc_drive/__init__.py -> /home/arrk-adas/Desktop/Rc-Car-Chimera/build/acc_drive/build/lib/acc_drive
[5.985s] running install
[5.986s] running install_lib
[5.987s] creating /home/arrk-adas/Desktop/Rc-Car-Chimera/install/acc_drive/lib/python3.10/site-packages/acc_drive
[5.988s] copying /home/arrk-adas/Desktop/Rc-Car-Chimera/build/acc_drive/build/lib/acc_drive/acc_drive.py -> /home/arrk-adas/Desktop/Rc-Car-Chimera/install/acc_drive/lib/python3.10/site-packages/acc_drive
[5.988s] copying /home/arrk-adas/Desktop/Rc-Car-Chimera/build/acc_drive/build/lib/acc_drive/__init__.py -> /home/arrk-adas/Desktop/Rc-Car-Chimera/install/acc_drive/lib/python3.10/site-packages/acc_drive
[5.991s] byte-compiling /home/arrk-adas/Desktop/Rc-Car-Chimera/install/acc_drive/lib/python3.10/site-packages/acc_drive/acc_drive.py to acc_drive.cpython-310.pyc
[5.993s] byte-compiling /home/arrk-adas/Desktop/Rc-Car-Chimera/install/acc_drive/lib/python3.10/site-packages/acc_drive/__init__.py to __init__.cpython-310.pyc
[5.994s] running install_data
[5.994s] creating /home/arrk-adas/Desktop/Rc-Car-Chimera/install/acc_drive/share/ament_index
[5.994s] creating /home/arrk-adas/Desktop/Rc-Car-Chimera/install/acc_drive/share/ament_index/resource_index
[5.994s] creating /home/arrk-adas/Desktop/Rc-Car-Chimera/install/acc_drive/share/ament_index/resource_index/packages
[5.994s] copying resource/acc_drive -> /home/arrk-adas/Desktop/Rc-Car-Chimera/install/acc_drive/share/ament_index/resource_index/packages
[6.009s] copying package.xml -> /home/arrk-adas/Desktop/Rc-Car-Chimera/install/acc_drive/share/acc_drive
[6.010s] running install_egg_info
[6.080s] Copying ../../../build/acc_drive/acc_drive.egg-info to /home/arrk-adas/Desktop/Rc-Car-Chimera/install/acc_drive/lib/python3.10/site-packages/acc_drive-0.0.0-py3.10.egg-info
[6.092s] running install_scripts
[6.317s] Installing acc_drive script to /home/arrk-adas/Desktop/Rc-Car-Chimera/install/acc_drive/lib/acc_drive
[6.318s] writing list of installed files to '/home/arrk-adas/Desktop/Rc-Car-Chimera/build/acc_drive/install.log'
[6.549s] Invoked command in '/home/arrk-adas/Desktop/Rc-Car-Chimera/Rc-Car/src/acc_drive' returned '0': CONDA_PROMPT_MODIFIER=(base) PYTHONPATH=/home/arrk-adas/Desktop/Rc-Car-Chimera/build/acc_drive/prefix_override:/usr/lib/python3/dist-packages/colcon_core/task/python/colcon_distutils_commands:/home/arrk-adas/Desktop/Rc-Car-Chimera/install/acc_drive/lib/python3.10/site-packages:${PYTHONPATH} /usr/bin/python3 -W ignore:setup.py install is deprecated -W ignore:easy_install command is deprecated setup.py egg_info --egg-base ../../../build/acc_drive build --build-base /home/arrk-adas/Desktop/Rc-Car-Chimera/build/acc_drive/build install --record /home/arrk-adas/Desktop/Rc-Car-Chimera/build/acc_drive/install.log --single-version-externally-managed install_data
