[23.817s] Invoking command in '/home/arrk-adas/Desktop/Rc-Car-Chimera/Rc-Car/src/object_detection': CONDA_PROMPT_MODIFIER=(base) PYTHONPATH=/home/arrk-adas/Desktop/Rc-Car-Chimera/build/object_detection/prefix_override:/usr/lib/python3/dist-packages/colcon_core/task/python/colcon_distutils_commands:/home/arrk-adas/Desktop/Rc-Car-Chimera/install/object_detection/lib/python3.10/site-packages:${PYTHONPATH} /usr/bin/python3 -W ignore:setup.py install is deprecated -W ignore:easy_install command is deprecated setup.py egg_info --egg-base ../../../build/object_detection build --build-base /home/arrk-adas/Desktop/Rc-Car-Chimera/build/object_detection/build install --record /home/arrk-adas/Desktop/Rc-Car-Chimera/build/object_detection/install.log --single-version-externally-managed install_data
[24.417s] running egg_info
[24.419s] writing ../../../build/object_detection/object_detection.egg-info/PKG-INFO
[24.419s] writing dependency_links to ../../../build/object_detection/object_detection.egg-info/dependency_links.txt
[24.420s] writing entry points to ../../../build/object_detection/object_detection.egg-info/entry_points.txt
[24.420s] writing requirements to ../../../build/object_detection/object_detection.egg-info/requires.txt
[24.420s] writing top-level names to ../../../build/object_detection/object_detection.egg-info/top_level.txt
[24.425s] reading manifest file '../../../build/object_detection/object_detection.egg-info/SOURCES.txt'
[24.427s] writing manifest file '../../../build/object_detection/object_detection.egg-info/SOURCES.txt'
[24.427s] running build
[24.428s] running build_py
[24.428s] running install
[24.429s] running install_lib
[24.434s] running install_data
[24.434s] running install_egg_info
[24.466s] removing '/home/arrk-adas/Desktop/Rc-Car-Chimera/install/object_detection/lib/python3.10/site-packages/object_detection-0.0.0-py3.10.egg-info' (and everything under it)
[24.466s] Copying ../../../build/object_detection/object_detection.egg-info to /home/arrk-adas/Desktop/Rc-Car-Chimera/install/object_detection/lib/python3.10/site-packages/object_detection-0.0.0-py3.10.egg-info
[24.468s] running install_scripts
[24.535s] Installing detection script to /home/arrk-adas/Desktop/Rc-Car-Chimera/install/object_detection/lib/object_detection
[24.536s] writing list of installed files to '/home/arrk-adas/Desktop/Rc-Car-Chimera/build/object_detection/install.log'
[24.641s] Invoked command in '/home/arrk-adas/Desktop/Rc-Car-Chimera/Rc-Car/src/object_detection' returned '0': CONDA_PROMPT_MODIFIER=(base) PYTHONPATH=/home/arrk-adas/Desktop/Rc-Car-Chimera/build/object_detection/prefix_override:/usr/lib/python3/dist-packages/colcon_core/task/python/colcon_distutils_commands:/home/arrk-adas/Desktop/Rc-Car-Chimera/install/object_detection/lib/python3.10/site-packages:${PYTHONPATH} /usr/bin/python3 -W ignore:setup.py install is deprecated -W ignore:easy_install command is deprecated setup.py egg_info --egg-base ../../../build/object_detection build --build-base /home/arrk-adas/Desktop/Rc-Car-Chimera/build/object_detection/build install --record /home/arrk-adas/Desktop/Rc-Car-Chimera/build/object_detection/install.log --single-version-externally-managed install_data
