[3.198s] Invoking command in '/media/arrk-adas/RC-Env/RC-car-project/Rc-Car-Chimera/Rc-Car/src/lateral_control': CONDA_PROMPT_MODIFIER=(/media/arrk-adas/RC-Env/rccar_lib) PYTHONPATH=/media/arrk-adas/RC-Env/RC-car-project/Rc-Car-Chimera/build/lateral_control/prefix_override:/usr/lib/python3/dist-packages/colcon_core/task/python/colcon_distutils_commands:/media/arrk-adas/RC-Env/RC-car-project/Rc-Car-Chimera/install/lateral_control/lib/python3.10/site-packages:${PYTHONPATH} /usr/bin/python3 -W ignore:setup.py install is deprecated -W ignore:easy_install command is deprecated setup.py egg_info --egg-base ../../../build/lateral_control build --build-base /media/arrk-adas/RC-Env/RC-car-project/Rc-Car-Chimera/build/lateral_control/build install --record /media/arrk-adas/RC-Env/RC-car-project/Rc-Car-Chimera/build/lateral_control/install.log --single-version-externally-managed install_data
[3.794s] running egg_info
[3.835s] writing ../../../build/lateral_control/lateral_control.egg-info/PKG-INFO
[3.836s] writing dependency_links to ../../../build/lateral_control/lateral_control.egg-info/dependency_links.txt
[3.836s] writing entry points to ../../../build/lateral_control/lateral_control.egg-info/entry_points.txt
[3.837s] writing requirements to ../../../build/lateral_control/lateral_control.egg-info/requires.txt
[3.837s] writing top-level names to ../../../build/lateral_control/lateral_control.egg-info/top_level.txt
[3.925s] reading manifest file '../../../build/lateral_control/lateral_control.egg-info/SOURCES.txt'
[3.928s] writing manifest file '../../../build/lateral_control/lateral_control.egg-info/SOURCES.txt'
[3.928s] running build
[3.929s] running build_py
[3.929s] copying lateral_control/lidar_detection.py -> /media/arrk-adas/RC-Env/RC-car-project/Rc-Car-Chimera/build/lateral_control/build/lib/lateral_control
[3.930s] copying lateral_control/lane_information.py -> /media/arrk-adas/RC-Env/RC-car-project/Rc-Car-Chimera/build/lateral_control/build/lib/lateral_control
[3.931s] copying lateral_control/xbox_controls.py -> /media/arrk-adas/RC-Env/RC-car-project/Rc-Car-Chimera/build/lateral_control/build/lib/lateral_control
[3.931s] copying lateral_control/visual.py -> /media/arrk-adas/RC-Env/RC-car-project/Rc-Car-Chimera/build/lateral_control/build/lib/lateral_control
[3.931s] copying lateral_control/traffic_sign_classifier.py -> /media/arrk-adas/RC-Env/RC-car-project/Rc-Car-Chimera/build/lateral_control/build/lib/lateral_control
[3.932s] copying lateral_control/__init__.py -> /media/arrk-adas/RC-Env/RC-car-project/Rc-Car-Chimera/build/lateral_control/build/lib/lateral_control
[3.932s] copying lateral_control/lane2.py -> /media/arrk-adas/RC-Env/RC-car-project/Rc-Car-Chimera/build/lateral_control/build/lib/lateral_control
[3.932s] copying lateral_control/steering_control.py -> /media/arrk-adas/RC-Env/RC-car-project/Rc-Car-Chimera/build/lateral_control/build/lib/lateral_control
[3.933s] copying lateral_control/in_lane_positioning.py -> /media/arrk-adas/RC-Env/RC-car-project/Rc-Car-Chimera/build/lateral_control/build/lib/lateral_control
[3.933s] copying lateral_control/ack_to_pca.py -> /media/arrk-adas/RC-Env/RC-car-project/Rc-Car-Chimera/build/lateral_control/build/lib/lateral_control
[3.934s] copying lateral_control/autonomous_video_version.py -> /media/arrk-adas/RC-Env/RC-car-project/Rc-Car-Chimera/build/lateral_control/build/lib/lateral_control
[3.935s] running install
[3.943s] running install_lib
[3.987s] running install_data
[3.988s] copying resource/lateral_control -> /media/arrk-adas/RC-Env/RC-car-project/Rc-Car-Chimera/install/lateral_control/share/ament_index/resource_index/packages
[3.988s] copying package.xml -> /media/arrk-adas/RC-Env/RC-car-project/Rc-Car-Chimera/install/lateral_control/share/lateral_control
[3.988s] copying launch/lateral_control.launch.py -> /media/arrk-adas/RC-Env/RC-car-project/Rc-Car-Chimera/install/lateral_control/share/lateral_control/launch
[3.989s] copying config/camera_config_HDwebCam.yaml -> /media/arrk-adas/RC-Env/RC-car-project/Rc-Car-Chimera/install/lateral_control/share/lateral_control/config
[3.989s] copying config/lane_detection.yaml -> /media/arrk-adas/RC-Env/RC-car-project/Rc-Car-Chimera/install/lateral_control/share/lateral_control/config
[3.990s] copying config/steering_control.yaml -> /media/arrk-adas/RC-Env/RC-car-project/Rc-Car-Chimera/install/lateral_control/share/lateral_control/config
[3.990s] copying config/camera_config_ZED_376p.yaml -> /media/arrk-adas/RC-Env/RC-car-project/Rc-Car-Chimera/install/lateral_control/share/lateral_control/config
[3.990s] copying config/camera_config_ZED_720p.yaml -> /media/arrk-adas/RC-Env/RC-car-project/Rc-Car-Chimera/install/lateral_control/share/lateral_control/config
[3.990s] copying config/camera_config_Logi.yaml -> /media/arrk-adas/RC-Env/RC-car-project/Rc-Car-Chimera/install/lateral_control/share/lateral_control/config
[3.991s] copying config/camera_config_ZED_1242p.yaml -> /media/arrk-adas/RC-Env/RC-car-project/Rc-Car-Chimera/install/lateral_control/share/lateral_control/config
[3.991s] copying config/camera_config_ZED_1080p.yaml -> /media/arrk-adas/RC-Env/RC-car-project/Rc-Car-Chimera/install/lateral_control/share/lateral_control/config
[3.991s] running install_egg_info
[4.037s] removing '/media/arrk-adas/RC-Env/RC-car-project/Rc-Car-Chimera/install/lateral_control/lib/python3.10/site-packages/lateral_control-0.0.0-py3.10.egg-info' (and everything under it)
[4.037s] Copying ../../../build/lateral_control/lateral_control.egg-info to /media/arrk-adas/RC-Env/RC-car-project/Rc-Car-Chimera/install/lateral_control/lib/python3.10/site-packages/lateral_control-0.0.0-py3.10.egg-info
[4.039s] running install_scripts
[4.131s] Installing ack_to_pca script to /media/arrk-adas/RC-Env/RC-car-project/Rc-Car-Chimera/install/lateral_control/lib/lateral_control
[4.131s] Installing autonomous_video_version script to /media/arrk-adas/RC-Env/RC-car-project/Rc-Car-Chimera/install/lateral_control/lib/lateral_control
[4.131s] Installing in_lane_positioning script to /media/arrk-adas/RC-Env/RC-car-project/Rc-Car-Chimera/install/lateral_control/lib/lateral_control
[4.132s] Installing lane2 script to /media/arrk-adas/RC-Env/RC-car-project/Rc-Car-Chimera/install/lateral_control/lib/lateral_control
[4.132s] Installing lane_information script to /media/arrk-adas/RC-Env/RC-car-project/Rc-Car-Chimera/install/lateral_control/lib/lateral_control
[4.132s] Installing lidar_detection script to /media/arrk-adas/RC-Env/RC-car-project/Rc-Car-Chimera/install/lateral_control/lib/lateral_control
[4.133s] Installing steering_control script to /media/arrk-adas/RC-Env/RC-car-project/Rc-Car-Chimera/install/lateral_control/lib/lateral_control
[4.133s] Installing traffic_sign_classifier script to /media/arrk-adas/RC-Env/RC-car-project/Rc-Car-Chimera/install/lateral_control/lib/lateral_control
[4.133s] Installing visual script to /media/arrk-adas/RC-Env/RC-car-project/Rc-Car-Chimera/install/lateral_control/lib/lateral_control
[4.135s] writing list of installed files to '/media/arrk-adas/RC-Env/RC-car-project/Rc-Car-Chimera/build/lateral_control/install.log'
[4.240s] Invoked command in '/media/arrk-adas/RC-Env/RC-car-project/Rc-Car-Chimera/Rc-Car/src/lateral_control' returned '0': CONDA_PROMPT_MODIFIER=(/media/arrk-adas/RC-Env/rccar_lib) PYTHONPATH=/media/arrk-adas/RC-Env/RC-car-project/Rc-Car-Chimera/build/lateral_control/prefix_override:/usr/lib/python3/dist-packages/colcon_core/task/python/colcon_distutils_commands:/media/arrk-adas/RC-Env/RC-car-project/Rc-Car-Chimera/install/lateral_control/lib/python3.10/site-packages:${PYTHONPATH} /usr/bin/python3 -W ignore:setup.py install is deprecated -W ignore:easy_install command is deprecated setup.py egg_info --egg-base ../../../build/lateral_control build --build-base /media/arrk-adas/RC-Env/RC-car-project/Rc-Car-Chimera/build/lateral_control/build install --record /media/arrk-adas/RC-Env/RC-car-project/Rc-Car-Chimera/build/lateral_control/install.log --single-version-externally-managed install_data
