/home/arrk-adas/Desktop/Rc-Car-Chimera/install/lateral_control/lib/python3.10/site-packages/lateral_control/lidar_detection.py
/home/arrk-adas/Desktop/Rc-Car-Chimera/install/lateral_control/lib/python3.10/site-packages/lateral_control/in_lane_positioning.py
/home/arrk-adas/Desktop/Rc-Car-Chimera/install/lateral_control/lib/python3.10/site-packages/lateral_control/__init__.py
/home/arrk-adas/Desktop/Rc-Car-Chimera/install/lateral_control/lib/python3.10/site-packages/lateral_control/traffic_sign_classifier.py
/home/arrk-adas/Desktop/Rc-Car-Chimera/install/lateral_control/lib/python3.10/site-packages/lateral_control/ack_to_pca.py
/home/arrk-adas/Desktop/Rc-Car-Chimera/install/lateral_control/lib/python3.10/site-packages/lateral_control/visual.py
/home/arrk-adas/Desktop/Rc-Car-Chimera/install/lateral_control/lib/python3.10/site-packages/lateral_control/autonomous_video_version.py
/home/arrk-adas/Desktop/Rc-Car-Chimera/install/lateral_control/lib/python3.10/site-packages/lateral_control/lane_information.py
/home/arrk-adas/Desktop/Rc-Car-Chimera/install/lateral_control/lib/python3.10/site-packages/lateral_control/steering_control.py
/home/arrk-adas/Desktop/Rc-Car-Chimera/install/lateral_control/lib/python3.10/site-packages/lateral_control/xbox_controls.py
/home/arrk-adas/Desktop/Rc-Car-Chimera/install/lateral_control/lib/python3.10/site-packages/lateral_control/lane2.py
/home/arrk-adas/Desktop/Rc-Car-Chimera/install/lateral_control/lib/python3.10/site-packages/lateral_control/__pycache__/lidar_detection.cpython-310.pyc
/home/arrk-adas/Desktop/Rc-Car-Chimera/install/lateral_control/lib/python3.10/site-packages/lateral_control/__pycache__/in_lane_positioning.cpython-310.pyc
/home/arrk-adas/Desktop/Rc-Car-Chimera/install/lateral_control/lib/python3.10/site-packages/lateral_control/__pycache__/__init__.cpython-310.pyc
/home/arrk-adas/Desktop/Rc-Car-Chimera/install/lateral_control/lib/python3.10/site-packages/lateral_control/__pycache__/traffic_sign_classifier.cpython-310.pyc
/home/arrk-adas/Desktop/Rc-Car-Chimera/install/lateral_control/lib/python3.10/site-packages/lateral_control/__pycache__/ack_to_pca.cpython-310.pyc
/home/arrk-adas/Desktop/Rc-Car-Chimera/install/lateral_control/lib/python3.10/site-packages/lateral_control/__pycache__/visual.cpython-310.pyc
/home/arrk-adas/Desktop/Rc-Car-Chimera/install/lateral_control/lib/python3.10/site-packages/lateral_control/__pycache__/autonomous_video_version.cpython-310.pyc
/home/arrk-adas/Desktop/Rc-Car-Chimera/install/lateral_control/lib/python3.10/site-packages/lateral_control/__pycache__/lane_information.cpython-310.pyc
/home/arrk-adas/Desktop/Rc-Car-Chimera/install/lateral_control/lib/python3.10/site-packages/lateral_control/__pycache__/steering_control.cpython-310.pyc
/home/arrk-adas/Desktop/Rc-Car-Chimera/install/lateral_control/lib/python3.10/site-packages/lateral_control/__pycache__/xbox_controls.cpython-310.pyc
/home/arrk-adas/Desktop/Rc-Car-Chimera/install/lateral_control/lib/python3.10/site-packages/lateral_control/__pycache__/lane2.cpython-310.pyc
/home/arrk-adas/Desktop/Rc-Car-Chimera/install/lateral_control/share/ament_index/resource_index/packages/lateral_control
/home/arrk-adas/Desktop/Rc-Car-Chimera/install/lateral_control/share/lateral_control/package.xml
/home/arrk-adas/Desktop/Rc-Car-Chimera/install/lateral_control/share/lateral_control/launch/lateral_control.launch.py
/home/arrk-adas/Desktop/Rc-Car-Chimera/install/lateral_control/share/lateral_control/config/lane_detection.yaml
/home/arrk-adas/Desktop/Rc-Car-Chimera/install/lateral_control/share/lateral_control/config/camera_config_ZED_1080p.yaml
/home/arrk-adas/Desktop/Rc-Car-Chimera/install/lateral_control/share/lateral_control/config/camera_config_HDwebCam.yaml
/home/arrk-adas/Desktop/Rc-Car-Chimera/install/lateral_control/share/lateral_control/config/steering_control.yaml
/home/arrk-adas/Desktop/Rc-Car-Chimera/install/lateral_control/share/lateral_control/config/camera_config_Logi.yaml
/home/arrk-adas/Desktop/Rc-Car-Chimera/install/lateral_control/share/lateral_control/config/camera_config_ZED_376p.yaml
/home/arrk-adas/Desktop/Rc-Car-Chimera/install/lateral_control/share/lateral_control/config/camera_config_ZED_720p.yaml
/home/arrk-adas/Desktop/Rc-Car-Chimera/install/lateral_control/share/lateral_control/config/camera_config_ZED_1242p.yaml
/home/arrk-adas/Desktop/Rc-Car-Chimera/install/lateral_control/lib/python3.10/site-packages/lateral_control-0.0.0-py3.10.egg-info/requires.txt
/home/arrk-adas/Desktop/Rc-Car-Chimera/install/lateral_control/lib/python3.10/site-packages/lateral_control-0.0.0-py3.10.egg-info/entry_points.txt
/home/arrk-adas/Desktop/Rc-Car-Chimera/install/lateral_control/lib/python3.10/site-packages/lateral_control-0.0.0-py3.10.egg-info/PKG-INFO
/home/arrk-adas/Desktop/Rc-Car-Chimera/install/lateral_control/lib/python3.10/site-packages/lateral_control-0.0.0-py3.10.egg-info/SOURCES.txt
/home/arrk-adas/Desktop/Rc-Car-Chimera/install/lateral_control/lib/python3.10/site-packages/lateral_control-0.0.0-py3.10.egg-info/top_level.txt
/home/arrk-adas/Desktop/Rc-Car-Chimera/install/lateral_control/lib/python3.10/site-packages/lateral_control-0.0.0-py3.10.egg-info/zip-safe
/home/arrk-adas/Desktop/Rc-Car-Chimera/install/lateral_control/lib/python3.10/site-packages/lateral_control-0.0.0-py3.10.egg-info/dependency_links.txt
/home/arrk-adas/Desktop/Rc-Car-Chimera/install/lateral_control/lib/lateral_control/ack_to_pca
/home/arrk-adas/Desktop/Rc-Car-Chimera/install/lateral_control/lib/lateral_control/autonomous_video_version
/home/arrk-adas/Desktop/Rc-Car-Chimera/install/lateral_control/lib/lateral_control/in_lane_positioning
/home/arrk-adas/Desktop/Rc-Car-Chimera/install/lateral_control/lib/lateral_control/lane2
/home/arrk-adas/Desktop/Rc-Car-Chimera/install/lateral_control/lib/lateral_control/lane_information
/home/arrk-adas/Desktop/Rc-Car-Chimera/install/lateral_control/lib/lateral_control/lidar_detection
/home/arrk-adas/Desktop/Rc-Car-Chimera/install/lateral_control/lib/lateral_control/steering_control
/home/arrk-adas/Desktop/Rc-Car-Chimera/install/lateral_control/lib/lateral_control/visual
