[2025-08-01 15:14:15] absolute axis event at 1754050455.454947, ABS_GAS
[2025-08-01 15:14:17] absolute axis event at 1754050457.434113, ABS_GAS
[2025-08-01 15:14:17] absolute axis event at 1754050457.464253, ABS_GAS
[2025-08-05 15:27:39] absolute axis event at 1754396859.899948, ABS_GAS 
[2025-08-05 15:27:39] absolute axis event at 1754396859.929804, ABS_GAS 
[2025-08-05 15:27:42] absolute axis event at 1754396862.059066, ABS_GAS 
[2025-08-05 15:27:42] absolute axis event at 1754396862.089091, ABS_GAS 
[2025-08-05 15:27:43] absolute axis event at 1754396863.889186, ABS_GAS 
[2025-08-05 15:27:43] absolute axis event at 1754396863.919331, ABS_GAS 
[2025-08-05 15:27:44] absolute axis event at 1754396864.353647, ABS_GAS 
[2025-08-05 15:27:44] absolute axis event at 1754396864.383814, ABS_GAS 
[2025-08-05 15:27:44] absolute axis event at 1754396864.818222, ABS_GAS 
[2025-08-05 15:27:45] absolute axis event at 1754396865.193160, ABS_GAS 
[2025-08-05 15:27:45] absolute axis event at 1754396865.223515, ABS_GAS 
[2025-08-05 15:27:45] absolute axis event at 1754396865.733136, ABS_GAS 
[2025-08-05 15:27:46] absolute axis event at 1754396866.063019, ABS_GAS 
[2025-08-05 15:27:46] absolute axis event at 1754396866.093353, ABS_GAS 
[2025-08-05 15:27:47] absolute axis event at 1754396867.263323, ABS_Z 
[2025-08-05 15:27:47] absolute axis event at 1754396867.293181, ABS_Z 
[2025-08-05 15:27:47] absolute axis event at 1754396867.322998, ABS_Z 
[2025-08-05 15:27:47] absolute axis event at 1754396867.353001, ABS_Z 
[2025-08-05 15:27:47] absolute axis event at 1754396867.382888, ABS_Z 
[2025-08-05 15:27:47] absolute axis event at 1754396867.413253, ABS_Z 
[2025-08-05 15:27:47] absolute axis event at 1754396867.413253, ABS_RZ 
[2025-08-05 15:27:47] absolute axis event at 1754396867.443153, ABS_Z 
[2025-08-05 15:27:47] absolute axis event at 1754396867.443153, ABS_RZ 
[2025-08-05 15:27:47] absolute axis event at 1754396867.473077, ABS_RZ 
[2025-08-05 15:27:47] absolute axis event at 1754396867.503040, ABS_RZ 
[2025-08-05 15:27:47] absolute axis event at 1754396867.533190, ABS_RZ 
[2025-08-05 15:27:47] absolute axis event at 1754396867.562926, ABS_RZ 
[2025-08-05 15:27:47] absolute axis event at 1754396867.593066, ABS_RZ 
[2025-08-05 15:27:47] absolute axis event at 1754396867.623365, ABS_RZ 
[2025-08-05 15:27:47] absolute axis event at 1754396867.652884, ABS_RZ 
[2025-08-05 15:27:47] absolute axis event at 1754396867.682987, ABS_RZ 
[2025-08-05 15:27:47] absolute axis event at 1754396867.713428, ABS_RZ 
[2025-08-05 15:27:47] absolute axis event at 1754396867.742978, ABS_Z 
[2025-08-05 15:27:47] absolute axis event at 1754396867.742978, ABS_RZ 
[2025-08-05 15:27:47] absolute axis event at 1754396867.772915, ABS_Z 
[2025-08-05 15:27:47] absolute axis event at 1754396867.772915, ABS_RZ 
[2025-08-05 15:27:47] absolute axis event at 1754396867.802914, ABS_Z 
[2025-08-05 15:27:47] absolute axis event at 1754396867.802914, ABS_RZ 
[2025-08-05 15:27:47] absolute axis event at 1754396867.832917, ABS_Z 
[2025-08-05 15:27:47] absolute axis event at 1754396867.832917, ABS_RZ 
[2025-08-05 15:27:47] absolute axis event at 1754396867.863070, ABS_Z 
[2025-08-05 15:27:47] absolute axis event at 1754396867.863070, ABS_RZ 
[2025-08-05 15:27:47] absolute axis event at 1754396867.893087, ABS_Z 
[2025-08-05 15:27:47] absolute axis event at 1754396867.893087, ABS_RZ 
[2025-08-05 15:27:47] absolute axis event at 1754396867.922970, ABS_Z 
[2025-08-05 15:27:47] absolute axis event at 1754396867.922970, ABS_RZ 
[2025-08-05 15:27:47] absolute axis event at 1754396867.953023, ABS_Z 
[2025-08-05 15:27:47] absolute axis event at 1754396867.953023, ABS_RZ 
[2025-08-05 15:27:47] absolute axis event at 1754396867.982834, ABS_Z 
[2025-08-05 15:27:47] absolute axis event at 1754396867.982834, ABS_RZ 
[2025-08-05 15:27:48] absolute axis event at 1754396868.012965, ABS_Z 
[2025-08-05 15:27:48] absolute axis event at 1754396868.043007, ABS_Z 
[2025-08-05 15:27:48] absolute axis event at 1754396868.073023, ABS_RZ 
[2025-08-05 15:27:48] absolute axis event at 1754396868.087847, ABS_RZ 
[2025-08-05 15:27:48] absolute axis event at 1754396868.133081, ABS_Z 
[2025-08-05 15:27:48] absolute axis event at 1754396868.222869, ABS_Z 
[2025-08-05 15:27:48] absolute axis event at 1754396868.253139, ABS_Z 
[2025-08-05 15:27:48] absolute axis event at 1754396868.267850, ABS_Z 
[2025-08-05 15:27:48] absolute axis event at 1754396868.297873, ABS_Z 
[2025-08-05 15:27:48] absolute axis event at 1754396868.342846, ABS_Z 
[2025-08-05 15:27:48] absolute axis event at 1754396868.387934, ABS_Z 
[2025-08-05 15:27:49] absolute axis event at 1754396869.737898, ABS_Z 
[2025-08-05 15:27:49] absolute axis event at 1754396869.767716, ABS_Z 
[2025-08-05 15:27:49] absolute axis event at 1754396869.797567, ABS_Z 
[2025-08-05 15:27:49] absolute axis event at 1754396869.827562, ABS_Z 
[2025-08-05 15:27:49] absolute axis event at 1754396869.857523, ABS_Z 
[2025-08-05 15:27:49] absolute axis event at 1754396869.887489, ABS_Z 
[2025-08-05 15:27:49] absolute axis event at 1754396869.887489, ABS_RZ 
[2025-08-05 15:27:49] absolute axis event at 1754396869.917768, ABS_Z 
[2025-08-05 15:27:49] absolute axis event at 1754396869.917768, ABS_RZ 
[2025-08-05 15:27:49] absolute axis event at 1754396869.947680, ABS_Z 
[2025-08-05 15:27:49] absolute axis event at 1754396869.947680, ABS_RZ 
[2025-08-05 15:27:49] absolute axis event at 1754396869.977826, ABS_Z 
[2025-08-05 15:27:49] absolute axis event at 1754396869.977826, ABS_RZ 
[2025-08-05 15:27:50] absolute axis event at 1754396870.007505, ABS_Z 
[2025-08-05 15:27:50] absolute axis event at 1754396870.037638, ABS_Z 
[2025-08-05 15:27:50] absolute axis event at 1754396870.067699, ABS_Z 
[2025-08-05 15:27:50] absolute axis event at 1754396870.067699, ABS_RZ 
[2025-08-05 15:27:50] absolute axis event at 1754396870.097553, ABS_Z 
[2025-08-05 15:27:50] absolute axis event at 1754396870.097553, ABS_RZ 
[2025-08-05 15:27:50] absolute axis event at 1754396870.127697, ABS_Z 
[2025-08-05 15:27:50] absolute axis event at 1754396870.127697, ABS_RZ 
[2025-08-05 15:27:50] absolute axis event at 1754396870.157657, ABS_Z 
[2025-08-05 15:27:50] absolute axis event at 1754396870.187760, ABS_Z 
[2025-08-05 15:27:50] absolute axis event at 1754396870.217807, ABS_Z 
[2025-08-05 15:27:50] absolute axis event at 1754396870.217807, ABS_RZ 
[2025-08-05 15:27:50] absolute axis event at 1754396870.307650, ABS_Z 
[2025-08-05 15:27:50] absolute axis event at 1754396870.547768, ABS_Z 
[2025-08-05 15:27:50] absolute axis event at 1754396870.577657, ABS_Z 
[2025-08-05 15:27:50] absolute axis event at 1754396870.607554, ABS_Z 
[2025-08-05 15:27:50] absolute axis event at 1754396870.607554, ABS_RZ 
[2025-08-05 15:27:50] absolute axis event at 1754396870.637773, ABS_Z 
[2025-08-05 15:27:50] absolute axis event at 1754396870.637773, ABS_RZ 
[2025-08-05 15:27:50] absolute axis event at 1754396870.667516, ABS_RZ 
[2025-08-05 15:27:50] absolute axis event at 1754396870.697554, ABS_RZ 
[2025-08-05 15:27:50] absolute axis event at 1754396870.727690, ABS_RZ 
[2025-08-05 15:27:50] absolute axis event at 1754396870.757535, ABS_Z 
[2025-08-05 15:27:50] absolute axis event at 1754396870.757535, ABS_RZ 
[2025-08-05 15:27:50] absolute axis event at 1754396870.787537, ABS_Z 
[2025-08-05 15:27:50] absolute axis event at 1754396870.787537, ABS_RZ 
[2025-08-05 15:27:50] absolute axis event at 1754396870.817484, ABS_Z 
[2025-08-05 15:27:50] absolute axis event at 1754396870.817484, ABS_RZ 
[2025-08-05 15:27:50] absolute axis event at 1754396870.847635, ABS_Z 
[2025-08-05 15:27:50] absolute axis event at 1754396870.847635, ABS_RZ 
[2025-08-05 15:27:50] absolute axis event at 1754396870.877430, ABS_Z 
[2025-08-05 15:27:50] absolute axis event at 1754396870.877430, ABS_RZ 
[2025-08-05 15:27:50] absolute axis event at 1754396870.907705, ABS_Z 
[2025-08-05 15:27:50] absolute axis event at 1754396870.937605, ABS_Z 
[2025-08-05 15:27:50] absolute axis event at 1754396870.937605, ABS_RZ 
[2025-08-05 15:27:50] absolute axis event at 1754396870.967409, ABS_Z 
[2025-08-05 15:27:50] absolute axis event at 1754396870.967409, ABS_RZ 
[2025-08-05 15:27:50] absolute axis event at 1754396870.997565, ABS_RZ 
[2025-08-05 15:27:51] absolute axis event at 1754396871.027604, ABS_RZ 
[2025-08-05 15:27:51] absolute axis event at 1754396871.057536, ABS_RZ 
[2025-08-05 15:27:51] absolute axis event at 1754396871.087361, ABS_Z 
[2025-08-05 15:27:51] absolute axis event at 1754396871.087361, ABS_RZ 
[2025-08-05 15:27:51] absolute axis event at 1754396871.117484, ABS_Z 
[2025-08-05 15:27:51] absolute axis event at 1754396871.117484, ABS_RZ 
[2025-08-05 15:27:51] absolute axis event at 1754396871.147549, ABS_Z 
[2025-08-05 15:27:51] absolute axis event at 1754396871.147549, ABS_RZ 
[2025-08-05 15:27:51] absolute axis event at 1754396871.177540, ABS_Z 
[2025-08-05 15:27:51] absolute axis event at 1754396871.177540, ABS_RZ 
[2025-08-05 15:27:51] absolute axis event at 1754396871.207569, ABS_Z 
[2025-08-05 15:27:51] absolute axis event at 1754396871.207569, ABS_RZ 
[2025-08-05 15:27:51] absolute axis event at 1754396871.237469, ABS_Z 
[2025-08-05 15:27:51] absolute axis event at 1754396871.237469, ABS_RZ 
[2025-08-05 15:27:51] absolute axis event at 1754396871.267616, ABS_Z 
[2025-08-05 15:27:51] absolute axis event at 1754396871.267616, ABS_RZ 
[2025-08-05 15:27:51] absolute axis event at 1754396871.297407, ABS_Z 
[2025-08-05 15:27:51] absolute axis event at 1754396871.297407, ABS_RZ 
[2025-08-05 15:27:51] absolute axis event at 1754396871.327456, ABS_Z 
[2025-08-05 15:27:51] absolute axis event at 1754396871.357428, ABS_Z 
[2025-08-05 15:27:51] absolute axis event at 1754396871.357428, ABS_RZ 
[2025-08-05 15:27:51] absolute axis event at 1754396871.387327, ABS_Z 
[2025-08-05 15:27:51] absolute axis event at 1754396871.387327, ABS_RZ 
[2025-08-05 15:27:51] absolute axis event at 1754396871.417416, ABS_Z 
[2025-08-05 15:27:51] absolute axis event at 1754396871.417416, ABS_RZ 
[2025-08-05 15:27:51] absolute axis event at 1754396871.447458, ABS_Z 
[2025-08-05 15:27:51] absolute axis event at 1754396871.447458, ABS_RZ 
[2025-08-05 15:27:51] absolute axis event at 1754396871.477321, ABS_RZ 
[2025-08-05 15:27:51] absolute axis event at 1754396871.507435, ABS_RZ 
[2025-08-05 15:27:51] absolute axis event at 1754396871.537447, ABS_RZ 
[2025-08-05 15:27:51] absolute axis event at 1754396871.567272, ABS_Z 
[2025-08-05 15:27:51] absolute axis event at 1754396871.567272, ABS_RZ 
[2025-08-05 15:27:51] absolute axis event at 1754396871.597386, ABS_Z 
[2025-08-05 15:27:51] absolute axis event at 1754396871.597386, ABS_RZ 
[2025-08-05 15:27:51] absolute axis event at 1754396871.627287, ABS_Z 
[2025-08-05 15:27:51] absolute axis event at 1754396871.627287, ABS_RZ 
[2025-08-05 15:27:51] absolute axis event at 1754396871.657393, ABS_Z 
[2025-08-05 15:27:51] absolute axis event at 1754396871.657393, ABS_RZ 
[2025-08-05 15:27:51] absolute axis event at 1754396871.687379, ABS_RZ 
[2025-08-05 15:27:51] absolute axis event at 1754396871.717250, ABS_RZ 
[2025-08-05 15:27:51] absolute axis event at 1754396871.747495, ABS_RZ 
[2025-08-05 15:27:51] absolute axis event at 1754396871.777261, ABS_Z 
[2025-08-05 15:27:51] absolute axis event at 1754396871.777261, ABS_RZ 
[2025-08-05 15:27:51] absolute axis event at 1754396871.807347, ABS_Z 
[2025-08-05 15:27:51] absolute axis event at 1754396871.807347, ABS_RZ 
[2025-08-05 15:27:51] absolute axis event at 1754396871.837247, ABS_Z 
[2025-08-05 15:27:51] absolute axis event at 1754396871.837247, ABS_RZ 
[2025-08-05 15:27:51] absolute axis event at 1754396871.867360, ABS_Z 
[2025-08-05 15:27:51] absolute axis event at 1754396871.867360, ABS_RZ 
[2025-08-05 15:27:51] absolute axis event at 1754396871.897374, ABS_Z 
[2025-08-05 15:27:51] absolute axis event at 1754396871.897374, ABS_RZ 
[2025-08-05 15:27:51] absolute axis event at 1754396871.927317, ABS_Z 
[2025-08-05 15:27:51] absolute axis event at 1754396871.927317, ABS_RZ 
[2025-08-05 15:27:51] absolute axis event at 1754396871.957343, ABS_Z 
[2025-08-05 15:27:51] absolute axis event at 1754396871.957343, ABS_RZ 
[2025-08-05 15:27:51] absolute axis event at 1754396871.987341, ABS_Z 
[2025-08-05 15:27:51] absolute axis event at 1754396871.987341, ABS_RZ 
[2025-08-05 15:27:52] absolute axis event at 1754396872.017350, ABS_Z 
[2025-08-05 15:27:52] absolute axis event at 1754396872.017350, ABS_RZ 
[2025-08-05 15:27:52] absolute axis event at 1754396872.047342, ABS_RZ 
[2025-08-05 15:27:52] absolute axis event at 1754396872.077332, ABS_Z 
[2025-08-05 15:27:52] absolute axis event at 1754396872.077332, ABS_RZ 
[2025-08-05 15:27:52] absolute axis event at 1754396872.092345, ABS_HAT0X 
[2025-08-05 15:27:52] absolute axis event at 1754396872.182281, ABS_RZ 
[2025-08-05 15:27:52] absolute axis event at 1754396872.257569, ABS_HAT0X 
[2025-08-05 15:27:52] absolute axis event at 1754396872.692041, ABS_HAT0X 
[2025-08-05 15:27:52] absolute axis event at 1754396872.887086, ABS_HAT0X 
[2025-08-05 15:27:53] absolute axis event at 1754396873.202340, ABS_HAT0Y 
[2025-08-05 15:27:53] absolute axis event at 1754396873.336967, ABS_HAT0Y 
[2025-08-05 15:27:53] absolute axis event at 1754396873.712212, ABS_HAT0Y 
[2025-08-05 15:27:53] absolute axis event at 1754396873.891859, ABS_HAT0Y 
[2025-08-05 15:27:54] absolute axis event at 1754396874.206752, ABS_HAT0X 
[2025-08-05 15:27:54] absolute axis event at 1754396874.356980, ABS_HAT0X 
[2025-08-05 15:27:54] absolute axis event at 1754396874.596891, ABS_Y 
[2025-08-05 15:27:54] absolute axis event at 1754396874.627189, ABS_Y 
[2025-08-05 15:27:54] absolute axis event at 1754396874.656888, ABS_Y 
[2025-08-05 15:27:54] absolute axis event at 1754396874.716913, ABS_X 
[2025-08-05 15:27:54] absolute axis event at 1754396874.746775, ABS_X 
[2025-08-05 15:27:54] absolute axis event at 1754396874.746775, ABS_Y 
[2025-08-05 15:27:54] absolute axis event at 1754396874.777047, ABS_X 
[2025-08-05 15:27:54] absolute axis event at 1754396874.777047, ABS_Y 
[2025-08-05 15:27:54] absolute axis event at 1754396874.806993, ABS_X 
[2025-08-05 15:27:54] absolute axis event at 1754396874.806993, ABS_Y 
[2025-08-05 15:27:54] absolute axis event at 1754396874.836881, ABS_X 
[2025-08-05 15:27:54] absolute axis event at 1754396874.836881, ABS_Y 
[2025-08-05 15:27:54] absolute axis event at 1754396874.866951, ABS_Y 
[2025-08-05 15:27:54] absolute axis event at 1754396874.911785, ABS_X 
[2025-08-05 15:27:55] absolute axis event at 1754396875.091715, ABS_Y 
[2025-08-05 15:27:56] key event at 1754396876.726803, 307 (['BTN_NORTH', 'BTN_X']), down
[2025-08-05 15:27:56] key event at 1754396876.951442, 307 (['BTN_NORTH', 'BTN_X']), up
[2025-08-05 15:27:58] key event at 1754396878.106549, 304 (['BTN_A', 'BTN_GAMEPAD', 'BTN_SOUTH']), down
[2025-08-05 15:27:58] key event at 1754396878.286206, 304 (['BTN_A', 'BTN_GAMEPAD', 'BTN_SOUTH']), up
[2025-08-05 15:27:58] key event at 1754396878.751518, 305 (['BTN_B', 'BTN_EAST']), down
[2025-08-05 15:27:58] key event at 1754396878.931422, 305 (['BTN_B', 'BTN_EAST']), up
[2025-08-05 15:27:59] key event at 1754396879.185970, 308 (['BTN_WEST', 'BTN_Y']), down
[2025-08-05 15:27:59] absolute axis event at 1754396879.366247, ABS_Y 
[2025-08-05 15:27:59] key event at 1754396879.381207, 308 (['BTN_WEST', 'BTN_Y']), up
[2025-08-05 15:27:59] absolute axis event at 1754396879.486029, ABS_Y 
[2025-08-05 15:27:59] key event at 1754396879.681022, 304 (['BTN_A', 'BTN_GAMEPAD', 'BTN_SOUTH']), down
[2025-08-05 15:27:59] key event at 1754396879.876345, 304 (['BTN_A', 'BTN_GAMEPAD', 'BTN_SOUTH']), up
[2025-08-05 15:28:00] key event at 1754396880.055899, 307 (['BTN_NORTH', 'BTN_X']), down
[2025-08-05 15:28:00] key event at 1754396880.205900, 307 (['BTN_NORTH', 'BTN_X']), up
[2025-08-05 15:28:00] key event at 1754396880.385924, 307 (['BTN_NORTH', 'BTN_X']), down
[2025-08-05 15:28:00] key event at 1754396880.535872, 307 (['BTN_NORTH', 'BTN_X']), up
[2025-08-05 15:34:19] absolute axis event at 1754397259.025811, ABS_Z 
[2025-08-05 15:34:19] absolute axis event at 1754397259.055476, ABS_Z 
[2025-08-05 15:34:19] absolute axis event at 1754397259.085414, ABS_Z 
[2025-08-05 15:34:19] absolute axis event at 1754397259.130144, ABS_RZ 
[2025-08-05 15:34:19] absolute axis event at 1754397259.175231, ABS_RZ 
[2025-08-05 15:34:20] absolute axis event at 1754397260.300309, ABS_RZ 
[2025-08-05 15:34:20] absolute axis event at 1754397260.345430, ABS_RZ 
[2025-08-05 15:34:20] absolute axis event at 1754397260.750447, ABS_Z 
[2025-08-05 15:34:20] absolute axis event at 1754397260.780712, ABS_Z 
[2025-08-05 15:34:21] absolute axis event at 1754397261.410646, ABS_Z 
[2025-08-05 15:34:21] absolute axis event at 1754397261.440726, ABS_Z 
[2025-08-05 15:34:21] absolute axis event at 1754397261.470680, ABS_Z 
[2025-08-05 15:34:21] absolute axis event at 1754397261.500848, ABS_Z 
[2025-08-05 15:34:21] absolute axis event at 1754397261.530776, ABS_Z 
[2025-08-05 15:34:21] absolute axis event at 1754397261.545944, ABS_Z 
[2025-08-05 15:34:21] absolute axis event at 1754397261.575865, ABS_Z 
[2025-08-05 15:34:21] absolute axis event at 1754397261.650641, ABS_Z 
[2025-08-05 15:34:22] absolute axis event at 1754397262.401218, ABS_Z 
[2025-08-05 15:34:22] absolute axis event at 1754397262.895963, ABS_GAS 
[2025-08-05 15:34:22] absolute axis event at 1754397262.926005, ABS_GAS 
[2025-08-05 15:34:22] absolute axis event at 1754397262.955935, ABS_GAS 
[2025-08-05 15:34:22] absolute axis event at 1754397262.986110, ABS_GAS 
[2025-08-05 15:34:23] absolute axis event at 1754397263.016032, ABS_GAS 
[2025-08-05 15:34:23] absolute axis event at 1754397263.045970, ABS_GAS 
[2025-08-05 15:34:23] absolute axis event at 1754397263.076044, ABS_GAS 
[2025-08-05 15:34:23] absolute axis event at 1754397263.106202, ABS_GAS 
[2025-08-05 15:34:23] absolute axis event at 1754397263.136053, ABS_GAS 
[2025-08-05 15:34:23] absolute axis event at 1754397263.166070, ABS_GAS 
[2025-08-05 15:34:23] absolute axis event at 1754397263.181174, ABS_GAS 
[2025-08-05 15:34:23] absolute axis event at 1754397263.225927, ABS_GAS 
[2025-08-05 15:34:23] absolute axis event at 1754397263.256061, ABS_GAS 
[2025-08-05 15:34:23] absolute axis event at 1754397263.286116, ABS_GAS 
[2025-08-05 15:34:23] absolute axis event at 1754397263.315921, ABS_GAS 
[2025-08-05 15:34:23] absolute axis event at 1754397263.346088, ABS_GAS 
[2025-08-05 15:34:23] absolute axis event at 1754397263.361188, ABS_GAS 
[2025-08-05 15:34:23] absolute axis event at 1754397263.526310, ABS_GAS 
[2025-08-05 15:34:23] absolute axis event at 1754397263.541235, ABS_GAS 
[2025-08-05 15:34:23] absolute axis event at 1754397263.571134, ABS_GAS 
[2025-08-05 15:34:23] absolute axis event at 1754397263.601170, ABS_GAS 
[2025-08-05 15:34:23] absolute axis event at 1754397263.631318, ABS_GAS 
[2025-08-05 15:34:23] absolute axis event at 1754397263.661172, ABS_GAS 
[2025-08-05 15:34:23] absolute axis event at 1754397263.691141, ABS_GAS 
[2025-08-05 15:34:23] absolute axis event at 1754397263.721159, ABS_GAS 
[2025-08-05 15:34:23] absolute axis event at 1754397263.751202, ABS_GAS 
[2025-08-05 15:34:23] absolute axis event at 1754397263.781186, ABS_GAS 
[2025-08-05 15:34:23] absolute axis event at 1754397263.811166, ABS_GAS 
[2025-08-05 15:34:23] absolute axis event at 1754397263.841192, ABS_GAS 
[2025-08-05 15:34:23] absolute axis event at 1754397263.871108, ABS_GAS 
[2025-08-05 15:34:23] absolute axis event at 1754397263.901205, ABS_GAS 
[2025-08-05 15:34:23] absolute axis event at 1754397263.931232, ABS_GAS 
[2025-08-05 15:34:23] absolute axis event at 1754397263.961211, ABS_GAS 
[2025-08-05 15:34:23] absolute axis event at 1754397263.991224, ABS_GAS 
[2025-08-05 15:34:24] absolute axis event at 1754397264.321058, ABS_GAS 
[2025-08-05 15:34:24] absolute axis event at 1754397264.351588, ABS_GAS 
[2025-08-05 15:34:24] absolute axis event at 1754397264.381248, ABS_GAS 
[2025-08-05 15:34:24] absolute axis event at 1754397264.411311, ABS_GAS 
[2025-08-05 15:34:24] absolute axis event at 1754397264.441279, ABS_GAS 
[2025-08-05 15:34:24] absolute axis event at 1754397264.471402, ABS_GAS 
[2025-08-05 15:34:25] absolute axis event at 1754397265.056425, ABS_GAS 
[2025-08-05 15:34:25] absolute axis event at 1754397265.086249, ABS_GAS 
[2025-08-05 15:34:25] absolute axis event at 1754397265.116395, ABS_GAS 
[2025-08-05 15:34:25] absolute axis event at 1754397265.146427, ABS_GAS 
[2025-08-05 15:34:25] absolute axis event at 1754397265.176460, ABS_GAS 
[2025-08-05 15:34:25] absolute axis event at 1754397265.206355, ABS_GAS 
[2025-08-05 15:34:25] absolute axis event at 1754397265.236418, ABS_GAS 
[2025-08-05 15:34:25] absolute axis event at 1754397265.266379, ABS_GAS 
[2025-08-05 15:34:25] absolute axis event at 1754397265.296459, ABS_GAS 
[2025-08-05 15:34:25] absolute axis event at 1754397265.326506, ABS_GAS 
[2025-08-05 15:34:25] absolute axis event at 1754397265.356355, ABS_GAS 
[2025-08-05 15:34:25] absolute axis event at 1754397265.386554, ABS_GAS 
[2025-08-05 15:34:25] absolute axis event at 1754397265.416500, ABS_GAS 
[2025-08-05 15:34:34] absolute axis event at 1754397274.598393, ABS_BRAKE 
[2025-08-05 15:34:34] absolute axis event at 1754397274.628042, ABS_BRAKE 
[2025-08-05 15:34:34] absolute axis event at 1754397274.657991, ABS_BRAKE 
[2025-08-05 15:34:34] absolute axis event at 1754397274.748233, ABS_BRAKE 
[2025-08-05 15:34:35] absolute axis event at 1754397275.618058, ABS_BRAKE 
[2025-08-05 15:34:35] absolute axis event at 1754397275.648159, ABS_BRAKE 
[2025-08-05 15:34:35] absolute axis event at 1754397275.678385, ABS_BRAKE 
[2025-08-05 15:34:35] absolute axis event at 1754397275.708163, ABS_BRAKE 
[2025-08-05 15:34:35] absolute axis event at 1754397275.738365, ABS_BRAKE 
[2025-08-05 15:34:35] absolute axis event at 1754397275.768370, ABS_BRAKE 
[2025-08-05 15:34:35] absolute axis event at 1754397275.798442, ABS_BRAKE 
[2025-08-05 15:34:35] absolute axis event at 1754397275.828299, ABS_BRAKE 
[2025-08-05 15:34:35] absolute axis event at 1754397275.858200, ABS_BRAKE 
[2025-08-05 15:34:35] absolute axis event at 1754397275.888305, ABS_BRAKE 
[2025-08-05 15:34:35] absolute axis event at 1754397275.918271, ABS_BRAKE 
[2025-08-05 15:34:35] absolute axis event at 1754397275.948375, ABS_BRAKE 
[2025-08-05 15:34:35] absolute axis event at 1754397275.978493, ABS_BRAKE 
[2025-08-05 15:34:35] absolute axis event at 1754397275.978493, ABS_GAS 
[2025-08-05 15:34:36] absolute axis event at 1754397276.008452, ABS_BRAKE 
[2025-08-05 15:34:36] absolute axis event at 1754397276.008452, ABS_GAS 
[2025-08-05 15:34:36] absolute axis event at 1754397276.038400, ABS_BRAKE 
[2025-08-05 15:34:36] absolute axis event at 1754397276.038400, ABS_GAS 
[2025-08-05 15:34:36] absolute axis event at 1754397276.068359, ABS_BRAKE 
[2025-08-05 15:34:36] absolute axis event at 1754397276.068359, ABS_GAS 
[2025-08-05 15:34:36] absolute axis event at 1754397276.098344, ABS_BRAKE 
[2025-08-05 15:34:36] absolute axis event at 1754397276.098344, ABS_GAS 
[2025-08-05 15:34:36] absolute axis event at 1754397276.128348, ABS_BRAKE 
[2025-08-05 15:34:36] absolute axis event at 1754397276.128348, ABS_GAS 
[2025-08-05 15:34:36] absolute axis event at 1754397276.158311, ABS_BRAKE 
[2025-08-05 15:34:36] absolute axis event at 1754397276.158311, ABS_GAS 
[2025-08-05 15:34:36] absolute axis event at 1754397276.188380, ABS_BRAKE 
[2025-08-05 15:34:36] absolute axis event at 1754397276.188380, ABS_GAS 
[2025-08-05 15:34:36] absolute axis event at 1754397276.218329, ABS_BRAKE 
[2025-08-05 15:34:36] absolute axis event at 1754397276.218329, ABS_GAS 
[2025-08-05 15:34:36] absolute axis event at 1754397276.248364, ABS_BRAKE 
[2025-08-05 15:34:36] absolute axis event at 1754397276.248364, ABS_GAS 
[2025-08-05 15:34:36] absolute axis event at 1754397276.278424, ABS_BRAKE 
[2025-08-05 15:34:36] absolute axis event at 1754397276.278424, ABS_GAS 
[2025-08-05 15:34:36] absolute axis event at 1754397276.308297, ABS_GAS 
[2025-08-05 15:34:36] absolute axis event at 1754397276.338426, ABS_GAS 
[2025-08-05 15:34:36] absolute axis event at 1754397276.368426, ABS_GAS 
[2025-08-05 15:34:36] absolute axis event at 1754397276.398301, ABS_GAS 
[2025-08-05 15:34:36] absolute axis event at 1754397276.428414, ABS_GAS 
[2025-08-05 15:34:36] absolute axis event at 1754397276.443438, ABS_GAS 
[2025-08-05 15:34:36] absolute axis event at 1754397276.518335, ABS_GAS 
[2025-08-05 15:34:36] absolute axis event at 1754397276.563352, ABS_GAS 
[2025-08-05 15:34:36] absolute axis event at 1754397276.593342, ABS_GAS 
[2025-08-05 15:34:36] absolute axis event at 1754397276.623429, ABS_GAS 
[2025-08-05 15:34:36] absolute axis event at 1754397276.653351, ABS_GAS 
[2025-08-05 15:34:36] absolute axis event at 1754397276.683442, ABS_GAS 
[2025-08-05 15:34:36] absolute axis event at 1754397276.713350, ABS_GAS 
[2025-08-05 15:34:36] absolute axis event at 1754397276.743352, ABS_GAS 
[2025-08-05 15:34:36] absolute axis event at 1754397276.773482, ABS_GAS 
[2025-08-05 15:34:36] absolute axis event at 1754397276.803384, ABS_GAS 
[2025-08-05 15:34:36] absolute axis event at 1754397276.833459, ABS_GAS 
[2025-08-05 15:34:36] absolute axis event at 1754397276.863476, ABS_GAS 
[2025-08-05 15:34:36] absolute axis event at 1754397276.893441, ABS_GAS 
[2025-08-05 15:34:36] absolute axis event at 1754397276.923503, ABS_GAS 
[2025-08-05 15:34:36] absolute axis event at 1754397276.953527, ABS_GAS 
[2025-08-05 15:34:36] absolute axis event at 1754397276.983505, ABS_GAS 
[2025-08-05 15:34:37] absolute axis event at 1754397277.013514, ABS_GAS 
[2025-08-05 15:34:37] absolute axis event at 1754397277.028489, ABS_GAS 
[2025-08-05 15:34:37] absolute axis event at 1754397277.058505, ABS_GAS 
[2025-08-05 15:34:37] absolute axis event at 1754397277.163385, ABS_GAS 
[2025-08-05 15:34:37] absolute axis event at 1754397277.193536, ABS_BRAKE 
[2025-08-05 15:34:37] absolute axis event at 1754397277.193536, ABS_GAS 
[2025-08-05 15:34:37] absolute axis event at 1754397277.223561, ABS_BRAKE 
[2025-08-05 15:34:37] absolute axis event at 1754397277.223561, ABS_GAS 
[2025-08-05 15:34:37] absolute axis event at 1754397277.253573, ABS_BRAKE 
[2025-08-05 15:34:37] absolute axis event at 1754397277.253573, ABS_GAS 
[2025-08-05 15:34:37] absolute axis event at 1754397277.283456, ABS_BRAKE 
[2025-08-05 15:34:37] absolute axis event at 1754397277.283456, ABS_GAS 
[2025-08-05 15:34:37] absolute axis event at 1754397277.313472, ABS_BRAKE 
[2025-08-05 15:34:37] absolute axis event at 1754397277.313472, ABS_GAS 
[2025-08-05 15:34:37] absolute axis event at 1754397277.343508, ABS_BRAKE 
[2025-08-05 15:34:37] absolute axis event at 1754397277.343508, ABS_GAS 
[2025-08-05 15:34:37] absolute axis event at 1754397277.373512, ABS_BRAKE 
[2025-08-05 15:34:37] absolute axis event at 1754397277.373512, ABS_GAS 
[2025-08-05 15:34:37] absolute axis event at 1754397277.403513, ABS_BRAKE 
[2025-08-05 15:34:37] absolute axis event at 1754397277.403513, ABS_GAS 
[2025-08-05 15:34:37] absolute axis event at 1754397277.433490, ABS_BRAKE 
[2025-08-05 15:34:37] absolute axis event at 1754397277.433490, ABS_GAS 
[2025-08-05 15:34:37] absolute axis event at 1754397277.463560, ABS_BRAKE 
[2025-08-05 15:34:37] absolute axis event at 1754397277.463560, ABS_GAS 
[2025-08-05 15:34:37] absolute axis event at 1754397277.493575, ABS_GAS 
[2025-08-05 15:34:37] absolute axis event at 1754397277.523894, ABS_GAS 
[2025-08-05 15:34:37] absolute axis event at 1754397277.553600, ABS_GAS 
[2025-08-05 15:34:37] absolute axis event at 1754397277.583500, ABS_GAS 
[2025-08-05 15:34:37] absolute axis event at 1754397277.613593, ABS_GAS 
[2025-08-05 15:34:37] absolute axis event at 1754397277.643613, ABS_GAS 
[2025-08-05 15:34:37] absolute axis event at 1754397277.673638, ABS_GAS 
[2025-08-05 15:34:37] absolute axis event at 1754397277.703661, ABS_GAS 
[2025-08-05 15:34:38] absolute axis event at 1754397278.544343, ABS_GAS 
[2025-08-05 15:34:38] absolute axis event at 1754397278.573950, ABS_GAS 
[2025-08-05 15:34:38] absolute axis event at 1754397278.603969, ABS_BRAKE 
[2025-08-05 15:34:38] absolute axis event at 1754397278.603969, ABS_GAS 
[2025-08-05 15:34:38] absolute axis event at 1754397278.633751, ABS_BRAKE 
[2025-08-05 15:34:38] absolute axis event at 1754397278.633751, ABS_GAS 
[2025-08-05 15:34:38] absolute axis event at 1754397278.663719, ABS_BRAKE 
[2025-08-05 15:34:38] absolute axis event at 1754397278.663719, ABS_GAS 
[2025-08-05 15:34:38] absolute axis event at 1754397278.693689, ABS_BRAKE 
[2025-08-05 15:34:38] absolute axis event at 1754397278.693689, ABS_GAS 
[2025-08-05 15:34:38] absolute axis event at 1754397278.723810, ABS_BRAKE 
[2025-08-05 15:34:38] absolute axis event at 1754397278.723810, ABS_GAS 
[2025-08-05 15:34:38] absolute axis event at 1754397278.754034, ABS_BRAKE 
[2025-08-05 15:34:38] absolute axis event at 1754397278.754034, ABS_GAS 
[2025-08-05 15:34:38] absolute axis event at 1754397278.783867, ABS_BRAKE 
[2025-08-05 15:34:38] absolute axis event at 1754397278.783867, ABS_GAS 
[2025-08-05 15:34:38] absolute axis event at 1754397278.814172, ABS_BRAKE 
[2025-08-05 15:34:38] absolute axis event at 1754397278.828950, ABS_BRAKE 
[2025-08-05 15:34:38] absolute axis event at 1754397278.858835, ABS_BRAKE 
[2025-08-05 15:34:38] absolute axis event at 1754397278.858835, ABS_GAS 
[2025-08-05 15:34:38] absolute axis event at 1754397278.889016, ABS_BRAKE 
[2025-08-05 15:34:38] absolute axis event at 1754397278.889016, ABS_GAS 
[2025-08-05 15:34:38] absolute axis event at 1754397278.918745, ABS_BRAKE 
[2025-08-05 15:34:38] absolute axis event at 1754397278.918745, ABS_GAS 
[2025-08-05 15:34:38] absolute axis event at 1754397278.948825, ABS_GAS 
[2025-08-05 15:34:38] absolute axis event at 1754397278.978857, ABS_GAS 
[2025-08-05 15:34:39] absolute axis event at 1754397279.008861, ABS_GAS 
[2025-08-05 15:34:43] absolute axis event at 1754397283.314761, ABS_BRAKE 
[2025-08-05 15:34:43] absolute axis event at 1754397283.344720, ABS_BRAKE 
[2025-08-05 15:34:43] absolute axis event at 1754397283.374627, ABS_BRAKE 
[2025-08-05 15:34:43] absolute axis event at 1754397283.404600, ABS_BRAKE 
[2025-08-05 15:34:43] absolute axis event at 1754397283.434655, ABS_BRAKE 
[2025-08-05 15:34:43] absolute axis event at 1754397283.464633, ABS_BRAKE 
[2025-08-05 15:34:43] absolute axis event at 1754397283.494638, ABS_BRAKE 
[2025-08-05 15:34:43] absolute axis event at 1754397283.524827, ABS_BRAKE 
[2025-08-05 15:34:43] absolute axis event at 1754397283.554711, ABS_BRAKE 
[2025-08-05 15:34:43] absolute axis event at 1754397283.584667, ABS_BRAKE 
[2025-08-05 15:34:43] absolute axis event at 1754397283.614817, ABS_BRAKE 
[2025-08-05 15:34:43] absolute axis event at 1754397283.644864, ABS_BRAKE 
[2025-08-05 15:34:43] absolute axis event at 1754397283.674693, ABS_BRAKE 
[2025-08-05 15:34:43] absolute axis event at 1754397283.704867, ABS_BRAKE 
[2025-08-05 15:34:43] absolute axis event at 1754397283.734689, ABS_BRAKE 
[2025-08-05 15:34:43] absolute axis event at 1754397283.764661, ABS_BRAKE 
[2025-08-05 15:34:43] absolute axis event at 1754397283.809766, ABS_BRAKE 
[2025-08-05 15:34:43] absolute axis event at 1754397283.839737, ABS_BRAKE 
[2025-08-05 15:34:43] absolute axis event at 1754397283.869598, ABS_BRAKE 
[2025-08-05 15:34:43] absolute axis event at 1754397283.899818, ABS_BRAKE 
[2025-08-05 15:34:44] absolute axis event at 1754397284.304603, ABS_GAS 
[2025-08-05 15:34:44] absolute axis event at 1754397284.334741, ABS_GAS 
[2025-08-05 15:34:44] absolute axis event at 1754397284.364747, ABS_GAS 
[2025-08-05 15:34:44] absolute axis event at 1754397284.529576, ABS_GAS 
[2025-08-05 15:34:44] absolute axis event at 1754397284.559816, ABS_GAS 
[2025-08-05 15:34:44] absolute axis event at 1754397284.589834, ABS_GAS 
[2025-08-05 15:34:44] absolute axis event at 1754397284.619888, ABS_BRAKE 
[2025-08-05 15:34:44] absolute axis event at 1754397284.649983, ABS_BRAKE 
[2025-08-05 15:34:44] absolute axis event at 1754397284.679930, ABS_BRAKE 
[2025-08-05 15:34:44] absolute axis event at 1754397284.844723, ABS_BRAKE 
[2025-08-05 15:34:44] absolute axis event at 1754397284.874918, ABS_BRAKE 
[2025-08-05 15:34:44] absolute axis event at 1754397284.874918, ABS_GAS 
[2025-08-05 15:34:44] absolute axis event at 1754397284.905011, ABS_BRAKE 
[2025-08-05 15:34:44] absolute axis event at 1754397284.905011, ABS_GAS 
[2025-08-05 15:34:45] absolute axis event at 1754397285.039664, ABS_GAS 
[2025-08-05 15:34:45] absolute axis event at 1754397285.069941, ABS_GAS 
[2025-08-05 15:34:45] absolute axis event at 1754397285.099895, ABS_GAS 
[2025-08-05 15:34:45] absolute axis event at 1754397285.130645, ABS_BRAKE 
[2025-08-05 15:34:45] absolute axis event at 1754397285.160002, ABS_BRAKE 
[2025-08-05 15:34:45] absolute axis event at 1754397285.265001, ABS_BRAKE 
[2025-08-05 15:34:45] absolute axis event at 1754397285.295095, ABS_BRAKE 
[2025-08-05 15:34:45] absolute axis event at 1754397285.295095, ABS_GAS 
[2025-08-05 15:34:45] absolute axis event at 1754397285.325039, ABS_BRAKE 
[2025-08-05 15:34:45] absolute axis event at 1754397285.325039, ABS_GAS 
[2025-08-05 15:34:45] absolute axis event at 1754397285.444828, ABS_GAS 
[2025-08-05 15:34:45] absolute axis event at 1754397285.474994, ABS_GAS 
[2025-08-05 15:34:45] absolute axis event at 1754397285.490143, ABS_BRAKE 
[2025-08-05 15:34:45] absolute axis event at 1754397285.490143, ABS_GAS 
[2025-08-05 15:34:45] absolute axis event at 1754397285.520082, ABS_BRAKE 
[2025-08-05 15:34:45] absolute axis event at 1754397285.565066, ABS_GAS 
[2025-08-05 15:34:45] absolute axis event at 1754397285.595099, ABS_GAS 
[2025-08-05 15:34:45] absolute axis event at 1754397285.624895, ABS_GAS 
[2025-08-05 15:34:45] absolute axis event at 1754397285.654886, ABS_BRAKE 
[2025-08-05 15:34:45] absolute axis event at 1754397285.654886, ABS_GAS 
[2025-08-05 15:34:45] absolute axis event at 1754397285.685148, ABS_BRAKE 
[2025-08-05 15:34:45] absolute axis event at 1754397285.685148, ABS_GAS 
[2025-08-05 15:34:45] absolute axis event at 1754397285.714993, ABS_GAS 
[2025-08-05 15:34:45] absolute axis event at 1754397285.745121, ABS_GAS 
[2025-08-05 15:34:45] absolute axis event at 1754397285.775176, ABS_GAS 
[2025-08-05 15:34:45] absolute axis event at 1754397285.879880, ABS_GAS 
[2025-08-05 15:34:45] absolute axis event at 1754397285.910158, ABS_GAS 
[2025-08-05 15:34:56] absolute axis event at 1754397296.486969, ABS_Z 
[2025-08-05 15:34:56] absolute axis event at 1754397296.516945, ABS_Z 
[2025-08-05 15:34:56] absolute axis event at 1754397296.547064, ABS_Z 
[2025-08-05 15:34:56] absolute axis event at 1754397296.561934, ABS_Z 
[2025-08-05 15:34:56] absolute axis event at 1754397296.591809, ABS_Z 
[2025-08-05 15:34:56] absolute axis event at 1754397296.636900, ABS_Z 
[2025-08-05 15:34:56] absolute axis event at 1754397296.681873, ABS_Z 
[2025-08-05 15:34:57] absolute axis event at 1754397297.236871, ABS_RZ 
