[4.188s] Invoking command in '/home/arrk-adas/Desktop/Rc-Car-Chimera/Rc-Car/src/lateral_control': CONDA_PROMPT_MODIFIER=(base) PYTHONPATH=/home/arrk-adas/Desktop/Rc-Car-Chimera/build/lateral_control/prefix_override:/usr/lib/python3/dist-packages/colcon_core/task/python/colcon_distutils_commands:/home/arrk-adas/Desktop/Rc-Car-Chimera/install/lateral_control/lib/python3.10/site-packages:${PYTHONPATH} /usr/bin/python3 -W ignore:setup.py install is deprecated -W ignore:easy_install command is deprecated setup.py egg_info --egg-base ../../../build/lateral_control build --build-base /home/arrk-adas/Desktop/Rc-Car-Chimera/build/lateral_control/build install --record /home/arrk-adas/Desktop/Rc-Car-Chimera/build/lateral_control/install.log --single-version-externally-managed install_data
[5.824s] running egg_info
[5.825s] creating ../../../build/lateral_control/lateral_control.egg-info
[5.829s] writing ../../../build/lateral_control/lateral_control.egg-info/PKG-INFO
[5.829s] writing dependency_links to ../../../build/lateral_control/lateral_control.egg-info/dependency_links.txt
[5.829s] writing entry points to ../../../build/lateral_control/lateral_control.egg-info/entry_points.txt
[5.830s] writing requirements to ../../../build/lateral_control/lateral_control.egg-info/requires.txt
[5.830s] writing top-level names to ../../../build/lateral_control/lateral_control.egg-info/top_level.txt
[5.830s] writing manifest file '../../../build/lateral_control/lateral_control.egg-info/SOURCES.txt'
[5.849s] reading manifest file '../../../build/lateral_control/lateral_control.egg-info/SOURCES.txt'
[5.863s] writing manifest file '../../../build/lateral_control/lateral_control.egg-info/SOURCES.txt'
[5.864s] running build
[5.864s] running build_py
[5.865s] creating /home/arrk-adas/Desktop/Rc-Car-Chimera/build/lateral_control/build
[5.865s] creating /home/arrk-adas/Desktop/Rc-Car-Chimera/build/lateral_control/build/lib
[5.865s] creating /home/arrk-adas/Desktop/Rc-Car-Chimera/build/lateral_control/build/lib/lateral_control
[5.865s] copying lateral_control/lidar_detection.py -> /home/arrk-adas/Desktop/Rc-Car-Chimera/build/lateral_control/build/lib/lateral_control
[5.865s] copying lateral_control/in_lane_positioning.py -> /home/arrk-adas/Desktop/Rc-Car-Chimera/build/lateral_control/build/lib/lateral_control
[5.865s] copying lateral_control/__init__.py -> /home/arrk-adas/Desktop/Rc-Car-Chimera/build/lateral_control/build/lib/lateral_control
[5.865s] copying lateral_control/traffic_sign_classifier.py -> /home/arrk-adas/Desktop/Rc-Car-Chimera/build/lateral_control/build/lib/lateral_control
[5.866s] copying lateral_control/ack_to_pca.py -> /home/arrk-adas/Desktop/Rc-Car-Chimera/build/lateral_control/build/lib/lateral_control
[5.866s] copying lateral_control/visual.py -> /home/arrk-adas/Desktop/Rc-Car-Chimera/build/lateral_control/build/lib/lateral_control
[5.866s] copying lateral_control/autonomous_video_version.py -> /home/arrk-adas/Desktop/Rc-Car-Chimera/build/lateral_control/build/lib/lateral_control
[5.866s] copying lateral_control/lane_information.py -> /home/arrk-adas/Desktop/Rc-Car-Chimera/build/lateral_control/build/lib/lateral_control
[5.867s] copying lateral_control/steering_control.py -> /home/arrk-adas/Desktop/Rc-Car-Chimera/build/lateral_control/build/lib/lateral_control
[5.867s] copying lateral_control/xbox_controls.py -> /home/arrk-adas/Desktop/Rc-Car-Chimera/build/lateral_control/build/lib/lateral_control
[5.867s] copying lateral_control/lane2.py -> /home/arrk-adas/Desktop/Rc-Car-Chimera/build/lateral_control/build/lib/lateral_control
[5.868s] running install
[5.869s] running install_lib
[5.872s] creating /home/arrk-adas/Desktop/Rc-Car-Chimera/install/lateral_control/lib/python3.10/site-packages/lateral_control
[5.876s] copying /home/arrk-adas/Desktop/Rc-Car-Chimera/build/lateral_control/build/lib/lateral_control/lidar_detection.py -> /home/arrk-adas/Desktop/Rc-Car-Chimera/install/lateral_control/lib/python3.10/site-packages/lateral_control
[5.876s] copying /home/arrk-adas/Desktop/Rc-Car-Chimera/build/lateral_control/build/lib/lateral_control/in_lane_positioning.py -> /home/arrk-adas/Desktop/Rc-Car-Chimera/install/lateral_control/lib/python3.10/site-packages/lateral_control
[5.876s] copying /home/arrk-adas/Desktop/Rc-Car-Chimera/build/lateral_control/build/lib/lateral_control/__init__.py -> /home/arrk-adas/Desktop/Rc-Car-Chimera/install/lateral_control/lib/python3.10/site-packages/lateral_control
[5.876s] copying /home/arrk-adas/Desktop/Rc-Car-Chimera/build/lateral_control/build/lib/lateral_control/traffic_sign_classifier.py -> /home/arrk-adas/Desktop/Rc-Car-Chimera/install/lateral_control/lib/python3.10/site-packages/lateral_control
[5.876s] copying /home/arrk-adas/Desktop/Rc-Car-Chimera/build/lateral_control/build/lib/lateral_control/ack_to_pca.py -> /home/arrk-adas/Desktop/Rc-Car-Chimera/install/lateral_control/lib/python3.10/site-packages/lateral_control
[5.876s] copying /home/arrk-adas/Desktop/Rc-Car-Chimera/build/lateral_control/build/lib/lateral_control/visual.py -> /home/arrk-adas/Desktop/Rc-Car-Chimera/install/lateral_control/lib/python3.10/site-packages/lateral_control
[5.877s] copying /home/arrk-adas/Desktop/Rc-Car-Chimera/build/lateral_control/build/lib/lateral_control/autonomous_video_version.py -> /home/arrk-adas/Desktop/Rc-Car-Chimera/install/lateral_control/lib/python3.10/site-packages/lateral_control
[5.877s] copying /home/arrk-adas/Desktop/Rc-Car-Chimera/build/lateral_control/build/lib/lateral_control/lane_information.py -> /home/arrk-adas/Desktop/Rc-Car-Chimera/install/lateral_control/lib/python3.10/site-packages/lateral_control
[5.877s] copying /home/arrk-adas/Desktop/Rc-Car-Chimera/build/lateral_control/build/lib/lateral_control/steering_control.py -> /home/arrk-adas/Desktop/Rc-Car-Chimera/install/lateral_control/lib/python3.10/site-packages/lateral_control
[5.877s] copying /home/arrk-adas/Desktop/Rc-Car-Chimera/build/lateral_control/build/lib/lateral_control/xbox_controls.py -> /home/arrk-adas/Desktop/Rc-Car-Chimera/install/lateral_control/lib/python3.10/site-packages/lateral_control
[5.877s] copying /home/arrk-adas/Desktop/Rc-Car-Chimera/build/lateral_control/build/lib/lateral_control/lane2.py -> /home/arrk-adas/Desktop/Rc-Car-Chimera/install/lateral_control/lib/python3.10/site-packages/lateral_control
[5.902s] byte-compiling /home/arrk-adas/Desktop/Rc-Car-Chimera/install/lateral_control/lib/python3.10/site-packages/lateral_control/lidar_detection.py to lidar_detection.cpython-310.pyc
[5.924s] byte-compiling /home/arrk-adas/Desktop/Rc-Car-Chimera/install/lateral_control/lib/python3.10/site-packages/lateral_control/in_lane_positioning.py to in_lane_positioning.cpython-310.pyc
[5.930s] byte-compiling /home/arrk-adas/Desktop/Rc-Car-Chimera/install/lateral_control/lib/python3.10/site-packages/lateral_control/__init__.py to __init__.cpython-310.pyc
[5.931s] byte-compiling /home/arrk-adas/Desktop/Rc-Car-Chimera/install/lateral_control/lib/python3.10/site-packages/lateral_control/traffic_sign_classifier.py to traffic_sign_classifier.cpython-310.pyc
[5.934s] byte-compiling /home/arrk-adas/Desktop/Rc-Car-Chimera/install/lateral_control/lib/python3.10/site-packages/lateral_control/ack_to_pca.py to ack_to_pca.cpython-310.pyc
[5.939s] byte-compiling /home/arrk-adas/Desktop/Rc-Car-Chimera/install/lateral_control/lib/python3.10/site-packages/lateral_control/visual.py to visual.cpython-310.pyc
[5.942s] byte-compiling /home/arrk-adas/Desktop/Rc-Car-Chimera/install/lateral_control/lib/python3.10/site-packages/lateral_control/autonomous_video_version.py to autonomous_video_version.cpython-310.pyc
[5.947s] byte-compiling /home/arrk-adas/Desktop/Rc-Car-Chimera/install/lateral_control/lib/python3.10/site-packages/lateral_control/lane_information.py to lane_information.cpython-310.pyc
[5.996s] byte-compiling /home/arrk-adas/Desktop/Rc-Car-Chimera/install/lateral_control/lib/python3.10/site-packages/lateral_control/steering_control.py to steering_control.cpython-310.pyc
[6.003s] byte-compiling /home/arrk-adas/Desktop/Rc-Car-Chimera/install/lateral_control/lib/python3.10/site-packages/lateral_control/xbox_controls.py to xbox_controls.cpython-310.pyc
[6.005s] byte-compiling /home/arrk-adas/Desktop/Rc-Car-Chimera/install/lateral_control/lib/python3.10/site-packages/lateral_control/lane2.py to lane2.cpython-310.pyc
[6.009s] running install_data
[6.009s] creating /home/arrk-adas/Desktop/Rc-Car-Chimera/install/lateral_control/share/ament_index
[6.010s] creating /home/arrk-adas/Desktop/Rc-Car-Chimera/install/lateral_control/share/ament_index/resource_index
[6.011s] creating /home/arrk-adas/Desktop/Rc-Car-Chimera/install/lateral_control/share/ament_index/resource_index/packages
[6.011s] copying resource/lateral_control -> /home/arrk-adas/Desktop/Rc-Car-Chimera/install/lateral_control/share/ament_index/resource_index/packages
[6.012s] copying package.xml -> /home/arrk-adas/Desktop/Rc-Car-Chimera/install/lateral_control/share/lateral_control
[6.012s] creating /home/arrk-adas/Desktop/Rc-Car-Chimera/install/lateral_control/share/lateral_control/launch
[6.013s] copying launch/lateral_control.launch.py -> /home/arrk-adas/Desktop/Rc-Car-Chimera/install/lateral_control/share/lateral_control/launch
[6.014s] creating /home/arrk-adas/Desktop/Rc-Car-Chimera/install/lateral_control/share/lateral_control/config
[6.014s] copying config/lane_detection.yaml -> /home/arrk-adas/Desktop/Rc-Car-Chimera/install/lateral_control/share/lateral_control/config
[6.015s] copying config/camera_config_ZED_1080p.yaml -> /home/arrk-adas/Desktop/Rc-Car-Chimera/install/lateral_control/share/lateral_control/config
[6.016s] copying config/camera_config_HDwebCam.yaml -> /home/arrk-adas/Desktop/Rc-Car-Chimera/install/lateral_control/share/lateral_control/config
[6.016s] copying config/steering_control.yaml -> /home/arrk-adas/Desktop/Rc-Car-Chimera/install/lateral_control/share/lateral_control/config
[6.017s] copying config/camera_config_Logi.yaml -> /home/arrk-adas/Desktop/Rc-Car-Chimera/install/lateral_control/share/lateral_control/config
[6.019s] copying config/camera_config_ZED_376p.yaml -> /home/arrk-adas/Desktop/Rc-Car-Chimera/install/lateral_control/share/lateral_control/config
[6.019s] copying config/camera_config_ZED_720p.yaml -> /home/arrk-adas/Desktop/Rc-Car-Chimera/install/lateral_control/share/lateral_control/config
[6.035s] copying config/camera_config_ZED_1242p.yaml -> /home/arrk-adas/Desktop/Rc-Car-Chimera/install/lateral_control/share/lateral_control/config
[6.036s] running install_egg_info
[6.084s] Copying ../../../build/lateral_control/lateral_control.egg-info to /home/arrk-adas/Desktop/Rc-Car-Chimera/install/lateral_control/lib/python3.10/site-packages/lateral_control-0.0.0-py3.10.egg-info
[6.110s] running install_scripts
[6.274s] Installing ack_to_pca script to /home/arrk-adas/Desktop/Rc-Car-Chimera/install/lateral_control/lib/lateral_control
[6.279s] Installing autonomous_video_version script to /home/arrk-adas/Desktop/Rc-Car-Chimera/install/lateral_control/lib/lateral_control
[6.283s] Installing in_lane_positioning script to /home/arrk-adas/Desktop/Rc-Car-Chimera/install/lateral_control/lib/lateral_control
[6.284s] Installing lane2 script to /home/arrk-adas/Desktop/Rc-Car-Chimera/install/lateral_control/lib/lateral_control
[6.284s] Installing lane_information script to /home/arrk-adas/Desktop/Rc-Car-Chimera/install/lateral_control/lib/lateral_control
[6.284s] Installing lidar_detection script to /home/arrk-adas/Desktop/Rc-Car-Chimera/install/lateral_control/lib/lateral_control
[6.284s] Installing steering_control script to /home/arrk-adas/Desktop/Rc-Car-Chimera/install/lateral_control/lib/lateral_control
[6.284s] Installing visual script to /home/arrk-adas/Desktop/Rc-Car-Chimera/install/lateral_control/lib/lateral_control
[6.285s] writing list of installed files to '/home/arrk-adas/Desktop/Rc-Car-Chimera/build/lateral_control/install.log'
[6.605s] Invoked command in '/home/arrk-adas/Desktop/Rc-Car-Chimera/Rc-Car/src/lateral_control' returned '0': CONDA_PROMPT_MODIFIER=(base) PYTHONPATH=/home/arrk-adas/Desktop/Rc-Car-Chimera/build/lateral_control/prefix_override:/usr/lib/python3/dist-packages/colcon_core/task/python/colcon_distutils_commands:/home/arrk-adas/Desktop/Rc-Car-Chimera/install/lateral_control/lib/python3.10/site-packages:${PYTHONPATH} /usr/bin/python3 -W ignore:setup.py install is deprecated -W ignore:easy_install command is deprecated setup.py egg_info --egg-base ../../../build/lateral_control build --build-base /home/arrk-adas/Desktop/Rc-Car-Chimera/build/lateral_control/build install --record /home/arrk-adas/Desktop/Rc-Car-Chimera/build/lateral_control/install.log --single-version-externally-managed install_data
