[0.078s] Invoking command in '/media/arrk-adas/RC-Env/RC-car-project/Rc-Car-Chimera/build/Stage': CONDA_PROMPT_MODIFIER=(/media/arrk-adas/RC-Env/rccar_lib) /usr/bin/cmake /media/arrk-adas/RC-Env/RC-car-project/Rc-Car-Chimera/Rc-Car/src/Stage -DCMAKE_INSTALL_PREFIX=/media/arrk-adas/RC-Env/RC-car-project/Rc-Car-Chimera/install/Stage
[2.045s] -- The C compiler identification is GNU 11.4.0
[2.046s] -- The CXX compiler identification is GNU 11.4.0
[2.046s] -- Detecting C compiler ABI info
[2.046s] -- Detecting C compiler ABI info - done
[2.046s] -- Check for working C compiler: /usr/bin/cc - skipped
[2.046s] -- Detecting C compile features
[2.046s] -- Detecting C compile features - done
[2.046s] -- Detecting CXX compiler ABI info
[2.046s] -- Detecting CXX compiler ABI info - done
[2.046s] -- Check for working CXX compiler: /usr/bin/c++ - skipped
[2.047s] -- Detecting CXX compile features
[2.047s] -- Detecting CXX compile features - done
[2.047s] -- Stage version 4.3.0
[2.047s] -- Operating system is Linux
[2.047s] -- Installing Libraries to /media/arrk-adas/RC-Env/RC-car-project/Rc-Car-Chimera/install/Stage/lib
[2.047s] -- Installing Plugins to /media/arrk-adas/RC-Env/RC-car-project/Rc-Car-Chimera/install/Stage/lib/Stage-4.3
[2.047s] -- Build type RELEASE
[2.047s] -- Checking for libtool
[2.047s] -- Checking for required libraries...
[2.048s] -- Found JPEG: /usr/lib/aarch64-linux-gnu/libjpeg.so (found version "80") 
[2.048s] -- Found ZLIB: /usr/lib/aarch64-linux-gnu/libz.so (found version "1.2.11") 
[2.048s] -- Found PNG: /usr/lib/aarch64-linux-gnu/libpng.so (found version "1.6.37") 
[2.048s] -- Found OpenGL: /usr/lib/aarch64-linux-gnu/libOpenGL.so   
[2.048s] -- Found X11: /usr/include   
[2.048s] -- Looking for XOpenDisplay in /usr/lib/aarch64-linux-gnu/libX11.so;/usr/lib/aarch64-linux-gnu/libXext.so
[2.048s] -- Looking for XOpenDisplay in /usr/lib/aarch64-linux-gnu/libX11.so;/usr/lib/aarch64-linux-gnu/libXext.so - found
[2.048s] -- Looking for gethostbyname
[2.048s] -- Looking for gethostbyname - found
[2.048s] -- Looking for connect
[2.049s] -- Looking for connect - found
[2.049s] -- Looking for remove
[2.049s] -- Looking for remove - found
[2.049s] -- Looking for shmat
[2.049s] -- Looking for shmat - found
[2.049s] -- Looking for IceConnectionNumber in ICE
[2.049s] -- Looking for IceConnectionNumber in ICE - found
[2.049s] -- Found FLTK: fltk_images;fltk_forms;fltk_gl;/usr/lib/aarch64-linux-gnu/libGL.so;fltk  
[2.049s] -- Checking for optional libraries...
[2.049s] -- Installation path CMAKE_INSTALL_PREFIX=/media/arrk-adas/RC-Env/RC-car-project/Rc-Car-Chimera/install/Stage
[2.049s] -- Configuring libstage
[2.050s] -- Found PkgConfig: /usr/bin/pkg-config (found version "0.29.2") 
[2.050s] -- Checking for one of the modules 'playercore>=2.1.0'
[2.050s] --   * Player not detected. If Player is installed but not detected, check your PKG_CONFIG_PATH.
[2.050s] -- Configuring done
[2.050s] -- Generating done
[2.050s] -- Build files have been written to: /media/arrk-adas/RC-Env/RC-car-project/Rc-Car-Chimera/build/Stage
[2.057s] [0mCMake Deprecation Warning at CMakeLists.txt:1 (cmake_minimum_required):
[2.057s]   Compatibility with CMake < 2.8.12 will be removed from a future version of
[2.057s]   CMake.
[2.057s] 
[2.062s]   Update the VERSION argument <min> value or use a ...<max> suffix to tell
[2.062s]   CMake that the project does not need compatibility with older versions.
[2.062s] 
[2.062s] [0m
[2.062s] [33mCMake Warning (dev) at /usr/share/cmake-3.22/Modules/FindOpenGL.cmake:315 (message):
[2.063s]   Policy CMP0072 is not set: FindOpenGL prefers GLVND by default when
[2.063s]   available.  Run "cmake --help-policy CMP0072" for policy details.  Use the
[2.063s]   cmake_policy command to set the policy and suppress this warning.
[2.063s] 
[2.064s]   FindOpenGL found both a legacy GL library:
[2.064s] 
[2.064s]     OPENGL_gl_LIBRARY: /usr/lib/aarch64-linux-gnu/libGL.so
[2.064s] 
[2.064s]   and GLVND libraries for OpenGL and GLX:
[2.064s] 
[2.064s]     OPENGL_opengl_LIBRARY: /usr/lib/aarch64-linux-gnu/libOpenGL.so
[2.064s]     OPENGL_glx_LIBRARY: /usr/lib/aarch64-linux-gnu/libGLX.so
[2.064s] 
[2.064s]   OpenGL_GL_PREFERENCE has not been set to "GLVND" or "LEGACY", so for
[2.065s]   compatibility with CMake 3.10 and below the legacy GL library will be used.
[2.065s] Call Stack (most recent call first):
[2.065s]   /usr/share/cmake-3.22/Modules/FindFLTK.cmake:87 (find_package)
[2.065s]   CMakeLists.txt:100 (find_package)
[2.065s] This warning is for project developers.  Use -Wno-dev to suppress it.
[2.065s] [0m
[2.110s] Invoked command in '/media/arrk-adas/RC-Env/RC-car-project/Rc-Car-Chimera/build/Stage' returned '0': CONDA_PROMPT_MODIFIER=(/media/arrk-adas/RC-Env/rccar_lib) /usr/bin/cmake /media/arrk-adas/RC-Env/RC-car-project/Rc-Car-Chimera/Rc-Car/src/Stage -DCMAKE_INSTALL_PREFIX=/media/arrk-adas/RC-Env/RC-car-project/Rc-Car-Chimera/install/Stage
[2.111s] Invoking command in '/media/arrk-adas/RC-Env/RC-car-project/Rc-Car-Chimera/build/Stage': CONDA_PROMPT_MODIFIER=(/media/arrk-adas/RC-Env/rccar_lib) /usr/bin/cmake --build /media/arrk-adas/RC-Env/RC-car-project/Rc-Car-Chimera/build/Stage -- -j8 -l8
[2.227s] [  1%] [32mBuilding CXX object libstage/CMakeFiles/stage.dir/block.cc.o[0m
[2.237s] [  3%] [32mBuilding CXX object libstage/CMakeFiles/stage.dir/blockgroup.cc.o[0m
[2.244s] [  5%] [32mBuilding CXX object libstage/CMakeFiles/stage.dir/color.cc.o[0m
[2.253s] [  6%] [32mBuilding CXX object libstage/CMakeFiles/stage.dir/camera.cc.o[0m
[2.274s] [  8%] [32mBuilding CXX object libstage/CMakeFiles/stage.dir/file_manager.cc.o[0m
[2.361s] [ 10%] [32mBuilding CXX object libstage/CMakeFiles/stage.dir/gl.cc.o[0m
[2.375s] [ 11%] [32mBuilding CXX object libstage/CMakeFiles/stage.dir/logentry.cc.o[0m
[2.387s] [ 13%] [32mBuilding CXX object libstage/CMakeFiles/stage.dir/model.cc.o[0m
[6.433s] [ 15%] [32mBuilding CXX object libstage/CMakeFiles/stage.dir/model_actuator.cc.o[0m
[6.760s] [ 16%] [32mBuilding CXX object libstage/CMakeFiles/stage.dir/model_blinkenlight.cc.o[0m
[7.046s] [ 18%] [32mBuilding CXX object libstage/CMakeFiles/stage.dir/model_blobfinder.cc.o[0m
[7.400s] [ 20%] [32mBuilding CXX object libstage/CMakeFiles/stage.dir/model_bumper.cc.o[0m
[7.564s] [ 22%] [32mBuilding CXX object libstage/CMakeFiles/stage.dir/model_callbacks.cc.o[0m
[7.973s] [ 23%] [32mBuilding CXX object libstage/CMakeFiles/stage.dir/model_camera.cc.o[0m
[8.112s] [ 25%] [32mBuilding CXX object libstage/CMakeFiles/stage.dir/model_draw.cc.o[0m
[9.797s] [ 27%] [32mBuilding CXX object libstage/CMakeFiles/stage.dir/model_fiducial.cc.o[0m
[10.355s] [ 28%] [32mBuilding CXX object libstage/CMakeFiles/stage.dir/model_gripper.cc.o[0m
[10.987s] [ 30%] [32mBuilding CXX object libstage/CMakeFiles/stage.dir/model_lightindicator.cc.o[0m
[11.192s] [ 32%] [32mBuilding CXX object libstage/CMakeFiles/stage.dir/model_position.cc.o[0m
[11.691s] [ 33%] [32mBuilding CXX object libstage/CMakeFiles/stage.dir/model_ranger.cc.o[0m
[11.832s] [ 35%] [32mBuilding CXX object libstage/CMakeFiles/stage.dir/option.cc.o[0m
[12.395s] [ 37%] [32mBuilding CXX object libstage/CMakeFiles/stage.dir/powerpack.cc.o[0m
[13.492s] [ 38%] [32mBuilding CXX object libstage/CMakeFiles/stage.dir/region.cc.o[0m
[14.790s] [ 40%] [32mBuilding CXX object libstage/CMakeFiles/stage.dir/stage.cc.o[0m
[15.124s] [ 42%] [32mBuilding CXX object libstage/CMakeFiles/stage.dir/texture_manager.cc.o[0m
[15.313s] [ 44%] [32mBuilding CXX object libstage/CMakeFiles/stage.dir/typetable.cc.o[0m
[15.653s] [ 45%] [32mBuilding CXX object libstage/CMakeFiles/stage.dir/world.cc.o[0m
[16.064s] [ 47%] [32mBuilding CXX object libstage/CMakeFiles/stage.dir/worldfile.cc.o[0m
[16.070s] [ 49%] [32mBuilding CXX object libstage/CMakeFiles/stage.dir/canvas.cc.o[0m
[17.388s] [ 50%] [32mBuilding CXX object libstage/CMakeFiles/stage.dir/options_dlg.cc.o[0m
[17.861s] [ 52%] [32mBuilding CXX object libstage/CMakeFiles/stage.dir/vis_strip.cc.o[0m
[18.394s] [ 54%] [32mBuilding CXX object libstage/CMakeFiles/stage.dir/worldgui.cc.o[0m
[18.990s] [ 55%] [32mBuilding CXX object libstage/CMakeFiles/stage.dir/ancestor.cc.o[0m
[22.865s] [ 57%] [32m[1mLinking CXX shared library libstage.so[0m
[23.160s] [ 57%] Built target stage
[23.197s] [ 59%] [32mBuilding CXX object examples/ctrl/CMakeFiles/source.dir/source.cc.o[0m
[23.204s] [ 62%] [32mBuilding CXX object examples/ctrl/CMakeFiles/sink.dir/sink.cc.o[0m
[23.204s] [ 62%] [32mBuilding CXX object examples/ctrl/CMakeFiles/fasr.dir/fasr.cc.o[0m
[23.210s] [ 64%] [32mBuilding CXX object examples/ctrl/CMakeFiles/lasernoise.dir/lasernoise.cc.o[0m
[23.215s] [ 66%] [32mBuilding CXX object libstage/CMakeFiles/stagebinary.dir/main.cc.o[0m
[23.223s] [ 67%] [32mBuilding CXX object examples/ctrl/CMakeFiles/wander.dir/wander.cc.o[0m
[23.236s] [ 69%] [32mBuilding CXX object examples/ctrl/CMakeFiles/pioneer_flocking.dir/pioneer_flocking.cc.o[0m
[23.249s] [ 71%] [32mBuilding CXX object examples/ctrl/CMakeFiles/rasterize.dir/rasterize.cc.o[0m
[25.541s] [ 72%] [32m[1mLinking CXX shared module lasernoise.so[0m
[25.552s] [ 74%] [32m[1mLinking CXX shared module rasterize.so[0m
[25.567s] [ 76%] [32m[1mLinking CXX shared module sink.so[0m
[25.587s] [ 77%] [32m[1mLinking CXX shared module pioneer_flocking.so[0m
[25.687s] [ 79%] [32m[1mLinking CXX executable stage[0m
[25.766s] [ 81%] [32m[1mLinking CXX shared module source.so[0m
[25.825s] [ 81%] Built target sink
[25.859s] [ 81%] Built target rasterize
[25.893s] [ 81%] Built target lasernoise
[25.941s] [ 83%] [32mBuilding CXX object examples/ctrl/CMakeFiles/dynamic.dir/dynamic.cc.o[0m
[25.948s] [ 83%] Built target pioneer_flocking
[25.949s] [ 84%] [32mBuilding CXX object examples/ctrl/CMakeFiles/fasr2.dir/fasr2.cc.o[0m
[25.949s] [ 84%] Built target source
[25.958s] [ 86%] [32m[1mLinking CXX shared module wander.so[0m
[25.960s] [ 86%] Built target stagebinary
[25.966s] [ 89%] [32mBuilding CXX object examples/ctrl/CMakeFiles/fasr2.dir/astar/findpath.cpp.o[0m
[25.969s] [ 89%] [32mBuilding CXX object worlds/benchmark/CMakeFiles/expand_swarm.dir/expand_swarm.cc.o[0m
[25.970s] [ 91%] [32m[1mLinking CXX shared module fasr.so[0m
[25.986s] [ 93%] [32mBuilding CXX object worlds/benchmark/CMakeFiles/expand_pioneer.dir/expand_pioneer.cc.o[0m
[26.205s] [ 93%] Built target fasr
[26.227s] [ 93%] Built target wander
[27.887s] [ 94%] [32m[1mLinking CXX shared module dynamic.so[0m
[27.887s] [ 96%] [32m[1mLinking CXX shared module expand_swarm.so[0m
[28.028s] [ 98%] [32m[1mLinking CXX shared module expand_pioneer.so[0m
[28.059s] [ 98%] Built target dynamic
[28.077s] [ 98%] Built target expand_swarm
[28.218s] [ 98%] Built target expand_pioneer
[28.861s] [100%] [32m[1mLinking CXX shared module fasr2.so[0m
[29.060s] [100%] Built target fasr2
[29.086s] Invoked command in '/media/arrk-adas/RC-Env/RC-car-project/Rc-Car-Chimera/build/Stage' returned '0': CONDA_PROMPT_MODIFIER=(/media/arrk-adas/RC-Env/rccar_lib) /usr/bin/cmake --build /media/arrk-adas/RC-Env/RC-car-project/Rc-Car-Chimera/build/Stage -- -j8 -l8
[29.108s] Invoking command in '/media/arrk-adas/RC-Env/RC-car-project/Rc-Car-Chimera/build/Stage': CONDA_PROMPT_MODIFIER=(/media/arrk-adas/RC-Env/rccar_lib) /usr/bin/cmake --install /media/arrk-adas/RC-Env/RC-car-project/Rc-Car-Chimera/build/Stage
[29.120s] -- Install configuration: "RELEASE"
[29.121s] -- Installing: /media/arrk-adas/RC-Env/RC-car-project/Rc-Car-Chimera/install/Stage/lib/pkgconfig/stage.pc
[29.121s] -- Installing: /media/arrk-adas/RC-Env/RC-car-project/Rc-Car-Chimera/install/Stage/lib/cmake/Stage/stage-config.cmake
[29.121s] -- Installing: /media/arrk-adas/RC-Env/RC-car-project/Rc-Car-Chimera/install/Stage/lib/cmake/Stage/stage-config-version.cmake
[29.122s] -- Installing: /media/arrk-adas/RC-Env/RC-car-project/Rc-Car-Chimera/install/Stage/bin/stage
[29.123s] -- Set runtime path of "/media/arrk-adas/RC-Env/RC-car-project/Rc-Car-Chimera/install/Stage/bin/stage" to ""
[29.123s] -- Installing: /media/arrk-adas/RC-Env/RC-car-project/Rc-Car-Chimera/install/Stage/lib/libstage.so.4.3.0
[29.125s] -- Installing: /media/arrk-adas/RC-Env/RC-car-project/Rc-Car-Chimera/install/Stage/lib/libstage.so
[29.125s] -- Installing: /media/arrk-adas/RC-Env/RC-car-project/Rc-Car-Chimera/install/Stage/include/Stage-4.3/stage.hh
[29.127s] -- Installing: /media/arrk-adas/RC-Env/RC-car-project/Rc-Car-Chimera/install/Stage/lib/Stage-4.3/fasr.so
[29.127s] -- Set runtime path of "/media/arrk-adas/RC-Env/RC-car-project/Rc-Car-Chimera/install/Stage/lib/Stage-4.3/fasr.so" to ""
[29.127s] -- Installing: /media/arrk-adas/RC-Env/RC-car-project/Rc-Car-Chimera/install/Stage/lib/Stage-4.3/sink.so
[29.128s] -- Set runtime path of "/media/arrk-adas/RC-Env/RC-car-project/Rc-Car-Chimera/install/Stage/lib/Stage-4.3/sink.so" to ""
[29.128s] -- Installing: /media/arrk-adas/RC-Env/RC-car-project/Rc-Car-Chimera/install/Stage/lib/Stage-4.3/source.so
[29.128s] -- Set runtime path of "/media/arrk-adas/RC-Env/RC-car-project/Rc-Car-Chimera/install/Stage/lib/Stage-4.3/source.so" to ""
[29.128s] -- Installing: /media/arrk-adas/RC-Env/RC-car-project/Rc-Car-Chimera/install/Stage/lib/Stage-4.3/wander.so
[29.129s] -- Set runtime path of "/media/arrk-adas/RC-Env/RC-car-project/Rc-Car-Chimera/install/Stage/lib/Stage-4.3/wander.so" to ""
[29.129s] -- Installing: /media/arrk-adas/RC-Env/RC-car-project/Rc-Car-Chimera/install/Stage/lib/Stage-4.3/pioneer_flocking.so
[29.129s] -- Set runtime path of "/media/arrk-adas/RC-Env/RC-car-project/Rc-Car-Chimera/install/Stage/lib/Stage-4.3/pioneer_flocking.so" to ""
[29.129s] -- Installing: /media/arrk-adas/RC-Env/RC-car-project/Rc-Car-Chimera/install/Stage/lib/Stage-4.3/rasterize.so
[29.130s] -- Set runtime path of "/media/arrk-adas/RC-Env/RC-car-project/Rc-Car-Chimera/install/Stage/lib/Stage-4.3/rasterize.so" to ""
[29.130s] -- Installing: /media/arrk-adas/RC-Env/RC-car-project/Rc-Car-Chimera/install/Stage/lib/Stage-4.3/lasernoise.so
[29.131s] -- Set runtime path of "/media/arrk-adas/RC-Env/RC-car-project/Rc-Car-Chimera/install/Stage/lib/Stage-4.3/lasernoise.so" to ""
[29.131s] -- Installing: /media/arrk-adas/RC-Env/RC-car-project/Rc-Car-Chimera/install/Stage/lib/Stage-4.3/dynamic.so
[29.131s] -- Set runtime path of "/media/arrk-adas/RC-Env/RC-car-project/Rc-Car-Chimera/install/Stage/lib/Stage-4.3/dynamic.so" to ""
[29.131s] -- Installing: /media/arrk-adas/RC-Env/RC-car-project/Rc-Car-Chimera/install/Stage/lib/Stage-4.3/fasr2.so
[29.132s] -- Set runtime path of "/media/arrk-adas/RC-Env/RC-car-project/Rc-Car-Chimera/install/Stage/lib/Stage-4.3/fasr2.so" to ""
[29.132s] -- Installing: /media/arrk-adas/RC-Env/RC-car-project/Rc-Car-Chimera/install/Stage/share/stage/assets/blue.png
[29.133s] -- Installing: /media/arrk-adas/RC-Env/RC-car-project/Rc-Car-Chimera/install/Stage/share/stage/assets/death.png
[29.133s] -- Installing: /media/arrk-adas/RC-Env/RC-car-project/Rc-Car-Chimera/install/Stage/share/stage/assets/green.png
[29.133s] -- Installing: /media/arrk-adas/RC-Env/RC-car-project/Rc-Car-Chimera/install/Stage/share/stage/assets/logo.png
[29.133s] -- Installing: /media/arrk-adas/RC-Env/RC-car-project/Rc-Car-Chimera/install/Stage/share/stage/assets/mains.png
[29.134s] -- Installing: /media/arrk-adas/RC-Env/RC-car-project/Rc-Car-Chimera/install/Stage/share/stage/assets/mainspower.png
[29.134s] -- Installing: /media/arrk-adas/RC-Env/RC-car-project/Rc-Car-Chimera/install/Stage/share/stage/assets/question_mark.png
[29.134s] -- Installing: /media/arrk-adas/RC-Env/RC-car-project/Rc-Car-Chimera/install/Stage/share/stage/assets/red.png
[29.134s] -- Installing: /media/arrk-adas/RC-Env/RC-car-project/Rc-Car-Chimera/install/Stage/share/stage/assets/stagelogo.png
[29.135s] -- Installing: /media/arrk-adas/RC-Env/RC-car-project/Rc-Car-Chimera/install/Stage/share/stage/assets/stall-old.png
[29.135s] -- Installing: /media/arrk-adas/RC-Env/RC-car-project/Rc-Car-Chimera/install/Stage/share/stage/assets/stall.png
[29.135s] -- Installing: /media/arrk-adas/RC-Env/RC-car-project/Rc-Car-Chimera/install/Stage/share/stage/assets/rgb.txt
[29.135s] -- Installing: /media/arrk-adas/RC-Env/RC-car-project/Rc-Car-Chimera/install/Stage/share/stage/rgb.txt
[29.136s] -- Installing: /media/arrk-adas/RC-Env/RC-car-project/Rc-Car-Chimera/install/Stage/share/stage/worlds/amcl-sonar.cfg
[29.136s] -- Installing: /media/arrk-adas/RC-Env/RC-car-project/Rc-Car-Chimera/install/Stage/share/stage/worlds/autolab.cfg
[29.136s] -- Installing: /media/arrk-adas/RC-Env/RC-car-project/Rc-Car-Chimera/install/Stage/share/stage/worlds/camera.cfg
[29.137s] -- Installing: /media/arrk-adas/RC-Env/RC-car-project/Rc-Car-Chimera/install/Stage/share/stage/worlds/everything.cfg
[29.137s] -- Installing: /media/arrk-adas/RC-Env/RC-car-project/Rc-Car-Chimera/install/Stage/share/stage/worlds/lsp_test.cfg
[29.137s] -- Installing: /media/arrk-adas/RC-Env/RC-car-project/Rc-Car-Chimera/install/Stage/share/stage/worlds/mbicp.cfg
[29.137s] -- Installing: /media/arrk-adas/RC-Env/RC-car-project/Rc-Car-Chimera/install/Stage/share/stage/worlds/nd.cfg
[29.137s] -- Installing: /media/arrk-adas/RC-Env/RC-car-project/Rc-Car-Chimera/install/Stage/share/stage/worlds/roomba.cfg
[29.137s] -- Installing: /media/arrk-adas/RC-Env/RC-car-project/Rc-Car-Chimera/install/Stage/share/stage/worlds/simple.cfg
[29.138s] -- Installing: /media/arrk-adas/RC-Env/RC-car-project/Rc-Car-Chimera/install/Stage/share/stage/worlds/test.cfg
[29.138s] -- Installing: /media/arrk-adas/RC-Env/RC-car-project/Rc-Car-Chimera/install/Stage/share/stage/worlds/uoa_robotics_lab.cfg
[29.138s] -- Installing: /media/arrk-adas/RC-Env/RC-car-project/Rc-Car-Chimera/install/Stage/share/stage/worlds/vfh.cfg
[29.138s] -- Installing: /media/arrk-adas/RC-Env/RC-car-project/Rc-Car-Chimera/install/Stage/share/stage/worlds/wavefront-remote.cfg
[29.138s] -- Installing: /media/arrk-adas/RC-Env/RC-car-project/Rc-Car-Chimera/install/Stage/share/stage/worlds/wavefront.cfg
[29.139s] -- Installing: /media/arrk-adas/RC-Env/RC-car-project/Rc-Car-Chimera/install/Stage/share/stage/worlds/wifi.cfg
[29.139s] -- Installing: /media/arrk-adas/RC-Env/RC-car-project/Rc-Car-Chimera/install/Stage/share/stage/worlds/SFU.world
[29.139s] -- Installing: /media/arrk-adas/RC-Env/RC-car-project/Rc-Car-Chimera/install/Stage/share/stage/worlds/autolab.world
[29.139s] -- Installing: /media/arrk-adas/RC-Env/RC-car-project/Rc-Car-Chimera/install/Stage/share/stage/worlds/camera.world
[29.140s] -- Installing: /media/arrk-adas/RC-Env/RC-car-project/Rc-Car-Chimera/install/Stage/share/stage/worlds/circuit.world
[29.140s] -- Installing: /media/arrk-adas/RC-Env/RC-car-project/Rc-Car-Chimera/install/Stage/share/stage/worlds/everything.world
[29.140s] -- Installing: /media/arrk-adas/RC-Env/RC-car-project/Rc-Car-Chimera/install/Stage/share/stage/worlds/fasr.world
[29.141s] -- Installing: /media/arrk-adas/RC-Env/RC-car-project/Rc-Car-Chimera/install/Stage/share/stage/worlds/fasr2.world
[29.141s] -- Installing: /media/arrk-adas/RC-Env/RC-car-project/Rc-Car-Chimera/install/Stage/share/stage/worlds/fasr_plan.world
[29.141s] -- Installing: /media/arrk-adas/RC-Env/RC-car-project/Rc-Car-Chimera/install/Stage/share/stage/worlds/large.world
[29.141s] -- Installing: /media/arrk-adas/RC-Env/RC-car-project/Rc-Car-Chimera/install/Stage/share/stage/worlds/lsp_test.world
[29.141s] -- Installing: /media/arrk-adas/RC-Env/RC-car-project/Rc-Car-Chimera/install/Stage/share/stage/worlds/mbicp.world
[29.141s] -- Installing: /media/arrk-adas/RC-Env/RC-car-project/Rc-Car-Chimera/install/Stage/share/stage/worlds/pioneer_flocking.world
[29.142s] -- Installing: /media/arrk-adas/RC-Env/RC-car-project/Rc-Car-Chimera/install/Stage/share/stage/worlds/pioneer_follow.world
[29.142s] -- Installing: /media/arrk-adas/RC-Env/RC-car-project/Rc-Car-Chimera/install/Stage/share/stage/worlds/pioneer_walle.world
[29.142s] -- Installing: /media/arrk-adas/RC-Env/RC-car-project/Rc-Car-Chimera/install/Stage/share/stage/worlds/roomba.world
[29.142s] -- Installing: /media/arrk-adas/RC-Env/RC-car-project/Rc-Car-Chimera/install/Stage/share/stage/worlds/sensor_noise_demo.world
[29.142s] -- Installing: /media/arrk-adas/RC-Env/RC-car-project/Rc-Car-Chimera/install/Stage/share/stage/worlds/sensor_noise_module_demo.world
[29.142s] -- Installing: /media/arrk-adas/RC-Env/RC-car-project/Rc-Car-Chimera/install/Stage/share/stage/worlds/simple.world
[29.143s] -- Installing: /media/arrk-adas/RC-Env/RC-car-project/Rc-Car-Chimera/install/Stage/share/stage/worlds/uoa_robotics_lab.world
[29.143s] -- Installing: /media/arrk-adas/RC-Env/RC-car-project/Rc-Car-Chimera/install/Stage/share/stage/worlds/wifi.world
[29.143s] -- Installing: /media/arrk-adas/RC-Env/RC-car-project/Rc-Car-Chimera/install/Stage/share/stage/worlds/beacons.inc
[29.143s] -- Installing: /media/arrk-adas/RC-Env/RC-car-project/Rc-Car-Chimera/install/Stage/share/stage/worlds/chatterbox.inc
[29.143s] -- Installing: /media/arrk-adas/RC-Env/RC-car-project/Rc-Car-Chimera/install/Stage/share/stage/worlds/hokuyo.inc
[29.143s] -- Installing: /media/arrk-adas/RC-Env/RC-car-project/Rc-Car-Chimera/install/Stage/share/stage/worlds/irobot.inc
[29.144s] -- Installing: /media/arrk-adas/RC-Env/RC-car-project/Rc-Car-Chimera/install/Stage/share/stage/worlds/map.inc
[29.144s] -- Installing: /media/arrk-adas/RC-Env/RC-car-project/Rc-Car-Chimera/install/Stage/share/stage/worlds/objects.inc
[29.144s] -- Installing: /media/arrk-adas/RC-Env/RC-car-project/Rc-Car-Chimera/install/Stage/share/stage/worlds/pantilt.inc
[29.145s] -- Installing: /media/arrk-adas/RC-Env/RC-car-project/Rc-Car-Chimera/install/Stage/share/stage/worlds/pioneer.inc
[29.145s] -- Installing: /media/arrk-adas/RC-Env/RC-car-project/Rc-Car-Chimera/install/Stage/share/stage/worlds/sick.inc
[29.145s] -- Installing: /media/arrk-adas/RC-Env/RC-car-project/Rc-Car-Chimera/install/Stage/share/stage/worlds/ubot.inc
[29.145s] -- Installing: /media/arrk-adas/RC-Env/RC-car-project/Rc-Car-Chimera/install/Stage/share/stage/worlds/uoa_robotics_lab_models.inc
[29.145s] -- Installing: /media/arrk-adas/RC-Env/RC-car-project/Rc-Car-Chimera/install/Stage/share/stage/worlds/walle.inc
[29.145s] -- Installing: /media/arrk-adas/RC-Env/RC-car-project/Rc-Car-Chimera/install/Stage/share/stage/worlds/cfggen.sh
[29.145s] -- Installing: /media/arrk-adas/RC-Env/RC-car-project/Rc-Car-Chimera/install/Stage/share/stage/worlds/test.sh
[29.145s] -- Installing: /media/arrk-adas/RC-Env/RC-car-project/Rc-Car-Chimera/install/Stage/share/stage/worlds/worldgen.sh
[29.146s] -- Installing: /media/arrk-adas/RC-Env/RC-car-project/Rc-Car-Chimera/install/Stage/lib/Stage-4.3/expand_swarm.so
[29.146s] -- Set runtime path of "/media/arrk-adas/RC-Env/RC-car-project/Rc-Car-Chimera/install/Stage/lib/Stage-4.3/expand_swarm.so" to ""
[29.147s] -- Installing: /media/arrk-adas/RC-Env/RC-car-project/Rc-Car-Chimera/install/Stage/lib/Stage-4.3/expand_pioneer.so
[29.147s] -- Set runtime path of "/media/arrk-adas/RC-Env/RC-car-project/Rc-Car-Chimera/install/Stage/lib/Stage-4.3/expand_pioneer.so" to ""
[29.147s] -- Installing: /media/arrk-adas/RC-Env/RC-car-project/Rc-Car-Chimera/install/Stage/share/stage/worlds/bitmaps/889_05.png
[29.148s] -- Installing: /media/arrk-adas/RC-Env/RC-car-project/Rc-Car-Chimera/install/Stage/share/stage/worlds/bitmaps/SFU_1200x615.png
[29.148s] -- Installing: /media/arrk-adas/RC-Env/RC-car-project/Rc-Car-Chimera/install/Stage/share/stage/worlds/bitmaps/SRI-AIC-kwing.png
[29.149s] -- Installing: /media/arrk-adas/RC-Env/RC-car-project/Rc-Car-Chimera/install/Stage/share/stage/worlds/bitmaps/autolab.png
[29.149s] -- Installing: /media/arrk-adas/RC-Env/RC-car-project/Rc-Car-Chimera/install/Stage/share/stage/worlds/bitmaps/cave.png
[29.149s] -- Installing: /media/arrk-adas/RC-Env/RC-car-project/Rc-Car-Chimera/install/Stage/share/stage/worlds/bitmaps/cave_compact.png
[29.149s] -- Installing: /media/arrk-adas/RC-Env/RC-car-project/Rc-Car-Chimera/install/Stage/share/stage/worlds/bitmaps/cave_filled.png
[29.149s] -- Installing: /media/arrk-adas/RC-Env/RC-car-project/Rc-Car-Chimera/install/Stage/share/stage/worlds/bitmaps/frieburg.png
[29.150s] -- Installing: /media/arrk-adas/RC-Env/RC-car-project/Rc-Car-Chimera/install/Stage/share/stage/worlds/bitmaps/ghost.png
[29.150s] -- Installing: /media/arrk-adas/RC-Env/RC-car-project/Rc-Car-Chimera/install/Stage/share/stage/worlds/bitmaps/hospital.png
[29.150s] -- Installing: /media/arrk-adas/RC-Env/RC-car-project/Rc-Car-Chimera/install/Stage/share/stage/worlds/bitmaps/hospital_section.png
[29.150s] -- Installing: /media/arrk-adas/RC-Env/RC-car-project/Rc-Car-Chimera/install/Stage/share/stage/worlds/bitmaps/human_outline.png
[29.150s] -- Installing: /media/arrk-adas/RC-Env/RC-car-project/Rc-Car-Chimera/install/Stage/share/stage/worlds/bitmaps/mbicp.png
[29.151s] -- Installing: /media/arrk-adas/RC-Env/RC-car-project/Rc-Car-Chimera/install/Stage/share/stage/worlds/bitmaps/rink.png
[29.151s] -- Installing: /media/arrk-adas/RC-Env/RC-car-project/Rc-Car-Chimera/install/Stage/share/stage/worlds/bitmaps/sal2.png
[29.151s] -- Installing: /media/arrk-adas/RC-Env/RC-car-project/Rc-Car-Chimera/install/Stage/share/stage/worlds/bitmaps/simple_rooms.png
[29.151s] -- Installing: /media/arrk-adas/RC-Env/RC-car-project/Rc-Car-Chimera/install/Stage/share/stage/worlds/bitmaps/space_invader.png
[29.151s] -- Installing: /media/arrk-adas/RC-Env/RC-car-project/Rc-Car-Chimera/install/Stage/share/stage/worlds/bitmaps/submarine.png
[29.151s] -- Installing: /media/arrk-adas/RC-Env/RC-car-project/Rc-Car-Chimera/install/Stage/share/stage/worlds/bitmaps/submarine_small.png
[29.152s] -- Installing: /media/arrk-adas/RC-Env/RC-car-project/Rc-Car-Chimera/install/Stage/share/stage/worlds/bitmaps/table.png
[29.152s] -- Installing: /media/arrk-adas/RC-Env/RC-car-project/Rc-Car-Chimera/install/Stage/share/stage/worlds/bitmaps/uoa_robotics_lab.png
[29.152s] -- Installing: /media/arrk-adas/RC-Env/RC-car-project/Rc-Car-Chimera/install/Stage/share/stage/worlds/wifi/commando.world
[29.153s] -- Installing: /media/arrk-adas/RC-Env/RC-car-project/Rc-Car-Chimera/install/Stage/share/stage/worlds/wifi/hosp_wifi.world
[29.153s] -- Installing: /media/arrk-adas/RC-Env/RC-car-project/Rc-Car-Chimera/install/Stage/share/stage/worlds/wifi/hosp_wifi_5.world
[29.153s] -- Installing: /media/arrk-adas/RC-Env/RC-car-project/Rc-Car-Chimera/install/Stage/share/stage/worlds/wifi/wifi.world
[29.153s] -- Installing: /media/arrk-adas/RC-Env/RC-car-project/Rc-Car-Chimera/install/Stage/share/stage/worlds/wifi/wifi_itu.world
[29.153s] -- Installing: /media/arrk-adas/RC-Env/RC-car-project/Rc-Car-Chimera/install/Stage/share/stage/worlds/wifi/wifi_logdistance.world
[29.154s] -- Installing: /media/arrk-adas/RC-Env/RC-car-project/Rc-Car-Chimera/install/Stage/share/stage/worlds/wifi/wifi_ray.world
[29.154s] -- Installing: /media/arrk-adas/RC-Env/RC-car-project/Rc-Car-Chimera/install/Stage/share/stage/worlds/wifi/wifi_simple.world
[29.154s] -- Installing: /media/arrk-adas/RC-Env/RC-car-project/Rc-Car-Chimera/install/Stage/share/stage/worlds/wifi/map.inc
[29.160s] Invoked command in '/media/arrk-adas/RC-Env/RC-car-project/Rc-Car-Chimera/build/Stage' returned '0': CONDA_PROMPT_MODIFIER=(/media/arrk-adas/RC-Env/rccar_lib) /usr/bin/cmake --install /media/arrk-adas/RC-Env/RC-car-project/Rc-Car-Chimera/build/Stage
