[0.074s] Invoking command in '/home/arrk-adas/Desktop/Rc-Car-Chimera/build/Stage': CONDA_PROMPT_MODIFIER=(base) /usr/bin/cmake /home/arrk-adas/Desktop/Rc-Car-Chimera/Rc-Car/src/Stage -DCMAKE_INSTALL_PREFIX=/home/arrk-adas/Desktop/Rc-Car-Chimera/install/Stage
[2.656s] -- The C compiler identification is GNU 11.4.0
[2.657s] -- The CXX compiler identification is GNU 11.4.0
[2.657s] -- Detecting C compiler ABI info
[2.658s] -- Detecting C compiler ABI info - done
[2.658s] -- Check for working C compiler: /usr/bin/cc - skipped
[2.658s] -- Detecting C compile features
[2.658s] -- Detecting C compile features - done
[2.658s] -- Detecting CXX compiler ABI info
[2.659s] -- Detecting CXX compiler ABI info - done
[2.659s] -- Check for working CXX compiler: /usr/bin/c++ - skipped
[2.659s] -- Detecting CXX compile features
[2.659s] -- Detecting CXX compile features - done
[2.661s] -- Stage version 4.3.0
[2.661s] -- Operating system is Linux
[2.661s] -- Installing Libraries to /home/arrk-adas/Desktop/Rc-Car-Chimera/install/Stage/lib
[2.662s] -- Installing Plugins to /home/arrk-adas/Desktop/Rc-Car-Chimera/install/Stage/lib/Stage-4.3
[2.662s] -- Build type RELEASE
[2.663s] -- Checking for libtool
[2.664s] -- Checking for required libraries...
[2.664s] -- Found JPEG: /usr/lib/aarch64-linux-gnu/libjpeg.so (found version "80") 
[2.665s] -- Found ZLIB: /usr/lib/aarch64-linux-gnu/libz.so (found version "1.2.11") 
[2.665s] -- Found PNG: /usr/lib/aarch64-linux-gnu/libpng.so (found version "1.6.37") 
[2.665s] -- Found OpenGL: /usr/lib/aarch64-linux-gnu/libOpenGL.so   
[2.666s] -- Found X11: /usr/include   
[2.667s] -- Looking for XOpenDisplay in /usr/lib/aarch64-linux-gnu/libX11.so;/usr/lib/aarch64-linux-gnu/libXext.so
[2.669s] -- Looking for XOpenDisplay in /usr/lib/aarch64-linux-gnu/libX11.so;/usr/lib/aarch64-linux-gnu/libXext.so - found
[2.670s] -- Looking for gethostbyname
[2.671s] -- Looking for gethostbyname - found
[2.671s] -- Looking for connect
[2.672s] -- Looking for connect - found
[2.672s] -- Looking for remove
[2.672s] -- Looking for remove - found
[2.672s] -- Looking for shmat
[2.672s] -- Looking for shmat - found
[2.672s] -- Looking for IceConnectionNumber in ICE
[2.672s] -- Looking for IceConnectionNumber in ICE - found
[2.672s] -- Found FLTK: fltk_images;fltk_forms;fltk_gl;/usr/lib/aarch64-linux-gnu/libGL.so;fltk  
[2.672s] -- Checking for optional libraries...
[2.672s] -- Installation path CMAKE_INSTALL_PREFIX=/home/arrk-adas/Desktop/Rc-Car-Chimera/install/Stage
[2.673s] -- Configuring libstage
[2.673s] -- Found PkgConfig: /usr/bin/pkg-config (found version "0.29.2") 
[2.674s] -- Checking for one of the modules 'playercore>=2.1.0'
[2.674s] --   * Player not detected. If Player is installed but not detected, check your PKG_CONFIG_PATH.
[2.675s] -- Configuring done
[2.675s] -- Generating done
[2.675s] -- Build files have been written to: /home/arrk-adas/Desktop/Rc-Car-Chimera/build/Stage
[2.676s] [0mCMake Deprecation Warning at CMakeLists.txt:1 (cmake_minimum_required):
[2.676s]   Compatibility with CMake < 2.8.12 will be removed from a future version of
[2.677s]   CMake.
[2.678s] 
[2.678s]   Update the VERSION argument <min> value or use a ...<max> suffix to tell
[2.678s]   CMake that the project does not need compatibility with older versions.
[2.678s] 
[2.678s] [0m
[2.678s] [33mCMake Warning (dev) at /usr/share/cmake-3.22/Modules/FindOpenGL.cmake:315 (message):
[2.678s]   Policy CMP0072 is not set: FindOpenGL prefers GLVND by default when
[2.679s]   available.  Run "cmake --help-policy CMP0072" for policy details.  Use the
[2.679s]   cmake_policy command to set the policy and suppress this warning.
[2.679s] 
[2.679s]   FindOpenGL found both a legacy GL library:
[2.681s] 
[2.681s]     OPENGL_gl_LIBRARY: /usr/lib/aarch64-linux-gnu/libGL.so
[2.681s] 
[2.681s]   and GLVND libraries for OpenGL and GLX:
[2.681s] 
[2.682s]     OPENGL_opengl_LIBRARY: /usr/lib/aarch64-linux-gnu/libOpenGL.so
[2.682s]     OPENGL_glx_LIBRARY: /usr/lib/aarch64-linux-gnu/libGLX.so
[2.682s] 
[2.682s]   OpenGL_GL_PREFERENCE has not been set to "GLVND" or "LEGACY", so for
[2.683s]   compatibility with CMake 3.10 and below the legacy GL library will be used.
[2.683s] Call Stack (most recent call first):
[2.683s]   /usr/share/cmake-3.22/Modules/FindFLTK.cmake:87 (find_package)
[2.683s]   CMakeLists.txt:100 (find_package)
[2.683s] This warning is for project developers.  Use -Wno-dev to suppress it.
[2.683s] [0m
[2.688s] Invoked command in '/home/arrk-adas/Desktop/Rc-Car-Chimera/build/Stage' returned '0': CONDA_PROMPT_MODIFIER=(base) /usr/bin/cmake /home/arrk-adas/Desktop/Rc-Car-Chimera/Rc-Car/src/Stage -DCMAKE_INSTALL_PREFIX=/home/arrk-adas/Desktop/Rc-Car-Chimera/install/Stage
[2.689s] Invoking command in '/home/arrk-adas/Desktop/Rc-Car-Chimera/build/Stage': CONDA_PROMPT_MODIFIER=(base) /usr/bin/cmake --build /home/arrk-adas/Desktop/Rc-Car-Chimera/build/Stage -- -j8 -l8
[2.780s] [  1%] [32mBuilding CXX object libstage/CMakeFiles/stage.dir/block.cc.o[0m
[2.793s] [  3%] [32mBuilding CXX object libstage/CMakeFiles/stage.dir/camera.cc.o[0m
[2.800s] [  5%] [32mBuilding CXX object libstage/CMakeFiles/stage.dir/file_manager.cc.o[0m
[2.802s] [  6%] [32mBuilding CXX object libstage/CMakeFiles/stage.dir/blockgroup.cc.o[0m
[2.803s] [  8%] [32mBuilding CXX object libstage/CMakeFiles/stage.dir/color.cc.o[0m
[2.822s] [ 11%] [32mBuilding CXX object libstage/CMakeFiles/stage.dir/model.cc.o[0m
[2.825s] [ 10%] [32mBuilding CXX object libstage/CMakeFiles/stage.dir/logentry.cc.o[0m
[2.832s] [ 13%] [32mBuilding CXX object libstage/CMakeFiles/stage.dir/gl.cc.o[0m
[7.595s] [ 15%] [32mBuilding CXX object libstage/CMakeFiles/stage.dir/model_actuator.cc.o[0m
[8.042s] [ 16%] [32mBuilding CXX object libstage/CMakeFiles/stage.dir/model_blinkenlight.cc.o[0m
[8.177s] [ 18%] [32mBuilding CXX object libstage/CMakeFiles/stage.dir/model_blobfinder.cc.o[0m
[8.264s] [ 20%] [32mBuilding CXX object libstage/CMakeFiles/stage.dir/model_bumper.cc.o[0m
[8.308s] [ 22%] [32mBuilding CXX object libstage/CMakeFiles/stage.dir/model_callbacks.cc.o[0m
[8.325s] [ 23%] [32mBuilding CXX object libstage/CMakeFiles/stage.dir/model_camera.cc.o[0m
[8.614s] [ 25%] [32mBuilding CXX object libstage/CMakeFiles/stage.dir/model_draw.cc.o[0m
[11.379s] [ 27%] [32mBuilding CXX object libstage/CMakeFiles/stage.dir/model_fiducial.cc.o[0m
[11.448s] [ 28%] [32mBuilding CXX object libstage/CMakeFiles/stage.dir/model_gripper.cc.o[0m
[11.486s] [ 30%] [32mBuilding CXX object libstage/CMakeFiles/stage.dir/model_lightindicator.cc.o[0m
[12.175s] [ 32%] [32mBuilding CXX object libstage/CMakeFiles/stage.dir/model_position.cc.o[0m
[12.261s] [ 33%] [32mBuilding CXX object libstage/CMakeFiles/stage.dir/model_ranger.cc.o[0m
[12.306s] [ 35%] [32mBuilding CXX object libstage/CMakeFiles/stage.dir/option.cc.o[0m
[12.903s] [ 37%] [32mBuilding CXX object libstage/CMakeFiles/stage.dir/powerpack.cc.o[0m
[13.981s] [ 38%] [32mBuilding CXX object libstage/CMakeFiles/stage.dir/region.cc.o[0m
[14.594s] [ 40%] [32mBuilding CXX object libstage/CMakeFiles/stage.dir/stage.cc.o[0m
[15.320s] [ 42%] [32mBuilding CXX object libstage/CMakeFiles/stage.dir/texture_manager.cc.o[0m
[16.003s] [ 44%] [32mBuilding CXX object libstage/CMakeFiles/stage.dir/typetable.cc.o[0m
[16.213s] [ 45%] [32mBuilding CXX object libstage/CMakeFiles/stage.dir/world.cc.o[0m
[16.533s] [ 47%] [32mBuilding CXX object libstage/CMakeFiles/stage.dir/worldfile.cc.o[0m
[16.562s] [ 49%] [32mBuilding CXX object libstage/CMakeFiles/stage.dir/canvas.cc.o[0m
[17.401s] [ 50%] [32mBuilding CXX object libstage/CMakeFiles/stage.dir/options_dlg.cc.o[0m
[18.916s] [ 52%] [32mBuilding CXX object libstage/CMakeFiles/stage.dir/vis_strip.cc.o[0m
[19.105s] [ 54%] [32mBuilding CXX object libstage/CMakeFiles/stage.dir/worldgui.cc.o[0m
[19.638s] [ 55%] [32mBuilding CXX object libstage/CMakeFiles/stage.dir/ancestor.cc.o[0m
[23.640s] [ 57%] [32m[1mLinking CXX shared library libstage.so[0m
[23.974s] [ 57%] Built target stage
[24.033s] [ 59%] [32mBuilding CXX object libstage/CMakeFiles/stagebinary.dir/main.cc.o[0m
[24.040s] [ 61%] [32mBuilding CXX object examples/ctrl/CMakeFiles/pioneer_flocking.dir/pioneer_flocking.cc.o[0m
[24.040s] [ 62%] [32mBuilding CXX object examples/ctrl/CMakeFiles/fasr.dir/fasr.cc.o[0m
[24.049s] [ 64%] [32mBuilding CXX object examples/ctrl/CMakeFiles/sink.dir/sink.cc.o[0m
[24.053s] [ 66%] [32mBuilding CXX object examples/ctrl/CMakeFiles/wander.dir/wander.cc.o[0m
[24.057s] [ 67%] [32mBuilding CXX object examples/ctrl/CMakeFiles/source.dir/source.cc.o[0m
[25.166s] [ 69%] [32mBuilding CXX object examples/ctrl/CMakeFiles/lasernoise.dir/lasernoise.cc.o[0m
[26.249s] [ 72%] [32mBuilding CXX object examples/ctrl/CMakeFiles/rasterize.dir/rasterize.cc.o[0m
[26.250s] [ 72%] [32m[1mLinking CXX shared module fasr.so[0m
[26.537s] [ 74%] [32m[1mLinking CXX shared module sink.so[0m
[26.601s] [ 74%] Built target fasr
[26.608s] [ 76%] [32m[1mLinking CXX executable stage[0m
[26.665s] [ 77%] [32m[1mLinking CXX shared module source.so[0m
[26.679s] [ 79%] [32m[1mLinking CXX shared module wander.so[0m
[26.685s] [ 81%] [32mBuilding CXX object examples/ctrl/CMakeFiles/dynamic.dir/dynamic.cc.o[0m
[26.819s] [ 83%] [32m[1mLinking CXX shared module pioneer_flocking.so[0m
[26.828s] [ 83%] Built target sink
[26.911s] [ 83%] Built target source
[26.916s] [ 84%] [32mBuilding CXX object examples/ctrl/CMakeFiles/fasr2.dir/fasr2.cc.o[0m
[26.987s] [ 84%] Built target wander
[27.036s] [ 86%] [32mBuilding CXX object worlds/benchmark/CMakeFiles/expand_pioneer.dir/expand_pioneer.cc.o[0m
[27.045s] [ 88%] [32mBuilding CXX object worlds/benchmark/CMakeFiles/expand_swarm.dir/expand_swarm.cc.o[0m
[27.053s] [ 88%] Built target stagebinary
[27.129s] [ 89%] [32mBuilding CXX object examples/ctrl/CMakeFiles/fasr2.dir/astar/findpath.cpp.o[0m
[27.188s] [ 89%] Built target pioneer_flocking
[27.804s] [ 91%] [32m[1mLinking CXX shared module lasernoise.so[0m
[28.323s] [ 91%] Built target lasernoise
[29.043s] [ 93%] [32m[1mLinking CXX shared module rasterize.so[0m
[29.141s] [ 94%] [32m[1mLinking CXX shared module dynamic.so[0m
[29.358s] [ 96%] [32m[1mLinking CXX shared module expand_swarm.so[0m
[29.365s] [ 96%] Built target rasterize
[29.441s] [ 96%] Built target dynamic
[29.550s] [ 96%] Built target expand_swarm
[29.604s] [ 98%] [32m[1mLinking CXX shared module expand_pioneer.so[0m
[29.786s] [ 98%] Built target expand_pioneer
[30.281s] [100%] [32m[1mLinking CXX shared module fasr2.so[0m
[30.483s] [100%] Built target fasr2
[30.510s] Invoked command in '/home/arrk-adas/Desktop/Rc-Car-Chimera/build/Stage' returned '0': CONDA_PROMPT_MODIFIER=(base) /usr/bin/cmake --build /home/arrk-adas/Desktop/Rc-Car-Chimera/build/Stage -- -j8 -l8
[30.531s] Invoking command in '/home/arrk-adas/Desktop/Rc-Car-Chimera/build/Stage': CONDA_PROMPT_MODIFIER=(base) /usr/bin/cmake --install /home/arrk-adas/Desktop/Rc-Car-Chimera/build/Stage
[30.544s] -- Install configuration: "RELEASE"
[30.544s] -- Installing: /home/arrk-adas/Desktop/Rc-Car-Chimera/install/Stage/lib/pkgconfig/stage.pc
[30.545s] -- Installing: /home/arrk-adas/Desktop/Rc-Car-Chimera/install/Stage/lib/cmake/Stage/stage-config.cmake
[30.545s] -- Installing: /home/arrk-adas/Desktop/Rc-Car-Chimera/install/Stage/lib/cmake/Stage/stage-config-version.cmake
[30.546s] -- Installing: /home/arrk-adas/Desktop/Rc-Car-Chimera/install/Stage/bin/stage
[30.546s] -- Set runtime path of "/home/arrk-adas/Desktop/Rc-Car-Chimera/install/Stage/bin/stage" to ""
[30.546s] -- Installing: /home/arrk-adas/Desktop/Rc-Car-Chimera/install/Stage/lib/libstage.so.4.3.0
[30.548s] -- Installing: /home/arrk-adas/Desktop/Rc-Car-Chimera/install/Stage/lib/libstage.so
[30.549s] -- Installing: /home/arrk-adas/Desktop/Rc-Car-Chimera/install/Stage/include/Stage-4.3/stage.hh
[30.550s] -- Installing: /home/arrk-adas/Desktop/Rc-Car-Chimera/install/Stage/lib/Stage-4.3/fasr.so
[30.551s] -- Set runtime path of "/home/arrk-adas/Desktop/Rc-Car-Chimera/install/Stage/lib/Stage-4.3/fasr.so" to ""
[30.551s] -- Installing: /home/arrk-adas/Desktop/Rc-Car-Chimera/install/Stage/lib/Stage-4.3/sink.so
[30.552s] -- Set runtime path of "/home/arrk-adas/Desktop/Rc-Car-Chimera/install/Stage/lib/Stage-4.3/sink.so" to ""
[30.552s] -- Installing: /home/arrk-adas/Desktop/Rc-Car-Chimera/install/Stage/lib/Stage-4.3/source.so
[30.552s] -- Set runtime path of "/home/arrk-adas/Desktop/Rc-Car-Chimera/install/Stage/lib/Stage-4.3/source.so" to ""
[30.553s] -- Installing: /home/arrk-adas/Desktop/Rc-Car-Chimera/install/Stage/lib/Stage-4.3/wander.so
[30.553s] -- Set runtime path of "/home/arrk-adas/Desktop/Rc-Car-Chimera/install/Stage/lib/Stage-4.3/wander.so" to ""
[30.553s] -- Installing: /home/arrk-adas/Desktop/Rc-Car-Chimera/install/Stage/lib/Stage-4.3/pioneer_flocking.so
[30.553s] -- Set runtime path of "/home/arrk-adas/Desktop/Rc-Car-Chimera/install/Stage/lib/Stage-4.3/pioneer_flocking.so" to ""
[30.553s] -- Installing: /home/arrk-adas/Desktop/Rc-Car-Chimera/install/Stage/lib/Stage-4.3/rasterize.so
[30.554s] -- Set runtime path of "/home/arrk-adas/Desktop/Rc-Car-Chimera/install/Stage/lib/Stage-4.3/rasterize.so" to ""
[30.554s] -- Installing: /home/arrk-adas/Desktop/Rc-Car-Chimera/install/Stage/lib/Stage-4.3/lasernoise.so
[30.554s] -- Set runtime path of "/home/arrk-adas/Desktop/Rc-Car-Chimera/install/Stage/lib/Stage-4.3/lasernoise.so" to ""
[30.554s] -- Installing: /home/arrk-adas/Desktop/Rc-Car-Chimera/install/Stage/lib/Stage-4.3/dynamic.so
[30.555s] -- Set runtime path of "/home/arrk-adas/Desktop/Rc-Car-Chimera/install/Stage/lib/Stage-4.3/dynamic.so" to ""
[30.555s] -- Installing: /home/arrk-adas/Desktop/Rc-Car-Chimera/install/Stage/lib/Stage-4.3/fasr2.so
[30.556s] -- Set runtime path of "/home/arrk-adas/Desktop/Rc-Car-Chimera/install/Stage/lib/Stage-4.3/fasr2.so" to ""
[30.556s] -- Installing: /home/arrk-adas/Desktop/Rc-Car-Chimera/install/Stage/share/stage/assets/blue.png
[30.556s] -- Installing: /home/arrk-adas/Desktop/Rc-Car-Chimera/install/Stage/share/stage/assets/death.png
[30.557s] -- Installing: /home/arrk-adas/Desktop/Rc-Car-Chimera/install/Stage/share/stage/assets/green.png
[30.557s] -- Installing: /home/arrk-adas/Desktop/Rc-Car-Chimera/install/Stage/share/stage/assets/logo.png
[30.558s] -- Installing: /home/arrk-adas/Desktop/Rc-Car-Chimera/install/Stage/share/stage/assets/mains.png
[30.558s] -- Installing: /home/arrk-adas/Desktop/Rc-Car-Chimera/install/Stage/share/stage/assets/mainspower.png
[30.558s] -- Installing: /home/arrk-adas/Desktop/Rc-Car-Chimera/install/Stage/share/stage/assets/question_mark.png
[30.559s] -- Installing: /home/arrk-adas/Desktop/Rc-Car-Chimera/install/Stage/share/stage/assets/red.png
[30.559s] -- Installing: /home/arrk-adas/Desktop/Rc-Car-Chimera/install/Stage/share/stage/assets/stagelogo.png
[30.559s] -- Installing: /home/arrk-adas/Desktop/Rc-Car-Chimera/install/Stage/share/stage/assets/stall-old.png
[30.560s] -- Installing: /home/arrk-adas/Desktop/Rc-Car-Chimera/install/Stage/share/stage/assets/stall.png
[30.560s] -- Installing: /home/arrk-adas/Desktop/Rc-Car-Chimera/install/Stage/share/stage/assets/rgb.txt
[30.560s] -- Installing: /home/arrk-adas/Desktop/Rc-Car-Chimera/install/Stage/share/stage/rgb.txt
[30.561s] -- Installing: /home/arrk-adas/Desktop/Rc-Car-Chimera/install/Stage/share/stage/worlds/amcl-sonar.cfg
[30.561s] -- Installing: /home/arrk-adas/Desktop/Rc-Car-Chimera/install/Stage/share/stage/worlds/autolab.cfg
[30.561s] -- Installing: /home/arrk-adas/Desktop/Rc-Car-Chimera/install/Stage/share/stage/worlds/camera.cfg
[30.561s] -- Installing: /home/arrk-adas/Desktop/Rc-Car-Chimera/install/Stage/share/stage/worlds/everything.cfg
[30.562s] -- Installing: /home/arrk-adas/Desktop/Rc-Car-Chimera/install/Stage/share/stage/worlds/lsp_test.cfg
[30.562s] -- Installing: /home/arrk-adas/Desktop/Rc-Car-Chimera/install/Stage/share/stage/worlds/mbicp.cfg
[30.562s] -- Installing: /home/arrk-adas/Desktop/Rc-Car-Chimera/install/Stage/share/stage/worlds/nd.cfg
[30.562s] -- Installing: /home/arrk-adas/Desktop/Rc-Car-Chimera/install/Stage/share/stage/worlds/roomba.cfg
[30.562s] -- Installing: /home/arrk-adas/Desktop/Rc-Car-Chimera/install/Stage/share/stage/worlds/simple.cfg
[30.562s] -- Installing: /home/arrk-adas/Desktop/Rc-Car-Chimera/install/Stage/share/stage/worlds/test.cfg
[30.563s] -- Installing: /home/arrk-adas/Desktop/Rc-Car-Chimera/install/Stage/share/stage/worlds/uoa_robotics_lab.cfg
[30.563s] -- Installing: /home/arrk-adas/Desktop/Rc-Car-Chimera/install/Stage/share/stage/worlds/vfh.cfg
[30.563s] -- Installing: /home/arrk-adas/Desktop/Rc-Car-Chimera/install/Stage/share/stage/worlds/wavefront-remote.cfg
[30.563s] -- Installing: /home/arrk-adas/Desktop/Rc-Car-Chimera/install/Stage/share/stage/worlds/wavefront.cfg
[30.563s] -- Installing: /home/arrk-adas/Desktop/Rc-Car-Chimera/install/Stage/share/stage/worlds/wifi.cfg
[30.564s] -- Installing: /home/arrk-adas/Desktop/Rc-Car-Chimera/install/Stage/share/stage/worlds/SFU.world
[30.564s] -- Installing: /home/arrk-adas/Desktop/Rc-Car-Chimera/install/Stage/share/stage/worlds/autolab.world
[30.564s] -- Installing: /home/arrk-adas/Desktop/Rc-Car-Chimera/install/Stage/share/stage/worlds/camera.world
[30.564s] -- Installing: /home/arrk-adas/Desktop/Rc-Car-Chimera/install/Stage/share/stage/worlds/circuit.world
[30.564s] -- Installing: /home/arrk-adas/Desktop/Rc-Car-Chimera/install/Stage/share/stage/worlds/everything.world
[30.564s] -- Installing: /home/arrk-adas/Desktop/Rc-Car-Chimera/install/Stage/share/stage/worlds/fasr.world
[30.565s] -- Installing: /home/arrk-adas/Desktop/Rc-Car-Chimera/install/Stage/share/stage/worlds/fasr2.world
[30.565s] -- Installing: /home/arrk-adas/Desktop/Rc-Car-Chimera/install/Stage/share/stage/worlds/fasr_plan.world
[30.565s] -- Installing: /home/arrk-adas/Desktop/Rc-Car-Chimera/install/Stage/share/stage/worlds/large.world
[30.565s] -- Installing: /home/arrk-adas/Desktop/Rc-Car-Chimera/install/Stage/share/stage/worlds/lsp_test.world
[30.565s] -- Installing: /home/arrk-adas/Desktop/Rc-Car-Chimera/install/Stage/share/stage/worlds/mbicp.world
[30.566s] -- Installing: /home/arrk-adas/Desktop/Rc-Car-Chimera/install/Stage/share/stage/worlds/pioneer_flocking.world
[30.566s] -- Installing: /home/arrk-adas/Desktop/Rc-Car-Chimera/install/Stage/share/stage/worlds/pioneer_follow.world
[30.566s] -- Installing: /home/arrk-adas/Desktop/Rc-Car-Chimera/install/Stage/share/stage/worlds/pioneer_walle.world
[30.566s] -- Installing: /home/arrk-adas/Desktop/Rc-Car-Chimera/install/Stage/share/stage/worlds/roomba.world
[30.566s] -- Installing: /home/arrk-adas/Desktop/Rc-Car-Chimera/install/Stage/share/stage/worlds/sensor_noise_demo.world
[30.566s] -- Installing: /home/arrk-adas/Desktop/Rc-Car-Chimera/install/Stage/share/stage/worlds/sensor_noise_module_demo.world
[30.566s] -- Installing: /home/arrk-adas/Desktop/Rc-Car-Chimera/install/Stage/share/stage/worlds/simple.world
[30.567s] -- Installing: /home/arrk-adas/Desktop/Rc-Car-Chimera/install/Stage/share/stage/worlds/uoa_robotics_lab.world
[30.567s] -- Installing: /home/arrk-adas/Desktop/Rc-Car-Chimera/install/Stage/share/stage/worlds/wifi.world
[30.567s] -- Installing: /home/arrk-adas/Desktop/Rc-Car-Chimera/install/Stage/share/stage/worlds/beacons.inc
[30.567s] -- Installing: /home/arrk-adas/Desktop/Rc-Car-Chimera/install/Stage/share/stage/worlds/chatterbox.inc
[30.568s] -- Installing: /home/arrk-adas/Desktop/Rc-Car-Chimera/install/Stage/share/stage/worlds/hokuyo.inc
[30.568s] -- Installing: /home/arrk-adas/Desktop/Rc-Car-Chimera/install/Stage/share/stage/worlds/irobot.inc
[30.568s] -- Installing: /home/arrk-adas/Desktop/Rc-Car-Chimera/install/Stage/share/stage/worlds/map.inc
[30.569s] -- Installing: /home/arrk-adas/Desktop/Rc-Car-Chimera/install/Stage/share/stage/worlds/objects.inc
[30.569s] -- Installing: /home/arrk-adas/Desktop/Rc-Car-Chimera/install/Stage/share/stage/worlds/pantilt.inc
[30.569s] -- Installing: /home/arrk-adas/Desktop/Rc-Car-Chimera/install/Stage/share/stage/worlds/pioneer.inc
[30.570s] -- Installing: /home/arrk-adas/Desktop/Rc-Car-Chimera/install/Stage/share/stage/worlds/sick.inc
[30.570s] -- Installing: /home/arrk-adas/Desktop/Rc-Car-Chimera/install/Stage/share/stage/worlds/ubot.inc
[30.570s] -- Installing: /home/arrk-adas/Desktop/Rc-Car-Chimera/install/Stage/share/stage/worlds/uoa_robotics_lab_models.inc
[30.570s] -- Installing: /home/arrk-adas/Desktop/Rc-Car-Chimera/install/Stage/share/stage/worlds/walle.inc
[30.570s] -- Installing: /home/arrk-adas/Desktop/Rc-Car-Chimera/install/Stage/share/stage/worlds/cfggen.sh
[30.570s] -- Installing: /home/arrk-adas/Desktop/Rc-Car-Chimera/install/Stage/share/stage/worlds/test.sh
[30.570s] -- Installing: /home/arrk-adas/Desktop/Rc-Car-Chimera/install/Stage/share/stage/worlds/worldgen.sh
[30.570s] -- Installing: /home/arrk-adas/Desktop/Rc-Car-Chimera/install/Stage/lib/Stage-4.3/expand_swarm.so
[30.571s] -- Set runtime path of "/home/arrk-adas/Desktop/Rc-Car-Chimera/install/Stage/lib/Stage-4.3/expand_swarm.so" to ""
[30.571s] -- Installing: /home/arrk-adas/Desktop/Rc-Car-Chimera/install/Stage/lib/Stage-4.3/expand_pioneer.so
[30.572s] -- Set runtime path of "/home/arrk-adas/Desktop/Rc-Car-Chimera/install/Stage/lib/Stage-4.3/expand_pioneer.so" to ""
[30.572s] -- Installing: /home/arrk-adas/Desktop/Rc-Car-Chimera/install/Stage/share/stage/worlds/bitmaps/889_05.png
[30.572s] -- Installing: /home/arrk-adas/Desktop/Rc-Car-Chimera/install/Stage/share/stage/worlds/bitmaps/SFU_1200x615.png
[30.573s] -- Installing: /home/arrk-adas/Desktop/Rc-Car-Chimera/install/Stage/share/stage/worlds/bitmaps/SRI-AIC-kwing.png
[30.573s] -- Installing: /home/arrk-adas/Desktop/Rc-Car-Chimera/install/Stage/share/stage/worlds/bitmaps/autolab.png
[30.573s] -- Installing: /home/arrk-adas/Desktop/Rc-Car-Chimera/install/Stage/share/stage/worlds/bitmaps/cave.png
[30.573s] -- Installing: /home/arrk-adas/Desktop/Rc-Car-Chimera/install/Stage/share/stage/worlds/bitmaps/cave_compact.png
[30.574s] -- Installing: /home/arrk-adas/Desktop/Rc-Car-Chimera/install/Stage/share/stage/worlds/bitmaps/cave_filled.png
[30.574s] -- Installing: /home/arrk-adas/Desktop/Rc-Car-Chimera/install/Stage/share/stage/worlds/bitmaps/frieburg.png
[30.574s] -- Installing: /home/arrk-adas/Desktop/Rc-Car-Chimera/install/Stage/share/stage/worlds/bitmaps/ghost.png
[30.574s] -- Installing: /home/arrk-adas/Desktop/Rc-Car-Chimera/install/Stage/share/stage/worlds/bitmaps/hospital.png
[30.574s] -- Installing: /home/arrk-adas/Desktop/Rc-Car-Chimera/install/Stage/share/stage/worlds/bitmaps/hospital_section.png
[30.575s] -- Installing: /home/arrk-adas/Desktop/Rc-Car-Chimera/install/Stage/share/stage/worlds/bitmaps/human_outline.png
[30.575s] -- Installing: /home/arrk-adas/Desktop/Rc-Car-Chimera/install/Stage/share/stage/worlds/bitmaps/mbicp.png
[30.577s] -- Installing: /home/arrk-adas/Desktop/Rc-Car-Chimera/install/Stage/share/stage/worlds/bitmaps/rink.png
[30.577s] -- Installing: /home/arrk-adas/Desktop/Rc-Car-Chimera/install/Stage/share/stage/worlds/bitmaps/sal2.png
[30.577s] -- Installing: /home/arrk-adas/Desktop/Rc-Car-Chimera/install/Stage/share/stage/worlds/bitmaps/simple_rooms.png
[30.577s] -- Installing: /home/arrk-adas/Desktop/Rc-Car-Chimera/install/Stage/share/stage/worlds/bitmaps/space_invader.png
[30.577s] -- Installing: /home/arrk-adas/Desktop/Rc-Car-Chimera/install/Stage/share/stage/worlds/bitmaps/submarine.png
[30.578s] -- Installing: /home/arrk-adas/Desktop/Rc-Car-Chimera/install/Stage/share/stage/worlds/bitmaps/submarine_small.png
[30.578s] -- Installing: /home/arrk-adas/Desktop/Rc-Car-Chimera/install/Stage/share/stage/worlds/bitmaps/table.png
[30.578s] -- Installing: /home/arrk-adas/Desktop/Rc-Car-Chimera/install/Stage/share/stage/worlds/bitmaps/uoa_robotics_lab.png
[30.578s] -- Installing: /home/arrk-adas/Desktop/Rc-Car-Chimera/install/Stage/share/stage/worlds/wifi/commando.world
[30.578s] -- Installing: /home/arrk-adas/Desktop/Rc-Car-Chimera/install/Stage/share/stage/worlds/wifi/hosp_wifi.world
[30.578s] -- Installing: /home/arrk-adas/Desktop/Rc-Car-Chimera/install/Stage/share/stage/worlds/wifi/hosp_wifi_5.world
[30.578s] -- Installing: /home/arrk-adas/Desktop/Rc-Car-Chimera/install/Stage/share/stage/worlds/wifi/wifi.world
[30.579s] -- Installing: /home/arrk-adas/Desktop/Rc-Car-Chimera/install/Stage/share/stage/worlds/wifi/wifi_itu.world
[30.579s] -- Installing: /home/arrk-adas/Desktop/Rc-Car-Chimera/install/Stage/share/stage/worlds/wifi/wifi_logdistance.world
[30.579s] -- Installing: /home/arrk-adas/Desktop/Rc-Car-Chimera/install/Stage/share/stage/worlds/wifi/wifi_ray.world
[30.579s] -- Installing: /home/arrk-adas/Desktop/Rc-Car-Chimera/install/Stage/share/stage/worlds/wifi/wifi_simple.world
[30.579s] -- Installing: /home/arrk-adas/Desktop/Rc-Car-Chimera/install/Stage/share/stage/worlds/wifi/map.inc
[30.586s] Invoked command in '/home/arrk-adas/Desktop/Rc-Car-Chimera/build/Stage' returned '0': CONDA_PROMPT_MODIFIER=(base) /usr/bin/cmake --install /home/arrk-adas/Desktop/Rc-Car-Chimera/build/Stage
