[3.977s] Invoking command in '/home/arrk-adas/Desktop/Rc-Car-Chimera/Rc-Car/src/object_detection': CONDA_PROMPT_MODIFIER=(base) PYTHONPATH=/home/arrk-adas/Desktop/Rc-Car-Chimera/build/object_detection/prefix_override:/usr/lib/python3/dist-packages/colcon_core/task/python/colcon_distutils_commands:/home/arrk-adas/Desktop/Rc-Car-Chimera/install/object_detection/lib/python3.10/site-packages:${PYTHONPATH} /usr/bin/python3 -W ignore:setup.py install is deprecated -W ignore:easy_install command is deprecated setup.py egg_info --egg-base ../../../build/object_detection build --build-base /home/arrk-adas/Desktop/Rc-Car-Chimera/build/object_detection/build install --record /home/arrk-adas/Desktop/Rc-Car-Chimera/build/object_detection/install.log --single-version-externally-managed install_data
[4.576s] running egg_info
[4.577s] writing ../../../build/object_detection/object_detection.egg-info/PKG-INFO
[4.577s] writing dependency_links to ../../../build/object_detection/object_detection.egg-info/dependency_links.txt
[4.577s] writing entry points to ../../../build/object_detection/object_detection.egg-info/entry_points.txt
[4.577s] writing requirements to ../../../build/object_detection/object_detection.egg-info/requires.txt
[4.577s] writing top-level names to ../../../build/object_detection/object_detection.egg-info/top_level.txt
[4.580s] reading manifest file '../../../build/object_detection/object_detection.egg-info/SOURCES.txt'
[4.582s] writing manifest file '../../../build/object_detection/object_detection.egg-info/SOURCES.txt'
[4.582s] running build
[4.582s] running build_py
[4.586s] running install
[4.587s] running install_lib
[4.591s] running install_data
[4.592s] running install_egg_info
[4.623s] removing '/home/arrk-adas/Desktop/Rc-Car-Chimera/install/object_detection/lib/python3.10/site-packages/object_detection-0.0.0-py3.10.egg-info' (and everything under it)
[4.624s] Copying ../../../build/object_detection/object_detection.egg-info to /home/arrk-adas/Desktop/Rc-Car-Chimera/install/object_detection/lib/python3.10/site-packages/object_detection-0.0.0-py3.10.egg-info
[4.627s] running install_scripts
[4.686s] Installing detection script to /home/arrk-adas/Desktop/Rc-Car-Chimera/install/object_detection/lib/object_detection
[4.688s] writing list of installed files to '/home/arrk-adas/Desktop/Rc-Car-Chimera/build/object_detection/install.log'
[4.820s] Invoked command in '/home/arrk-adas/Desktop/Rc-Car-Chimera/Rc-Car/src/object_detection' returned '0': CONDA_PROMPT_MODIFIER=(base) PYTHONPATH=/home/arrk-adas/Desktop/Rc-Car-Chimera/build/object_detection/prefix_override:/usr/lib/python3/dist-packages/colcon_core/task/python/colcon_distutils_commands:/home/arrk-adas/Desktop/Rc-Car-Chimera/install/object_detection/lib/python3.10/site-packages:${PYTHONPATH} /usr/bin/python3 -W ignore:setup.py install is deprecated -W ignore:easy_install command is deprecated setup.py egg_info --egg-base ../../../build/object_detection build --build-base /home/arrk-adas/Desktop/Rc-Car-Chimera/build/object_detection/build install --record /home/arrk-adas/Desktop/Rc-Car-Chimera/build/object_detection/install.log --single-version-externally-managed install_data
