[23.843s] Invoking command in '/home/arrk-adas/Desktop/Rc-Car-Chimera/Rc-Car/src/lateral_control': CONDA_PROMPT_MODIFIER=(base) PYTHONPATH=/home/arrk-adas/Desktop/Rc-Car-Chimera/build/lateral_control/prefix_override:/usr/lib/python3/dist-packages/colcon_core/task/python/colcon_distutils_commands:/home/arrk-adas/Desktop/Rc-Car-Chimera/install/lateral_control/lib/python3.10/site-packages:${PYTHONPATH} /usr/bin/python3 -W ignore:setup.py install is deprecated -W ignore:easy_install command is deprecated setup.py egg_info --egg-base ../../../build/lateral_control build --build-base /home/arrk-adas/Desktop/Rc-Car-Chimera/build/lateral_control/build install --record /home/arrk-adas/Desktop/Rc-Car-Chimera/build/lateral_control/install.log --single-version-externally-managed install_data
[24.484s] running egg_info
[24.486s] writing ../../../build/lateral_control/lateral_control.egg-info/PKG-INFO
[24.486s] writing dependency_links to ../../../build/lateral_control/lateral_control.egg-info/dependency_links.txt
[24.487s] writing entry points to ../../../build/lateral_control/lateral_control.egg-info/entry_points.txt
[24.487s] writing requirements to ../../../build/lateral_control/lateral_control.egg-info/requires.txt
[24.488s] writing top-level names to ../../../build/lateral_control/lateral_control.egg-info/top_level.txt
[24.492s] reading manifest file '../../../build/lateral_control/lateral_control.egg-info/SOURCES.txt'
[24.495s] writing manifest file '../../../build/lateral_control/lateral_control.egg-info/SOURCES.txt'
[24.495s] running build
[24.496s] running build_py
[24.497s] running install
[24.497s] running install_lib
[24.503s] running install_data
[24.504s] running install_egg_info
[24.538s] removing '/home/arrk-adas/Desktop/Rc-Car-Chimera/install/lateral_control/lib/python3.10/site-packages/lateral_control-0.0.0-py3.10.egg-info' (and everything under it)
[24.538s] Copying ../../../build/lateral_control/lateral_control.egg-info to /home/arrk-adas/Desktop/Rc-Car-Chimera/install/lateral_control/lib/python3.10/site-packages/lateral_control-0.0.0-py3.10.egg-info
[24.540s] running install_scripts
[24.607s] Installing ack_to_pca script to /home/arrk-adas/Desktop/Rc-Car-Chimera/install/lateral_control/lib/lateral_control
[24.608s] Installing autonomous_video_version script to /home/arrk-adas/Desktop/Rc-Car-Chimera/install/lateral_control/lib/lateral_control
[24.608s] Installing in_lane_positioning script to /home/arrk-adas/Desktop/Rc-Car-Chimera/install/lateral_control/lib/lateral_control
[24.608s] Installing lane2 script to /home/arrk-adas/Desktop/Rc-Car-Chimera/install/lateral_control/lib/lateral_control
[24.609s] Installing lane_information script to /home/arrk-adas/Desktop/Rc-Car-Chimera/install/lateral_control/lib/lateral_control
[24.609s] Installing lidar_detection script to /home/arrk-adas/Desktop/Rc-Car-Chimera/install/lateral_control/lib/lateral_control
[24.610s] Installing steering_control script to /home/arrk-adas/Desktop/Rc-Car-Chimera/install/lateral_control/lib/lateral_control
[24.610s] Installing visual script to /home/arrk-adas/Desktop/Rc-Car-Chimera/install/lateral_control/lib/lateral_control
[24.611s] writing list of installed files to '/home/arrk-adas/Desktop/Rc-Car-Chimera/build/lateral_control/install.log'
[24.704s] Invoked command in '/home/arrk-adas/Desktop/Rc-Car-Chimera/Rc-Car/src/lateral_control' returned '0': CONDA_PROMPT_MODIFIER=(base) PYTHONPATH=/home/arrk-adas/Desktop/Rc-Car-Chimera/build/lateral_control/prefix_override:/usr/lib/python3/dist-packages/colcon_core/task/python/colcon_distutils_commands:/home/arrk-adas/Desktop/Rc-Car-Chimera/install/lateral_control/lib/python3.10/site-packages:${PYTHONPATH} /usr/bin/python3 -W ignore:setup.py install is deprecated -W ignore:easy_install command is deprecated setup.py egg_info --egg-base ../../../build/lateral_control build --build-base /home/arrk-adas/Desktop/Rc-Car-Chimera/build/lateral_control/build install --record /home/arrk-adas/Desktop/Rc-Car-Chimera/build/lateral_control/install.log --single-version-externally-managed install_data
