[7.479s] Invoking command in '/home/arrk-adas/Desktop/Rc-Car-Chimera/build/Stage': CONDA_PROMPT_MODIFIER=(base) /usr/bin/cmake --build /home/arrk-adas/Desktop/Rc-Car-Chimera/build/Stage -- -j8 -l8
[28.140s] [35m[1mConsolidate compiler generated dependencies of target stage[0m
[28.141s] [ 57%] Built target stage
[28.141s] [35m[1mConsolidate compiler generated dependencies of target stagebinary[0m
[28.142s] [ 61%] Built target stagebinary
[28.142s] [35m[1mConsolidate compiler generated dependencies of target lasernoise[0m
[28.142s] [ 64%] Built target lasernoise
[28.143s] [35m[1mConsolidate compiler generated dependencies of target dynamic[0m
[28.143s] [ 67%] Built target dynamic
[28.143s] [35m[1mConsolidate compiler generated dependencies of target fasr2[0m
[28.144s] [ 72%] Built target fasr2
[28.144s] [35m[1mConsolidate compiler generated dependencies of target expand_swarm[0m
[28.145s] [ 76%] Built target expand_swarm
[28.146s] [35m[1mConsolidate compiler generated dependencies of target expand_pioneer[0m
[28.146s] [ 79%] Built target expand_pioneer
[28.147s] [35m[1mConsolidate compiler generated dependencies of target rasterize[0m
[28.148s] [ 83%] Built target rasterize
[28.148s] [35m[1mConsolidate compiler generated dependencies of target pioneer_flocking[0m
[28.149s] [ 86%] Built target pioneer_flocking
[28.150s] [35m[1mConsolidate compiler generated dependencies of target wander[0m
[28.150s] [ 89%] Built target wander
[28.151s] [35m[1mConsolidate compiler generated dependencies of target source[0m
[28.152s] [ 93%] Built target source
[28.152s] [35m[1mConsolidate compiler generated dependencies of target sink[0m
[28.152s] [ 96%] Built target sink
[28.153s] [35m[1mConsolidate compiler generated dependencies of target fasr[0m
[28.153s] [100%] Built target fasr
[28.172s] Invoked command in '/home/arrk-adas/Desktop/Rc-Car-Chimera/build/Stage' returned '0': CONDA_PROMPT_MODIFIER=(base) /usr/bin/cmake --build /home/arrk-adas/Desktop/Rc-Car-Chimera/build/Stage -- -j8 -l8
[28.174s] Invoking command in '/home/arrk-adas/Desktop/Rc-Car-Chimera/build/Stage': CONDA_PROMPT_MODIFIER=(base) /usr/bin/cmake --install /home/arrk-adas/Desktop/Rc-Car-Chimera/build/Stage
[28.191s] -- Install configuration: "RELEASE"
[28.191s] -- Up-to-date: /home/arrk-adas/Desktop/Rc-Car-Chimera/install/Stage/lib/pkgconfig/stage.pc
[28.191s] -- Up-to-date: /home/arrk-adas/Desktop/Rc-Car-Chimera/install/Stage/lib/cmake/Stage/stage-config.cmake
[28.191s] -- Up-to-date: /home/arrk-adas/Desktop/Rc-Car-Chimera/install/Stage/lib/cmake/Stage/stage-config-version.cmake
[28.192s] -- Up-to-date: /home/arrk-adas/Desktop/Rc-Car-Chimera/install/Stage/bin/stage
[28.192s] -- Up-to-date: /home/arrk-adas/Desktop/Rc-Car-Chimera/install/Stage/lib/libstage.so.4.3.0
[28.192s] -- Up-to-date: /home/arrk-adas/Desktop/Rc-Car-Chimera/install/Stage/lib/libstage.so
[28.192s] -- Up-to-date: /home/arrk-adas/Desktop/Rc-Car-Chimera/install/Stage/include/Stage-4.3/stage.hh
[28.195s] -- Up-to-date: /home/arrk-adas/Desktop/Rc-Car-Chimera/install/Stage/lib/Stage-4.3/fasr.so
[28.195s] -- Up-to-date: /home/arrk-adas/Desktop/Rc-Car-Chimera/install/Stage/lib/Stage-4.3/sink.so
[28.195s] -- Up-to-date: /home/arrk-adas/Desktop/Rc-Car-Chimera/install/Stage/lib/Stage-4.3/source.so
[28.198s] -- Up-to-date: /home/arrk-adas/Desktop/Rc-Car-Chimera/install/Stage/lib/Stage-4.3/wander.so
[28.199s] -- Up-to-date: /home/arrk-adas/Desktop/Rc-Car-Chimera/install/Stage/lib/Stage-4.3/pioneer_flocking.so
[28.199s] -- Up-to-date: /home/arrk-adas/Desktop/Rc-Car-Chimera/install/Stage/lib/Stage-4.3/rasterize.so
[28.199s] -- Up-to-date: /home/arrk-adas/Desktop/Rc-Car-Chimera/install/Stage/lib/Stage-4.3/lasernoise.so
[28.199s] -- Up-to-date: /home/arrk-adas/Desktop/Rc-Car-Chimera/install/Stage/lib/Stage-4.3/dynamic.so
[28.199s] -- Up-to-date: /home/arrk-adas/Desktop/Rc-Car-Chimera/install/Stage/lib/Stage-4.3/fasr2.so
[28.199s] -- Up-to-date: /home/arrk-adas/Desktop/Rc-Car-Chimera/install/Stage/share/stage/assets/blue.png
[28.199s] -- Up-to-date: /home/arrk-adas/Desktop/Rc-Car-Chimera/install/Stage/share/stage/assets/death.png
[28.200s] -- Up-to-date: /home/arrk-adas/Desktop/Rc-Car-Chimera/install/Stage/share/stage/assets/green.png
[28.200s] -- Up-to-date: /home/arrk-adas/Desktop/Rc-Car-Chimera/install/Stage/share/stage/assets/logo.png
[28.200s] -- Up-to-date: /home/arrk-adas/Desktop/Rc-Car-Chimera/install/Stage/share/stage/assets/mains.png
[28.200s] -- Up-to-date: /home/arrk-adas/Desktop/Rc-Car-Chimera/install/Stage/share/stage/assets/mainspower.png
[28.200s] -- Up-to-date: /home/arrk-adas/Desktop/Rc-Car-Chimera/install/Stage/share/stage/assets/question_mark.png
[28.200s] -- Up-to-date: /home/arrk-adas/Desktop/Rc-Car-Chimera/install/Stage/share/stage/assets/red.png
[28.200s] -- Up-to-date: /home/arrk-adas/Desktop/Rc-Car-Chimera/install/Stage/share/stage/assets/stagelogo.png
[28.200s] -- Up-to-date: /home/arrk-adas/Desktop/Rc-Car-Chimera/install/Stage/share/stage/assets/stall-old.png
[28.200s] -- Up-to-date: /home/arrk-adas/Desktop/Rc-Car-Chimera/install/Stage/share/stage/assets/stall.png
[28.201s] -- Up-to-date: /home/arrk-adas/Desktop/Rc-Car-Chimera/install/Stage/share/stage/assets/rgb.txt
[28.201s] -- Up-to-date: /home/arrk-adas/Desktop/Rc-Car-Chimera/install/Stage/share/stage/rgb.txt
[28.201s] -- Up-to-date: /home/arrk-adas/Desktop/Rc-Car-Chimera/install/Stage/share/stage/worlds/amcl-sonar.cfg
[28.201s] -- Up-to-date: /home/arrk-adas/Desktop/Rc-Car-Chimera/install/Stage/share/stage/worlds/autolab.cfg
[28.201s] -- Up-to-date: /home/arrk-adas/Desktop/Rc-Car-Chimera/install/Stage/share/stage/worlds/camera.cfg
[28.201s] -- Up-to-date: /home/arrk-adas/Desktop/Rc-Car-Chimera/install/Stage/share/stage/worlds/everything.cfg
[28.201s] -- Up-to-date: /home/arrk-adas/Desktop/Rc-Car-Chimera/install/Stage/share/stage/worlds/lsp_test.cfg
[28.201s] -- Up-to-date: /home/arrk-adas/Desktop/Rc-Car-Chimera/install/Stage/share/stage/worlds/mbicp.cfg
[28.202s] -- Up-to-date: /home/arrk-adas/Desktop/Rc-Car-Chimera/install/Stage/share/stage/worlds/nd.cfg
[28.202s] -- Up-to-date: /home/arrk-adas/Desktop/Rc-Car-Chimera/install/Stage/share/stage/worlds/roomba.cfg
[28.202s] -- Up-to-date: /home/arrk-adas/Desktop/Rc-Car-Chimera/install/Stage/share/stage/worlds/simple.cfg
[28.202s] -- Up-to-date: /home/arrk-adas/Desktop/Rc-Car-Chimera/install/Stage/share/stage/worlds/test.cfg
[28.202s] -- Up-to-date: /home/arrk-adas/Desktop/Rc-Car-Chimera/install/Stage/share/stage/worlds/uoa_robotics_lab.cfg
[28.202s] -- Up-to-date: /home/arrk-adas/Desktop/Rc-Car-Chimera/install/Stage/share/stage/worlds/vfh.cfg
[28.202s] -- Up-to-date: /home/arrk-adas/Desktop/Rc-Car-Chimera/install/Stage/share/stage/worlds/wavefront-remote.cfg
[28.202s] -- Up-to-date: /home/arrk-adas/Desktop/Rc-Car-Chimera/install/Stage/share/stage/worlds/wavefront.cfg
[28.202s] -- Up-to-date: /home/arrk-adas/Desktop/Rc-Car-Chimera/install/Stage/share/stage/worlds/wifi.cfg
[28.203s] -- Up-to-date: /home/arrk-adas/Desktop/Rc-Car-Chimera/install/Stage/share/stage/worlds/SFU.world
[28.203s] -- Up-to-date: /home/arrk-adas/Desktop/Rc-Car-Chimera/install/Stage/share/stage/worlds/autolab.world
[28.203s] -- Up-to-date: /home/arrk-adas/Desktop/Rc-Car-Chimera/install/Stage/share/stage/worlds/camera.world
[28.203s] -- Up-to-date: /home/arrk-adas/Desktop/Rc-Car-Chimera/install/Stage/share/stage/worlds/circuit.world
[28.203s] -- Up-to-date: /home/arrk-adas/Desktop/Rc-Car-Chimera/install/Stage/share/stage/worlds/everything.world
[28.203s] -- Up-to-date: /home/arrk-adas/Desktop/Rc-Car-Chimera/install/Stage/share/stage/worlds/fasr.world
[28.203s] -- Up-to-date: /home/arrk-adas/Desktop/Rc-Car-Chimera/install/Stage/share/stage/worlds/fasr2.world
[28.203s] -- Up-to-date: /home/arrk-adas/Desktop/Rc-Car-Chimera/install/Stage/share/stage/worlds/fasr_plan.world
[28.204s] -- Up-to-date: /home/arrk-adas/Desktop/Rc-Car-Chimera/install/Stage/share/stage/worlds/large.world
[28.204s] -- Up-to-date: /home/arrk-adas/Desktop/Rc-Car-Chimera/install/Stage/share/stage/worlds/lsp_test.world
[28.204s] -- Up-to-date: /home/arrk-adas/Desktop/Rc-Car-Chimera/install/Stage/share/stage/worlds/mbicp.world
[28.204s] -- Up-to-date: /home/arrk-adas/Desktop/Rc-Car-Chimera/install/Stage/share/stage/worlds/pioneer_flocking.world
[28.205s] -- Up-to-date: /home/arrk-adas/Desktop/Rc-Car-Chimera/install/Stage/share/stage/worlds/pioneer_follow.world
[28.205s] -- Up-to-date: /home/arrk-adas/Desktop/Rc-Car-Chimera/install/Stage/share/stage/worlds/pioneer_walle.world
[28.205s] -- Up-to-date: /home/arrk-adas/Desktop/Rc-Car-Chimera/install/Stage/share/stage/worlds/roomba.world
[28.205s] -- Up-to-date: /home/arrk-adas/Desktop/Rc-Car-Chimera/install/Stage/share/stage/worlds/sensor_noise_demo.world
[28.205s] -- Up-to-date: /home/arrk-adas/Desktop/Rc-Car-Chimera/install/Stage/share/stage/worlds/sensor_noise_module_demo.world
[28.205s] -- Up-to-date: /home/arrk-adas/Desktop/Rc-Car-Chimera/install/Stage/share/stage/worlds/simple.world
[28.205s] -- Up-to-date: /home/arrk-adas/Desktop/Rc-Car-Chimera/install/Stage/share/stage/worlds/uoa_robotics_lab.world
[28.210s] -- Up-to-date: /home/arrk-adas/Desktop/Rc-Car-Chimera/install/Stage/share/stage/worlds/wifi.world
[28.210s] -- Up-to-date: /home/arrk-adas/Desktop/Rc-Car-Chimera/install/Stage/share/stage/worlds/beacons.inc
[28.210s] -- Up-to-date: /home/arrk-adas/Desktop/Rc-Car-Chimera/install/Stage/share/stage/worlds/chatterbox.inc
[28.210s] -- Up-to-date: /home/arrk-adas/Desktop/Rc-Car-Chimera/install/Stage/share/stage/worlds/hokuyo.inc
[28.211s] -- Up-to-date: /home/arrk-adas/Desktop/Rc-Car-Chimera/install/Stage/share/stage/worlds/irobot.inc
[28.211s] -- Up-to-date: /home/arrk-adas/Desktop/Rc-Car-Chimera/install/Stage/share/stage/worlds/map.inc
[28.211s] -- Up-to-date: /home/arrk-adas/Desktop/Rc-Car-Chimera/install/Stage/share/stage/worlds/objects.inc
[28.211s] -- Up-to-date: /home/arrk-adas/Desktop/Rc-Car-Chimera/install/Stage/share/stage/worlds/pantilt.inc
[28.211s] -- Up-to-date: /home/arrk-adas/Desktop/Rc-Car-Chimera/install/Stage/share/stage/worlds/pioneer.inc
[28.211s] -- Up-to-date: /home/arrk-adas/Desktop/Rc-Car-Chimera/install/Stage/share/stage/worlds/sick.inc
[28.211s] -- Up-to-date: /home/arrk-adas/Desktop/Rc-Car-Chimera/install/Stage/share/stage/worlds/ubot.inc
[28.211s] -- Up-to-date: /home/arrk-adas/Desktop/Rc-Car-Chimera/install/Stage/share/stage/worlds/uoa_robotics_lab_models.inc
[28.212s] -- Up-to-date: /home/arrk-adas/Desktop/Rc-Car-Chimera/install/Stage/share/stage/worlds/walle.inc
[28.212s] -- Up-to-date: /home/arrk-adas/Desktop/Rc-Car-Chimera/install/Stage/share/stage/worlds/cfggen.sh
[28.212s] -- Up-to-date: /home/arrk-adas/Desktop/Rc-Car-Chimera/install/Stage/share/stage/worlds/test.sh
[28.212s] -- Up-to-date: /home/arrk-adas/Desktop/Rc-Car-Chimera/install/Stage/share/stage/worlds/worldgen.sh
[28.212s] -- Up-to-date: /home/arrk-adas/Desktop/Rc-Car-Chimera/install/Stage/lib/Stage-4.3/expand_swarm.so
[28.212s] -- Up-to-date: /home/arrk-adas/Desktop/Rc-Car-Chimera/install/Stage/lib/Stage-4.3/expand_pioneer.so
[28.212s] -- Up-to-date: /home/arrk-adas/Desktop/Rc-Car-Chimera/install/Stage/share/stage/worlds/bitmaps/889_05.png
[28.212s] -- Up-to-date: /home/arrk-adas/Desktop/Rc-Car-Chimera/install/Stage/share/stage/worlds/bitmaps/SFU_1200x615.png
[28.212s] -- Up-to-date: /home/arrk-adas/Desktop/Rc-Car-Chimera/install/Stage/share/stage/worlds/bitmaps/SRI-AIC-kwing.png
[28.213s] -- Up-to-date: /home/arrk-adas/Desktop/Rc-Car-Chimera/install/Stage/share/stage/worlds/bitmaps/autolab.png
[28.213s] -- Up-to-date: /home/arrk-adas/Desktop/Rc-Car-Chimera/install/Stage/share/stage/worlds/bitmaps/cave.png
[28.213s] -- Up-to-date: /home/arrk-adas/Desktop/Rc-Car-Chimera/install/Stage/share/stage/worlds/bitmaps/cave_compact.png
[28.213s] -- Up-to-date: /home/arrk-adas/Desktop/Rc-Car-Chimera/install/Stage/share/stage/worlds/bitmaps/cave_filled.png
[28.213s] -- Up-to-date: /home/arrk-adas/Desktop/Rc-Car-Chimera/install/Stage/share/stage/worlds/bitmaps/frieburg.png
[28.213s] -- Up-to-date: /home/arrk-adas/Desktop/Rc-Car-Chimera/install/Stage/share/stage/worlds/bitmaps/ghost.png
[28.213s] -- Up-to-date: /home/arrk-adas/Desktop/Rc-Car-Chimera/install/Stage/share/stage/worlds/bitmaps/hospital.png
[28.213s] -- Up-to-date: /home/arrk-adas/Desktop/Rc-Car-Chimera/install/Stage/share/stage/worlds/bitmaps/hospital_section.png
[28.214s] -- Up-to-date: /home/arrk-adas/Desktop/Rc-Car-Chimera/install/Stage/share/stage/worlds/bitmaps/human_outline.png
[28.214s] -- Up-to-date: /home/arrk-adas/Desktop/Rc-Car-Chimera/install/Stage/share/stage/worlds/bitmaps/mbicp.png
[28.214s] -- Up-to-date: /home/arrk-adas/Desktop/Rc-Car-Chimera/install/Stage/share/stage/worlds/bitmaps/rink.png
[28.214s] -- Up-to-date: /home/arrk-adas/Desktop/Rc-Car-Chimera/install/Stage/share/stage/worlds/bitmaps/sal2.png
[28.214s] -- Up-to-date: /home/arrk-adas/Desktop/Rc-Car-Chimera/install/Stage/share/stage/worlds/bitmaps/simple_rooms.png
[28.214s] -- Up-to-date: /home/arrk-adas/Desktop/Rc-Car-Chimera/install/Stage/share/stage/worlds/bitmaps/space_invader.png
[28.214s] -- Up-to-date: /home/arrk-adas/Desktop/Rc-Car-Chimera/install/Stage/share/stage/worlds/bitmaps/submarine.png
[28.214s] -- Up-to-date: /home/arrk-adas/Desktop/Rc-Car-Chimera/install/Stage/share/stage/worlds/bitmaps/submarine_small.png
[28.214s] -- Up-to-date: /home/arrk-adas/Desktop/Rc-Car-Chimera/install/Stage/share/stage/worlds/bitmaps/table.png
[28.215s] -- Up-to-date: /home/arrk-adas/Desktop/Rc-Car-Chimera/install/Stage/share/stage/worlds/bitmaps/uoa_robotics_lab.png
[28.215s] -- Up-to-date: /home/arrk-adas/Desktop/Rc-Car-Chimera/install/Stage/share/stage/worlds/wifi/commando.world
[28.215s] -- Up-to-date: /home/arrk-adas/Desktop/Rc-Car-Chimera/install/Stage/share/stage/worlds/wifi/hosp_wifi.world
[28.215s] -- Up-to-date: /home/arrk-adas/Desktop/Rc-Car-Chimera/install/Stage/share/stage/worlds/wifi/hosp_wifi_5.world
[28.215s] -- Up-to-date: /home/arrk-adas/Desktop/Rc-Car-Chimera/install/Stage/share/stage/worlds/wifi/wifi.world
[28.215s] -- Up-to-date: /home/arrk-adas/Desktop/Rc-Car-Chimera/install/Stage/share/stage/worlds/wifi/wifi_itu.world
[28.215s] -- Up-to-date: /home/arrk-adas/Desktop/Rc-Car-Chimera/install/Stage/share/stage/worlds/wifi/wifi_logdistance.world
[28.215s] -- Up-to-date: /home/arrk-adas/Desktop/Rc-Car-Chimera/install/Stage/share/stage/worlds/wifi/wifi_ray.world
[28.216s] -- Up-to-date: /home/arrk-adas/Desktop/Rc-Car-Chimera/install/Stage/share/stage/worlds/wifi/wifi_simple.world
[28.216s] -- Up-to-date: /home/arrk-adas/Desktop/Rc-Car-Chimera/install/Stage/share/stage/worlds/wifi/map.inc
[28.357s] Invoked command in '/home/arrk-adas/Desktop/Rc-Car-Chimera/build/Stage' returned '0': CONDA_PROMPT_MODIFIER=(base) /usr/bin/cmake --install /home/arrk-adas/Desktop/Rc-Car-Chimera/build/Stage
