[1.965s] Invoking command in '/media/arrk-adas/RC-Env/RC-car-project/Rc-Car-Chimera/build/urg_node': CMAKE_PREFIX_PATH=${CMAKE_PREFIX_PATH}:/media/arrk-adas/RC-Env/RC-car-project/Rc-Car-Chimera/install/object_detection:/media/arrk-adas/RC-Env/RC-car-project/Rc-Car-Chimera/install/lidar_noise:/media/arrk-adas/RC-Env/RC-car-project/Rc-Car-Chimera/install/lateral_control:/media/arrk-adas/RC-Env/RC-car-project/Rc-Car-Chimera/install/acc_drive:/opt/ros/humble CONDA_PROMPT_MODIFIER=(/media/arrk-adas/RC-Env/rccar_lib) /usr/bin/cmake /media/arrk-adas/RC-Env/RC-car-project/Rc-Car-Chimera/Rc-Car/src/urg_node -DCMAKE_INSTALL_PREFIX=/media/arrk-adas/RC-Env/RC-car-project/Rc-Car-Chimera/install/urg_node
[2.150s] -- The C compiler identification is GNU 11.4.0
[2.376s] -- The CXX compiler identification is GNU 11.4.0
[2.398s] -- Detecting C compiler ABI info
[2.842s] -- Detecting C compiler ABI info - done
[2.859s] -- Check for working C compiler: /usr/bin/cc - skipped
[2.860s] -- Detecting C compile features
[2.861s] -- Detecting C compile features - done
[2.870s] -- Detecting CXX compiler ABI info
[3.398s] -- Detecting CXX compiler ABI info - done
[3.419s] -- Check for working CXX compiler: /usr/bin/c++ - skipped
[3.419s] -- Detecting CXX compile features
[3.420s] -- Detecting CXX compile features - done
[3.430s] -- Found ament_cmake: 1.3.12 (/opt/ros/humble/share/ament_cmake/cmake)
[5.826s] -- Found Python3: /media/arrk-adas/RC-Env/rccar_lib/bin/python3 (found version "3.10.20") found components: Interpreter 
[6.418s] -- Found Boost: /usr/lib/aarch64-linux-gnu/cmake/Boost-1.74.0/BoostConfig.cmake (found version "1.74.0")  
[6.436s] -- Found diagnostic_updater: 4.0.6 (/opt/ros/humble/share/diagnostic_updater/cmake)
[6.686s] -- Found rosidl_generator_c: 3.1.7 (/opt/ros/humble/share/rosidl_generator_c/cmake)
[6.729s] -- Found rosidl_adapter: 3.1.7 (/opt/ros/humble/share/rosidl_adapter/cmake)
[6.799s] -- Found rosidl_generator_cpp: 3.1.7 (/opt/ros/humble/share/rosidl_generator_cpp/cmake)
[6.858s] -- Using all available rosidl_typesupport_c: rosidl_typesupport_fastrtps_c;rosidl_typesupport_introspection_c
[6.938s] -- Using all available rosidl_typesupport_cpp: rosidl_typesupport_fastrtps_cpp;rosidl_typesupport_introspection_cpp
[7.221s] -- Found rmw_implementation_cmake: 6.1.2 (/opt/ros/humble/share/rmw_implementation_cmake/cmake)
[7.228s] -- Found rmw_fastrtps_cpp: 6.2.8 (/opt/ros/humble/share/rmw_fastrtps_cpp/cmake)
[7.812s] -- Found OpenSSL: /usr/lib/aarch64-linux-gnu/libcrypto.so (found version "3.0.2")  
[8.009s] -- Found FastRTPS: /opt/ros/humble/include  
[8.201s] -- Using RMW implementation 'rmw_fastrtps_cpp' as default
[8.244s] -- Looking for pthread.h
[8.675s] -- Looking for pthread.h - found
[8.675s] -- Performing Test CMAKE_HAVE_LIBC_PTHREAD
[9.166s] -- Performing Test CMAKE_HAVE_LIBC_PTHREAD - Success
[9.166s] -- Found Threads: TRUE  
[9.351s] -- Found laser_proc: 1.0.2 (/opt/ros/humble/share/laser_proc/cmake)
[9.514s] -- Found rclcpp_components: 16.0.14 (/opt/ros/humble/share/rclcpp_components/cmake)
[9.631s] -- Found std_srvs: 4.9.0 (/opt/ros/humble/share/std_srvs/cmake)
[9.685s] -- Found urg_c: 1.0.4001 (/opt/ros/humble/share/urg_c/cmake)
[9.693s] -- Found urg_node_msgs: 1.0.1 (/opt/ros/humble/share/urg_node_msgs/cmake)
[9.735s] -- Found ament_lint_auto: 0.12.14 (/opt/ros/humble/share/ament_lint_auto/cmake)
[10.207s] -- Added test 'cppcheck' to perform static code analysis on C / C++ code
[10.208s] -- Configured cppcheck include dirs: $<BUILD_INTERFACE:/media/arrk-adas/RC-Env/RC-car-project/Rc-Car-Chimera/Rc-Car/src/urg_node/include>
[10.208s] -- Configured cppcheck exclude dirs and/or files: 
[10.216s] -- Added test 'cpplint' to check C / C++ code against the Google style
[10.238s] -- Configured cpplint exclude dirs and/or files: 
[10.242s] -- Added test 'flake8' to check Python code syntax and style conventions
[10.250s] -- Added test 'lint_cmake' to check CMake code style
[10.265s] -- Added test 'pep257' to check Python code against some of the docstring style conventions in PEP 257
[10.277s] -- Added test 'uncrustify' to check C / C++ code style
[10.290s] -- Configured uncrustify additional arguments: 
[10.294s] -- Added test 'xmllint' to check XML markup files
[10.309s] -- Configuring done
[10.496s] -- Generating done
[10.528s] -- Build files have been written to: /media/arrk-adas/RC-Env/RC-car-project/Rc-Car-Chimera/build/urg_node
[10.600s] Invoked command in '/media/arrk-adas/RC-Env/RC-car-project/Rc-Car-Chimera/build/urg_node' returned '0': CMAKE_PREFIX_PATH=${CMAKE_PREFIX_PATH}:/media/arrk-adas/RC-Env/RC-car-project/Rc-Car-Chimera/install/object_detection:/media/arrk-adas/RC-Env/RC-car-project/Rc-Car-Chimera/install/lidar_noise:/media/arrk-adas/RC-Env/RC-car-project/Rc-Car-Chimera/install/lateral_control:/media/arrk-adas/RC-Env/RC-car-project/Rc-Car-Chimera/install/acc_drive:/opt/ros/humble CONDA_PROMPT_MODIFIER=(/media/arrk-adas/RC-Env/rccar_lib) /usr/bin/cmake /media/arrk-adas/RC-Env/RC-car-project/Rc-Car-Chimera/Rc-Car/src/urg_node -DCMAKE_INSTALL_PREFIX=/media/arrk-adas/RC-Env/RC-car-project/Rc-Car-Chimera/install/urg_node
[10.601s] Invoking command in '/media/arrk-adas/RC-Env/RC-car-project/Rc-Car-Chimera/build/urg_node': CMAKE_PREFIX_PATH=${CMAKE_PREFIX_PATH}:/media/arrk-adas/RC-Env/RC-car-project/Rc-Car-Chimera/install/object_detection:/media/arrk-adas/RC-Env/RC-car-project/Rc-Car-Chimera/install/lidar_noise:/media/arrk-adas/RC-Env/RC-car-project/Rc-Car-Chimera/install/lateral_control:/media/arrk-adas/RC-Env/RC-car-project/Rc-Car-Chimera/install/acc_drive:/opt/ros/humble CONDA_PROMPT_MODIFIER=(/media/arrk-adas/RC-Env/rccar_lib) /usr/bin/cmake --build /media/arrk-adas/RC-Env/RC-car-project/Rc-Car-Chimera/build/urg_node -- -j8 -l8
[10.871s] [ 28%] [32mBuilding CXX object CMakeFiles/urg_node.dir/src/urg_c_wrapper.cpp.o[0m
[10.884s] [ 28%] [32mBuilding CXX object CMakeFiles/urg_node.dir/src/urg_node.cpp.o[0m
[10.912s] [ 42%] [32mBuilding CXX object CMakeFiles/urg_node_driver.dir/rclcpp_components/node_main_urg_node_driver.cpp.o[0m
[22.205s] [ 57%] [32m[1mLinking CXX executable urg_node_driver[0m
[22.484s] [ 57%] Built target urg_node_driver
[32.637s] [ 71%] [32m[1mLinking CXX shared library liburg_node.so[0m
[33.460s] [ 71%] Built target urg_node
[33.499s] [ 85%] [32mBuilding CXX object CMakeFiles/getID.dir/src/get_id.cpp.o[0m
[40.259s] [100%] [32m[1mLinking CXX executable getID[0m
[40.820s] [100%] Built target getID
[40.847s] Invoked command in '/media/arrk-adas/RC-Env/RC-car-project/Rc-Car-Chimera/build/urg_node' returned '0': CMAKE_PREFIX_PATH=${CMAKE_PREFIX_PATH}:/media/arrk-adas/RC-Env/RC-car-project/Rc-Car-Chimera/install/object_detection:/media/arrk-adas/RC-Env/RC-car-project/Rc-Car-Chimera/install/lidar_noise:/media/arrk-adas/RC-Env/RC-car-project/Rc-Car-Chimera/install/lateral_control:/media/arrk-adas/RC-Env/RC-car-project/Rc-Car-Chimera/install/acc_drive:/opt/ros/humble CONDA_PROMPT_MODIFIER=(/media/arrk-adas/RC-Env/rccar_lib) /usr/bin/cmake --build /media/arrk-adas/RC-Env/RC-car-project/Rc-Car-Chimera/build/urg_node -- -j8 -l8
[40.848s] Invoking command in '/media/arrk-adas/RC-Env/RC-car-project/Rc-Car-Chimera/build/urg_node': CMAKE_PREFIX_PATH=${CMAKE_PREFIX_PATH}:/media/arrk-adas/RC-Env/RC-car-project/Rc-Car-Chimera/install/object_detection:/media/arrk-adas/RC-Env/RC-car-project/Rc-Car-Chimera/install/lidar_noise:/media/arrk-adas/RC-Env/RC-car-project/Rc-Car-Chimera/install/lateral_control:/media/arrk-adas/RC-Env/RC-car-project/Rc-Car-Chimera/install/acc_drive:/opt/ros/humble CONDA_PROMPT_MODIFIER=(/media/arrk-adas/RC-Env/rccar_lib) /usr/bin/cmake --install /media/arrk-adas/RC-Env/RC-car-project/Rc-Car-Chimera/build/urg_node
[40.860s] -- Install configuration: ""
[40.860s] -- Installing: /media/arrk-adas/RC-Env/RC-car-project/Rc-Car-Chimera/install/urg_node/lib/urg_node/urg_node_driver
[40.862s] -- Set runtime path of "/media/arrk-adas/RC-Env/RC-car-project/Rc-Car-Chimera/install/urg_node/lib/urg_node/urg_node_driver" to ""
[40.862s] -- Installing: /media/arrk-adas/RC-Env/RC-car-project/Rc-Car-Chimera/install/urg_node/lib/liburg_node.so
[40.870s] -- Set runtime path of "/media/arrk-adas/RC-Env/RC-car-project/Rc-Car-Chimera/install/urg_node/lib/liburg_node.so" to ""
[40.871s] -- Installing: /media/arrk-adas/RC-Env/RC-car-project/Rc-Car-Chimera/install/urg_node/lib/urg_node/getID
[40.871s] -- Set runtime path of "/media/arrk-adas/RC-Env/RC-car-project/Rc-Car-Chimera/install/urg_node/lib/urg_node/getID" to ""
[40.871s] -- Installing: /media/arrk-adas/RC-Env/RC-car-project/Rc-Car-Chimera/install/urg_node/include
[40.872s] -- Installing: /media/arrk-adas/RC-Env/RC-car-project/Rc-Car-Chimera/install/urg_node/include/urg_node
[40.872s] -- Installing: /media/arrk-adas/RC-Env/RC-car-project/Rc-Car-Chimera/install/urg_node/include/urg_node/urg_c_wrapper.hpp
[40.874s] -- Installing: /media/arrk-adas/RC-Env/RC-car-project/Rc-Car-Chimera/install/urg_node/include/urg_node/urg_node.hpp
[40.875s] -- Installing: /media/arrk-adas/RC-Env/RC-car-project/Rc-Car-Chimera/install/urg_node/lib/urg_node/set_urg_ip.py
[40.876s] -- Installing: /media/arrk-adas/RC-Env/RC-car-project/Rc-Car-Chimera/install/urg_node/share/urg_node/launch
[40.877s] -- Installing: /media/arrk-adas/RC-Env/RC-car-project/Rc-Car-Chimera/install/urg_node/share/urg_node/launch/urg_lidar.launch
[40.878s] -- Installing: /media/arrk-adas/RC-Env/RC-car-project/Rc-Car-Chimera/install/urg_node/share/urg_node/launch/urg_node_ethernet.yaml
[40.880s] -- Installing: /media/arrk-adas/RC-Env/RC-car-project/Rc-Car-Chimera/install/urg_node/share/urg_node/launch/urg_node_serial.yaml
[40.881s] -- Installing: /media/arrk-adas/RC-Env/RC-car-project/Rc-Car-Chimera/install/urg_node/share/urg_node/launch/hokuyo_laser.urdf
[40.883s] -- Installing: /media/arrk-adas/RC-Env/RC-car-project/Rc-Car-Chimera/install/urg_node/share/urg_node/launch/urg_node_launch.py
[40.884s] -- Installing: /media/arrk-adas/RC-Env/RC-car-project/Rc-Car-Chimera/install/urg_node/share/urg_node/meshes
[40.885s] -- Installing: /media/arrk-adas/RC-Env/RC-car-project/Rc-Car-Chimera/install/urg_node/share/urg_node/meshes/hokuyo_ust10.stl
[40.890s] -- Installing: /media/arrk-adas/RC-Env/RC-car-project/Rc-Car-Chimera/install/urg_node/share/urg_node/urdf
[40.890s] -- Installing: /media/arrk-adas/RC-Env/RC-car-project/Rc-Car-Chimera/install/urg_node/share/urg_node/urdf/hokuyo_ust10.urdf.xacro
[40.892s] -- Installing: /media/arrk-adas/RC-Env/RC-car-project/Rc-Car-Chimera/install/urg_node/share/urg_node/environment/library_path.sh
[40.894s] -- Installing: /media/arrk-adas/RC-Env/RC-car-project/Rc-Car-Chimera/install/urg_node/share/urg_node/environment/library_path.dsv
[40.897s] -- Installing: /media/arrk-adas/RC-Env/RC-car-project/Rc-Car-Chimera/install/urg_node/share/ament_index/resource_index/package_run_dependencies/urg_node
[40.899s] -- Installing: /media/arrk-adas/RC-Env/RC-car-project/Rc-Car-Chimera/install/urg_node/share/ament_index/resource_index/parent_prefix_path/urg_node
[40.901s] -- Installing: /media/arrk-adas/RC-Env/RC-car-project/Rc-Car-Chimera/install/urg_node/share/urg_node/environment/ament_prefix_path.sh
[40.903s] -- Installing: /media/arrk-adas/RC-Env/RC-car-project/Rc-Car-Chimera/install/urg_node/share/urg_node/environment/ament_prefix_path.dsv
[40.904s] -- Installing: /media/arrk-adas/RC-Env/RC-car-project/Rc-Car-Chimera/install/urg_node/share/urg_node/environment/path.sh
[40.906s] -- Installing: /media/arrk-adas/RC-Env/RC-car-project/Rc-Car-Chimera/install/urg_node/share/urg_node/environment/path.dsv
[40.906s] -- Installing: /media/arrk-adas/RC-Env/RC-car-project/Rc-Car-Chimera/install/urg_node/share/urg_node/local_setup.bash
[40.906s] -- Installing: /media/arrk-adas/RC-Env/RC-car-project/Rc-Car-Chimera/install/urg_node/share/urg_node/local_setup.sh
[40.906s] -- Installing: /media/arrk-adas/RC-Env/RC-car-project/Rc-Car-Chimera/install/urg_node/share/urg_node/local_setup.zsh
[40.907s] -- Installing: /media/arrk-adas/RC-Env/RC-car-project/Rc-Car-Chimera/install/urg_node/share/urg_node/local_setup.dsv
[40.907s] -- Installing: /media/arrk-adas/RC-Env/RC-car-project/Rc-Car-Chimera/install/urg_node/share/urg_node/package.dsv
[40.907s] -- Installing: /media/arrk-adas/RC-Env/RC-car-project/Rc-Car-Chimera/install/urg_node/share/ament_index/resource_index/packages/urg_node
[40.908s] -- Installing: /media/arrk-adas/RC-Env/RC-car-project/Rc-Car-Chimera/install/urg_node/share/ament_index/resource_index/rclcpp_components/urg_node
[40.908s] -- Installing: /media/arrk-adas/RC-Env/RC-car-project/Rc-Car-Chimera/install/urg_node/share/urg_node/cmake/ament_cmake_export_dependencies-extras.cmake
[40.908s] -- Installing: /media/arrk-adas/RC-Env/RC-car-project/Rc-Car-Chimera/install/urg_node/share/urg_node/cmake/ament_cmake_export_include_directories-extras.cmake
[40.909s] -- Installing: /media/arrk-adas/RC-Env/RC-car-project/Rc-Car-Chimera/install/urg_node/share/urg_node/cmake/ament_cmake_export_libraries-extras.cmake
[40.909s] -- Installing: /media/arrk-adas/RC-Env/RC-car-project/Rc-Car-Chimera/install/urg_node/share/urg_node/cmake/urg_nodeConfig.cmake
[40.909s] -- Installing: /media/arrk-adas/RC-Env/RC-car-project/Rc-Car-Chimera/install/urg_node/share/urg_node/cmake/urg_nodeConfig-version.cmake
[40.909s] -- Installing: /media/arrk-adas/RC-Env/RC-car-project/Rc-Car-Chimera/install/urg_node/share/urg_node/package.xml
[40.925s] Invoked command in '/media/arrk-adas/RC-Env/RC-car-project/Rc-Car-Chimera/build/urg_node' returned '0': CMAKE_PREFIX_PATH=${CMAKE_PREFIX_PATH}:/media/arrk-adas/RC-Env/RC-car-project/Rc-Car-Chimera/install/object_detection:/media/arrk-adas/RC-Env/RC-car-project/Rc-Car-Chimera/install/lidar_noise:/media/arrk-adas/RC-Env/RC-car-project/Rc-Car-Chimera/install/lateral_control:/media/arrk-adas/RC-Env/RC-car-project/Rc-Car-Chimera/install/acc_drive:/opt/ros/humble CONDA_PROMPT_MODIFIER=(/media/arrk-adas/RC-Env/rccar_lib) /usr/bin/cmake --install /media/arrk-adas/RC-Env/RC-car-project/Rc-Car-Chimera/build/urg_node
