[0.560s] Invoking command in '/media/arrk-adas/RC-Env/RC-car-project/Rc-Car-Chimera/build/depth_sensing': CMAKE_PREFIX_PATH=${CMAKE_PREFIX_PATH}:/media/arrk-adas/RC-Env/RC-car-project/Rc-Car-Chimera/install/object_detection:/media/arrk-adas/RC-Env/RC-car-project/Rc-Car-Chimera/install/lidar_noise:/media/arrk-adas/RC-Env/RC-car-project/Rc-Car-Chimera/install/lateral_control:/media/arrk-adas/RC-Env/RC-car-project/Rc-Car-Chimera/install/acc_drive:/opt/ros/humble CONDA_PROMPT_MODIFIER=(/media/arrk-adas/RC-Env/rccar_lib) /usr/bin/cmake --build /media/arrk-adas/RC-Env/RC-car-project/Rc-Car-Chimera/build/depth_sensing -- -j8 -l8
[1.999s] [100%] Built target depth_sensing
[2.028s] Invoked command in '/media/arrk-adas/RC-Env/RC-car-project/Rc-Car-Chimera/build/depth_sensing' returned '0': CMAKE_PREFIX_PATH=${CMAKE_PREFIX_PATH}:/media/arrk-adas/RC-Env/RC-car-project/Rc-Car-Chimera/install/object_detection:/media/arrk-adas/RC-Env/RC-car-project/Rc-Car-Chimera/install/lidar_noise:/media/arrk-adas/RC-Env/RC-car-project/Rc-Car-Chimera/install/lateral_control:/media/arrk-adas/RC-Env/RC-car-project/Rc-Car-Chimera/install/acc_drive:/opt/ros/humble CONDA_PROMPT_MODIFIER=(/media/arrk-adas/RC-Env/rccar_lib) /usr/bin/cmake --build /media/arrk-adas/RC-Env/RC-car-project/Rc-Car-Chimera/build/depth_sensing -- -j8 -l8
[2.030s] Invoking command in '/media/arrk-adas/RC-Env/RC-car-project/Rc-Car-Chimera/build/depth_sensing': CMAKE_PREFIX_PATH=${CMAKE_PREFIX_PATH}:/media/arrk-adas/RC-Env/RC-car-project/Rc-Car-Chimera/install/object_detection:/media/arrk-adas/RC-Env/RC-car-project/Rc-Car-Chimera/install/lidar_noise:/media/arrk-adas/RC-Env/RC-car-project/Rc-Car-Chimera/install/lateral_control:/media/arrk-adas/RC-Env/RC-car-project/Rc-Car-Chimera/install/acc_drive:/opt/ros/humble CONDA_PROMPT_MODIFIER=(/media/arrk-adas/RC-Env/rccar_lib) /usr/bin/cmake --install /media/arrk-adas/RC-Env/RC-car-project/Rc-Car-Chimera/build/depth_sensing
[2.049s] -- Install configuration: "Release"
[2.050s] -- Up-to-date: /media/arrk-adas/RC-Env/RC-car-project/Rc-Car-Chimera/install/depth_sensing/lib/depth_sensing/depth_sensing
[2.051s] -- Up-to-date: /media/arrk-adas/RC-Env/RC-car-project/Rc-Car-Chimera/install/depth_sensing/share/ament_index/resource_index/package_run_dependencies/depth_sensing
[2.053s] -- Up-to-date: /media/arrk-adas/RC-Env/RC-car-project/Rc-Car-Chimera/install/depth_sensing/share/ament_index/resource_index/parent_prefix_path/depth_sensing
[2.053s] -- Up-to-date: /media/arrk-adas/RC-Env/RC-car-project/Rc-Car-Chimera/install/depth_sensing/share/depth_sensing/environment/ament_prefix_path.sh
[2.054s] -- Up-to-date: /media/arrk-adas/RC-Env/RC-car-project/Rc-Car-Chimera/install/depth_sensing/share/depth_sensing/environment/ament_prefix_path.dsv
[2.054s] -- Up-to-date: /media/arrk-adas/RC-Env/RC-car-project/Rc-Car-Chimera/install/depth_sensing/share/depth_sensing/environment/path.sh
[2.055s] -- Up-to-date: /media/arrk-adas/RC-Env/RC-car-project/Rc-Car-Chimera/install/depth_sensing/share/depth_sensing/environment/path.dsv
[2.056s] -- Up-to-date: /media/arrk-adas/RC-Env/RC-car-project/Rc-Car-Chimera/install/depth_sensing/share/depth_sensing/local_setup.bash
[2.056s] -- Up-to-date: /media/arrk-adas/RC-Env/RC-car-project/Rc-Car-Chimera/install/depth_sensing/share/depth_sensing/local_setup.sh
[2.056s] -- Up-to-date: /media/arrk-adas/RC-Env/RC-car-project/Rc-Car-Chimera/install/depth_sensing/share/depth_sensing/local_setup.zsh
[2.056s] -- Up-to-date: /media/arrk-adas/RC-Env/RC-car-project/Rc-Car-Chimera/install/depth_sensing/share/depth_sensing/local_setup.dsv
[2.058s] -- Installing: /media/arrk-adas/RC-Env/RC-car-project/Rc-Car-Chimera/install/depth_sensing/share/depth_sensing/package.dsv
[2.058s] -- Up-to-date: /media/arrk-adas/RC-Env/RC-car-project/Rc-Car-Chimera/install/depth_sensing/share/ament_index/resource_index/packages/depth_sensing
[2.059s] -- Up-to-date: /media/arrk-adas/RC-Env/RC-car-project/Rc-Car-Chimera/install/depth_sensing/share/depth_sensing/cmake/depth_sensingConfig.cmake
[2.060s] -- Up-to-date: /media/arrk-adas/RC-Env/RC-car-project/Rc-Car-Chimera/install/depth_sensing/share/depth_sensing/cmake/depth_sensingConfig-version.cmake
[2.061s] -- Up-to-date: /media/arrk-adas/RC-Env/RC-car-project/Rc-Car-Chimera/install/depth_sensing/share/depth_sensing/package.xml
[2.077s] Invoked command in '/media/arrk-adas/RC-Env/RC-car-project/Rc-Car-Chimera/build/depth_sensing' returned '0': CMAKE_PREFIX_PATH=${CMAKE_PREFIX_PATH}:/media/arrk-adas/RC-Env/RC-car-project/Rc-Car-Chimera/install/object_detection:/media/arrk-adas/RC-Env/RC-car-project/Rc-Car-Chimera/install/lidar_noise:/media/arrk-adas/RC-Env/RC-car-project/Rc-Car-Chimera/install/lateral_control:/media/arrk-adas/RC-Env/RC-car-project/Rc-Car-Chimera/install/acc_drive:/opt/ros/humble CONDA_PROMPT_MODIFIER=(/media/arrk-adas/RC-Env/rccar_lib) /usr/bin/cmake --install /media/arrk-adas/RC-Env/RC-car-project/Rc-Car-Chimera/build/depth_sensing
