[3.242s] Invoking command in '/media/arrk-adas/RC-Env/RC-car-project/Rc-Car-Chimera/Rc-Car/src/acc_drive': CONDA_PROMPT_MODIFIER=(/media/arrk-adas/RC-Env/rccar_lib) PYTHONPATH=/media/arrk-adas/RC-Env/RC-car-project/Rc-Car-Chimera/build/acc_drive/prefix_override:/usr/lib/python3/dist-packages/colcon_core/task/python/colcon_distutils_commands:/media/arrk-adas/RC-Env/RC-car-project/Rc-Car-Chimera/install/acc_drive/lib/python3.10/site-packages:${PYTHONPATH} /usr/bin/python3 -W ignore:setup.py install is deprecated -W ignore:easy_install command is deprecated setup.py egg_info --egg-base ../../../build/acc_drive build --build-base /media/arrk-adas/RC-Env/RC-car-project/Rc-Car-Chimera/build/acc_drive/build install --record /media/arrk-adas/RC-Env/RC-car-project/Rc-Car-Chimera/build/acc_drive/install.log --single-version-externally-managed install_data
[3.830s] running egg_info
[3.870s] writing ../../../build/acc_drive/acc_drive.egg-info/PKG-INFO
[3.872s] writing dependency_links to ../../../build/acc_drive/acc_drive.egg-info/dependency_links.txt
[3.872s] writing entry points to ../../../build/acc_drive/acc_drive.egg-info/entry_points.txt
[3.873s] writing requirements to ../../../build/acc_drive/acc_drive.egg-info/requires.txt
[3.873s] writing top-level names to ../../../build/acc_drive/acc_drive.egg-info/top_level.txt
[3.961s] reading manifest file '../../../build/acc_drive/acc_drive.egg-info/SOURCES.txt'
[3.964s] writing manifest file '../../../build/acc_drive/acc_drive.egg-info/SOURCES.txt'
[3.964s] running build
[3.964s] running build_py
[3.965s] copying acc_drive/__init__.py -> /media/arrk-adas/RC-Env/RC-car-project/Rc-Car-Chimera/build/acc_drive/build/lib/acc_drive
[3.965s] copying acc_drive/acc_drive.py -> /media/arrk-adas/RC-Env/RC-car-project/Rc-Car-Chimera/build/acc_drive/build/lib/acc_drive
[3.966s] running install
[3.974s] running install_lib
[4.018s] running install_data
[4.018s] copying resource/acc_drive -> /media/arrk-adas/RC-Env/RC-car-project/Rc-Car-Chimera/install/acc_drive/share/ament_index/resource_index/packages
[4.018s] copying package.xml -> /media/arrk-adas/RC-Env/RC-car-project/Rc-Car-Chimera/install/acc_drive/share/acc_drive
[4.019s] running install_egg_info
[4.062s] removing '/media/arrk-adas/RC-Env/RC-car-project/Rc-Car-Chimera/install/acc_drive/lib/python3.10/site-packages/acc_drive-0.0.0-py3.10.egg-info' (and everything under it)
[4.062s] Copying ../../../build/acc_drive/acc_drive.egg-info to /media/arrk-adas/RC-Env/RC-car-project/Rc-Car-Chimera/install/acc_drive/lib/python3.10/site-packages/acc_drive-0.0.0-py3.10.egg-info
[4.064s] running install_scripts
[4.155s] Installing acc_drive script to /media/arrk-adas/RC-Env/RC-car-project/Rc-Car-Chimera/install/acc_drive/lib/acc_drive
[4.156s] writing list of installed files to '/media/arrk-adas/RC-Env/RC-car-project/Rc-Car-Chimera/build/acc_drive/install.log'
[4.244s] Invoked command in '/media/arrk-adas/RC-Env/RC-car-project/Rc-Car-Chimera/Rc-Car/src/acc_drive' returned '0': CONDA_PROMPT_MODIFIER=(/media/arrk-adas/RC-Env/rccar_lib) PYTHONPATH=/media/arrk-adas/RC-Env/RC-car-project/Rc-Car-Chimera/build/acc_drive/prefix_override:/usr/lib/python3/dist-packages/colcon_core/task/python/colcon_distutils_commands:/media/arrk-adas/RC-Env/RC-car-project/Rc-Car-Chimera/install/acc_drive/lib/python3.10/site-packages:${PYTHONPATH} /usr/bin/python3 -W ignore:setup.py install is deprecated -W ignore:easy_install command is deprecated setup.py egg_info --egg-base ../../../build/acc_drive build --build-base /media/arrk-adas/RC-Env/RC-car-project/Rc-Car-Chimera/build/acc_drive/build install --record /media/arrk-adas/RC-Env/RC-car-project/Rc-Car-Chimera/build/acc_drive/install.log --single-version-externally-managed install_data
