[ 71%] Built target stage_node
[100%] Built target stage_ros2
-- Install configuration: ""
-- Up-to-date: /media/arrk-adas/RC-Env/RC-car-project/Rc-Car-Chimera/install/stage_ros2/share/stage_ros2/environment/library_path.sh
-- Up-to-date: /media/arrk-adas/RC-Env/RC-car-project/Rc-Car-Chimera/install/stage_ros2/share/stage_ros2/environment/library_path.dsv
-- Up-to-date: /media/arrk-adas/RC-Env/RC-car-project/Rc-Car-Chimera/install/stage_ros2/share/stage_ros2//launch
-- Up-to-date: /media/arrk-adas/RC-Env/RC-car-project/Rc-Car-Chimera/install/stage_ros2/share/stage_ros2//launch/f710.launch.py
-- Up-to-date: /media/arrk-adas/RC-Env/RC-car-project/Rc-Car-Chimera/install/stage_ros2/share/stage_ros2//launch/rviz_ns.launch.py
-- Up-to-date: /media/arrk-adas/RC-Env/RC-car-project/Rc-Car-Chimera/install/stage_ros2/share/stage_ros2//launch/rviz.launch.py
-- Up-to-date: /media/arrk-adas/RC-Env/RC-car-project/Rc-Car-Chimera/install/stage_ros2/share/stage_ros2//launch/stage.launch.py
-- Up-to-date: /media/arrk-adas/RC-Env/RC-car-project/Rc-Car-Chimera/install/stage_ros2/share/stage_ros2//launch/demo.launch.py
-- Up-to-date: /media/arrk-adas/RC-Env/RC-car-project/Rc-Car-Chimera/install/stage_ros2/share/stage_ros2//world
-- Up-to-date: /media/arrk-adas/RC-Env/RC-car-project/Rc-Car-Chimera/install/stage_ros2/share/stage_ros2//world/bitmaps
-- Up-to-date: /media/arrk-adas/RC-Env/RC-car-project/Rc-Car-Chimera/install/stage_ros2/share/stage_ros2//world/bitmaps/warehouse008.pgm
-- Up-to-date: /media/arrk-adas/RC-Env/RC-car-project/Rc-Car-Chimera/install/stage_ros2/share/stage_ros2//world/bitmaps/hallway.pgm
-- Up-to-date: /media/arrk-adas/RC-Env/RC-car-project/Rc-Car-Chimera/install/stage_ros2/share/stage_ros2//world/bitmaps/hallway.png
-- Up-to-date: /media/arrk-adas/RC-Env/RC-car-project/Rc-Car-Chimera/install/stage_ros2/share/stage_ros2//world/bitmaps/cave.png
-- Up-to-date: /media/arrk-adas/RC-Env/RC-car-project/Rc-Car-Chimera/install/stage_ros2/share/stage_ros2//world/bitmaps/warehouse200.pgm
-- Up-to-date: /media/arrk-adas/RC-Env/RC-car-project/Rc-Car-Chimera/install/stage_ros2/share/stage_ros2//world/bitmaps/line.png
-- Up-to-date: /media/arrk-adas/RC-Env/RC-car-project/Rc-Car-Chimera/install/stage_ros2/share/stage_ros2//world/bitmaps/straden.png
-- Up-to-date: /media/arrk-adas/RC-Env/RC-car-project/Rc-Car-Chimera/install/stage_ros2/share/stage_ros2//world/bitmaps/willow-full.pgm
-- Up-to-date: /media/arrk-adas/RC-Env/RC-car-project/Rc-Car-Chimera/install/stage_ros2/share/stage_ros2//world/bitmaps/warehouse032.pgm
-- Up-to-date: /media/arrk-adas/RC-Env/RC-car-project/Rc-Car-Chimera/install/stage_ros2/share/stage_ros2//world/cave_seven_robots.world
-- Up-to-date: /media/arrk-adas/RC-Env/RC-car-project/Rc-Car-Chimera/install/stage_ros2/share/stage_ros2//world/straden.world
-- Up-to-date: /media/arrk-adas/RC-Env/RC-car-project/Rc-Car-Chimera/install/stage_ros2/share/stage_ros2//world/cave_three_robots.world
-- Up-to-date: /media/arrk-adas/RC-Env/RC-car-project/Rc-Car-Chimera/install/stage_ros2/share/stage_ros2//world/lines.world
-- Up-to-date: /media/arrk-adas/RC-Env/RC-car-project/Rc-Car-Chimera/install/stage_ros2/share/stage_ros2//world/hallway.world
-- Up-to-date: /media/arrk-adas/RC-Env/RC-car-project/Rc-Car-Chimera/install/stage_ros2/share/stage_ros2//world/cave.world
-- Up-to-date: /media/arrk-adas/RC-Env/RC-car-project/Rc-Car-Chimera/install/stage_ros2/share/stage_ros2//world/willow-four-erratics-multisensor.world
-- Up-to-date: /media/arrk-adas/RC-Env/RC-car-project/Rc-Car-Chimera/install/stage_ros2/share/stage_ros2//world/include
-- Up-to-date: /media/arrk-adas/RC-Env/RC-car-project/Rc-Car-Chimera/install/stage_ros2/share/stage_ros2//world/include/robots.inc
-- Up-to-date: /media/arrk-adas/RC-Env/RC-car-project/Rc-Car-Chimera/install/stage_ros2/share/stage_ros2//world/include/pioneer2dx.inc
-- Up-to-date: /media/arrk-adas/RC-Env/RC-car-project/Rc-Car-Chimera/install/stage_ros2/share/stage_ros2//config
-- Up-to-date: /media/arrk-adas/RC-Env/RC-car-project/Rc-Car-Chimera/install/stage_ros2/share/stage_ros2//config/teleop_twist_joy
-- Up-to-date: /media/arrk-adas/RC-Env/RC-car-project/Rc-Car-Chimera/install/stage_ros2/share/stage_ros2//config/teleop_twist_joy/f710.config.yaml
-- Up-to-date: /media/arrk-adas/RC-Env/RC-car-project/Rc-Car-Chimera/install/stage_ros2/share/stage_ros2//config/rviz
-- Up-to-date: /media/arrk-adas/RC-Env/RC-car-project/Rc-Car-Chimera/install/stage_ros2/share/stage_ros2//config/rviz/cave_seven_robots.rviz
-- Up-to-date: /media/arrk-adas/RC-Env/RC-car-project/Rc-Car-Chimera/install/stage_ros2/share/stage_ros2//config/rviz/robot_ns_depth.rviz
-- Up-to-date: /media/arrk-adas/RC-Env/RC-car-project/Rc-Car-Chimera/install/stage_ros2/share/stage_ros2//config/rviz/robot0.rviz
-- Up-to-date: /media/arrk-adas/RC-Env/RC-car-project/Rc-Car-Chimera/install/stage_ros2/share/stage_ros2//config/rviz/lines.rviz
-- Up-to-date: /media/arrk-adas/RC-Env/RC-car-project/Rc-Car-Chimera/install/stage_ros2/share/stage_ros2//config/rviz/cave.rviz
-- Up-to-date: /media/arrk-adas/RC-Env/RC-car-project/Rc-Car-Chimera/install/stage_ros2/share/stage_ros2//config/rviz/cave_three_robots.rviz
-- Up-to-date: /media/arrk-adas/RC-Env/RC-car-project/Rc-Car-Chimera/install/stage_ros2/share/stage_ros2//config/rviz/robot_ns.rviz
-- Up-to-date: /media/arrk-adas/RC-Env/RC-car-project/Rc-Car-Chimera/install/stage_ros2/lib/libstage_node.so
-- Up-to-date: /media/arrk-adas/RC-Env/RC-car-project/Rc-Car-Chimera/install/stage_ros2/lib/stage_ros2/stage_ros2
-- Up-to-date: /media/arrk-adas/RC-Env/RC-car-project/Rc-Car-Chimera/install/stage_ros2/share/ament_index/resource_index/package_run_dependencies/stage_ros2
-- Up-to-date: /media/arrk-adas/RC-Env/RC-car-project/Rc-Car-Chimera/install/stage_ros2/share/ament_index/resource_index/parent_prefix_path/stage_ros2
-- Up-to-date: /media/arrk-adas/RC-Env/RC-car-project/Rc-Car-Chimera/install/stage_ros2/share/stage_ros2/environment/ament_prefix_path.sh
-- Up-to-date: /media/arrk-adas/RC-Env/RC-car-project/Rc-Car-Chimera/install/stage_ros2/share/stage_ros2/environment/ament_prefix_path.dsv
-- Up-to-date: /media/arrk-adas/RC-Env/RC-car-project/Rc-Car-Chimera/install/stage_ros2/share/stage_ros2/environment/path.sh
-- Up-to-date: /media/arrk-adas/RC-Env/RC-car-project/Rc-Car-Chimera/install/stage_ros2/share/stage_ros2/environment/path.dsv
-- Up-to-date: /media/arrk-adas/RC-Env/RC-car-project/Rc-Car-Chimera/install/stage_ros2/share/stage_ros2/local_setup.bash
-- Up-to-date: /media/arrk-adas/RC-Env/RC-car-project/Rc-Car-Chimera/install/stage_ros2/share/stage_ros2/local_setup.sh
-- Up-to-date: /media/arrk-adas/RC-Env/RC-car-project/Rc-Car-Chimera/install/stage_ros2/share/stage_ros2/local_setup.zsh
-- Up-to-date: /media/arrk-adas/RC-Env/RC-car-project/Rc-Car-Chimera/install/stage_ros2/share/stage_ros2/local_setup.dsv
-- Installing: /media/arrk-adas/RC-Env/RC-car-project/Rc-Car-Chimera/install/stage_ros2/share/stage_ros2/package.dsv
-- Up-to-date: /media/arrk-adas/RC-Env/RC-car-project/Rc-Car-Chimera/install/stage_ros2/share/ament_index/resource_index/packages/stage_ros2
-- Up-to-date: /media/arrk-adas/RC-Env/RC-car-project/Rc-Car-Chimera/install/stage_ros2/share/stage_ros2/cmake/stage_ros2Config.cmake
-- Up-to-date: /media/arrk-adas/RC-Env/RC-car-project/Rc-Car-Chimera/install/stage_ros2/share/stage_ros2/cmake/stage_ros2Config-version.cmake
-- Up-to-date: /media/arrk-adas/RC-Env/RC-car-project/Rc-Car-Chimera/install/stage_ros2/share/stage_ros2/package.xml
