[0.029s] Invoking command in '/media/arrk-adas/RC-Env/RC-car-project/Rc-Car-Chimera/build/stage_ros2': CMAKE_PREFIX_PATH=/media/arrk-adas/RC-Env/RC-car-project/Rc-Car-Chimera/install/Stage:/media/arrk-adas/RC-Env/RC-car-project/Rc-Car-Chimera/install/urg_node:/media/arrk-adas/RC-Env/RC-car-project/Rc-Car-Chimera/install/stage_ros2:/media/arrk-adas/RC-Env/RC-car-project/Rc-Car-Chimera/install/depth_sensing:/media/arrk-adas/RC-Env/RC-car-project/Rc-Car-Chimera/install/object_detection:/media/arrk-adas/RC-Env/RC-car-project/Rc-Car-Chimera/install/lidar_noise:/media/arrk-adas/RC-Env/RC-car-project/Rc-Car-Chimera/install/lateral_control:/media/arrk-adas/RC-Env/RC-car-project/Rc-Car-Chimera/install/acc_drive:/opt/ros/humble CONDA_PROMPT_MODIFIER=(/media/arrk-adas/RC-Env/rccar_lib) LD_LIBRARY_PATH=/media/arrk-adas/RC-Env/RC-car-project/Rc-Car-Chimera/install/Stage/lib:/media/arrk-adas/RC-Env/RC-car-project/Rc-Car-Chimera/install/urg_node/lib:/media/arrk-adas/RC-Env/RC-car-project/Rc-Car-Chimera/install/stage_ros2/lib:/opt/ros/humble/opt/rviz_ogre_vendor/lib:/opt/ros/humble/lib/aarch64-linux-gnu:/opt/ros/humble/lib PATH=/media/arrk-adas/RC-Env/RC-car-project/Rc-Car-Chimera/install/Stage/bin:/media/arrk-adas/RC-Env/RC-car-project/Rc-Car-Chimera/install/object_detection/bin:/media/arrk-adas/RC-Env/RC-car-project/Rc-Car-Chimera/install/lateral_control/bin:/media/arrk-adas/RC-Env/RC-car-project/Rc-Car-Chimera/install/acc_drive/bin:/media/arrk-adas/RC-Env/rccar_lib/bin:/home/arrk-adas/miniforge3/condabin:/opt/ros/humble/bin:/home/arrk-adas/.local/bin:/usr/local/sbin:/usr/local/bin:/usr/sbin:/usr/bin:/sbin:/bin:/usr/games:/usr/local/games:/snap/bin:/snap/bin /usr/bin/cmake --build /media/arrk-adas/RC-Env/RC-car-project/Rc-Car-Chimera/build/stage_ros2 -- -j8 -l8
[0.168s] [ 71%] Built target stage_node
[0.219s] [100%] Built target stage_ros2
[0.240s] Invoked command in '/media/arrk-adas/RC-Env/RC-car-project/Rc-Car-Chimera/build/stage_ros2' returned '0': CMAKE_PREFIX_PATH=/media/arrk-adas/RC-Env/RC-car-project/Rc-Car-Chimera/install/Stage:/media/arrk-adas/RC-Env/RC-car-project/Rc-Car-Chimera/install/urg_node:/media/arrk-adas/RC-Env/RC-car-project/Rc-Car-Chimera/install/stage_ros2:/media/arrk-adas/RC-Env/RC-car-project/Rc-Car-Chimera/install/depth_sensing:/media/arrk-adas/RC-Env/RC-car-project/Rc-Car-Chimera/install/object_detection:/media/arrk-adas/RC-Env/RC-car-project/Rc-Car-Chimera/install/lidar_noise:/media/arrk-adas/RC-Env/RC-car-project/Rc-Car-Chimera/install/lateral_control:/media/arrk-adas/RC-Env/RC-car-project/Rc-Car-Chimera/install/acc_drive:/opt/ros/humble CONDA_PROMPT_MODIFIER=(/media/arrk-adas/RC-Env/rccar_lib) LD_LIBRARY_PATH=/media/arrk-adas/RC-Env/RC-car-project/Rc-Car-Chimera/install/Stage/lib:/media/arrk-adas/RC-Env/RC-car-project/Rc-Car-Chimera/install/urg_node/lib:/media/arrk-adas/RC-Env/RC-car-project/Rc-Car-Chimera/install/stage_ros2/lib:/opt/ros/humble/opt/rviz_ogre_vendor/lib:/opt/ros/humble/lib/aarch64-linux-gnu:/opt/ros/humble/lib PATH=/media/arrk-adas/RC-Env/RC-car-project/Rc-Car-Chimera/install/Stage/bin:/media/arrk-adas/RC-Env/RC-car-project/Rc-Car-Chimera/install/object_detection/bin:/media/arrk-adas/RC-Env/RC-car-project/Rc-Car-Chimera/install/lateral_control/bin:/media/arrk-adas/RC-Env/RC-car-project/Rc-Car-Chimera/install/acc_drive/bin:/media/arrk-adas/RC-Env/rccar_lib/bin:/home/arrk-adas/miniforge3/condabin:/opt/ros/humble/bin:/home/arrk-adas/.local/bin:/usr/local/sbin:/usr/local/bin:/usr/sbin:/usr/bin:/sbin:/bin:/usr/games:/usr/local/games:/snap/bin:/snap/bin /usr/bin/cmake --build /media/arrk-adas/RC-Env/RC-car-project/Rc-Car-Chimera/build/stage_ros2 -- -j8 -l8
[0.244s] Invoking command in '/media/arrk-adas/RC-Env/RC-car-project/Rc-Car-Chimera/build/stage_ros2': CMAKE_PREFIX_PATH=/media/arrk-adas/RC-Env/RC-car-project/Rc-Car-Chimera/install/Stage:/media/arrk-adas/RC-Env/RC-car-project/Rc-Car-Chimera/install/urg_node:/media/arrk-adas/RC-Env/RC-car-project/Rc-Car-Chimera/install/stage_ros2:/media/arrk-adas/RC-Env/RC-car-project/Rc-Car-Chimera/install/depth_sensing:/media/arrk-adas/RC-Env/RC-car-project/Rc-Car-Chimera/install/object_detection:/media/arrk-adas/RC-Env/RC-car-project/Rc-Car-Chimera/install/lidar_noise:/media/arrk-adas/RC-Env/RC-car-project/Rc-Car-Chimera/install/lateral_control:/media/arrk-adas/RC-Env/RC-car-project/Rc-Car-Chimera/install/acc_drive:/opt/ros/humble CONDA_PROMPT_MODIFIER=(/media/arrk-adas/RC-Env/rccar_lib) LD_LIBRARY_PATH=/media/arrk-adas/RC-Env/RC-car-project/Rc-Car-Chimera/install/Stage/lib:/media/arrk-adas/RC-Env/RC-car-project/Rc-Car-Chimera/install/urg_node/lib:/media/arrk-adas/RC-Env/RC-car-project/Rc-Car-Chimera/install/stage_ros2/lib:/opt/ros/humble/opt/rviz_ogre_vendor/lib:/opt/ros/humble/lib/aarch64-linux-gnu:/opt/ros/humble/lib PATH=/media/arrk-adas/RC-Env/RC-car-project/Rc-Car-Chimera/install/Stage/bin:/media/arrk-adas/RC-Env/RC-car-project/Rc-Car-Chimera/install/object_detection/bin:/media/arrk-adas/RC-Env/RC-car-project/Rc-Car-Chimera/install/lateral_control/bin:/media/arrk-adas/RC-Env/RC-car-project/Rc-Car-Chimera/install/acc_drive/bin:/media/arrk-adas/RC-Env/rccar_lib/bin:/home/arrk-adas/miniforge3/condabin:/opt/ros/humble/bin:/home/arrk-adas/.local/bin:/usr/local/sbin:/usr/local/bin:/usr/sbin:/usr/bin:/sbin:/bin:/usr/games:/usr/local/games:/snap/bin:/snap/bin /usr/bin/cmake --install /media/arrk-adas/RC-Env/RC-car-project/Rc-Car-Chimera/build/stage_ros2
[0.259s] -- Install configuration: ""
[0.259s] -- Up-to-date: /media/arrk-adas/RC-Env/RC-car-project/Rc-Car-Chimera/install/stage_ros2/share/stage_ros2/environment/library_path.sh
[0.259s] -- Up-to-date: /media/arrk-adas/RC-Env/RC-car-project/Rc-Car-Chimera/install/stage_ros2/share/stage_ros2/environment/library_path.dsv
[0.260s] -- Up-to-date: /media/arrk-adas/RC-Env/RC-car-project/Rc-Car-Chimera/install/stage_ros2/share/stage_ros2//launch
[0.260s] -- Up-to-date: /media/arrk-adas/RC-Env/RC-car-project/Rc-Car-Chimera/install/stage_ros2/share/stage_ros2//launch/f710.launch.py
[0.260s] -- Up-to-date: /media/arrk-adas/RC-Env/RC-car-project/Rc-Car-Chimera/install/stage_ros2/share/stage_ros2//launch/rviz_ns.launch.py
[0.260s] -- Up-to-date: /media/arrk-adas/RC-Env/RC-car-project/Rc-Car-Chimera/install/stage_ros2/share/stage_ros2//launch/rviz.launch.py
[0.260s] -- Up-to-date: /media/arrk-adas/RC-Env/RC-car-project/Rc-Car-Chimera/install/stage_ros2/share/stage_ros2//launch/stage.launch.py
[0.260s] -- Up-to-date: /media/arrk-adas/RC-Env/RC-car-project/Rc-Car-Chimera/install/stage_ros2/share/stage_ros2//launch/demo.launch.py
[0.260s] -- Up-to-date: /media/arrk-adas/RC-Env/RC-car-project/Rc-Car-Chimera/install/stage_ros2/share/stage_ros2//world
[0.261s] -- Up-to-date: /media/arrk-adas/RC-Env/RC-car-project/Rc-Car-Chimera/install/stage_ros2/share/stage_ros2//world/bitmaps
[0.261s] -- Up-to-date: /media/arrk-adas/RC-Env/RC-car-project/Rc-Car-Chimera/install/stage_ros2/share/stage_ros2//world/bitmaps/warehouse008.pgm
[0.261s] -- Up-to-date: /media/arrk-adas/RC-Env/RC-car-project/Rc-Car-Chimera/install/stage_ros2/share/stage_ros2//world/bitmaps/hallway.pgm
[0.261s] -- Up-to-date: /media/arrk-adas/RC-Env/RC-car-project/Rc-Car-Chimera/install/stage_ros2/share/stage_ros2//world/bitmaps/hallway.png
[0.261s] -- Up-to-date: /media/arrk-adas/RC-Env/RC-car-project/Rc-Car-Chimera/install/stage_ros2/share/stage_ros2//world/bitmaps/cave.png
[0.262s] -- Up-to-date: /media/arrk-adas/RC-Env/RC-car-project/Rc-Car-Chimera/install/stage_ros2/share/stage_ros2//world/bitmaps/warehouse200.pgm
[0.262s] -- Up-to-date: /media/arrk-adas/RC-Env/RC-car-project/Rc-Car-Chimera/install/stage_ros2/share/stage_ros2//world/bitmaps/line.png
[0.262s] -- Up-to-date: /media/arrk-adas/RC-Env/RC-car-project/Rc-Car-Chimera/install/stage_ros2/share/stage_ros2//world/bitmaps/straden.png
[0.262s] -- Up-to-date: /media/arrk-adas/RC-Env/RC-car-project/Rc-Car-Chimera/install/stage_ros2/share/stage_ros2//world/bitmaps/willow-full.pgm
[0.262s] -- Up-to-date: /media/arrk-adas/RC-Env/RC-car-project/Rc-Car-Chimera/install/stage_ros2/share/stage_ros2//world/bitmaps/warehouse032.pgm
[0.262s] -- Up-to-date: /media/arrk-adas/RC-Env/RC-car-project/Rc-Car-Chimera/install/stage_ros2/share/stage_ros2//world/cave_seven_robots.world
[0.262s] -- Up-to-date: /media/arrk-adas/RC-Env/RC-car-project/Rc-Car-Chimera/install/stage_ros2/share/stage_ros2//world/straden.world
[0.262s] -- Up-to-date: /media/arrk-adas/RC-Env/RC-car-project/Rc-Car-Chimera/install/stage_ros2/share/stage_ros2//world/cave_three_robots.world
[0.263s] -- Up-to-date: /media/arrk-adas/RC-Env/RC-car-project/Rc-Car-Chimera/install/stage_ros2/share/stage_ros2//world/lines.world
[0.263s] -- Up-to-date: /media/arrk-adas/RC-Env/RC-car-project/Rc-Car-Chimera/install/stage_ros2/share/stage_ros2//world/hallway.world
[0.263s] -- Up-to-date: /media/arrk-adas/RC-Env/RC-car-project/Rc-Car-Chimera/install/stage_ros2/share/stage_ros2//world/cave.world
[0.263s] -- Up-to-date: /media/arrk-adas/RC-Env/RC-car-project/Rc-Car-Chimera/install/stage_ros2/share/stage_ros2//world/willow-four-erratics-multisensor.world
[0.263s] -- Up-to-date: /media/arrk-adas/RC-Env/RC-car-project/Rc-Car-Chimera/install/stage_ros2/share/stage_ros2//world/include
[0.263s] -- Up-to-date: /media/arrk-adas/RC-Env/RC-car-project/Rc-Car-Chimera/install/stage_ros2/share/stage_ros2//world/include/robots.inc
[0.263s] -- Up-to-date: /media/arrk-adas/RC-Env/RC-car-project/Rc-Car-Chimera/install/stage_ros2/share/stage_ros2//world/include/pioneer2dx.inc
[0.263s] -- Up-to-date: /media/arrk-adas/RC-Env/RC-car-project/Rc-Car-Chimera/install/stage_ros2/share/stage_ros2//config
[0.264s] -- Up-to-date: /media/arrk-adas/RC-Env/RC-car-project/Rc-Car-Chimera/install/stage_ros2/share/stage_ros2//config/teleop_twist_joy
[0.264s] -- Up-to-date: /media/arrk-adas/RC-Env/RC-car-project/Rc-Car-Chimera/install/stage_ros2/share/stage_ros2//config/teleop_twist_joy/f710.config.yaml
[0.264s] -- Up-to-date: /media/arrk-adas/RC-Env/RC-car-project/Rc-Car-Chimera/install/stage_ros2/share/stage_ros2//config/rviz
[0.264s] -- Up-to-date: /media/arrk-adas/RC-Env/RC-car-project/Rc-Car-Chimera/install/stage_ros2/share/stage_ros2//config/rviz/cave_seven_robots.rviz
[0.264s] -- Up-to-date: /media/arrk-adas/RC-Env/RC-car-project/Rc-Car-Chimera/install/stage_ros2/share/stage_ros2//config/rviz/robot_ns_depth.rviz
[0.264s] -- Up-to-date: /media/arrk-adas/RC-Env/RC-car-project/Rc-Car-Chimera/install/stage_ros2/share/stage_ros2//config/rviz/robot0.rviz
[0.264s] -- Up-to-date: /media/arrk-adas/RC-Env/RC-car-project/Rc-Car-Chimera/install/stage_ros2/share/stage_ros2//config/rviz/lines.rviz
[0.265s] -- Up-to-date: /media/arrk-adas/RC-Env/RC-car-project/Rc-Car-Chimera/install/stage_ros2/share/stage_ros2//config/rviz/cave.rviz
[0.267s] -- Up-to-date: /media/arrk-adas/RC-Env/RC-car-project/Rc-Car-Chimera/install/stage_ros2/share/stage_ros2//config/rviz/cave_three_robots.rviz
[0.268s] -- Up-to-date: /media/arrk-adas/RC-Env/RC-car-project/Rc-Car-Chimera/install/stage_ros2/share/stage_ros2//config/rviz/robot_ns.rviz
[0.268s] -- Up-to-date: /media/arrk-adas/RC-Env/RC-car-project/Rc-Car-Chimera/install/stage_ros2/lib/libstage_node.so
[0.268s] -- Up-to-date: /media/arrk-adas/RC-Env/RC-car-project/Rc-Car-Chimera/install/stage_ros2/lib/stage_ros2/stage_ros2
[0.268s] -- Up-to-date: /media/arrk-adas/RC-Env/RC-car-project/Rc-Car-Chimera/install/stage_ros2/share/ament_index/resource_index/package_run_dependencies/stage_ros2
[0.269s] -- Up-to-date: /media/arrk-adas/RC-Env/RC-car-project/Rc-Car-Chimera/install/stage_ros2/share/ament_index/resource_index/parent_prefix_path/stage_ros2
[0.269s] -- Up-to-date: /media/arrk-adas/RC-Env/RC-car-project/Rc-Car-Chimera/install/stage_ros2/share/stage_ros2/environment/ament_prefix_path.sh
[0.269s] -- Up-to-date: /media/arrk-adas/RC-Env/RC-car-project/Rc-Car-Chimera/install/stage_ros2/share/stage_ros2/environment/ament_prefix_path.dsv
[0.269s] -- Up-to-date: /media/arrk-adas/RC-Env/RC-car-project/Rc-Car-Chimera/install/stage_ros2/share/stage_ros2/environment/path.sh
[0.270s] -- Up-to-date: /media/arrk-adas/RC-Env/RC-car-project/Rc-Car-Chimera/install/stage_ros2/share/stage_ros2/environment/path.dsv
[0.270s] -- Up-to-date: /media/arrk-adas/RC-Env/RC-car-project/Rc-Car-Chimera/install/stage_ros2/share/stage_ros2/local_setup.bash
[0.270s] -- Up-to-date: /media/arrk-adas/RC-Env/RC-car-project/Rc-Car-Chimera/install/stage_ros2/share/stage_ros2/local_setup.sh
[0.270s] -- Up-to-date: /media/arrk-adas/RC-Env/RC-car-project/Rc-Car-Chimera/install/stage_ros2/share/stage_ros2/local_setup.zsh
[0.271s] -- Up-to-date: /media/arrk-adas/RC-Env/RC-car-project/Rc-Car-Chimera/install/stage_ros2/share/stage_ros2/local_setup.dsv
[0.271s] -- Installing: /media/arrk-adas/RC-Env/RC-car-project/Rc-Car-Chimera/install/stage_ros2/share/stage_ros2/package.dsv
[0.271s] -- Up-to-date: /media/arrk-adas/RC-Env/RC-car-project/Rc-Car-Chimera/install/stage_ros2/share/ament_index/resource_index/packages/stage_ros2
[0.271s] -- Up-to-date: /media/arrk-adas/RC-Env/RC-car-project/Rc-Car-Chimera/install/stage_ros2/share/stage_ros2/cmake/stage_ros2Config.cmake
[0.271s] -- Up-to-date: /media/arrk-adas/RC-Env/RC-car-project/Rc-Car-Chimera/install/stage_ros2/share/stage_ros2/cmake/stage_ros2Config-version.cmake
[0.271s] -- Up-to-date: /media/arrk-adas/RC-Env/RC-car-project/Rc-Car-Chimera/install/stage_ros2/share/stage_ros2/package.xml
[0.272s] Invoked command in '/media/arrk-adas/RC-Env/RC-car-project/Rc-Car-Chimera/build/stage_ros2' returned '0': CMAKE_PREFIX_PATH=/media/arrk-adas/RC-Env/RC-car-project/Rc-Car-Chimera/install/Stage:/media/arrk-adas/RC-Env/RC-car-project/Rc-Car-Chimera/install/urg_node:/media/arrk-adas/RC-Env/RC-car-project/Rc-Car-Chimera/install/stage_ros2:/media/arrk-adas/RC-Env/RC-car-project/Rc-Car-Chimera/install/depth_sensing:/media/arrk-adas/RC-Env/RC-car-project/Rc-Car-Chimera/install/object_detection:/media/arrk-adas/RC-Env/RC-car-project/Rc-Car-Chimera/install/lidar_noise:/media/arrk-adas/RC-Env/RC-car-project/Rc-Car-Chimera/install/lateral_control:/media/arrk-adas/RC-Env/RC-car-project/Rc-Car-Chimera/install/acc_drive:/opt/ros/humble CONDA_PROMPT_MODIFIER=(/media/arrk-adas/RC-Env/rccar_lib) LD_LIBRARY_PATH=/media/arrk-adas/RC-Env/RC-car-project/Rc-Car-Chimera/install/Stage/lib:/media/arrk-adas/RC-Env/RC-car-project/Rc-Car-Chimera/install/urg_node/lib:/media/arrk-adas/RC-Env/RC-car-project/Rc-Car-Chimera/install/stage_ros2/lib:/opt/ros/humble/opt/rviz_ogre_vendor/lib:/opt/ros/humble/lib/aarch64-linux-gnu:/opt/ros/humble/lib PATH=/media/arrk-adas/RC-Env/RC-car-project/Rc-Car-Chimera/install/Stage/bin:/media/arrk-adas/RC-Env/RC-car-project/Rc-Car-Chimera/install/object_detection/bin:/media/arrk-adas/RC-Env/RC-car-project/Rc-Car-Chimera/install/lateral_control/bin:/media/arrk-adas/RC-Env/RC-car-project/Rc-Car-Chimera/install/acc_drive/bin:/media/arrk-adas/RC-Env/rccar_lib/bin:/home/arrk-adas/miniforge3/condabin:/opt/ros/humble/bin:/home/arrk-adas/.local/bin:/usr/local/sbin:/usr/local/bin:/usr/sbin:/usr/bin:/sbin:/bin:/usr/games:/usr/local/games:/snap/bin:/snap/bin /usr/bin/cmake --install /media/arrk-adas/RC-Env/RC-car-project/Rc-Car-Chimera/build/stage_ros2
