running egg_info
writing ../../../build/lidar_noise/lidar_noise.egg-info/PKG-INFO
writing dependency_links to ../../../build/lidar_noise/lidar_noise.egg-info/dependency_links.txt
writing entry points to ../../../build/lidar_noise/lidar_noise.egg-info/entry_points.txt
writing requirements to ../../../build/lidar_noise/lidar_noise.egg-info/requires.txt
writing top-level names to ../../../build/lidar_noise/lidar_noise.egg-info/top_level.txt
reading manifest file '../../../build/lidar_noise/lidar_noise.egg-info/SOURCES.txt'
writing manifest file '../../../build/lidar_noise/lidar_noise.egg-info/SOURCES.txt'
running build
running build_py
copying lidar_noise/__init__.py -> /media/arrk-adas/RC-Env/RC-car-project/Rc-Car-Chimera/build/lidar_noise/build/lib/lidar_noise
copying lidar_noise/Lidar_noise.py -> /media/arrk-adas/RC-Env/RC-car-project/Rc-Car-Chimera/build/lidar_noise/build/lib/lidar_noise
copying lidar_noise/Lidar_scan_split.py -> /media/arrk-adas/RC-Env/RC-car-project/Rc-Car-Chimera/build/lidar_noise/build/lib/lidar_noise
running install
running install_lib
running install_data
copying resource/lidar_noise -> /media/arrk-adas/RC-Env/RC-car-project/Rc-Car-Chimera/install/lidar_noise/share/ament_index/resource_index/packages
copying package.xml -> /media/arrk-adas/RC-Env/RC-car-project/Rc-Car-Chimera/install/lidar_noise/share/lidar_noise
running install_egg_info
removing '/media/arrk-adas/RC-Env/RC-car-project/Rc-Car-Chimera/install/lidar_noise/lib/python3.10/site-packages/lidar_noise-0.0.0-py3.10.egg-info' (and everything under it)
Copying ../../../build/lidar_noise/lidar_noise.egg-info to /media/arrk-adas/RC-Env/RC-car-project/Rc-Car-Chimera/install/lidar_noise/lib/python3.10/site-packages/lidar_noise-0.0.0-py3.10.egg-info
running install_scripts
Installing Lidar_scan_split script to /media/arrk-adas/RC-Env/RC-car-project/Rc-Car-Chimera/install/lidar_noise/lib/lidar_noise
writing list of installed files to '/media/arrk-adas/RC-Env/RC-car-project/Rc-Car-Chimera/build/lidar_noise/install.log'
