[2.628s] Invoking command in '/home/arrk-adas/Desktop/Rc-Car-Chimera/build/urg_node': CMAKE_PREFIX_PATH=${CMAKE_PREFIX_PATH}:/home/arrk-adas/Desktop/Rc-Car-Chimera/install/object_detection:/home/arrk-adas/Desktop/Rc-Car-Chimera/install/lidar_noise:/home/arrk-adas/Desktop/Rc-Car-Chimera/install/lateral_control:/home/arrk-adas/Desktop/Rc-Car-Chimera/install/acc_drive:/opt/ros/humble CONDA_PROMPT_MODIFIER=(base) /usr/bin/cmake /home/arrk-adas/Desktop/Rc-Car-Chimera/Rc-Car/src/urg_node -DCMAKE_INSTALL_PREFIX=/home/arrk-adas/Desktop/Rc-Car-Chimera/install/urg_node
[2.712s] -- The C compiler identification is GNU 11.4.0
[3.057s] -- The CXX compiler identification is GNU 11.4.0
[3.094s] -- Detecting C compiler ABI info
[3.548s] -- Detecting C compiler ABI info - done
[3.561s] -- Check for working C compiler: /usr/bin/cc - skipped
[3.561s] -- Detecting C compile features
[3.562s] -- Detecting C compile features - done
[3.576s] -- Detecting CXX compiler ABI info
[4.240s] -- Detecting CXX compiler ABI info - done
[4.252s] -- Check for working CXX compiler: /usr/bin/c++ - skipped
[4.258s] -- Detecting CXX compile features
[4.259s] -- Detecting CXX compile features - done
[4.266s] -- Found ament_cmake: 1.3.12 (/opt/ros/humble/share/ament_cmake/cmake)
[7.511s] -- Found Python3: /home/arrk-adas/miniforge3/bin/python3 (found version "3.12.10") found components: Interpreter 
[8.176s] -- Found Boost: /usr/lib/aarch64-linux-gnu/cmake/Boost-1.74.0/BoostConfig.cmake (found version "1.74.0")  
[8.189s] -- Found diagnostic_updater: 4.0.6 (/opt/ros/humble/share/diagnostic_updater/cmake)
[8.310s] -- Found rosidl_generator_c: 3.1.7 (/opt/ros/humble/share/rosidl_generator_c/cmake)
[8.322s] -- Found rosidl_adapter: 3.1.7 (/opt/ros/humble/share/rosidl_adapter/cmake)
[8.342s] -- Found rosidl_generator_cpp: 3.1.7 (/opt/ros/humble/share/rosidl_generator_cpp/cmake)
[8.369s] -- Using all available rosidl_typesupport_c: rosidl_typesupport_fastrtps_c;rosidl_typesupport_introspection_c
[8.428s] -- Using all available rosidl_typesupport_cpp: rosidl_typesupport_fastrtps_cpp;rosidl_typesupport_introspection_cpp
[8.733s] -- Found rmw_implementation_cmake: 6.1.2 (/opt/ros/humble/share/rmw_implementation_cmake/cmake)
[8.757s] -- Found rmw_fastrtps_cpp: 6.2.8 (/opt/ros/humble/share/rmw_fastrtps_cpp/cmake)
[9.179s] -- Found OpenSSL: /usr/lib/aarch64-linux-gnu/libcrypto.so (found version "3.0.2")  
[9.258s] -- Found FastRTPS: /opt/ros/humble/include  
[9.400s] -- Using RMW implementation 'rmw_fastrtps_cpp' as default
[9.447s] -- Looking for pthread.h
[9.937s] -- Looking for pthread.h - found
[9.937s] -- Performing Test CMAKE_HAVE_LIBC_PTHREAD
[10.493s] -- Performing Test CMAKE_HAVE_LIBC_PTHREAD - Success
[10.493s] -- Found Threads: TRUE  
[10.694s] -- Found laser_proc: 1.0.2 (/opt/ros/humble/share/laser_proc/cmake)
[10.866s] -- Found rclcpp_components: 16.0.14 (/opt/ros/humble/share/rclcpp_components/cmake)
[11.016s] -- Found std_srvs: 4.9.0 (/opt/ros/humble/share/std_srvs/cmake)
[11.067s] -- Found urg_c: 1.0.4001 (/opt/ros/humble/share/urg_c/cmake)
[11.083s] -- Found urg_node_msgs: 1.0.1 (/opt/ros/humble/share/urg_node_msgs/cmake)
[11.228s] -- Found ament_lint_auto: 0.12.14 (/opt/ros/humble/share/ament_lint_auto/cmake)
[11.811s] -- Added test 'cppcheck' to perform static code analysis on C / C++ code
[11.812s] -- Configured cppcheck include dirs: $<BUILD_INTERFACE:/home/arrk-adas/Desktop/Rc-Car-Chimera/Rc-Car/src/urg_node/include>
[11.812s] -- Configured cppcheck exclude dirs and/or files: 
[11.828s] -- Added test 'cpplint' to check C / C++ code against the Google style
[11.828s] -- Configured cpplint exclude dirs and/or files: 
[11.835s] -- Added test 'flake8' to check Python code syntax and style conventions
[11.843s] -- Added test 'lint_cmake' to check CMake code style
[11.853s] -- Added test 'pep257' to check Python code against some of the docstring style conventions in PEP 257
[11.858s] -- Added test 'uncrustify' to check C / C++ code style
[11.858s] -- Configured uncrustify additional arguments: 
[11.870s] -- Added test 'xmllint' to check XML markup files
[11.907s] -- Configuring done
[12.052s] -- Generating done
[12.072s] -- Build files have been written to: /home/arrk-adas/Desktop/Rc-Car-Chimera/build/urg_node
[12.150s] Invoked command in '/home/arrk-adas/Desktop/Rc-Car-Chimera/build/urg_node' returned '0': CMAKE_PREFIX_PATH=${CMAKE_PREFIX_PATH}:/home/arrk-adas/Desktop/Rc-Car-Chimera/install/object_detection:/home/arrk-adas/Desktop/Rc-Car-Chimera/install/lidar_noise:/home/arrk-adas/Desktop/Rc-Car-Chimera/install/lateral_control:/home/arrk-adas/Desktop/Rc-Car-Chimera/install/acc_drive:/opt/ros/humble CONDA_PROMPT_MODIFIER=(base) /usr/bin/cmake /home/arrk-adas/Desktop/Rc-Car-Chimera/Rc-Car/src/urg_node -DCMAKE_INSTALL_PREFIX=/home/arrk-adas/Desktop/Rc-Car-Chimera/install/urg_node
[12.168s] Invoking command in '/home/arrk-adas/Desktop/Rc-Car-Chimera/build/urg_node': CMAKE_PREFIX_PATH=${CMAKE_PREFIX_PATH}:/home/arrk-adas/Desktop/Rc-Car-Chimera/install/object_detection:/home/arrk-adas/Desktop/Rc-Car-Chimera/install/lidar_noise:/home/arrk-adas/Desktop/Rc-Car-Chimera/install/lateral_control:/home/arrk-adas/Desktop/Rc-Car-Chimera/install/acc_drive:/opt/ros/humble CONDA_PROMPT_MODIFIER=(base) /usr/bin/cmake --build /home/arrk-adas/Desktop/Rc-Car-Chimera/build/urg_node -- -j8 -l8
[12.454s] [ 14%] [32mBuilding CXX object CMakeFiles/urg_node.dir/src/urg_c_wrapper.cpp.o[0m
[12.468s] [ 28%] [32mBuilding CXX object CMakeFiles/urg_node.dir/src/urg_node.cpp.o[0m
[12.480s] [ 42%] [32mBuilding CXX object CMakeFiles/urg_node_driver.dir/rclcpp_components/node_main_urg_node_driver.cpp.o[0m
[24.255s] [ 57%] [32m[1mLinking CXX executable urg_node_driver[0m
[24.775s] [ 57%] Built target urg_node_driver
[34.363s] [ 71%] [32m[1mLinking CXX shared library liburg_node.so[0m
[35.197s] [ 71%] Built target urg_node
[35.235s] [ 85%] [32mBuilding CXX object CMakeFiles/getID.dir/src/get_id.cpp.o[0m
[56.935s] [100%] [32m[1mLinking CXX executable getID[0m
[57.516s] [100%] Built target getID
[62.270s] Invoked command in '/home/arrk-adas/Desktop/Rc-Car-Chimera/build/urg_node' returned '0': CMAKE_PREFIX_PATH=${CMAKE_PREFIX_PATH}:/home/arrk-adas/Desktop/Rc-Car-Chimera/install/object_detection:/home/arrk-adas/Desktop/Rc-Car-Chimera/install/lidar_noise:/home/arrk-adas/Desktop/Rc-Car-Chimera/install/lateral_control:/home/arrk-adas/Desktop/Rc-Car-Chimera/install/acc_drive:/opt/ros/humble CONDA_PROMPT_MODIFIER=(base) /usr/bin/cmake --build /home/arrk-adas/Desktop/Rc-Car-Chimera/build/urg_node -- -j8 -l8
[62.275s] Invoking command in '/home/arrk-adas/Desktop/Rc-Car-Chimera/build/urg_node': CMAKE_PREFIX_PATH=${CMAKE_PREFIX_PATH}:/home/arrk-adas/Desktop/Rc-Car-Chimera/install/object_detection:/home/arrk-adas/Desktop/Rc-Car-Chimera/install/lidar_noise:/home/arrk-adas/Desktop/Rc-Car-Chimera/install/lateral_control:/home/arrk-adas/Desktop/Rc-Car-Chimera/install/acc_drive:/opt/ros/humble CONDA_PROMPT_MODIFIER=(base) /usr/bin/cmake --install /home/arrk-adas/Desktop/Rc-Car-Chimera/build/urg_node
[62.291s] -- Install configuration: ""
[62.291s] -- Installing: /home/arrk-adas/Desktop/Rc-Car-Chimera/install/urg_node/lib/urg_node/urg_node_driver
[62.292s] -- Set runtime path of "/home/arrk-adas/Desktop/Rc-Car-Chimera/install/urg_node/lib/urg_node/urg_node_driver" to ""
[62.293s] -- Installing: /home/arrk-adas/Desktop/Rc-Car-Chimera/install/urg_node/lib/liburg_node.so
[62.302s] -- Set runtime path of "/home/arrk-adas/Desktop/Rc-Car-Chimera/install/urg_node/lib/liburg_node.so" to ""
[62.302s] -- Installing: /home/arrk-adas/Desktop/Rc-Car-Chimera/install/urg_node/lib/urg_node/getID
[62.303s] -- Set runtime path of "/home/arrk-adas/Desktop/Rc-Car-Chimera/install/urg_node/lib/urg_node/getID" to ""
[62.303s] -- Installing: /home/arrk-adas/Desktop/Rc-Car-Chimera/install/urg_node/include
[62.303s] -- Installing: /home/arrk-adas/Desktop/Rc-Car-Chimera/install/urg_node/include/urg_node
[62.303s] -- Installing: /home/arrk-adas/Desktop/Rc-Car-Chimera/install/urg_node/include/urg_node/urg_node.hpp
[62.304s] -- Installing: /home/arrk-adas/Desktop/Rc-Car-Chimera/install/urg_node/include/urg_node/urg_c_wrapper.hpp
[62.304s] -- Installing: /home/arrk-adas/Desktop/Rc-Car-Chimera/install/urg_node/lib/urg_node/set_urg_ip.py
[62.304s] -- Installing: /home/arrk-adas/Desktop/Rc-Car-Chimera/install/urg_node/share/urg_node/launch
[62.304s] -- Installing: /home/arrk-adas/Desktop/Rc-Car-Chimera/install/urg_node/share/urg_node/launch/urg_node_ethernet.yaml
[62.305s] -- Installing: /home/arrk-adas/Desktop/Rc-Car-Chimera/install/urg_node/share/urg_node/launch/urg_node_launch.py
[62.306s] -- Installing: /home/arrk-adas/Desktop/Rc-Car-Chimera/install/urg_node/share/urg_node/launch/hokuyo_laser.urdf
[62.308s] -- Installing: /home/arrk-adas/Desktop/Rc-Car-Chimera/install/urg_node/share/urg_node/launch/urg_node_serial.yaml
[62.309s] -- Installing: /home/arrk-adas/Desktop/Rc-Car-Chimera/install/urg_node/share/urg_node/launch/urg_lidar.launch
[62.309s] -- Installing: /home/arrk-adas/Desktop/Rc-Car-Chimera/install/urg_node/share/urg_node/meshes
[62.310s] -- Installing: /home/arrk-adas/Desktop/Rc-Car-Chimera/install/urg_node/share/urg_node/meshes/hokuyo_ust10.stl
[62.311s] -- Installing: /home/arrk-adas/Desktop/Rc-Car-Chimera/install/urg_node/share/urg_node/urdf
[62.311s] -- Installing: /home/arrk-adas/Desktop/Rc-Car-Chimera/install/urg_node/share/urg_node/urdf/hokuyo_ust10.urdf.xacro
[62.311s] -- Installing: /home/arrk-adas/Desktop/Rc-Car-Chimera/install/urg_node/share/urg_node/environment/library_path.sh
[62.312s] -- Installing: /home/arrk-adas/Desktop/Rc-Car-Chimera/install/urg_node/share/urg_node/environment/library_path.dsv
[62.312s] -- Installing: /home/arrk-adas/Desktop/Rc-Car-Chimera/install/urg_node/share/ament_index/resource_index/package_run_dependencies/urg_node
[62.312s] -- Installing: /home/arrk-adas/Desktop/Rc-Car-Chimera/install/urg_node/share/ament_index/resource_index/parent_prefix_path/urg_node
[62.313s] -- Installing: /home/arrk-adas/Desktop/Rc-Car-Chimera/install/urg_node/share/urg_node/environment/ament_prefix_path.sh
[62.313s] -- Installing: /home/arrk-adas/Desktop/Rc-Car-Chimera/install/urg_node/share/urg_node/environment/ament_prefix_path.dsv
[62.314s] -- Installing: /home/arrk-adas/Desktop/Rc-Car-Chimera/install/urg_node/share/urg_node/environment/path.sh
[62.314s] -- Installing: /home/arrk-adas/Desktop/Rc-Car-Chimera/install/urg_node/share/urg_node/environment/path.dsv
[62.315s] -- Installing: /home/arrk-adas/Desktop/Rc-Car-Chimera/install/urg_node/share/urg_node/local_setup.bash
[62.315s] -- Installing: /home/arrk-adas/Desktop/Rc-Car-Chimera/install/urg_node/share/urg_node/local_setup.sh
[62.316s] -- Installing: /home/arrk-adas/Desktop/Rc-Car-Chimera/install/urg_node/share/urg_node/local_setup.zsh
[62.316s] -- Installing: /home/arrk-adas/Desktop/Rc-Car-Chimera/install/urg_node/share/urg_node/local_setup.dsv
[62.317s] -- Installing: /home/arrk-adas/Desktop/Rc-Car-Chimera/install/urg_node/share/urg_node/package.dsv
[62.317s] -- Installing: /home/arrk-adas/Desktop/Rc-Car-Chimera/install/urg_node/share/ament_index/resource_index/packages/urg_node
[62.317s] -- Installing: /home/arrk-adas/Desktop/Rc-Car-Chimera/install/urg_node/share/ament_index/resource_index/rclcpp_components/urg_node
[62.317s] -- Installing: /home/arrk-adas/Desktop/Rc-Car-Chimera/install/urg_node/share/urg_node/cmake/ament_cmake_export_dependencies-extras.cmake
[62.318s] -- Installing: /home/arrk-adas/Desktop/Rc-Car-Chimera/install/urg_node/share/urg_node/cmake/ament_cmake_export_include_directories-extras.cmake
[62.318s] -- Installing: /home/arrk-adas/Desktop/Rc-Car-Chimera/install/urg_node/share/urg_node/cmake/ament_cmake_export_libraries-extras.cmake
[62.319s] -- Installing: /home/arrk-adas/Desktop/Rc-Car-Chimera/install/urg_node/share/urg_node/cmake/urg_nodeConfig.cmake
[62.319s] -- Installing: /home/arrk-adas/Desktop/Rc-Car-Chimera/install/urg_node/share/urg_node/cmake/urg_nodeConfig-version.cmake
[62.319s] -- Installing: /home/arrk-adas/Desktop/Rc-Car-Chimera/install/urg_node/share/urg_node/package.xml
[74.068s] Invoked command in '/home/arrk-adas/Desktop/Rc-Car-Chimera/build/urg_node' returned '0': CMAKE_PREFIX_PATH=${CMAKE_PREFIX_PATH}:/home/arrk-adas/Desktop/Rc-Car-Chimera/install/object_detection:/home/arrk-adas/Desktop/Rc-Car-Chimera/install/lidar_noise:/home/arrk-adas/Desktop/Rc-Car-Chimera/install/lateral_control:/home/arrk-adas/Desktop/Rc-Car-Chimera/install/acc_drive:/opt/ros/humble CONDA_PROMPT_MODIFIER=(base) /usr/bin/cmake --install /home/arrk-adas/Desktop/Rc-Car-Chimera/build/urg_node
