[3.215s] Invoking command in '/media/arrk-adas/RC-Env/RC-car-project/Rc-Car-Chimera/Rc-Car/src/object_detection': CONDA_PROMPT_MODIFIER=(/media/arrk-adas/RC-Env/rccar_lib) PYTHONPATH=/media/arrk-adas/RC-Env/RC-car-project/Rc-Car-Chimera/build/object_detection/prefix_override:/usr/lib/python3/dist-packages/colcon_core/task/python/colcon_distutils_commands:/media/arrk-adas/RC-Env/RC-car-project/Rc-Car-Chimera/install/object_detection/lib/python3.10/site-packages:${PYTHONPATH} /usr/bin/python3 -W ignore:setup.py install is deprecated -W ignore:easy_install command is deprecated setup.py egg_info --egg-base ../../../build/object_detection build --build-base /media/arrk-adas/RC-Env/RC-car-project/Rc-Car-Chimera/build/object_detection/build install --record /media/arrk-adas/RC-Env/RC-car-project/Rc-Car-Chimera/build/object_detection/install.log --single-version-externally-managed install_data
[3.805s] running egg_info
[3.846s] writing ../../../build/object_detection/object_detection.egg-info/PKG-INFO
[3.847s] writing dependency_links to ../../../build/object_detection/object_detection.egg-info/dependency_links.txt
[3.848s] writing entry points to ../../../build/object_detection/object_detection.egg-info/entry_points.txt
[3.849s] writing requirements to ../../../build/object_detection/object_detection.egg-info/requires.txt
[3.849s] writing top-level names to ../../../build/object_detection/object_detection.egg-info/top_level.txt
[3.937s] reading manifest file '../../../build/object_detection/object_detection.egg-info/SOURCES.txt'
[3.939s] writing manifest file '../../../build/object_detection/object_detection.egg-info/SOURCES.txt'
[3.940s] running build
[3.940s] running build_py
[3.940s] copying object_detection/detection.py -> /media/arrk-adas/RC-Env/RC-car-project/Rc-Car-Chimera/build/object_detection/build/lib/object_detection
[3.941s] copying object_detection/__init__.py -> /media/arrk-adas/RC-Env/RC-car-project/Rc-Car-Chimera/build/object_detection/build/lib/object_detection
[3.942s] running install
[3.950s] running install_lib
[3.994s] running install_data
[3.994s] copying resource/object_detection -> /media/arrk-adas/RC-Env/RC-car-project/Rc-Car-Chimera/install/object_detection/share/ament_index/resource_index/packages
[3.995s] copying package.xml -> /media/arrk-adas/RC-Env/RC-car-project/Rc-Car-Chimera/install/object_detection/share/object_detection
[3.995s] running install_egg_info
[4.040s] removing '/media/arrk-adas/RC-Env/RC-car-project/Rc-Car-Chimera/install/object_detection/lib/python3.10/site-packages/object_detection-0.0.0-py3.10.egg-info' (and everything under it)
[4.041s] Copying ../../../build/object_detection/object_detection.egg-info to /media/arrk-adas/RC-Env/RC-car-project/Rc-Car-Chimera/install/object_detection/lib/python3.10/site-packages/object_detection-0.0.0-py3.10.egg-info
[4.043s] running install_scripts
[4.136s] Installing detection script to /media/arrk-adas/RC-Env/RC-car-project/Rc-Car-Chimera/install/object_detection/lib/object_detection
[4.138s] writing list of installed files to '/media/arrk-adas/RC-Env/RC-car-project/Rc-Car-Chimera/build/object_detection/install.log'
[4.236s] Invoked command in '/media/arrk-adas/RC-Env/RC-car-project/Rc-Car-Chimera/Rc-Car/src/object_detection' returned '0': CONDA_PROMPT_MODIFIER=(/media/arrk-adas/RC-Env/rccar_lib) PYTHONPATH=/media/arrk-adas/RC-Env/RC-car-project/Rc-Car-Chimera/build/object_detection/prefix_override:/usr/lib/python3/dist-packages/colcon_core/task/python/colcon_distutils_commands:/media/arrk-adas/RC-Env/RC-car-project/Rc-Car-Chimera/install/object_detection/lib/python3.10/site-packages:${PYTHONPATH} /usr/bin/python3 -W ignore:setup.py install is deprecated -W ignore:easy_install command is deprecated setup.py egg_info --egg-base ../../../build/object_detection build --build-base /media/arrk-adas/RC-Env/RC-car-project/Rc-Car-Chimera/build/object_detection/build install --record /media/arrk-adas/RC-Env/RC-car-project/Rc-Car-Chimera/build/object_detection/install.log --single-version-externally-managed install_data
