[16.779s] Invoking command in '/home/arrk-adas/Desktop/Rc-Car-Chimera/build/depth_sensing': CMAKE_PREFIX_PATH=${CMAKE_PREFIX_PATH}:/home/arrk-adas/Desktop/Rc-Car-Chimera/install/object_detection:/home/arrk-adas/Desktop/Rc-Car-Chimera/install/lidar_noise:/home/arrk-adas/Desktop/Rc-Car-Chimera/install/lateral_control:/home/arrk-adas/Desktop/Rc-Car-Chimera/install/acc_drive:/opt/ros/humble CONDA_PROMPT_MODIFIER=(base) /usr/bin/cmake --build /home/arrk-adas/Desktop/Rc-Car-Chimera/build/depth_sensing -- -j8 -l8
[22.759s] [35m[1mConsolidate compiler generated dependencies of target depth_sensing[0m
[22.759s] [100%] Built target depth_sensing
[22.761s] Invoked command in '/home/arrk-adas/Desktop/Rc-Car-Chimera/build/depth_sensing' returned '0': CMAKE_PREFIX_PATH=${CMAKE_PREFIX_PATH}:/home/arrk-adas/Desktop/Rc-Car-Chimera/install/object_detection:/home/arrk-adas/Desktop/Rc-Car-Chimera/install/lidar_noise:/home/arrk-adas/Desktop/Rc-Car-Chimera/install/lateral_control:/home/arrk-adas/Desktop/Rc-Car-Chimera/install/acc_drive:/opt/ros/humble CONDA_PROMPT_MODIFIER=(base) /usr/bin/cmake --build /home/arrk-adas/Desktop/Rc-Car-Chimera/build/depth_sensing -- -j8 -l8
[22.775s] Invoking command in '/home/arrk-adas/Desktop/Rc-Car-Chimera/build/depth_sensing': CMAKE_PREFIX_PATH=${CMAKE_PREFIX_PATH}:/home/arrk-adas/Desktop/Rc-Car-Chimera/install/object_detection:/home/arrk-adas/Desktop/Rc-Car-Chimera/install/lidar_noise:/home/arrk-adas/Desktop/Rc-Car-Chimera/install/lateral_control:/home/arrk-adas/Desktop/Rc-Car-Chimera/install/acc_drive:/opt/ros/humble CONDA_PROMPT_MODIFIER=(base) /usr/bin/cmake --install /home/arrk-adas/Desktop/Rc-Car-Chimera/build/depth_sensing
[22.789s] -- Install configuration: "Release"
[22.789s] -- Up-to-date: /home/arrk-adas/Desktop/Rc-Car-Chimera/install/depth_sensing/lib/depth_sensing/depth_sensing
[22.790s] -- Up-to-date: /home/arrk-adas/Desktop/Rc-Car-Chimera/install/depth_sensing/share/ament_index/resource_index/package_run_dependencies/depth_sensing
[22.790s] -- Up-to-date: /home/arrk-adas/Desktop/Rc-Car-Chimera/install/depth_sensing/share/ament_index/resource_index/parent_prefix_path/depth_sensing
[22.790s] -- Up-to-date: /home/arrk-adas/Desktop/Rc-Car-Chimera/install/depth_sensing/share/depth_sensing/environment/ament_prefix_path.sh
[22.790s] -- Up-to-date: /home/arrk-adas/Desktop/Rc-Car-Chimera/install/depth_sensing/share/depth_sensing/environment/ament_prefix_path.dsv
[22.790s] -- Up-to-date: /home/arrk-adas/Desktop/Rc-Car-Chimera/install/depth_sensing/share/depth_sensing/environment/path.sh
[22.791s] -- Up-to-date: /home/arrk-adas/Desktop/Rc-Car-Chimera/install/depth_sensing/share/depth_sensing/environment/path.dsv
[22.791s] -- Up-to-date: /home/arrk-adas/Desktop/Rc-Car-Chimera/install/depth_sensing/share/depth_sensing/local_setup.bash
[22.795s] -- Up-to-date: /home/arrk-adas/Desktop/Rc-Car-Chimera/install/depth_sensing/share/depth_sensing/local_setup.sh
[22.795s] -- Up-to-date: /home/arrk-adas/Desktop/Rc-Car-Chimera/install/depth_sensing/share/depth_sensing/local_setup.zsh
[22.795s] -- Up-to-date: /home/arrk-adas/Desktop/Rc-Car-Chimera/install/depth_sensing/share/depth_sensing/local_setup.dsv
[22.795s] -- Installing: /home/arrk-adas/Desktop/Rc-Car-Chimera/install/depth_sensing/share/depth_sensing/package.dsv
[22.795s] -- Up-to-date: /home/arrk-adas/Desktop/Rc-Car-Chimera/install/depth_sensing/share/ament_index/resource_index/packages/depth_sensing
[22.796s] -- Up-to-date: /home/arrk-adas/Desktop/Rc-Car-Chimera/install/depth_sensing/share/depth_sensing/cmake/depth_sensingConfig.cmake
[22.796s] -- Up-to-date: /home/arrk-adas/Desktop/Rc-Car-Chimera/install/depth_sensing/share/depth_sensing/cmake/depth_sensingConfig-version.cmake
[22.796s] -- Up-to-date: /home/arrk-adas/Desktop/Rc-Car-Chimera/install/depth_sensing/share/depth_sensing/package.xml
[22.838s] Invoked command in '/home/arrk-adas/Desktop/Rc-Car-Chimera/build/depth_sensing' returned '0': CMAKE_PREFIX_PATH=${CMAKE_PREFIX_PATH}:/home/arrk-adas/Desktop/Rc-Car-Chimera/install/object_detection:/home/arrk-adas/Desktop/Rc-Car-Chimera/install/lidar_noise:/home/arrk-adas/Desktop/Rc-Car-Chimera/install/lateral_control:/home/arrk-adas/Desktop/Rc-Car-Chimera/install/acc_drive:/opt/ros/humble CONDA_PROMPT_MODIFIER=(base) /usr/bin/cmake --install /home/arrk-adas/Desktop/Rc-Car-Chimera/build/depth_sensing
