running egg_info
creating ../../../build/lidar_noise/lidar_noise.egg-info
writing ../../../build/lidar_noise/lidar_noise.egg-info/PKG-INFO
writing dependency_links to ../../../build/lidar_noise/lidar_noise.egg-info/dependency_links.txt
writing entry points to ../../../build/lidar_noise/lidar_noise.egg-info/entry_points.txt
writing requirements to ../../../build/lidar_noise/lidar_noise.egg-info/requires.txt
writing top-level names to ../../../build/lidar_noise/lidar_noise.egg-info/top_level.txt
writing manifest file '../../../build/lidar_noise/lidar_noise.egg-info/SOURCES.txt'
reading manifest file '../../../build/lidar_noise/lidar_noise.egg-info/SOURCES.txt'
writing manifest file '../../../build/lidar_noise/lidar_noise.egg-info/SOURCES.txt'
running build
running build_py
creating /home/arrk-adas/Desktop/Rc-Car-Chimera/build/lidar_noise/build
creating /home/arrk-adas/Desktop/Rc-Car-Chimera/build/lidar_noise/build/lib
creating /home/arrk-adas/Desktop/Rc-Car-Chimera/build/lidar_noise/build/lib/lidar_noise
copying lidar_noise/__init__.py -> /home/arrk-adas/Desktop/Rc-Car-Chimera/build/lidar_noise/build/lib/lidar_noise
copying lidar_noise/Lidar_noise.py -> /home/arrk-adas/Desktop/Rc-Car-Chimera/build/lidar_noise/build/lib/lidar_noise
copying lidar_noise/Lidar_scan_split.py -> /home/arrk-adas/Desktop/Rc-Car-Chimera/build/lidar_noise/build/lib/lidar_noise
running install
running install_lib
creating /home/arrk-adas/Desktop/Rc-Car-Chimera/install/lidar_noise/lib/python3.10/site-packages/lidar_noise
copying /home/arrk-adas/Desktop/Rc-Car-Chimera/build/lidar_noise/build/lib/lidar_noise/__init__.py -> /home/arrk-adas/Desktop/Rc-Car-Chimera/install/lidar_noise/lib/python3.10/site-packages/lidar_noise
copying /home/arrk-adas/Desktop/Rc-Car-Chimera/build/lidar_noise/build/lib/lidar_noise/Lidar_noise.py -> /home/arrk-adas/Desktop/Rc-Car-Chimera/install/lidar_noise/lib/python3.10/site-packages/lidar_noise
copying /home/arrk-adas/Desktop/Rc-Car-Chimera/build/lidar_noise/build/lib/lidar_noise/Lidar_scan_split.py -> /home/arrk-adas/Desktop/Rc-Car-Chimera/install/lidar_noise/lib/python3.10/site-packages/lidar_noise
byte-compiling /home/arrk-adas/Desktop/Rc-Car-Chimera/install/lidar_noise/lib/python3.10/site-packages/lidar_noise/__init__.py to __init__.cpython-310.pyc
byte-compiling /home/arrk-adas/Desktop/Rc-Car-Chimera/install/lidar_noise/lib/python3.10/site-packages/lidar_noise/Lidar_noise.py to Lidar_noise.cpython-310.pyc
byte-compiling /home/arrk-adas/Desktop/Rc-Car-Chimera/install/lidar_noise/lib/python3.10/site-packages/lidar_noise/Lidar_scan_split.py to Lidar_scan_split.cpython-310.pyc
running install_data
creating /home/arrk-adas/Desktop/Rc-Car-Chimera/install/lidar_noise/share/ament_index
creating /home/arrk-adas/Desktop/Rc-Car-Chimera/install/lidar_noise/share/ament_index/resource_index
creating /home/arrk-adas/Desktop/Rc-Car-Chimera/install/lidar_noise/share/ament_index/resource_index/packages
copying resource/lidar_noise -> /home/arrk-adas/Desktop/Rc-Car-Chimera/install/lidar_noise/share/ament_index/resource_index/packages
copying package.xml -> /home/arrk-adas/Desktop/Rc-Car-Chimera/install/lidar_noise/share/lidar_noise
running install_egg_info
Copying ../../../build/lidar_noise/lidar_noise.egg-info to /home/arrk-adas/Desktop/Rc-Car-Chimera/install/lidar_noise/lib/python3.10/site-packages/lidar_noise-0.0.0-py3.10.egg-info
running install_scripts
Installing Lidar_scan_split script to /home/arrk-adas/Desktop/Rc-Car-Chimera/install/lidar_noise/lib/lidar_noise
writing list of installed files to '/home/arrk-adas/Desktop/Rc-Car-Chimera/build/lidar_noise/install.log'
