[4.004s] Invoking command in '/home/arrk-adas/Desktop/Rc-Car-Chimera/Rc-Car/src/acc_drive': CONDA_PROMPT_MODIFIER=(base) PYTHONPATH=/home/arrk-adas/Desktop/Rc-Car-Chimera/build/acc_drive/prefix_override:/usr/lib/python3/dist-packages/colcon_core/task/python/colcon_distutils_commands:/home/arrk-adas/Desktop/Rc-Car-Chimera/install/acc_drive/lib/python3.10/site-packages:${PYTHONPATH} /usr/bin/python3 -W ignore:setup.py install is deprecated -W ignore:easy_install command is deprecated setup.py egg_info --egg-base ../../../build/acc_drive build --build-base /home/arrk-adas/Desktop/Rc-Car-Chimera/build/acc_drive/build install --record /home/arrk-adas/Desktop/Rc-Car-Chimera/build/acc_drive/install.log --single-version-externally-managed install_data
[4.617s] running egg_info
[4.623s] writing ../../../build/acc_drive/acc_drive.egg-info/PKG-INFO
[4.624s] writing dependency_links to ../../../build/acc_drive/acc_drive.egg-info/dependency_links.txt
[4.624s] writing entry points to ../../../build/acc_drive/acc_drive.egg-info/entry_points.txt
[4.624s] writing requirements to ../../../build/acc_drive/acc_drive.egg-info/requires.txt
[4.624s] writing top-level names to ../../../build/acc_drive/acc_drive.egg-info/top_level.txt
[4.628s] reading manifest file '../../../build/acc_drive/acc_drive.egg-info/SOURCES.txt'
[4.630s] writing manifest file '../../../build/acc_drive/acc_drive.egg-info/SOURCES.txt'
[4.630s] running build
[4.630s] running build_py
[4.634s] running install
[4.634s] running install_lib
[4.639s] running install_data
[4.640s] running install_egg_info
[4.671s] removing '/home/arrk-adas/Desktop/Rc-Car-Chimera/install/acc_drive/lib/python3.10/site-packages/acc_drive-0.0.0-py3.10.egg-info' (and everything under it)
[4.672s] Copying ../../../build/acc_drive/acc_drive.egg-info to /home/arrk-adas/Desktop/Rc-Car-Chimera/install/acc_drive/lib/python3.10/site-packages/acc_drive-0.0.0-py3.10.egg-info
[4.674s] running install_scripts
[4.735s] Installing acc_drive script to /home/arrk-adas/Desktop/Rc-Car-Chimera/install/acc_drive/lib/acc_drive
[4.736s] writing list of installed files to '/home/arrk-adas/Desktop/Rc-Car-Chimera/build/acc_drive/install.log'
[4.850s] Invoked command in '/home/arrk-adas/Desktop/Rc-Car-Chimera/Rc-Car/src/acc_drive' returned '0': CONDA_PROMPT_MODIFIER=(base) PYTHONPATH=/home/arrk-adas/Desktop/Rc-Car-Chimera/build/acc_drive/prefix_override:/usr/lib/python3/dist-packages/colcon_core/task/python/colcon_distutils_commands:/home/arrk-adas/Desktop/Rc-Car-Chimera/install/acc_drive/lib/python3.10/site-packages:${PYTHONPATH} /usr/bin/python3 -W ignore:setup.py install is deprecated -W ignore:easy_install command is deprecated setup.py egg_info --egg-base ../../../build/acc_drive build --build-base /home/arrk-adas/Desktop/Rc-Car-Chimera/build/acc_drive/build install --record /home/arrk-adas/Desktop/Rc-Car-Chimera/build/acc_drive/install.log --single-version-externally-managed install_data
