[2.624s] Invoking command in '/home/arrk-adas/Desktop/Rc-Car-Chimera/build/urg_node': CMAKE_PREFIX_PATH=/opt/ros/humble CONDA_PROMPT_MODIFIER=(base) /usr/bin/cmake --build /home/arrk-adas/Desktop/Rc-Car-Chimera/build/urg_node -- -j8 -l8
[2.847s] [ 28%] Built target urg_node_driver
[2.847s] [ 71%] Built target urg_node
[2.973s] [100%] Built target getID
[2.987s] Invoked command in '/home/arrk-adas/Desktop/Rc-Car-Chimera/build/urg_node' returned '0': CMAKE_PREFIX_PATH=/opt/ros/humble CONDA_PROMPT_MODIFIER=(base) /usr/bin/cmake --build /home/arrk-adas/Desktop/Rc-Car-Chimera/build/urg_node -- -j8 -l8
[3.002s] Invoking command in '/home/arrk-adas/Desktop/Rc-Car-Chimera/build/urg_node': CMAKE_PREFIX_PATH=/opt/ros/humble CONDA_PROMPT_MODIFIER=(base) /usr/bin/cmake --install /home/arrk-adas/Desktop/Rc-Car-Chimera/build/urg_node
[3.027s] -- Install configuration: ""
[3.054s] -- Up-to-date: /home/arrk-adas/Desktop/Rc-Car-Chimera/install/urg_node/lib/urg_node/urg_node_driver
[3.057s] -- Up-to-date: /home/arrk-adas/Desktop/Rc-Car-Chimera/install/urg_node/lib/liburg_node.so
[3.060s] -- Up-to-date: /home/arrk-adas/Desktop/Rc-Car-Chimera/install/urg_node/lib/urg_node/getID
[3.061s] -- Up-to-date: /home/arrk-adas/Desktop/Rc-Car-Chimera/install/urg_node/include
[3.065s] -- Up-to-date: /home/arrk-adas/Desktop/Rc-Car-Chimera/install/urg_node/include/urg_node
[3.065s] -- Up-to-date: /home/arrk-adas/Desktop/Rc-Car-Chimera/install/urg_node/include/urg_node/urg_node.hpp
[3.065s] -- Up-to-date: /home/arrk-adas/Desktop/Rc-Car-Chimera/install/urg_node/include/urg_node/urg_c_wrapper.hpp
[3.066s] -- Up-to-date: /home/arrk-adas/Desktop/Rc-Car-Chimera/install/urg_node/lib/urg_node/set_urg_ip.py
[3.067s] -- Up-to-date: /home/arrk-adas/Desktop/Rc-Car-Chimera/install/urg_node/share/urg_node/launch
[3.068s] -- Up-to-date: /home/arrk-adas/Desktop/Rc-Car-Chimera/install/urg_node/share/urg_node/launch/urg_node_ethernet.yaml
[3.068s] -- Up-to-date: /home/arrk-adas/Desktop/Rc-Car-Chimera/install/urg_node/share/urg_node/launch/urg_node_launch.py
[3.068s] -- Up-to-date: /home/arrk-adas/Desktop/Rc-Car-Chimera/install/urg_node/share/urg_node/launch/hokuyo_laser.urdf
[3.069s] -- Up-to-date: /home/arrk-adas/Desktop/Rc-Car-Chimera/install/urg_node/share/urg_node/launch/urg_node_serial.yaml
[3.069s] -- Up-to-date: /home/arrk-adas/Desktop/Rc-Car-Chimera/install/urg_node/share/urg_node/launch/urg_lidar.launch
[3.069s] -- Up-to-date: /home/arrk-adas/Desktop/Rc-Car-Chimera/install/urg_node/share/urg_node/meshes
[3.071s] -- Up-to-date: /home/arrk-adas/Desktop/Rc-Car-Chimera/install/urg_node/share/urg_node/meshes/hokuyo_ust10.stl
[3.071s] -- Up-to-date: /home/arrk-adas/Desktop/Rc-Car-Chimera/install/urg_node/share/urg_node/urdf
[3.072s] -- Up-to-date: /home/arrk-adas/Desktop/Rc-Car-Chimera/install/urg_node/share/urg_node/urdf/hokuyo_ust10.urdf.xacro
[3.072s] -- Up-to-date: /home/arrk-adas/Desktop/Rc-Car-Chimera/install/urg_node/share/urg_node/environment/library_path.sh
[3.073s] -- Up-to-date: /home/arrk-adas/Desktop/Rc-Car-Chimera/install/urg_node/share/urg_node/environment/library_path.dsv
[3.074s] -- Up-to-date: /home/arrk-adas/Desktop/Rc-Car-Chimera/install/urg_node/share/ament_index/resource_index/package_run_dependencies/urg_node
[3.074s] -- Up-to-date: /home/arrk-adas/Desktop/Rc-Car-Chimera/install/urg_node/share/ament_index/resource_index/parent_prefix_path/urg_node
[3.074s] -- Up-to-date: /home/arrk-adas/Desktop/Rc-Car-Chimera/install/urg_node/share/urg_node/environment/ament_prefix_path.sh
[3.075s] -- Up-to-date: /home/arrk-adas/Desktop/Rc-Car-Chimera/install/urg_node/share/urg_node/environment/ament_prefix_path.dsv
[3.075s] -- Up-to-date: /home/arrk-adas/Desktop/Rc-Car-Chimera/install/urg_node/share/urg_node/environment/path.sh
[3.075s] -- Up-to-date: /home/arrk-adas/Desktop/Rc-Car-Chimera/install/urg_node/share/urg_node/environment/path.dsv
[3.075s] -- Up-to-date: /home/arrk-adas/Desktop/Rc-Car-Chimera/install/urg_node/share/urg_node/local_setup.bash
[3.075s] -- Up-to-date: /home/arrk-adas/Desktop/Rc-Car-Chimera/install/urg_node/share/urg_node/local_setup.sh
[3.075s] -- Up-to-date: /home/arrk-adas/Desktop/Rc-Car-Chimera/install/urg_node/share/urg_node/local_setup.zsh
[3.075s] -- Up-to-date: /home/arrk-adas/Desktop/Rc-Car-Chimera/install/urg_node/share/urg_node/local_setup.dsv
[3.076s] -- Installing: /home/arrk-adas/Desktop/Rc-Car-Chimera/install/urg_node/share/urg_node/package.dsv
[3.077s] -- Up-to-date: /home/arrk-adas/Desktop/Rc-Car-Chimera/install/urg_node/share/ament_index/resource_index/packages/urg_node
[3.077s] -- Up-to-date: /home/arrk-adas/Desktop/Rc-Car-Chimera/install/urg_node/share/ament_index/resource_index/rclcpp_components/urg_node
[3.078s] -- Up-to-date: /home/arrk-adas/Desktop/Rc-Car-Chimera/install/urg_node/share/urg_node/cmake/ament_cmake_export_dependencies-extras.cmake
[3.078s] -- Up-to-date: /home/arrk-adas/Desktop/Rc-Car-Chimera/install/urg_node/share/urg_node/cmake/ament_cmake_export_include_directories-extras.cmake
[3.078s] -- Up-to-date: /home/arrk-adas/Desktop/Rc-Car-Chimera/install/urg_node/share/urg_node/cmake/ament_cmake_export_libraries-extras.cmake
[3.078s] -- Up-to-date: /home/arrk-adas/Desktop/Rc-Car-Chimera/install/urg_node/share/urg_node/cmake/urg_nodeConfig.cmake
[3.078s] -- Up-to-date: /home/arrk-adas/Desktop/Rc-Car-Chimera/install/urg_node/share/urg_node/cmake/urg_nodeConfig-version.cmake
[3.079s] -- Up-to-date: /home/arrk-adas/Desktop/Rc-Car-Chimera/install/urg_node/share/urg_node/package.xml
[3.085s] Invoked command in '/home/arrk-adas/Desktop/Rc-Car-Chimera/build/urg_node' returned '0': CMAKE_PREFIX_PATH=/opt/ros/humble CONDA_PROMPT_MODIFIER=(base) /usr/bin/cmake --install /home/arrk-adas/Desktop/Rc-Car-Chimera/build/urg_node
