[3.997s] Invoking command in '/home/arrk-adas/Desktop/Rc-Car-Chimera/Rc-Car/src/lateral_control': CONDA_PROMPT_MODIFIER=(base) PYTHONPATH=/home/arrk-adas/Desktop/Rc-Car-Chimera/build/lateral_control/prefix_override:/usr/lib/python3/dist-packages/colcon_core/task/python/colcon_distutils_commands:/home/arrk-adas/Desktop/Rc-Car-Chimera/install/lateral_control/lib/python3.10/site-packages:${PYTHONPATH} /usr/bin/python3 -W ignore:setup.py install is deprecated -W ignore:easy_install command is deprecated setup.py egg_info --egg-base ../../../build/lateral_control build --build-base /home/arrk-adas/Desktop/Rc-Car-Chimera/build/lateral_control/build install --record /home/arrk-adas/Desktop/Rc-Car-Chimera/build/lateral_control/install.log --single-version-externally-managed install_data
[4.581s] running egg_info
[4.583s] writing ../../../build/lateral_control/lateral_control.egg-info/PKG-INFO
[4.584s] writing dependency_links to ../../../build/lateral_control/lateral_control.egg-info/dependency_links.txt
[4.585s] writing entry points to ../../../build/lateral_control/lateral_control.egg-info/entry_points.txt
[4.585s] writing requirements to ../../../build/lateral_control/lateral_control.egg-info/requires.txt
[4.586s] writing top-level names to ../../../build/lateral_control/lateral_control.egg-info/top_level.txt
[4.592s] reading manifest file '../../../build/lateral_control/lateral_control.egg-info/SOURCES.txt'
[4.600s] writing manifest file '../../../build/lateral_control/lateral_control.egg-info/SOURCES.txt'
[4.601s] running build
[4.601s] running build_py
[4.602s] running install
[4.602s] running install_lib
[4.609s] running install_data
[4.611s] running install_egg_info
[4.645s] removing '/home/arrk-adas/Desktop/Rc-Car-Chimera/install/lateral_control/lib/python3.10/site-packages/lateral_control-0.0.0-py3.10.egg-info' (and everything under it)
[4.646s] Copying ../../../build/lateral_control/lateral_control.egg-info to /home/arrk-adas/Desktop/Rc-Car-Chimera/install/lateral_control/lib/python3.10/site-packages/lateral_control-0.0.0-py3.10.egg-info
[4.648s] running install_scripts
[4.711s] Installing ack_to_pca script to /home/arrk-adas/Desktop/Rc-Car-Chimera/install/lateral_control/lib/lateral_control
[4.712s] Installing autonomous_video_version script to /home/arrk-adas/Desktop/Rc-Car-Chimera/install/lateral_control/lib/lateral_control
[4.712s] Installing in_lane_positioning script to /home/arrk-adas/Desktop/Rc-Car-Chimera/install/lateral_control/lib/lateral_control
[4.712s] Installing lane2 script to /home/arrk-adas/Desktop/Rc-Car-Chimera/install/lateral_control/lib/lateral_control
[4.712s] Installing lane_information script to /home/arrk-adas/Desktop/Rc-Car-Chimera/install/lateral_control/lib/lateral_control
[4.713s] Installing lidar_detection script to /home/arrk-adas/Desktop/Rc-Car-Chimera/install/lateral_control/lib/lateral_control
[4.713s] Installing steering_control script to /home/arrk-adas/Desktop/Rc-Car-Chimera/install/lateral_control/lib/lateral_control
[4.713s] Installing visual script to /home/arrk-adas/Desktop/Rc-Car-Chimera/install/lateral_control/lib/lateral_control
[4.715s] writing list of installed files to '/home/arrk-adas/Desktop/Rc-Car-Chimera/build/lateral_control/install.log'
[4.864s] Invoked command in '/home/arrk-adas/Desktop/Rc-Car-Chimera/Rc-Car/src/lateral_control' returned '0': CONDA_PROMPT_MODIFIER=(base) PYTHONPATH=/home/arrk-adas/Desktop/Rc-Car-Chimera/build/lateral_control/prefix_override:/usr/lib/python3/dist-packages/colcon_core/task/python/colcon_distutils_commands:/home/arrk-adas/Desktop/Rc-Car-Chimera/install/lateral_control/lib/python3.10/site-packages:${PYTHONPATH} /usr/bin/python3 -W ignore:setup.py install is deprecated -W ignore:easy_install command is deprecated setup.py egg_info --egg-base ../../../build/lateral_control build --build-base /home/arrk-adas/Desktop/Rc-Car-Chimera/build/lateral_control/build install --record /home/arrk-adas/Desktop/Rc-Car-Chimera/build/lateral_control/install.log --single-version-externally-managed install_data
