[0.675s] Invoking command in '/home/arrk-adas/Desktop/Rc-Car-Chimera/build/depth_sensing': CMAKE_PREFIX_PATH=${CMAKE_PREFIX_PATH}:/home/arrk-adas/Desktop/Rc-Car-Chimera/install/object_detection:/home/arrk-adas/Desktop/Rc-Car-Chimera/install/lidar_noise:/home/arrk-adas/Desktop/Rc-Car-Chimera/install/lateral_control:/home/arrk-adas/Desktop/Rc-Car-Chimera/install/acc_drive:/opt/ros/humble CONDA_PROMPT_MODIFIER=(base) /usr/bin/cmake /home/arrk-adas/Desktop/Rc-Car-Chimera/Rc-Car/src/depth_sensing -DCMAKE_INSTALL_PREFIX=/home/arrk-adas/Desktop/Rc-Car-Chimera/install/depth_sensing
[2.663s] -- The C compiler identification is GNU 11.4.0
[2.663s] -- The CXX compiler identification is GNU 11.4.0
[2.663s] -- Detecting C compiler ABI info
[2.663s] -- Detecting C compiler ABI info - done
[2.664s] -- Check for working C compiler: /usr/bin/cc - skipped
[2.664s] -- Detecting C compile features
[2.664s] -- Detecting C compile features - done
[2.664s] -- Detecting CXX compiler ABI info
[2.664s] -- Detecting CXX compiler ABI info - done
[2.664s] -- Check for working CXX compiler: /usr/bin/c++ - skipped
[2.664s] -- Detecting CXX compile features
[2.664s] -- Detecting CXX compile features - done
[2.664s] -- Found ament_cmake_auto: 1.3.12 (/opt/ros/humble/share/ament_cmake_auto/cmake)
[2.664s] -- Found Python3: /home/arrk-adas/miniforge3/bin/python3 (found version "3.12.10") found components: Interpreter 
[2.950s] -- Found rosidl_generator_c: 3.1.7 (/opt/ros/humble/share/rosidl_generator_c/cmake)
[2.977s] -- Found rosidl_adapter: 3.1.7 (/opt/ros/humble/share/rosidl_adapter/cmake)
[3.035s] -- Found rosidl_generator_cpp: 3.1.7 (/opt/ros/humble/share/rosidl_generator_cpp/cmake)
[3.111s] -- Using all available rosidl_typesupport_c: rosidl_typesupport_fastrtps_c;rosidl_typesupport_introspection_c
[3.273s] -- Using all available rosidl_typesupport_cpp: rosidl_typesupport_fastrtps_cpp;rosidl_typesupport_introspection_cpp
[3.563s] -- Found rmw_implementation_cmake: 6.1.2 (/opt/ros/humble/share/rmw_implementation_cmake/cmake)
[3.586s] -- Found rmw_fastrtps_cpp: 6.2.8 (/opt/ros/humble/share/rmw_fastrtps_cpp/cmake)
[4.131s] -- Found OpenSSL: /usr/lib/aarch64-linux-gnu/libcrypto.so (found version "3.0.2")  
[4.367s] -- Found FastRTPS: /opt/ros/humble/include  
[4.622s] -- Using RMW implementation 'rmw_fastrtps_cpp' as default
[4.696s] -- Looking for pthread.h
[5.279s] -- Looking for pthread.h - found
[5.279s] -- Performing Test CMAKE_HAVE_LIBC_PTHREAD
[5.788s] -- Performing Test CMAKE_HAVE_LIBC_PTHREAD - Success
[5.788s] -- Found Threads: TRUE  
[6.259s] -- Found ament_lint_auto: 0.12.14 (/opt/ros/humble/share/ament_lint_auto/cmake)
[6.439s] -- Added test 'copyright' to check source files copyright and LICENSE
[6.443s] -- Added test 'cppcheck' to perform static code analysis on C / C++ code
[6.444s] -- Configured cppcheck include dirs: 
[6.445s] -- Configured cppcheck exclude dirs and/or files: 
[6.459s] -- Added test 'cpplint' to check C / C++ code against the Google style
[6.459s] -- Configured cpplint exclude dirs and/or files: 
[6.462s] -- Added test 'lint_cmake' to check CMake code style
[6.465s] -- Added test 'uncrustify' to check C / C++ code style
[6.466s] -- Configured uncrustify additional arguments: 
[6.467s] -- Added test 'xmllint' to check XML markup files
[6.477s] -- Configuring done
[6.578s] -- Generating done
[6.595s] -- Build files have been written to: /home/arrk-adas/Desktop/Rc-Car-Chimera/build/depth_sensing
[6.671s] Invoked command in '/home/arrk-adas/Desktop/Rc-Car-Chimera/build/depth_sensing' returned '0': CMAKE_PREFIX_PATH=${CMAKE_PREFIX_PATH}:/home/arrk-adas/Desktop/Rc-Car-Chimera/install/object_detection:/home/arrk-adas/Desktop/Rc-Car-Chimera/install/lidar_noise:/home/arrk-adas/Desktop/Rc-Car-Chimera/install/lateral_control:/home/arrk-adas/Desktop/Rc-Car-Chimera/install/acc_drive:/opt/ros/humble CONDA_PROMPT_MODIFIER=(base) /usr/bin/cmake /home/arrk-adas/Desktop/Rc-Car-Chimera/Rc-Car/src/depth_sensing -DCMAKE_INSTALL_PREFIX=/home/arrk-adas/Desktop/Rc-Car-Chimera/install/depth_sensing
[6.674s] Invoking command in '/home/arrk-adas/Desktop/Rc-Car-Chimera/build/depth_sensing': CMAKE_PREFIX_PATH=${CMAKE_PREFIX_PATH}:/home/arrk-adas/Desktop/Rc-Car-Chimera/install/object_detection:/home/arrk-adas/Desktop/Rc-Car-Chimera/install/lidar_noise:/home/arrk-adas/Desktop/Rc-Car-Chimera/install/lateral_control:/home/arrk-adas/Desktop/Rc-Car-Chimera/install/acc_drive:/opt/ros/humble CONDA_PROMPT_MODIFIER=(base) /usr/bin/cmake --build /home/arrk-adas/Desktop/Rc-Car-Chimera/build/depth_sensing -- -j8 -l8
[7.151s] [ 50%] [32mBuilding CXX object CMakeFiles/depth_sensing.dir/src/depth_sensing.cpp.o[0m
[57.274s] [100%] [32m[1mLinking CXX executable depth_sensing[0m
[57.635s] [100%] Built target depth_sensing
[62.315s] Invoked command in '/home/arrk-adas/Desktop/Rc-Car-Chimera/build/depth_sensing' returned '0': CMAKE_PREFIX_PATH=${CMAKE_PREFIX_PATH}:/home/arrk-adas/Desktop/Rc-Car-Chimera/install/object_detection:/home/arrk-adas/Desktop/Rc-Car-Chimera/install/lidar_noise:/home/arrk-adas/Desktop/Rc-Car-Chimera/install/lateral_control:/home/arrk-adas/Desktop/Rc-Car-Chimera/install/acc_drive:/opt/ros/humble CONDA_PROMPT_MODIFIER=(base) /usr/bin/cmake --build /home/arrk-adas/Desktop/Rc-Car-Chimera/build/depth_sensing -- -j8 -l8
[62.319s] Invoking command in '/home/arrk-adas/Desktop/Rc-Car-Chimera/build/depth_sensing': CMAKE_PREFIX_PATH=${CMAKE_PREFIX_PATH}:/home/arrk-adas/Desktop/Rc-Car-Chimera/install/object_detection:/home/arrk-adas/Desktop/Rc-Car-Chimera/install/lidar_noise:/home/arrk-adas/Desktop/Rc-Car-Chimera/install/lateral_control:/home/arrk-adas/Desktop/Rc-Car-Chimera/install/acc_drive:/opt/ros/humble CONDA_PROMPT_MODIFIER=(base) /usr/bin/cmake --install /home/arrk-adas/Desktop/Rc-Car-Chimera/build/depth_sensing
[62.332s] -- Install configuration: "Release"
[62.333s] -- Installing: /home/arrk-adas/Desktop/Rc-Car-Chimera/install/depth_sensing/lib/depth_sensing/depth_sensing
[62.335s] -- Set runtime path of "/home/arrk-adas/Desktop/Rc-Car-Chimera/install/depth_sensing/lib/depth_sensing/depth_sensing" to ""
[62.336s] -- Installing: /home/arrk-adas/Desktop/Rc-Car-Chimera/install/depth_sensing/share/ament_index/resource_index/package_run_dependencies/depth_sensing
[62.336s] -- Installing: /home/arrk-adas/Desktop/Rc-Car-Chimera/install/depth_sensing/share/ament_index/resource_index/parent_prefix_path/depth_sensing
[62.336s] -- Installing: /home/arrk-adas/Desktop/Rc-Car-Chimera/install/depth_sensing/share/depth_sensing/environment/ament_prefix_path.sh
[62.337s] -- Installing: /home/arrk-adas/Desktop/Rc-Car-Chimera/install/depth_sensing/share/depth_sensing/environment/ament_prefix_path.dsv
[62.337s] -- Installing: /home/arrk-adas/Desktop/Rc-Car-Chimera/install/depth_sensing/share/depth_sensing/environment/path.sh
[62.337s] -- Installing: /home/arrk-adas/Desktop/Rc-Car-Chimera/install/depth_sensing/share/depth_sensing/environment/path.dsv
[62.337s] -- Installing: /home/arrk-adas/Desktop/Rc-Car-Chimera/install/depth_sensing/share/depth_sensing/local_setup.bash
[62.338s] -- Installing: /home/arrk-adas/Desktop/Rc-Car-Chimera/install/depth_sensing/share/depth_sensing/local_setup.sh
[62.338s] -- Installing: /home/arrk-adas/Desktop/Rc-Car-Chimera/install/depth_sensing/share/depth_sensing/local_setup.zsh
[62.338s] -- Installing: /home/arrk-adas/Desktop/Rc-Car-Chimera/install/depth_sensing/share/depth_sensing/local_setup.dsv
[62.338s] -- Installing: /home/arrk-adas/Desktop/Rc-Car-Chimera/install/depth_sensing/share/depth_sensing/package.dsv
[62.339s] -- Installing: /home/arrk-adas/Desktop/Rc-Car-Chimera/install/depth_sensing/share/ament_index/resource_index/packages/depth_sensing
[62.339s] -- Installing: /home/arrk-adas/Desktop/Rc-Car-Chimera/install/depth_sensing/share/depth_sensing/cmake/depth_sensingConfig.cmake
[62.340s] -- Installing: /home/arrk-adas/Desktop/Rc-Car-Chimera/install/depth_sensing/share/depth_sensing/cmake/depth_sensingConfig-version.cmake
[62.340s] -- Installing: /home/arrk-adas/Desktop/Rc-Car-Chimera/install/depth_sensing/share/depth_sensing/package.xml
[62.348s] Invoked command in '/home/arrk-adas/Desktop/Rc-Car-Chimera/build/depth_sensing' returned '0': CMAKE_PREFIX_PATH=${CMAKE_PREFIX_PATH}:/home/arrk-adas/Desktop/Rc-Car-Chimera/install/object_detection:/home/arrk-adas/Desktop/Rc-Car-Chimera/install/lidar_noise:/home/arrk-adas/Desktop/Rc-Car-Chimera/install/lateral_control:/home/arrk-adas/Desktop/Rc-Car-Chimera/install/acc_drive:/opt/ros/humble CONDA_PROMPT_MODIFIER=(base) /usr/bin/cmake --install /home/arrk-adas/Desktop/Rc-Car-Chimera/build/depth_sensing
