[0.098s] Invoking command in '/home/arrk-adas/Desktop/Rc-Car-Chimera/build/Stage': CONDA_PROMPT_MODIFIER=(base) /usr/bin/cmake --build /home/arrk-adas/Desktop/Rc-Car-Chimera/build/Stage -- -j8 -l8
[2.705s] [ 57%] Built target stage
[2.705s] [ 61%] Built target wander
[2.705s] [ 66%] Built target fasr
[2.706s] [ 67%] Built target rasterize
[2.706s] [ 71%] Built target source
[2.707s] [ 77%] Built target pioneer_flocking
[2.707s] [ 77%] Built target sink
[2.707s] [ 81%] Built target lasernoise
[2.708s] [ 84%] Built target stagebinary
[2.708s] [ 88%] Built target expand_swarm
[2.709s] [ 94%] Built target fasr2
[2.709s] [ 96%] Built target dynamic
[2.710s] [100%] Built target expand_pioneer
[2.710s] Invoked command in '/home/arrk-adas/Desktop/Rc-Car-Chimera/build/Stage' returned '0': CONDA_PROMPT_MODIFIER=(base) /usr/bin/cmake --build /home/arrk-adas/Desktop/Rc-Car-Chimera/build/Stage -- -j8 -l8
[2.729s] Invoking command in '/home/arrk-adas/Desktop/Rc-Car-Chimera/build/Stage': CONDA_PROMPT_MODIFIER=(base) /usr/bin/cmake --install /home/arrk-adas/Desktop/Rc-Car-Chimera/build/Stage
[2.744s] -- Install configuration: "RELEASE"
[2.746s] -- Up-to-date: /home/arrk-adas/Desktop/Rc-Car-Chimera/install/Stage/lib/pkgconfig/stage.pc
[2.749s] -- Up-to-date: /home/arrk-adas/Desktop/Rc-Car-Chimera/install/Stage/lib/cmake/Stage/stage-config.cmake
[2.749s] -- Up-to-date: /home/arrk-adas/Desktop/Rc-Car-Chimera/install/Stage/lib/cmake/Stage/stage-config-version.cmake
[2.752s] -- Up-to-date: /home/arrk-adas/Desktop/Rc-Car-Chimera/install/Stage/bin/stage
[2.758s] -- Up-to-date: /home/arrk-adas/Desktop/Rc-Car-Chimera/install/Stage/lib/libstage.so.4.3.0
[2.761s] -- Up-to-date: /home/arrk-adas/Desktop/Rc-Car-Chimera/install/Stage/lib/libstage.so
[2.761s] -- Up-to-date: /home/arrk-adas/Desktop/Rc-Car-Chimera/install/Stage/include/Stage-4.3/stage.hh
[2.764s] -- Up-to-date: /home/arrk-adas/Desktop/Rc-Car-Chimera/install/Stage/lib/Stage-4.3/fasr.so
[2.764s] -- Up-to-date: /home/arrk-adas/Desktop/Rc-Car-Chimera/install/Stage/lib/Stage-4.3/sink.so
[2.766s] -- Up-to-date: /home/arrk-adas/Desktop/Rc-Car-Chimera/install/Stage/lib/Stage-4.3/source.so
[2.769s] -- Up-to-date: /home/arrk-adas/Desktop/Rc-Car-Chimera/install/Stage/lib/Stage-4.3/wander.so
[2.771s] -- Up-to-date: /home/arrk-adas/Desktop/Rc-Car-Chimera/install/Stage/lib/Stage-4.3/pioneer_flocking.so
[2.772s] -- Up-to-date: /home/arrk-adas/Desktop/Rc-Car-Chimera/install/Stage/lib/Stage-4.3/rasterize.so
[2.772s] -- Up-to-date: /home/arrk-adas/Desktop/Rc-Car-Chimera/install/Stage/lib/Stage-4.3/lasernoise.so
[2.772s] -- Up-to-date: /home/arrk-adas/Desktop/Rc-Car-Chimera/install/Stage/lib/Stage-4.3/dynamic.so
[2.775s] -- Up-to-date: /home/arrk-adas/Desktop/Rc-Car-Chimera/install/Stage/lib/Stage-4.3/fasr2.so
[2.776s] -- Up-to-date: /home/arrk-adas/Desktop/Rc-Car-Chimera/install/Stage/share/stage/assets/blue.png
[2.776s] -- Up-to-date: /home/arrk-adas/Desktop/Rc-Car-Chimera/install/Stage/share/stage/assets/death.png
[2.776s] -- Up-to-date: /home/arrk-adas/Desktop/Rc-Car-Chimera/install/Stage/share/stage/assets/green.png
[2.776s] -- Up-to-date: /home/arrk-adas/Desktop/Rc-Car-Chimera/install/Stage/share/stage/assets/logo.png
[2.776s] -- Up-to-date: /home/arrk-adas/Desktop/Rc-Car-Chimera/install/Stage/share/stage/assets/mains.png
[2.777s] -- Up-to-date: /home/arrk-adas/Desktop/Rc-Car-Chimera/install/Stage/share/stage/assets/mainspower.png
[2.777s] -- Up-to-date: /home/arrk-adas/Desktop/Rc-Car-Chimera/install/Stage/share/stage/assets/question_mark.png
[2.777s] -- Up-to-date: /home/arrk-adas/Desktop/Rc-Car-Chimera/install/Stage/share/stage/assets/red.png
[2.778s] -- Up-to-date: /home/arrk-adas/Desktop/Rc-Car-Chimera/install/Stage/share/stage/assets/stagelogo.png
[2.778s] -- Up-to-date: /home/arrk-adas/Desktop/Rc-Car-Chimera/install/Stage/share/stage/assets/stall-old.png
[2.778s] -- Up-to-date: /home/arrk-adas/Desktop/Rc-Car-Chimera/install/Stage/share/stage/assets/stall.png
[2.779s] -- Up-to-date: /home/arrk-adas/Desktop/Rc-Car-Chimera/install/Stage/share/stage/assets/rgb.txt
[2.779s] -- Up-to-date: /home/arrk-adas/Desktop/Rc-Car-Chimera/install/Stage/share/stage/rgb.txt
[2.780s] -- Up-to-date: /home/arrk-adas/Desktop/Rc-Car-Chimera/install/Stage/share/stage/worlds/amcl-sonar.cfg
[2.780s] -- Up-to-date: /home/arrk-adas/Desktop/Rc-Car-Chimera/install/Stage/share/stage/worlds/autolab.cfg
[2.780s] -- Up-to-date: /home/arrk-adas/Desktop/Rc-Car-Chimera/install/Stage/share/stage/worlds/camera.cfg
[2.780s] -- Up-to-date: /home/arrk-adas/Desktop/Rc-Car-Chimera/install/Stage/share/stage/worlds/everything.cfg
[2.781s] -- Up-to-date: /home/arrk-adas/Desktop/Rc-Car-Chimera/install/Stage/share/stage/worlds/lsp_test.cfg
[2.781s] -- Up-to-date: /home/arrk-adas/Desktop/Rc-Car-Chimera/install/Stage/share/stage/worlds/mbicp.cfg
[2.781s] -- Up-to-date: /home/arrk-adas/Desktop/Rc-Car-Chimera/install/Stage/share/stage/worlds/nd.cfg
[2.783s] -- Up-to-date: /home/arrk-adas/Desktop/Rc-Car-Chimera/install/Stage/share/stage/worlds/roomba.cfg
[2.783s] -- Up-to-date: /home/arrk-adas/Desktop/Rc-Car-Chimera/install/Stage/share/stage/worlds/simple.cfg
[2.784s] -- Up-to-date: /home/arrk-adas/Desktop/Rc-Car-Chimera/install/Stage/share/stage/worlds/test.cfg
[2.785s] -- Up-to-date: /home/arrk-adas/Desktop/Rc-Car-Chimera/install/Stage/share/stage/worlds/uoa_robotics_lab.cfg
[2.785s] -- Up-to-date: /home/arrk-adas/Desktop/Rc-Car-Chimera/install/Stage/share/stage/worlds/vfh.cfg
[2.786s] -- Up-to-date: /home/arrk-adas/Desktop/Rc-Car-Chimera/install/Stage/share/stage/worlds/wavefront-remote.cfg
[2.787s] -- Up-to-date: /home/arrk-adas/Desktop/Rc-Car-Chimera/install/Stage/share/stage/worlds/wavefront.cfg
[2.787s] -- Up-to-date: /home/arrk-adas/Desktop/Rc-Car-Chimera/install/Stage/share/stage/worlds/wifi.cfg
[2.788s] -- Up-to-date: /home/arrk-adas/Desktop/Rc-Car-Chimera/install/Stage/share/stage/worlds/SFU.world
[2.788s] -- Up-to-date: /home/arrk-adas/Desktop/Rc-Car-Chimera/install/Stage/share/stage/worlds/autolab.world
[2.788s] -- Up-to-date: /home/arrk-adas/Desktop/Rc-Car-Chimera/install/Stage/share/stage/worlds/camera.world
[2.788s] -- Up-to-date: /home/arrk-adas/Desktop/Rc-Car-Chimera/install/Stage/share/stage/worlds/circuit.world
[2.788s] -- Up-to-date: /home/arrk-adas/Desktop/Rc-Car-Chimera/install/Stage/share/stage/worlds/everything.world
[2.788s] -- Up-to-date: /home/arrk-adas/Desktop/Rc-Car-Chimera/install/Stage/share/stage/worlds/fasr.world
[2.788s] -- Up-to-date: /home/arrk-adas/Desktop/Rc-Car-Chimera/install/Stage/share/stage/worlds/fasr2.world
[2.788s] -- Up-to-date: /home/arrk-adas/Desktop/Rc-Car-Chimera/install/Stage/share/stage/worlds/fasr_plan.world
[2.789s] -- Up-to-date: /home/arrk-adas/Desktop/Rc-Car-Chimera/install/Stage/share/stage/worlds/large.world
[2.789s] -- Up-to-date: /home/arrk-adas/Desktop/Rc-Car-Chimera/install/Stage/share/stage/worlds/lsp_test.world
[2.789s] -- Up-to-date: /home/arrk-adas/Desktop/Rc-Car-Chimera/install/Stage/share/stage/worlds/mbicp.world
[2.790s] -- Up-to-date: /home/arrk-adas/Desktop/Rc-Car-Chimera/install/Stage/share/stage/worlds/pioneer_flocking.world
[2.790s] -- Up-to-date: /home/arrk-adas/Desktop/Rc-Car-Chimera/install/Stage/share/stage/worlds/pioneer_follow.world
[2.790s] -- Up-to-date: /home/arrk-adas/Desktop/Rc-Car-Chimera/install/Stage/share/stage/worlds/pioneer_walle.world
[2.790s] -- Up-to-date: /home/arrk-adas/Desktop/Rc-Car-Chimera/install/Stage/share/stage/worlds/roomba.world
[2.790s] -- Up-to-date: /home/arrk-adas/Desktop/Rc-Car-Chimera/install/Stage/share/stage/worlds/sensor_noise_demo.world
[2.790s] -- Up-to-date: /home/arrk-adas/Desktop/Rc-Car-Chimera/install/Stage/share/stage/worlds/sensor_noise_module_demo.world
[2.790s] -- Up-to-date: /home/arrk-adas/Desktop/Rc-Car-Chimera/install/Stage/share/stage/worlds/simple.world
[2.790s] -- Up-to-date: /home/arrk-adas/Desktop/Rc-Car-Chimera/install/Stage/share/stage/worlds/uoa_robotics_lab.world
[2.791s] -- Up-to-date: /home/arrk-adas/Desktop/Rc-Car-Chimera/install/Stage/share/stage/worlds/wifi.world
[2.791s] -- Up-to-date: /home/arrk-adas/Desktop/Rc-Car-Chimera/install/Stage/share/stage/worlds/beacons.inc
[2.791s] -- Up-to-date: /home/arrk-adas/Desktop/Rc-Car-Chimera/install/Stage/share/stage/worlds/chatterbox.inc
[2.791s] -- Up-to-date: /home/arrk-adas/Desktop/Rc-Car-Chimera/install/Stage/share/stage/worlds/hokuyo.inc
[2.792s] -- Up-to-date: /home/arrk-adas/Desktop/Rc-Car-Chimera/install/Stage/share/stage/worlds/irobot.inc
[2.792s] -- Up-to-date: /home/arrk-adas/Desktop/Rc-Car-Chimera/install/Stage/share/stage/worlds/map.inc
[2.792s] -- Up-to-date: /home/arrk-adas/Desktop/Rc-Car-Chimera/install/Stage/share/stage/worlds/objects.inc
[2.794s] -- Up-to-date: /home/arrk-adas/Desktop/Rc-Car-Chimera/install/Stage/share/stage/worlds/pantilt.inc
[2.797s] -- Up-to-date: /home/arrk-adas/Desktop/Rc-Car-Chimera/install/Stage/share/stage/worlds/pioneer.inc
[2.797s] -- Up-to-date: /home/arrk-adas/Desktop/Rc-Car-Chimera/install/Stage/share/stage/worlds/sick.inc
[2.798s] -- Up-to-date: /home/arrk-adas/Desktop/Rc-Car-Chimera/install/Stage/share/stage/worlds/ubot.inc
[2.798s] -- Up-to-date: /home/arrk-adas/Desktop/Rc-Car-Chimera/install/Stage/share/stage/worlds/uoa_robotics_lab_models.inc
[2.798s] -- Up-to-date: /home/arrk-adas/Desktop/Rc-Car-Chimera/install/Stage/share/stage/worlds/walle.inc
[2.798s] -- Up-to-date: /home/arrk-adas/Desktop/Rc-Car-Chimera/install/Stage/share/stage/worlds/cfggen.sh
[2.798s] -- Up-to-date: /home/arrk-adas/Desktop/Rc-Car-Chimera/install/Stage/share/stage/worlds/test.sh
[2.798s] -- Up-to-date: /home/arrk-adas/Desktop/Rc-Car-Chimera/install/Stage/share/stage/worlds/worldgen.sh
[2.798s] -- Up-to-date: /home/arrk-adas/Desktop/Rc-Car-Chimera/install/Stage/lib/Stage-4.3/expand_swarm.so
[2.798s] -- Up-to-date: /home/arrk-adas/Desktop/Rc-Car-Chimera/install/Stage/lib/Stage-4.3/expand_pioneer.so
[2.798s] -- Up-to-date: /home/arrk-adas/Desktop/Rc-Car-Chimera/install/Stage/share/stage/worlds/bitmaps/889_05.png
[2.799s] -- Up-to-date: /home/arrk-adas/Desktop/Rc-Car-Chimera/install/Stage/share/stage/worlds/bitmaps/SFU_1200x615.png
[2.799s] -- Up-to-date: /home/arrk-adas/Desktop/Rc-Car-Chimera/install/Stage/share/stage/worlds/bitmaps/SRI-AIC-kwing.png
[2.799s] -- Up-to-date: /home/arrk-adas/Desktop/Rc-Car-Chimera/install/Stage/share/stage/worlds/bitmaps/autolab.png
[2.799s] -- Up-to-date: /home/arrk-adas/Desktop/Rc-Car-Chimera/install/Stage/share/stage/worlds/bitmaps/cave.png
[2.799s] -- Up-to-date: /home/arrk-adas/Desktop/Rc-Car-Chimera/install/Stage/share/stage/worlds/bitmaps/cave_compact.png
[2.799s] -- Up-to-date: /home/arrk-adas/Desktop/Rc-Car-Chimera/install/Stage/share/stage/worlds/bitmaps/cave_filled.png
[2.799s] -- Up-to-date: /home/arrk-adas/Desktop/Rc-Car-Chimera/install/Stage/share/stage/worlds/bitmaps/frieburg.png
[2.799s] -- Up-to-date: /home/arrk-adas/Desktop/Rc-Car-Chimera/install/Stage/share/stage/worlds/bitmaps/ghost.png
[2.800s] -- Up-to-date: /home/arrk-adas/Desktop/Rc-Car-Chimera/install/Stage/share/stage/worlds/bitmaps/hospital.png
[2.800s] -- Up-to-date: /home/arrk-adas/Desktop/Rc-Car-Chimera/install/Stage/share/stage/worlds/bitmaps/hospital_section.png
[2.800s] -- Up-to-date: /home/arrk-adas/Desktop/Rc-Car-Chimera/install/Stage/share/stage/worlds/bitmaps/human_outline.png
[2.800s] -- Up-to-date: /home/arrk-adas/Desktop/Rc-Car-Chimera/install/Stage/share/stage/worlds/bitmaps/mbicp.png
[2.800s] -- Up-to-date: /home/arrk-adas/Desktop/Rc-Car-Chimera/install/Stage/share/stage/worlds/bitmaps/rink.png
[2.809s] -- Up-to-date: /home/arrk-adas/Desktop/Rc-Car-Chimera/install/Stage/share/stage/worlds/bitmaps/sal2.png
[2.809s] -- Up-to-date: /home/arrk-adas/Desktop/Rc-Car-Chimera/install/Stage/share/stage/worlds/bitmaps/simple_rooms.png
[2.809s] -- Up-to-date: /home/arrk-adas/Desktop/Rc-Car-Chimera/install/Stage/share/stage/worlds/bitmaps/space_invader.png
[2.809s] -- Up-to-date: /home/arrk-adas/Desktop/Rc-Car-Chimera/install/Stage/share/stage/worlds/bitmaps/submarine.png
[2.809s] -- Up-to-date: /home/arrk-adas/Desktop/Rc-Car-Chimera/install/Stage/share/stage/worlds/bitmaps/submarine_small.png
[2.809s] -- Up-to-date: /home/arrk-adas/Desktop/Rc-Car-Chimera/install/Stage/share/stage/worlds/bitmaps/table.png
[2.810s] -- Up-to-date: /home/arrk-adas/Desktop/Rc-Car-Chimera/install/Stage/share/stage/worlds/bitmaps/uoa_robotics_lab.png
[2.810s] -- Up-to-date: /home/arrk-adas/Desktop/Rc-Car-Chimera/install/Stage/share/stage/worlds/wifi/commando.world
[2.810s] -- Up-to-date: /home/arrk-adas/Desktop/Rc-Car-Chimera/install/Stage/share/stage/worlds/wifi/hosp_wifi.world
[2.810s] -- Up-to-date: /home/arrk-adas/Desktop/Rc-Car-Chimera/install/Stage/share/stage/worlds/wifi/hosp_wifi_5.world
[2.810s] -- Up-to-date: /home/arrk-adas/Desktop/Rc-Car-Chimera/install/Stage/share/stage/worlds/wifi/wifi.world
[2.810s] -- Up-to-date: /home/arrk-adas/Desktop/Rc-Car-Chimera/install/Stage/share/stage/worlds/wifi/wifi_itu.world
[2.810s] -- Up-to-date: /home/arrk-adas/Desktop/Rc-Car-Chimera/install/Stage/share/stage/worlds/wifi/wifi_logdistance.world
[2.810s] -- Up-to-date: /home/arrk-adas/Desktop/Rc-Car-Chimera/install/Stage/share/stage/worlds/wifi/wifi_ray.world
[2.810s] -- Up-to-date: /home/arrk-adas/Desktop/Rc-Car-Chimera/install/Stage/share/stage/worlds/wifi/wifi_simple.world
[2.811s] -- Up-to-date: /home/arrk-adas/Desktop/Rc-Car-Chimera/install/Stage/share/stage/worlds/wifi/map.inc
[2.848s] Invoked command in '/home/arrk-adas/Desktop/Rc-Car-Chimera/build/Stage' returned '0': CONDA_PROMPT_MODIFIER=(base) /usr/bin/cmake --install /home/arrk-adas/Desktop/Rc-Car-Chimera/build/Stage
